---------------------------------------------------------------
[2019-10-08T00:18:53+08:00] 207.46.13.19 GET www.aizhuanbao.cn/
[运行时间：0.364532s] [吞吐率：2.74req/s] [内存消耗：2,211.73kb] [文件加载：131]
[ info ] [ LANG ] /data/www/tour/thinkphp/lang/zh-cn.php
[ info ] [ ROUTE ] array (
)
[ info ] [ HEADER ] array (
  'user-agent' => 'Mozilla/5.0 (compatible; bingbot/2.0; +http://www.bing.com/bingbot.htm)',
  'host' => 'www.aizhuanbao.cn',
  'from' => 'bingbot(at)microsoft.com',
  'accept-encoding' => 'gzip, deflate',
  'accept' => '*/*',
  'pragma' => 'no-cache',
  'connection' => 'Keep-Alive',
  'cache-control' => 'no-cache',
  'content-length' => '',
  'content-type' => '',
)
[ info ] [ PARAM ] array (
)
[ info ] [ VIEW ] /data/www/tour/application/index/view/index_index.php [ array (
) ]
---------------------------------------------------------------
[2019-10-08T00:27:24+08:00] 77.247.108.53 GET 123.57.56.8:80/
[运行时间：0.031355s] [吞吐率：31.89req/s] [内存消耗：2,210.55kb] [文件加载：131]
[ info ] [ LANG ] /data/www/tour/thinkphp/lang/zh-cn.php
[ info ] [ ROUTE ] array (
)
[ info ] [ HEADER ] array (
  'user-agent' => 'libwww-perl/6.39',
  'host' => '123.57.56.8:80',
  'connection' => 'TE, close',
  'te' => 'deflate,gzip;q=0.3',
  'content-length' => '',
  'content-type' => '',
)
[ info ] [ PARAM ] array (
)
[ info ] [ VIEW ] /data/www/tour/application/index/view/index_index.php [ array (
) ]
---------------------------------------------------------------
[2019-10-08T03:12:33+08:00] 125.210.247.245 POST 123.57.56.8/app/api.php
[运行时间：0.120764s] [吞吐率：8.28req/s] [内存消耗：1,970.93kb] [文件加载：125]
[ info ] [ LANG ] /data/www/tour/thinkphp/lang/zh-cn.php
---------------------------------------------------------------
[2019-10-08T03:16:00+08:00] 82.130.196.246 GET 123.57.56.8:80/
[运行时间：0.096750s] [吞吐率：10.34req/s] [内存消耗：2,210.70kb] [文件加载：131]
[ info ] [ LANG ] /data/www/tour/thinkphp/lang/zh-cn.php
[ info ] [ ROUTE ] array (
)
[ info ] [ HEADER ] array (
  'content-length' => '0',
  'user-agent' => 'Mozilla/5.0 (Windows NT 6.1; WOW64) AppleWebKit/537.36 (KHTML, like Gecko) Chrome/52.0.2743.116 Safari/537.36',
  'host' => '123.57.56.8:80',
  'content-type' => '',
)
[ info ] [ PARAM ] array (
)
[ info ] [ VIEW ] /data/www/tour/application/index/view/index_index.php [ array (
) ]
---------------------------------------------------------------
[2019-10-08T03:24:16+08:00] 184.154.189.90 GET 123.57.56.8/
[运行时间：0.158030s] [吞吐率：6.33req/s] [内存消耗：2,210.91kb] [文件加载：131]
[ info ] [ LANG ] /data/www/tour/thinkphp/lang/zh-cn.php
[ info ] [ ROUTE ] array (
)
[ info ] [ HEADER ] array (
  'accept-encoding' => 'gzip',
  'accept' => '*/*',
  'user-agent' => 'Mozilla/5.0 (Windows NT 10.0; WOW64) AppleWebKit/537.36 (KHTML, like Gecko) Chrome/66.0.3359.117 Safari/537.36',
  'host' => '123.57.56.8',
  'content-length' => '',
  'content-type' => '',
)
[ info ] [ PARAM ] array (
)
[ info ] [ VIEW ] /data/www/tour/application/index/view/index_index.php [ array (
) ]
---------------------------------------------------------------
[2019-10-08T03:59:33+08:00] 183.136.190.40 GET maxthink.cn/
[运行时间：0.385665s] [吞吐率：2.59req/s] [内存消耗：2,211.96kb] [文件加载：131]
[ info ] [ LANG ] /data/www/tour/thinkphp/lang/zh-cn.php
[ info ] [ ROUTE ] array (
)
[ info ] [ HEADER ] array (
  'connection' => 'close',
  'cache-control' => 'max-age=0',
  'accept-language' => 'zh-CN,zh;q=0.8',
  'accept-encoding' => '',
  'accept' => 'text/html,application/xhtml+xml,application/xml;q=0.9,image/webp,*/*;q=0.8',
  'user-agent' => 'Mozilla/5.0 (Windows NT 6.1) AppleWebKit/537.36 (KHTML, like Gecko) Chrome/35.0.1916.153 Safari/537.36',
  'host' => 'maxthink.cn',
  'content-length' => '',
  'content-type' => '',
)
[ info ] [ PARAM ] array (
)
[ info ] [ VIEW ] /data/www/tour/application/index/view/index_index.php [ array (
) ]
---------------------------------------------------------------
[2019-10-08T04:01:17+08:00] 183.136.190.62 GET aizhuanbao.cn/
[运行时间：0.032548s] [吞吐率：30.72req/s] [内存消耗：2,211.96kb] [文件加载：131]
[ info ] [ LANG ] /data/www/tour/thinkphp/lang/zh-cn.php
[ info ] [ ROUTE ] array (
)
[ info ] [ HEADER ] array (
  'connection' => 'close',
  'cache-control' => 'max-age=0',
  'accept-language' => 'zh-CN,zh;q=0.8',
  'accept-encoding' => '',
  'accept' => 'text/html,application/xhtml+xml,application/xml;q=0.9,image/webp,*/*;q=0.8',
  'user-agent' => 'Mozilla/5.0 (Windows NT 6.1) AppleWebKit/537.36 (KHTML, like Gecko) Chrome/35.0.1916.153 Safari/537.36',
  'host' => 'aizhuanbao.cn',
  'content-length' => '',
  'content-type' => '',
)
[ info ] [ PARAM ] array (
)
[ info ] [ VIEW ] /data/www/tour/application/index/view/index_index.php [ array (
) ]
---------------------------------------------------------------
[2019-10-08T04:19:04+08:00] 45.83.65.85 GET 123.57.56.8/
[运行时间：0.065811s] [吞吐率：15.20req/s] [内存消耗：2,211.74kb] [文件加载：131]
[ info ] [ LANG ] /data/www/tour/thinkphp/lang/zh-cn.php
[ info ] [ ROUTE ] array (
)
[ info ] [ HEADER ] array (
  'accept-encoding' => 'gzip',
  'pragma' => 'no-cache',
  'connection' => 'keep-alive',
  'cache-control' => 'no-cache',
  'accept-language' => 'en;q=0.7,en-US;q=0.3',
  'accept' => '*/*',
  'user-agent' => 'Mozilla/5.0 (Windows NT 10.0; Win64; x64; rv:65.0) Gecko/20100101 Firefox/65.0',
  'host' => '123.57.56.8',
  'content-length' => '',
  'content-type' => '',
)
[ info ] [ PARAM ] array (
)
[ info ] [ VIEW ] /data/www/tour/application/index/view/index_index.php [ array (
) ]
---------------------------------------------------------------
[2019-10-08T04:24:49+08:00] 106.14.204.78 GET www.aizhuanbao.cn/
[运行时间：0.033547s] [吞吐率：29.81req/s] [内存消耗：2,210.73kb] [文件加载：131]
[ info ] [ LANG ] /data/www/tour/thinkphp/lang/zh-cn.php
[ info ] [ ROUTE ] array (
)
[ info ] [ HEADER ] array (
  'accept-encoding' => 'gzip',
  'connection' => 'Keep-Alive',
  'host' => 'www.aizhuanbao.cn',
  'user-agent' => 'Mozilla/5.0 (iPhone; CPU iPhone OS 8_0_2 like Mac OS X)',
  'content-length' => '',
  'content-type' => '',
)
[ info ] [ PARAM ] array (
)
[ info ] [ VIEW ] /data/www/tour/application/index/view/index_index.php [ array (
) ]
---------------------------------------------------------------
[2019-10-08T04:40:33+08:00] 101.132.188.111 GET aizhuanbao.cn/
[运行时间：0.034434s] [吞吐率：29.04req/s] [内存消耗：2,210.69kb] [文件加载：131]
[ info ] [ LANG ] /data/www/tour/thinkphp/lang/zh-cn.php
[ info ] [ ROUTE ] array (
)
[ info ] [ HEADER ] array (
  'accept-encoding' => 'gzip',
  'connection' => 'Keep-Alive',
  'host' => 'aizhuanbao.cn',
  'user-agent' => 'Mozilla/5.0 (iPhone; CPU iPhone OS 8_0_2 like Mac OS X)',
  'content-length' => '',
  'content-type' => '',
)
[ info ] [ PARAM ] array (
)
[ info ] [ VIEW ] /data/www/tour/application/index/view/index_index.php [ array (
) ]
---------------------------------------------------------------
[2019-10-08T04:43:06+08:00] 170.254.195.42 GET 123.57.56.8:80/
[运行时间：0.036609s] [吞吐率：27.32req/s] [内存消耗：2,210.70kb] [文件加载：131]
[ info ] [ LANG ] /data/www/tour/thinkphp/lang/zh-cn.php
[ info ] [ ROUTE ] array (
)
[ info ] [ HEADER ] array (
  'content-length' => '0',
  'user-agent' => 'Mozilla/5.0 (Windows NT 6.1; WOW64) AppleWebKit/537.36 (KHTML, like Gecko) Chrome/51.0.2704.103 Safari/537.36',
  'host' => '123.57.56.8:80',
  'content-type' => '',
)
[ info ] [ PARAM ] array (
)
[ info ] [ VIEW ] /data/www/tour/application/index/view/index_index.php [ array (
) ]
---------------------------------------------------------------
[2019-10-08T04:48:41+08:00] 178.239.148.65 GET 123.57.56.8:80/
[运行时间：0.031077s] [吞吐率：32.18req/s] [内存消耗：2,210.70kb] [文件加载：131]
[ info ] [ LANG ] /data/www/tour/thinkphp/lang/zh-cn.php
[ info ] [ ROUTE ] array (
)
[ info ] [ HEADER ] array (
  'content-length' => '0',
  'user-agent' => 'Mozilla/5.0 (Windows NT 10.0; WOW64) AppleWebKit/537.36 (KHTML, like Gecko) Chrome/52.0.2743.116 Safari/537.36',
  'host' => '123.57.56.8:80',
  'content-type' => '',
)
[ info ] [ PARAM ] array (
)
[ info ] [ VIEW ] /data/www/tour/application/index/view/index_index.php [ array (
) ]
---------------------------------------------------------------
[2019-10-08T04:50:51+08:00] 183.136.190.62 GET www.maxthink.cn/
[运行时间：0.031468s] [吞吐率：31.78req/s] [内存消耗：2,211.99kb] [文件加载：131]
[ info ] [ LANG ] /data/www/tour/thinkphp/lang/zh-cn.php
[ info ] [ ROUTE ] array (
)
[ info ] [ HEADER ] array (
  'connection' => 'close',
  'cache-control' => 'max-age=0',
  'accept-language' => 'zh-CN,zh;q=0.8',
  'accept-encoding' => '',
  'accept' => 'text/html,application/xhtml+xml,application/xml;q=0.9,image/webp,*/*;q=0.8',
  'user-agent' => 'Mozilla/5.0 (Windows NT 6.1) AppleWebKit/537.36 (KHTML, like Gecko) Chrome/35.0.1916.153 Safari/537.36',
  'host' => 'www.maxthink.cn',
  'content-length' => '',
  'content-type' => '',
)
[ info ] [ PARAM ] array (
)
[ info ] [ VIEW ] /data/www/tour/application/index/view/index_index.php [ array (
) ]
---------------------------------------------------------------
[2019-10-08T04:54:28+08:00] 189.152.115.175 GET 123.57.56.8:80/
[运行时间：0.033227s] [吞吐率：30.10req/s] [内存消耗：2,210.70kb] [文件加载：131]
[ info ] [ LANG ] /data/www/tour/thinkphp/lang/zh-cn.php
[ info ] [ ROUTE ] array (
)
[ info ] [ HEADER ] array (
  'content-length' => '0',
  'user-agent' => 'Mozilla/5.0 (Macintosh; Intel Mac OS X 10_11_6) AppleWebKit/601.7.7 (KHTML, like Gecko) Version/9.1.2 Safari/601.7.7',
  'host' => '123.57.56.8:80',
  'content-type' => '',
)
[ info ] [ PARAM ] array (
)
[ info ] [ VIEW ] /data/www/tour/application/index/view/index_index.php [ array (
) ]
---------------------------------------------------------------
[2019-10-08T05:06:12+08:00] 220.175.55.195 GET www.maxthink.cn/
[运行时间：0.034231s] [吞吐率：29.21req/s] [内存消耗：2,210.74kb] [文件加载：131]
[ info ] [ LANG ] /data/www/tour/thinkphp/lang/zh-cn.php
[ info ] [ ROUTE ] array (
)
[ info ] [ HEADER ] array (
  'accept-encoding' => 'deflate, gzip',
  'accept' => '*/*',
  'host' => 'www.maxthink.cn',
  'user-agent' => 'Mozilla/5.0 (Windows NT 6.1; WOW64; rv:7.0.1) Gecko/20100101 Firefox/7.0.1',
  'content-length' => '',
  'content-type' => '',
)
[ info ] [ PARAM ] array (
)
[ info ] [ VIEW ] /data/www/tour/application/index/view/index_index.php [ array (
) ]
---------------------------------------------------------------
[2019-10-08T05:20:58+08:00] 45.9.147.20 GET 123.57.56.8:80/
[运行时间：0.031816s] [吞吐率：31.43req/s] [内存消耗：2,210.70kb] [文件加载：131]
[ info ] [ LANG ] /data/www/tour/thinkphp/lang/zh-cn.php
[ info ] [ ROUTE ] array (
)
[ info ] [ HEADER ] array (
  'content-length' => '0',
  'user-agent' => 'Mozilla/5.0 (Windows NT 6.1; WOW64) AppleWebKit/537.36 (KHTML, like Gecko) Chrome/52.0.2743.116 Safari/537.36',
  'host' => '123.57.56.8:80',
  'content-type' => '',
)
[ info ] [ PARAM ] array (
)
[ info ] [ VIEW ] /data/www/tour/application/index/view/index_index.php [ array (
) ]
---------------------------------------------------------------
[2019-10-08T05:26:00+08:00] 52.201.159.3 GET 123.57.56.8/
[运行时间：0.058745s] [吞吐率：17.02req/s] [内存消耗：2,211.13kb] [文件加载：131]
[ info ] [ LANG ] /data/www/tour/thinkphp/lang/zh-cn.php
[ info ] [ ROUTE ] array (
)
[ info ] [ HEADER ] array (
  'connection' => 'keep-alive',
  'accept' => '*/*',
  'accept-encoding' => 'gzip, deflate',
  'user-agent' => 'Mozilla/5.0 (Windows NT 6.2;en-US) AppleWebKit/537.32.36 (KHTML, live Gecko) Chrome/60.0.3053.81 Safari/537.32',
  'host' => '123.57.56.8',
  'content-length' => '',
  'content-type' => '',
)
[ info ] [ PARAM ] array (
)
[ info ] [ VIEW ] /data/www/tour/application/index/view/index_index.php [ array (
) ]
---------------------------------------------------------------
[2019-10-08T05:30:02+08:00] 47.101.192.180 GET joke.aizhuanbao.cn/
[运行时间：0.032260s] [吞吐率：31.00req/s] [内存消耗：2,210.76kb] [文件加载：131]
[ info ] [ LANG ] /data/www/tour/thinkphp/lang/zh-cn.php
[ info ] [ ROUTE ] array (
)
[ info ] [ HEADER ] array (
  'accept-encoding' => 'gzip',
  'connection' => 'Keep-Alive',
  'host' => 'joke.aizhuanbao.cn',
  'user-agent' => 'Mozilla/5.0 (X11; Ubuntu; Linux x86_64; rv:36.0) Gecko/20100101 Firefox/36.0',
  'content-length' => '',
  'content-type' => '',
)
[ info ] [ PARAM ] array (
)
[ info ] [ VIEW ] /data/www/tour/application/index/view/index_index.php [ array (
) ]
---------------------------------------------------------------
[2019-10-08T05:37:36+08:00] 183.136.190.62 GET www.aizhuanbao.cn/
[运行时间：0.032610s] [吞吐率：30.67req/s] [内存消耗：2,212.00kb] [文件加载：131]
[ info ] [ LANG ] /data/www/tour/thinkphp/lang/zh-cn.php
[ info ] [ ROUTE ] array (
)
[ info ] [ HEADER ] array (
  'connection' => 'close',
  'cache-control' => 'max-age=0',
  'accept-language' => 'zh-CN,zh;q=0.8',
  'accept-encoding' => '',
  'accept' => 'text/html,application/xhtml+xml,application/xml;q=0.9,image/webp,*/*;q=0.8',
  'user-agent' => 'Mozilla/5.0 (Windows NT 6.1) AppleWebKit/537.36 (KHTML, like Gecko) Chrome/35.0.1916.153 Safari/537.36',
  'host' => 'www.aizhuanbao.cn',
  'content-length' => '',
  'content-type' => '',
)
[ info ] [ PARAM ] array (
)
[ info ] [ VIEW ] /data/www/tour/application/index/view/index_index.php [ array (
) ]
---------------------------------------------------------------
[2019-10-08T05:43:09+08:00] 47.101.47.22 GET maxthink.cn/
[运行时间：0.031945s] [吞吐率：31.30req/s] [内存消耗：2,210.72kb] [文件加载：131]
[ info ] [ LANG ] /data/www/tour/thinkphp/lang/zh-cn.php
[ info ] [ ROUTE ] array (
)
[ info ] [ HEADER ] array (
  'accept-encoding' => 'gzip',
  'connection' => 'Keep-Alive',
  'host' => 'maxthink.cn',
  'user-agent' => 'Mozilla/5.0 (X11; Ubuntu; Linux x86_64; rv:36.0) Gecko/20100101 Firefox/36.0',
  'content-length' => '',
  'content-type' => '',
)
[ info ] [ PARAM ] array (
)
[ info ] [ VIEW ] /data/www/tour/application/index/view/index_index.php [ array (
) ]
---------------------------------------------------------------
[2019-10-08T06:01:42+08:00] 47.92.122.11 GET www.maxthink.cn/index.php
[运行时间：0.065920s] [吞吐率：15.17req/s] [内存消耗：2,210.75kb] [文件加载：131]
[ info ] [ LANG ] /data/www/tour/thinkphp/lang/zh-cn.php
[ info ] [ ROUTE ] array (
)
[ info ] [ HEADER ] array (
  'accept-encoding' => 'gzip',
  'connection' => 'Keep-Alive',
  'host' => 'www.maxthink.cn',
  'user-agent' => 'Mozilla/5.0 (X11; Ubuntu; Linux x86_64; rv:36.0) Gecko/20100101 Firefox/36.0',
  'content-length' => '',
  'content-type' => '',
)
[ info ] [ PARAM ] array (
)
[ info ] [ VIEW ] /data/www/tour/application/index/view/index_index.php [ array (
) ]
---------------------------------------------------------------
[2019-10-08T06:02:40+08:00] 47.100.237.62 GET www.aizhuanbao.cn/
[运行时间：0.031475s] [吞吐率：31.77req/s] [内存消耗：2,210.76kb] [文件加载：131]
[ info ] [ LANG ] /data/www/tour/thinkphp/lang/zh-cn.php
[ info ] [ ROUTE ] array (
)
[ info ] [ HEADER ] array (
  'accept-encoding' => 'gzip',
  'connection' => 'Keep-Alive',
  'host' => 'www.aizhuanbao.cn',
  'user-agent' => 'Mozilla/5.0 (X11; Ubuntu; Linux x86_64; rv:36.0) Gecko/20100101 Firefox/36.0',
  'content-length' => '',
  'content-type' => '',
)
[ info ] [ PARAM ] array (
)
[ info ] [ VIEW ] /data/www/tour/application/index/view/index_index.php [ array (
) ]
---------------------------------------------------------------
[2019-10-08T06:08:56+08:00] 183.136.190.62 GET joke.aizhuanbao.cn/
[运行时间：0.031599s] [吞吐率：31.65req/s] [内存消耗：2,212.00kb] [文件加载：131]
[ info ] [ LANG ] /data/www/tour/thinkphp/lang/zh-cn.php
[ info ] [ ROUTE ] array (
)
[ info ] [ HEADER ] array (
  'connection' => 'close',
  'cache-control' => 'max-age=0',
  'accept-language' => 'zh-CN,zh;q=0.8',
  'accept-encoding' => '',
  'accept' => 'text/html,application/xhtml+xml,application/xml;q=0.9,image/webp,*/*;q=0.8',
  'user-agent' => 'Mozilla/5.0 (Windows NT 6.1) AppleWebKit/537.36 (KHTML, like Gecko) Chrome/35.0.1916.153 Safari/537.36',
  'host' => 'joke.aizhuanbao.cn',
  'content-length' => '',
  'content-type' => '',
)
[ info ] [ PARAM ] array (
)
[ info ] [ VIEW ] /data/www/tour/application/index/view/index_index.php [ array (
) ]
---------------------------------------------------------------
[2019-10-08T06:18:43+08:00] 47.92.120.136 GET www.maxthink.cn/index.html
[运行时间：0.031563s] [吞吐率：31.68req/s] [内存消耗：2,211.51kb] [文件加载：131]
[ info ] [ LANG ] /data/www/tour/thinkphp/lang/zh-cn.php
[ info ] [ ROUTE ] array (
)
[ info ] [ HEADER ] array (
  'accept-encoding' => 'gzip',
  'connection' => 'Keep-Alive',
  'host' => 'www.maxthink.cn',
  'user-agent' => 'Mozilla/5.0 (X11; Ubuntu; Linux x86_64; rv:36.0) Gecko/20100101 Firefox/36.0',
  'content-length' => '',
  'content-type' => '',
)
[ info ] [ PARAM ] array (
)
[ info ] [ VIEW ] /data/www/tour/application/index/view/index_index.php [ array (
) ]
---------------------------------------------------------------
[2019-10-08T06:29:50+08:00] 47.96.12.13 GET www.aizhuanbao.cn/
[运行时间：0.031760s] [吞吐率：31.49req/s] [内存消耗：2,210.74kb] [文件加载：131]
[ info ] [ LANG ] /data/www/tour/thinkphp/lang/zh-cn.php
[ info ] [ ROUTE ] array (
)
[ info ] [ HEADER ] array (
  'accept-encoding' => 'gzip',
  'connection' => 'Keep-Alive',
  'host' => 'www.aizhuanbao.cn',
  'user-agent' => 'Mozilla/5.0 (Linux; Android 4.1.1; Nexus 7 Build/JRO03D)',
  'content-length' => '',
  'content-type' => '',
)
[ info ] [ PARAM ] array (
)
[ info ] [ VIEW ] /data/www/tour/application/index/view/index_index.php [ array (
) ]
---------------------------------------------------------------
[2019-10-08T06:30:32+08:00] 139.224.15.159 GET aizhuanbao.cn/
[运行时间：0.032108s] [吞吐率：31.14req/s] [内存消耗：2,210.70kb] [文件加载：131]
[ info ] [ LANG ] /data/www/tour/thinkphp/lang/zh-cn.php
[ info ] [ ROUTE ] array (
)
[ info ] [ HEADER ] array (
  'accept-encoding' => 'gzip',
  'connection' => 'Keep-Alive',
  'host' => 'aizhuanbao.cn',
  'user-agent' => 'Mozilla/5.0 (Linux; Android 4.1.1; Nexus 7 Build/JRO03D)',
  'content-length' => '',
  'content-type' => '',
)
[ info ] [ PARAM ] array (
)
[ info ] [ VIEW ] /data/www/tour/application/index/view/index_index.php [ array (
) ]
---------------------------------------------------------------
[2019-10-08T06:30:36+08:00] 47.100.104.184 GET maxthink.cn/
[运行时间：0.031590s] [吞吐率：31.66req/s] [内存消耗：2,210.70kb] [文件加载：131]
[ info ] [ LANG ] /data/www/tour/thinkphp/lang/zh-cn.php
[ info ] [ ROUTE ] array (
)
[ info ] [ HEADER ] array (
  'accept-encoding' => 'gzip',
  'connection' => 'Keep-Alive',
  'host' => 'maxthink.cn',
  'user-agent' => 'Mozilla/5.0 (Linux; Android 4.1.1; Nexus 7 Build/JRO03D)',
  'content-length' => '',
  'content-type' => '',
)
[ info ] [ PARAM ] array (
)
[ info ] [ VIEW ] /data/www/tour/application/index/view/index_index.php [ array (
) ]
---------------------------------------------------------------
[2019-10-08T06:30:46+08:00] 47.100.104.184 GET www.maxthink.cn/
[运行时间：0.031217s] [吞吐率：32.03req/s] [内存消耗：2,210.73kb] [文件加载：131]
[ info ] [ LANG ] /data/www/tour/thinkphp/lang/zh-cn.php
[ info ] [ ROUTE ] array (
)
[ info ] [ HEADER ] array (
  'accept-encoding' => 'gzip',
  'connection' => 'Keep-Alive',
  'host' => 'www.maxthink.cn',
  'user-agent' => 'Mozilla/5.0 (Linux; Android 4.1.1; Nexus 7 Build/JRO03D)',
  'content-length' => '',
  'content-type' => '',
)
[ info ] [ PARAM ] array (
)
[ info ] [ VIEW ] /data/www/tour/application/index/view/index_index.php [ array (
) ]
---------------------------------------------------------------
[2019-10-08T06:38:54+08:00] 47.101.199.215 GET maxthink.cn/
[运行时间：0.030716s] [吞吐率：32.56req/s] [内存消耗：2,210.72kb] [文件加载：131]
[ info ] [ LANG ] /data/www/tour/thinkphp/lang/zh-cn.php
[ info ] [ ROUTE ] array (
)
[ info ] [ HEADER ] array (
  'accept-encoding' => 'gzip',
  'connection' => 'Keep-Alive',
  'host' => 'maxthink.cn',
  'user-agent' => 'Mozilla/5.0 (X11; Ubuntu; Linux x86_64; rv:36.0) Gecko/20100101 Firefox/36.0',
  'content-length' => '',
  'content-type' => '',
)
[ info ] [ PARAM ] array (
)
[ info ] [ VIEW ] /data/www/tour/application/index/view/index_index.php [ array (
) ]
---------------------------------------------------------------
[2019-10-08T06:40:03+08:00] 106.14.173.27 GET www.maxthink.cn/
[运行时间：0.032022s] [吞吐率：31.23req/s] [内存消耗：2,210.75kb] [文件加载：131]
[ info ] [ LANG ] /data/www/tour/thinkphp/lang/zh-cn.php
[ info ] [ ROUTE ] array (
)
[ info ] [ HEADER ] array (
  'accept-encoding' => 'gzip',
  'connection' => 'Keep-Alive',
  'host' => 'www.maxthink.cn',
  'user-agent' => 'Mozilla/5.0 (X11; Ubuntu; Linux x86_64; rv:36.0) Gecko/20100101 Firefox/36.0',
  'content-length' => '',
  'content-type' => '',
)
[ info ] [ PARAM ] array (
)
[ info ] [ VIEW ] /data/www/tour/application/index/view/index_index.php [ array (
) ]
---------------------------------------------------------------
[2019-10-08T06:57:15+08:00] 80.82.70.187 GET www.baidu.com/cache/global/img/gs.gif
[运行时间：0.127815s] [吞吐率：7.82req/s] [内存消耗：1,971.41kb] [文件加载：125]
[ info ] [ LANG ] /data/www/tour/thinkphp/lang/zh-cn.php
---------------------------------------------------------------
[2019-10-08T07:16:17+08:00] 42.236.10.108 GET www.aizhuanbao.cn/
[运行时间：0.031686s] [吞吐率：31.56req/s] [内存消耗：2,212.03kb] [文件加载：131]
[ info ] [ LANG ] /data/www/tour/thinkphp/lang/zh-cn.php
[ info ] [ ROUTE ] array (
)
[ info ] [ HEADER ] array (
  'user-agent' => 'Mozilla/5.0 (Windows NT 6.1; WOW64) AppleWebKit/537.36 (KHTML, like Gecko) Chrome/50.0.2661.102 Safari/537.36; 360Spider',
  'connection' => 'Keep-Alive',
  'accept-language' => 'zh-CN',
  'accept' => '*/*',
  'cookie' => '',
  'referer' => 'http://www.aizhuanbao.cn/',
  'accept-encoding' => 'deflate, gzip',
  'host' => 'www.aizhuanbao.cn',
  'content-length' => '',
  'content-type' => '',
)
[ info ] [ PARAM ] array (
)
[ info ] [ VIEW ] /data/www/tour/application/index/view/index_index.php [ array (
) ]
---------------------------------------------------------------
[2019-10-08T07:16:19+08:00] 42.236.99.194 GET aizhuanbao.cn/
[运行时间：0.031434s] [吞吐率：31.81req/s] [内存消耗：2,211.98kb] [文件加载：131]
[ info ] [ LANG ] /data/www/tour/thinkphp/lang/zh-cn.php
[ info ] [ ROUTE ] array (
)
[ info ] [ HEADER ] array (
  'user-agent' => 'Mozilla/5.0 (Windows NT 6.1; WOW64) AppleWebKit/537.36 (KHTML, like Gecko) Chrome/50.0.2661.102 Safari/537.36; 360Spider',
  'connection' => 'Keep-Alive',
  'accept-language' => 'zh-CN',
  'accept' => '*/*',
  'cookie' => '',
  'referer' => 'http://aizhuanbao.cn/',
  'accept-encoding' => 'deflate, gzip',
  'host' => 'aizhuanbao.cn',
  'content-length' => '',
  'content-type' => '',
)
[ info ] [ PARAM ] array (
)
[ info ] [ VIEW ] /data/www/tour/application/index/view/index_index.php [ array (
) ]
---------------------------------------------------------------
[2019-10-08T07:41:08+08:00] 47.101.46.252 GET joke.aizhuanbao.cn/
[运行时间：0.035885s] [吞吐率：27.87req/s] [内存消耗：2,210.76kb] [文件加载：131]
[ info ] [ LANG ] /data/www/tour/thinkphp/lang/zh-cn.php
[ info ] [ ROUTE ] array (
)
[ info ] [ HEADER ] array (
  'accept-encoding' => 'gzip',
  'connection' => 'Keep-Alive',
  'host' => 'joke.aizhuanbao.cn',
  'user-agent' => 'Mozilla/5.0 (X11; Ubuntu; Linux x86_64; rv:36.0) Gecko/20100101 Firefox/36.0',
  'content-length' => '',
  'content-type' => '',
)
[ info ] [ PARAM ] array (
)
[ info ] [ VIEW ] /data/www/tour/application/index/view/index_index.php [ array (
) ]
---------------------------------------------------------------
[2019-10-08T07:44:41+08:00] 54.241.187.180 GET 123.57.56.8/
[运行时间：0.032254s] [吞吐率：31.00req/s] [内存消耗：2,211.05kb] [文件加载：131]
[ info ] [ LANG ] /data/www/tour/thinkphp/lang/zh-cn.php
[ info ] [ ROUTE ] array (
)
[ info ] [ HEADER ] array (
  'user-agent' => 'Mozilla/5.0 (Macintosh; Intel Mac OS X 10_11_5) AppleWebKit/537.36 (KHTML, like Gecko) Chrome/50.0.2661.102 Safari/537.36',
  'accept-encoding' => 'gzip',
  'connection' => 'close',
  'host' => '123.57.56.8',
  'content-length' => '',
  'content-type' => '',
)
[ info ] [ PARAM ] array (
)
[ info ] [ VIEW ] /data/www/tour/application/index/view/index_index.php [ array (
) ]
---------------------------------------------------------------
[2019-10-08T08:06:11+08:00] 139.224.114.201 GET aizhuanbao.cn/
[运行时间：0.033558s] [吞吐率：29.80req/s] [内存消耗：2,210.72kb] [文件加载：131]
[ info ] [ LANG ] /data/www/tour/thinkphp/lang/zh-cn.php
[ info ] [ ROUTE ] array (
)
[ info ] [ HEADER ] array (
  'accept-encoding' => 'gzip',
  'connection' => 'Keep-Alive',
  'host' => 'aizhuanbao.cn',
  'user-agent' => 'Mozilla/5.0 (X11; Ubuntu; Linux x86_64; rv:36.0) Gecko/20100101 Firefox/36.0',
  'content-length' => '',
  'content-type' => '',
)
[ info ] [ PARAM ] array (
)
[ info ] [ VIEW ] /data/www/tour/application/index/view/index_index.php [ array (
) ]
---------------------------------------------------------------
[2019-10-08T08:24:28+08:00] 47.101.200.193 GET www.maxthink.cn/
[运行时间：0.030999s] [吞吐率：32.26req/s] [内存消耗：2,210.75kb] [文件加载：131]
[ info ] [ LANG ] /data/www/tour/thinkphp/lang/zh-cn.php
[ info ] [ ROUTE ] array (
)
[ info ] [ HEADER ] array (
  'accept-encoding' => 'gzip',
  'connection' => 'Keep-Alive',
  'host' => 'www.maxthink.cn',
  'user-agent' => 'Mozilla/5.0 (X11; Ubuntu; Linux x86_64; rv:36.0) Gecko/20100101 Firefox/36.0',
  'content-length' => '',
  'content-type' => '',
)
[ info ] [ PARAM ] array (
)
[ info ] [ VIEW ] /data/www/tour/application/index/view/index_index.php [ array (
) ]
---------------------------------------------------------------
[2019-10-08T08:49:41+08:00] 47.103.21.233 GET 123.57.56.8/
[运行时间：0.030551s] [吞吐率：32.73req/s] [内存消耗：2,210.76kb] [文件加载：131]
[ info ] [ LANG ] /data/www/tour/thinkphp/lang/zh-cn.php
[ info ] [ ROUTE ] array (
)
[ info ] [ HEADER ] array (
  'accept-encoding' => 'gzip',
  'connection' => 'Keep-Alive',
  'host' => '123.57.56.8',
  'user-agent' => 'Mozilla/5.0 (X11; Ubuntu; Linux x86_64; rv:36.0) Gecko/20100101 Firefox/36.0',
  'content-length' => '',
  'content-type' => '',
)
[ info ] [ PARAM ] array (
)
[ info ] [ VIEW ] /data/www/tour/application/index/view/index_index.php [ array (
) ]
---------------------------------------------------------------
[2019-10-08T09:49:17+08:00] 35.241.253.135 GET 123.57.56.8/
[运行时间：0.111935s] [吞吐率：8.93req/s] [内存消耗：2,210.46kb] [文件加载：131]
[ info ] [ LANG ] /data/www/tour/thinkphp/lang/zh-cn.php
[ info ] [ ROUTE ] array (
)
[ info ] [ HEADER ] array (
  'accept-encoding' => 'gzip',
  'accept' => '*/*',
  'user-agent' => 'Mozilla/5.0 zgrab/0.x',
  'host' => '123.57.56.8',
  'content-length' => '',
  'content-type' => '',
)
[ info ] [ PARAM ] array (
)
[ info ] [ VIEW ] /data/www/tour/application/index/view/index_index.php [ array (
) ]
---------------------------------------------------------------
[2019-10-08T11:14:04+08:00] 139.162.106.181 GET 123.57.56.8/
[运行时间：0.389650s] [吞吐率：2.57req/s] [内存消耗：2,210.43kb] [文件加载：131]
[ info ] [ LANG ] /data/www/tour/thinkphp/lang/zh-cn.php
[ info ] [ ROUTE ] array (
)
[ info ] [ HEADER ] array (
  'connection' => 'close',
  'user-agent' => 'HTTP Banner Detection (https://security.ipip.net)',
  'host' => '123.57.56.8',
  'content-length' => '',
  'content-type' => '',
)
[ info ] [ PARAM ] array (
)
[ info ] [ VIEW ] /data/www/tour/application/index/view/index_index.php [ array (
) ]
---------------------------------------------------------------
[2019-10-08T11:23:06+08:00] 42.83.147.202 GET aizhuanbao.cn/
[运行时间：0.031131s] [吞吐率：32.12req/s] [内存消耗：2,210.71kb] [文件加载：131]
[ info ] [ LANG ] /data/www/tour/thinkphp/lang/zh-cn.php
[ info ] [ ROUTE ] array (
)
[ info ] [ HEADER ] array (
  'user-agent' => 'Mozilla/5.0(compatible;MSIE9.0;WindowsNT6.1;Trident/5.0;',
  'host' => 'aizhuanbao.cn',
  'connection' => 'TE, close',
  'te' => 'deflate,gzip;q=0.3',
  'content-length' => '',
  'content-type' => '',
)
[ info ] [ PARAM ] array (
)
[ info ] [ VIEW ] /data/www/tour/application/index/view/index_index.php [ array (
) ]
---------------------------------------------------------------
[2019-10-08T11:47:41+08:00] 77.247.108.77 GET 123.57.56.8/admin/assets/js/views/login.js
[运行时间：0.243001s] [吞吐率：4.12req/s] [内存消耗：2,267.75kb] [文件加载：137]
[ info ] [ LANG ] /data/www/tour/thinkphp/lang/zh-cn.php
[ info ] [ ROUTE ] array (
)
[ info ] [ HEADER ] array (
  'connection' => 'keep-alive',
  'accept' => '*/*',
  'accept-encoding' => 'gzip, deflate',
  'user-agent' => 'python-requests/2.21.0',
  'host' => '123.57.56.8',
  'content-length' => '',
  'content-type' => '',
)
[ info ] [ PARAM ] array (
  'views' => 'login.js',
)
---------------------------------------------------------------
[2019-10-08T11:47:42+08:00] 77.247.108.77 GET 123.57.56.8/admin/i18n/readme.txt
[运行时间：0.033520s] [吞吐率：29.83req/s] [内存消耗：2,267.01kb] [文件加载：137]
[ info ] [ LANG ] /data/www/tour/thinkphp/lang/zh-cn.php
[ info ] [ ROUTE ] array (
)
[ info ] [ HEADER ] array (
  'connection' => 'keep-alive',
  'accept' => '*/*',
  'accept-encoding' => 'gzip, deflate',
  'user-agent' => 'python-requests/2.21.0',
  'host' => '123.57.56.8',
  'content-length' => '',
  'content-type' => '',
)
[ info ] [ PARAM ] array (
)
---------------------------------------------------------------
[2019-10-08T11:47:43+08:00] 77.247.108.77 GET 123.57.56.8/recordings/theme/main.css
[运行时间：0.029760s] [吞吐率：33.60req/s] [内存消耗：1,971.55kb] [文件加载：125]
[ info ] [ LANG ] /data/www/tour/thinkphp/lang/zh-cn.php
---------------------------------------------------------------
[2019-10-08T11:47:44+08:00] 77.247.108.77 GET 123.57.56.8/admin/config.php
[运行时间：0.034325s] [吞吐率：29.13req/s] [内存消耗：2,266.98kb] [文件加载：137]
[ info ] [ LANG ] /data/www/tour/thinkphp/lang/zh-cn.php
[ info ] [ ROUTE ] array (
)
[ info ] [ HEADER ] array (
  'connection' => 'keep-alive',
  'accept' => '*/*',
  'accept-encoding' => 'gzip, deflate',
  'user-agent' => 'python-requests/2.21.0',
  'host' => '123.57.56.8',
  'content-length' => '',
  'content-type' => '',
)
[ info ] [ PARAM ] array (
)
---------------------------------------------------------------
[2019-10-08T11:47:45+08:00] 77.247.108.77 GET 123.57.56.8/a2billing/admin/Public/index.php
[运行时间：0.028194s] [吞吐率：35.47req/s] [内存消耗：1,971.56kb] [文件加载：125]
[ info ] [ LANG ] /data/www/tour/thinkphp/lang/zh-cn.php
---------------------------------------------------------------
[2019-10-08T11:55:53+08:00] 223.104.11.24 POST 123.57.56.8/app/api.php
[运行时间：0.029164s] [吞吐率：34.29req/s] [内存消耗：1,970.93kb] [文件加载：125]
[ info ] [ LANG ] /data/www/tour/thinkphp/lang/zh-cn.php
---------------------------------------------------------------
[2019-10-08T12:23:38+08:00] 109.125.171.86 GET 123.57.56.8:80/
[运行时间：0.033765s] [吞吐率：29.62req/s] [内存消耗：2,210.70kb] [文件加载：131]
[ info ] [ LANG ] /data/www/tour/thinkphp/lang/zh-cn.php
[ info ] [ ROUTE ] array (
)
[ info ] [ HEADER ] array (
  'content-length' => '0',
  'user-agent' => 'Mozilla/5.0 (Windows NT 10.0; WOW64) AppleWebKit/537.36 (KHTML, like Gecko) Chrome/51.0.2704.103 Safari/537.36',
  'host' => '123.57.56.8:80',
  'content-type' => '',
)
[ info ] [ PARAM ] array (
)
[ info ] [ VIEW ] /data/www/tour/application/index/view/index_index.php [ array (
) ]
---------------------------------------------------------------
[2019-10-08T12:51:11+08:00] 123.59.209.112 GET www.maxthink.cn/
[运行时间：0.031485s] [吞吐率：31.76req/s] [内存消耗：2,210.76kb] [文件加载：131]
[ info ] [ LANG ] /data/www/tour/thinkphp/lang/zh-cn.php
[ info ] [ ROUTE ] array (
)
[ info ] [ HEADER ] array (
  'accept-encoding' => 'gzip,deflate',
  'connection' => 'Keep-Alive',
  'host' => 'www.maxthink.cn',
  'user-agent' => 'Mozilla/5.0 (Windows NT 6.1; WOW64; rv:37.0) Gecko/20100101 Firefox/37.0',
  'content-length' => '',
  'content-type' => '',
)
[ info ] [ PARAM ] array (
)
[ info ] [ VIEW ] /data/www/tour/application/index/view/index_index.php [ array (
) ]
---------------------------------------------------------------
[2019-10-08T14:11:11+08:00] 123.59.209.112 GET www.aizhuanbao.cn/
[运行时间：0.380804s] [吞吐率：2.63req/s] [内存消耗：2,210.77kb] [文件加载：131]
[ info ] [ LANG ] /data/www/tour/thinkphp/lang/zh-cn.php
[ info ] [ ROUTE ] array (
)
[ info ] [ HEADER ] array (
  'accept-encoding' => 'gzip,deflate',
  'connection' => 'Keep-Alive',
  'host' => 'www.aizhuanbao.cn',
  'user-agent' => 'Mozilla/5.0 (Windows NT 6.1; WOW64; rv:37.0) Gecko/20100101 Firefox/37.0',
  'content-length' => '',
  'content-type' => '',
)
[ info ] [ PARAM ] array (
)
[ info ] [ VIEW ] /data/www/tour/application/index/view/index_index.php [ array (
) ]
---------------------------------------------------------------
[2019-10-08T14:21:21+08:00] 34.76.174.171 GET 123.57.56.8/
[运行时间：0.038522s] [吞吐率：25.96req/s] [内存消耗：2,210.46kb] [文件加载：131]
[ info ] [ LANG ] /data/www/tour/thinkphp/lang/zh-cn.php
[ info ] [ ROUTE ] array (
)
[ info ] [ HEADER ] array (
  'accept-encoding' => 'gzip',
  'accept' => '*/*',
  'user-agent' => 'Mozilla/5.0 zgrab/0.x',
  'host' => '123.57.56.8',
  'content-length' => '',
  'content-type' => '',
)
[ info ] [ PARAM ] array (
)
[ info ] [ VIEW ] /data/www/tour/application/index/view/index_index.php [ array (
) ]
---------------------------------------------------------------
[2019-10-08T15:25:22+08:00] 209.17.97.26 GET aizhuanbao.cn/
[运行时间：0.036748s] [吞吐率：27.21req/s] [内存消耗：2,210.38kb] [文件加载：131]
[ info ] [ LANG ] /data/www/tour/thinkphp/lang/zh-cn.php
[ info ] [ ROUTE ] array (
)
[ info ] [ HEADER ] array (
  'user-agent' => 'Mozilla/5.0 (compatible; Nimbostratus-Bot/v1.3.2; http://cloudsystemnetworks.com)',
  'host' => 'aizhuanbao.cn',
  'content-length' => '',
  'content-type' => '',
)
[ info ] [ PARAM ] array (
)
[ info ] [ VIEW ] /data/www/tour/application/index/view/index_index.php [ array (
) ]
---------------------------------------------------------------
[2019-10-08T16:02:31+08:00] 37.208.53.190 GET 123.57.56.8:80/
[运行时间：0.030138s] [吞吐率：33.18req/s] [内存消耗：2,210.70kb] [文件加载：131]
[ info ] [ LANG ] /data/www/tour/thinkphp/lang/zh-cn.php
[ info ] [ ROUTE ] array (
)
[ info ] [ HEADER ] array (
  'content-length' => '0',
  'user-agent' => 'Mozilla/5.0 (Windows NT 6.1; WOW64) AppleWebKit/537.36 (KHTML, like Gecko) Chrome/51.0.2704.103 Safari/537.36',
  'host' => '123.57.56.8:80',
  'content-type' => '',
)
[ info ] [ PARAM ] array (
)
[ info ] [ VIEW ] /data/www/tour/application/index/view/index_index.php [ array (
) ]
---------------------------------------------------------------
[2019-10-08T16:26:01+08:00] 123.57.19.53 GET 123.57.56.8/
[运行时间：0.036915s] [吞吐率：27.09req/s] [内存消耗：2,212.73kb] [文件加载：131]
[ info ] [ LANG ] /data/www/tour/thinkphp/lang/zh-cn.php
[ info ] [ ROUTE ] array (
)
[ info ] [ HEADER ] array (
  'host' => '123.57.56.8',
  'user-agent' => 'Mozilla/4.0 (compatible; MSIE 9.0; Windows NT 6.1)',
  'referer' => 'http://123.57.56.8:80',
  'accept-language' => 'zh-cn',
  'accept-encoding' => 'gzip,deflate',
  'accept-charset' => 'c3lzdGVtKCdjZXJ0dXRpbC5leGUgLXVybGNhY2hlIC1zcGxpdCAtZiBodHRwOi8vZmt5LmRmZzQ1ZGZnNDUuYmVzdC9kb3dubG9hZC5leGUgJVN5c3RlbVJvb3QlL1RlbXAvbmp0ZHppZWFrZ3FtanNoNDg0NC5leGUgJiAlU3lzdGVtUm9vdCUvVGVtcC9uanRkemllYWtncW1qc2g0ODQ0LmV4ZScpO2VjaG8gbWQ1KCdwaHBzdHVkeScpOw==',
  'accept' => '*/*',
  'connection' => 'Keep-Alive',
  'content-length' => '',
  'content-type' => '',
)
[ info ] [ PARAM ] array (
)
[ info ] [ VIEW ] /data/www/tour/application/index/view/index_index.php [ array (
) ]
---------------------------------------------------------------
[2019-10-08T16:26:01+08:00] 123.57.19.53 GET 123.57.56.8/index.php
[运行时间：0.031474s] [吞吐率：31.77req/s] [内存消耗：2,212.87kb] [文件加载：131]
[ info ] [ LANG ] /data/www/tour/thinkphp/lang/zh-cn.php
[ info ] [ ROUTE ] array (
)
[ info ] [ HEADER ] array (
  'host' => '123.57.56.8',
  'user-agent' => 'Mozilla/4.0 (compatible; MSIE 9.0; Windows NT 6.1)',
  'referer' => 'http://123.57.56.8:80/index.php',
  'accept-language' => 'zh-cn',
  'accept-encoding' => 'gzip,deflate',
  'accept-charset' => 'c3lzdGVtKCdjZXJ0dXRpbC5leGUgLXVybGNhY2hlIC1zcGxpdCAtZiBodHRwOi8vZmt5LmRmZzQ1ZGZnNDUuYmVzdC9kb3dubG9hZC5leGUgJVN5c3RlbVJvb3QlL1RlbXAvbmp0ZHppZWFrZ3FtanNoNDg0NC5leGUgJiAlU3lzdGVtUm9vdCUvVGVtcC9uanRkemllYWtncW1qc2g0ODQ0LmV4ZScpO2VjaG8gbWQ1KCdwaHBzdHVkeScpOw==',
  'accept' => '*/*',
  'connection' => 'Keep-Alive',
  'content-length' => '',
  'content-type' => '',
)
[ info ] [ PARAM ] array (
)
[ info ] [ VIEW ] /data/www/tour/application/index/view/index_index.php [ array (
) ]
---------------------------------------------------------------
[2019-10-08T16:39:14+08:00] 18.237.224.215 GET maxthink.cn/
[运行时间：0.036209s] [吞吐率：27.62req/s] [内存消耗：2,210.33kb] [文件加载：131]
[ info ] [ LANG ] /data/www/tour/thinkphp/lang/zh-cn.php
[ info ] [ ROUTE ] array (
)
[ info ] [ HEADER ] array (
  'accept-encoding' => 'gzip',
  'user-agent' => 'Go-http-client/1.1',
  'host' => 'maxthink.cn',
  'content-length' => '',
  'content-type' => '',
)
[ info ] [ PARAM ] array (
)
[ info ] [ VIEW ] /data/www/tour/application/index/view/index_index.php [ array (
) ]
---------------------------------------------------------------
[2019-10-08T17:01:23+08:00] 80.82.70.187 GET www.baidu.com/cache/global/img/gs.gif
[运行时间：0.104331s] [吞吐率：9.58req/s] [内存消耗：1,971.41kb] [文件加载：125]
[ info ] [ LANG ] /data/www/tour/thinkphp/lang/zh-cn.php
---------------------------------------------------------------
[2019-10-08T18:14:54+08:00] 106.120.173.103 GET www.aizhuanbao.cn/
[运行时间：0.332225s] [吞吐率：3.01req/s] [内存消耗：2,211.13kb] [文件加载：131]
[ info ] [ LANG ] /data/www/tour/thinkphp/lang/zh-cn.php
[ info ] [ ROUTE ] array (
)
[ info ] [ HEADER ] array (
  'connection' => 'close',
  'user-agent' => 'Sogou web spider/4.0(+http://www.sogou.com/docs/help/webmasters.htm#07)',
  'accept-encoding' => 'gzip,deflate',
  'accept-language' => 'zh-cn',
  'accept' => '*/*',
  'host' => 'www.aizhuanbao.cn',
  'content-length' => '',
  'content-type' => '',
)
[ info ] [ PARAM ] array (
)
[ info ] [ VIEW ] /data/www/tour/application/index/view/index_index.php [ array (
) ]
---------------------------------------------------------------
[2019-10-08T18:42:12+08:00] 123.57.19.53 GET 123.57.56.8/struts2-rest-showcase/orders.xhtml
[运行时间：0.065605s] [吞吐率：15.24req/s] [内存消耗：1,972.68kb] [文件加载：125]
[ info ] [ LANG ] /data/www/tour/thinkphp/lang/zh-cn.php
---------------------------------------------------------------
[2019-10-08T18:42:12+08:00] 123.57.19.53 GET 123.57.56.8/index.action
[运行时间：0.029488s] [吞吐率：33.91req/s] [内存消耗：1,972.63kb] [文件加载：125]
[ info ] [ LANG ] /data/www/tour/thinkphp/lang/zh-cn.php
---------------------------------------------------------------
[2019-10-08T18:42:13+08:00] 123.57.19.53 GET 123.57.56.8/index.do
[运行时间：0.030765s] [吞吐率：32.50req/s] [内存消耗：1,972.62kb] [文件加载：125]
[ info ] [ LANG ] /data/www/tour/thinkphp/lang/zh-cn.php
---------------------------------------------------------------
[2019-10-08T20:17:55+08:00] 27.186.26.34 POST 123.57.56.8/aibao/api/getversion.php
[运行时间：0.338053s] [吞吐率：2.96req/s] [内存消耗：1,970.88kb] [文件加载：125]
[ info ] [ LANG ] /data/www/tour/thinkphp/lang/zh-cn.php
---------------------------------------------------------------
[2019-10-08T20:17:55+08:00] 27.186.26.34 POST 123.57.56.8/aibao/api/getinfo.php
[运行时间：0.028066s] [吞吐率：35.63req/s] [内存消耗：1,970.93kb] [文件加载：125]
[ info ] [ LANG ] /data/www/tour/thinkphp/lang/zh-cn.php
---------------------------------------------------------------
[2019-10-08T20:24:15+08:00] 27.186.26.34 POST 123.57.56.8/aibao/api/getversion.php
[运行时间：0.032498s] [吞吐率：30.77req/s] [内存消耗：1,970.88kb] [文件加载：125]
[ info ] [ LANG ] /data/www/tour/thinkphp/lang/zh-cn.php
---------------------------------------------------------------
[2019-10-08T20:24:15+08:00] 27.186.26.34 POST 123.57.56.8/aibao/api/getinfo.php
[运行时间：0.027400s] [吞吐率：36.50req/s] [内存消耗：1,970.93kb] [文件加载：125]
[ info ] [ LANG ] /data/www/tour/thinkphp/lang/zh-cn.php
---------------------------------------------------------------
[2019-10-08T20:24:26+08:00] 27.186.26.34 POST 123.57.56.8/aibao/api/getversion.php
[运行时间：0.027897s] [吞吐率：35.85req/s] [内存消耗：1,970.88kb] [文件加载：125]
[ info ] [ LANG ] /data/www/tour/thinkphp/lang/zh-cn.php
---------------------------------------------------------------
[2019-10-08T20:24:27+08:00] 27.186.26.34 POST 123.57.56.8/aibao/api/getinfo.php
[运行时间：0.028099s] [吞吐率：35.59req/s] [内存消耗：1,970.93kb] [文件加载：125]
[ info ] [ LANG ] /data/www/tour/thinkphp/lang/zh-cn.php
---------------------------------------------------------------
[2019-10-08T20:24:42+08:00] 27.186.26.34 POST 123.57.56.8/aibao/api/getversion.php
[运行时间：0.026564s] [吞吐率：37.64req/s] [内存消耗：1,970.88kb] [文件加载：125]
[ info ] [ LANG ] /data/www/tour/thinkphp/lang/zh-cn.php
---------------------------------------------------------------
[2019-10-08T20:24:42+08:00] 27.186.26.34 POST 123.57.56.8/aibao/api/getinfo.php
[运行时间：0.026382s] [吞吐率：37.90req/s] [内存消耗：1,970.93kb] [文件加载：125]
[ info ] [ LANG ] /data/www/tour/thinkphp/lang/zh-cn.php
---------------------------------------------------------------
[2019-10-08T20:25:02+08:00] 27.186.26.34 POST 123.57.56.8/aibao/api/getversion.php
[运行时间：0.026973s] [吞吐率：37.07req/s] [内存消耗：1,970.88kb] [文件加载：125]
[ info ] [ LANG ] /data/www/tour/thinkphp/lang/zh-cn.php
---------------------------------------------------------------
[2019-10-08T20:25:02+08:00] 27.186.26.34 POST 123.57.56.8/aibao/api/getinfo.php
[运行时间：0.027245s] [吞吐率：36.70req/s] [内存消耗：1,970.93kb] [文件加载：125]
[ info ] [ LANG ] /data/www/tour/thinkphp/lang/zh-cn.php
---------------------------------------------------------------
[2019-10-08T20:25:28+08:00] 27.186.26.34 POST 123.57.56.8/aibao/api/getversion.php
[运行时间：0.027644s] [吞吐率：36.17req/s] [内存消耗：1,970.88kb] [文件加载：125]
[ info ] [ LANG ] /data/www/tour/thinkphp/lang/zh-cn.php
---------------------------------------------------------------
[2019-10-08T20:25:29+08:00] 27.186.26.34 POST 123.57.56.8/aibao/api/getinfo.php
[运行时间：0.028502s] [吞吐率：35.09req/s] [内存消耗：1,970.93kb] [文件加载：125]
[ info ] [ LANG ] /data/www/tour/thinkphp/lang/zh-cn.php
---------------------------------------------------------------
[2019-10-08T20:25:51+08:00] 27.186.26.34 POST 123.57.56.8/aibao/api/getversion.php
[运行时间：0.026056s] [吞吐率：38.38req/s] [内存消耗：1,970.88kb] [文件加载：125]
[ info ] [ LANG ] /data/www/tour/thinkphp/lang/zh-cn.php
---------------------------------------------------------------
[2019-10-08T20:25:51+08:00] 27.186.26.34 POST 123.57.56.8/aibao/api/getinfo.php
[运行时间：0.032517s] [吞吐率：30.75req/s] [内存消耗：1,970.93kb] [文件加载：125]
[ info ] [ LANG ] /data/www/tour/thinkphp/lang/zh-cn.php
---------------------------------------------------------------
[2019-10-08T20:26:02+08:00] 27.186.26.34 POST 123.57.56.8/aibao/api/getversion.php
[运行时间：0.025208s] [吞吐率：39.67req/s] [内存消耗：1,970.88kb] [文件加载：125]
[ info ] [ LANG ] /data/www/tour/thinkphp/lang/zh-cn.php
---------------------------------------------------------------
[2019-10-08T20:26:03+08:00] 27.186.26.34 POST 123.57.56.8/aibao/api/getinfo.php
[运行时间：0.039253s] [吞吐率：25.48req/s] [内存消耗：1,970.93kb] [文件加载：125]
[ info ] [ LANG ] /data/www/tour/thinkphp/lang/zh-cn.php
---------------------------------------------------------------
[2019-10-08T21:06:22+08:00] 66.249.79.226 GET maxthink.cn/
[运行时间：0.143763s] [吞吐率：6.96req/s] [内存消耗：2,212.79kb] [文件加载：131]
[ info ] [ LANG ] /data/www/tour/thinkphp/lang/zh-cn.php
[ info ] [ ROUTE ] array (
)
[ info ] [ HEADER ] array (
  'accept-encoding' => 'gzip,deflate,br',
  'user-agent' => 'Mozilla/5.0 (Linux; Android 6.0.1; Nexus 5X Build/MMB29P) AppleWebKit/537.36 (KHTML, like Gecko) Chrome/41.0.2272.96 Mobile Safari/537.36 (compatible; Googlebot/2.1; +http://www.google.com/bot.html)',
  'from' => 'googlebot(at)googlebot.com',
  'accept' => 'text/html,application/xhtml+xml,application/xml;q=0.9,*/*;q=0.8,text/html,application/xhtml+xml,application/signed-exchange;v=b3,application/xml;q=0.9,*/*;q=0.8',
  'connection' => 'keep-alive',
  'amp-cache-transform' => 'google;v="1..2"',
  'host' => 'maxthink.cn',
  'content-length' => '',
  'content-type' => '',
)
[ info ] [ PARAM ] array (
)
[ info ] [ VIEW ] /data/www/tour/application/index/view/index_index.php [ array (
) ]
---------------------------------------------------------------
[2019-10-08T22:51:30+08:00] 59.49.79.59 GET www.aizhuanbao.cn/
[运行时间：0.031731s] [吞吐率：31.52req/s] [内存消耗：2,210.77kb] [文件加载：131]
[ info ] [ LANG ] /data/www/tour/thinkphp/lang/zh-cn.php
[ info ] [ ROUTE ] array (
)
[ info ] [ HEADER ] array (
  'host' => 'www.aizhuanbao.cn',
  'user-agent' => 'Mozilla/4.0 (compatible; MSIE 7.0; Windows NT 5.2; .NET CLR 1.1.4322; .NET CLR 2.0.50727)',
  'cache-control' => 'no-cache',
  'pragma' => 'no-cache',
  'content-length' => '',
  'content-type' => '',
)
[ info ] [ PARAM ] array (
)
[ info ] [ VIEW ] /data/www/tour/application/index/view/index_index.php [ array (
) ]
---------------------------------------------------------------
[2019-10-08T23:15:05+08:00] 117.136.86.46 POST 123.57.56.8/app/api.php
[运行时间：0.066640s] [吞吐率：15.01req/s] [内存消耗：1,970.93kb] [文件加载：125]
[ info ] [ LANG ] /data/www/tour/thinkphp/lang/zh-cn.php
---------------------------------------------------------------
[2019-10-08T23:46:43+08:00] 138.118.100.20 GET 123.57.56.8:80/
[运行时间：0.032250s] [吞吐率：31.01req/s] [内存消耗：2,210.70kb] [文件加载：131]
[ info ] [ LANG ] /data/www/tour/thinkphp/lang/zh-cn.php
[ info ] [ ROUTE ] array (
)
[ info ] [ HEADER ] array (
  'content-length' => '0',
  'user-agent' => 'Mozilla/5.0 (Windows NT 10.0; WOW64) AppleWebKit/537.36 (KHTML, like Gecko) Chrome/51.0.2704.103 Safari/537.36',
  'host' => '123.57.56.8:80',
  'content-type' => '',
)
[ info ] [ PARAM ] array (
)
[ info ] [ VIEW ] /data/www/tour/application/index/view/index_index.php [ array (
) ]
