---------------------------------------------------------------
[2019-10-16T00:24:39+08:00] 51.77.200.62 GET aizhuanbao.cn/wp-login.php
[运行时间：0.053219s] [吞吐率：18.79req/s] [内存消耗：1,971.48kb] [文件加载：125]
[ info ] [ LANG ] /data/www/tour/thinkphp/lang/zh-cn.php
---------------------------------------------------------------
[2019-10-16T00:51:18+08:00] 45.141.84.18 GET 123.57.56.8/.git/config
[运行时间：0.030812s] [吞吐率：32.45req/s] [内存消耗：1,971.54kb] [文件加载：125]
[ info ] [ LANG ] /data/www/tour/thinkphp/lang/zh-cn.php
---------------------------------------------------------------
[2019-10-16T01:11:16+08:00] 222.178.190.72 POST 123.57.56.8/invoker/readonly
[运行时间：0.028465s] [吞吐率：35.13req/s] [内存消耗：1,973.57kb] [文件加载：125]
[ info ] [ LANG ] /data/www/tour/thinkphp/lang/zh-cn.php
---------------------------------------------------------------
[2019-10-16T01:14:19+08:00] 212.193.32.23 GET maxthink.cn/wp-login.php
[运行时间：0.028630s] [吞吐率：34.93req/s] [内存消耗：1,971.48kb] [文件加载：125]
[ info ] [ LANG ] /data/www/tour/thinkphp/lang/zh-cn.php
---------------------------------------------------------------
[2019-10-16T02:54:34+08:00] 101.251.242.238 GET 123.57.56.8:80/
[运行时间：0.028806s] [吞吐率：34.72req/s] [内存消耗：2,198.59kb] [文件加载：130]
[ info ] [ LANG ] /data/www/tour/thinkphp/lang/zh-cn.php
[ info ] [ ROUTE ] array (
)
[ info ] [ HEADER ] array (
  'accept' => 'application/json, text/plain, */*',
  'accept-charset' => 'GBK,utf-8;q=0.7,*;q=0.3',
  'accept-language' => 'zh-CN,zh;q=0.8,en-US;q=0.5,en;q=0.3',
  'accept-encoding' => 'gzip, deflate, br',
  'user-agent' => 'Mozilla/5.0 (Windows NT 6.1; WOW64; rv:52.0) Gecko/20100101 Firefox/52.0',
  'host' => '123.57.56.8:80',
  'content-length' => '',
  'content-type' => '',
)
[ info ] [ PARAM ] array (
)
[ info ] [ VIEW ] /data/www/tour/application/index/view/index_index.php [ array (
) ]
---------------------------------------------------------------
[2019-10-16T03:22:18+08:00] 123.126.113.179 GET aizhuanbao.cn/
[运行时间：0.032012s] [吞吐率：31.24req/s] [内存消耗：2,211.63kb] [文件加载：131]
[ info ] [ LANG ] /data/www/tour/thinkphp/lang/zh-cn.php
[ info ] [ ROUTE ] array (
)
[ info ] [ HEADER ] array (
  'if-modified-since' => 'Wed, 09 Oct 2019 18:55:12 GMT',
  'connection' => 'close',
  'user-agent' => 'Sogou web spider/4.0(+http://www.sogou.com/docs/help/webmasters.htm#07)',
  'accept-encoding' => 'gzip,deflate',
  'accept-language' => 'zh-cn',
  'accept' => '*/*',
  'host' => 'aizhuanbao.cn',
  'content-length' => '',
  'content-type' => '',
)
[ info ] [ PARAM ] array (
)
[ info ] [ VIEW ] /data/www/tour/application/index/view/index_index.php [ array (
) ]
---------------------------------------------------------------
[2019-10-16T03:29:44+08:00] 101.132.177.30 GET www.aizhuanbao.cn/
[运行时间：0.036597s] [吞吐率：27.32req/s] [内存消耗：2,210.74kb] [文件加载：131]
[ info ] [ LANG ] /data/www/tour/thinkphp/lang/zh-cn.php
[ info ] [ ROUTE ] array (
)
[ info ] [ HEADER ] array (
  'accept-encoding' => 'gzip',
  'connection' => 'Keep-Alive',
  'host' => 'www.aizhuanbao.cn',
  'user-agent' => 'Mozilla/5.0 (Linux; Android 4.1.1; Nexus 7 Build/JRO03D)',
  'content-length' => '',
  'content-type' => '',
)
[ info ] [ PARAM ] array (
)
[ info ] [ VIEW ] /data/www/tour/application/index/view/index_index.php [ array (
) ]
---------------------------------------------------------------
[2019-10-16T03:29:54+08:00] 47.97.167.161 GET www.maxthink.cn/
[运行时间：0.029697s] [吞吐率：33.67req/s] [内存消耗：2,210.73kb] [文件加载：131]
[ info ] [ LANG ] /data/www/tour/thinkphp/lang/zh-cn.php
[ info ] [ ROUTE ] array (
)
[ info ] [ HEADER ] array (
  'accept-encoding' => 'gzip',
  'connection' => 'Keep-Alive',
  'host' => 'www.maxthink.cn',
  'user-agent' => 'Mozilla/5.0 (Linux; Android 4.1.1; Nexus 7 Build/JRO03D)',
  'content-length' => '',
  'content-type' => '',
)
[ info ] [ PARAM ] array (
)
[ info ] [ VIEW ] /data/www/tour/application/index/view/index_index.php [ array (
) ]
---------------------------------------------------------------
[2019-10-16T03:31:32+08:00] 106.14.204.78 GET aizhuanbao.cn/
[运行时间：0.034555s] [吞吐率：28.94req/s] [内存消耗：2,210.70kb] [文件加载：131]
[ info ] [ LANG ] /data/www/tour/thinkphp/lang/zh-cn.php
[ info ] [ ROUTE ] array (
)
[ info ] [ HEADER ] array (
  'accept-encoding' => 'gzip',
  'connection' => 'Keep-Alive',
  'host' => 'aizhuanbao.cn',
  'user-agent' => 'Mozilla/5.0 (Linux; Android 4.1.1; Nexus 7 Build/JRO03D)',
  'content-length' => '',
  'content-type' => '',
)
[ info ] [ PARAM ] array (
)
[ info ] [ VIEW ] /data/www/tour/application/index/view/index_index.php [ array (
) ]
---------------------------------------------------------------
[2019-10-16T03:35:36+08:00] 47.100.104.184 GET maxthink.cn/
[运行时间：0.037234s] [吞吐率：26.86req/s] [内存消耗：2,210.70kb] [文件加载：131]
[ info ] [ LANG ] /data/www/tour/thinkphp/lang/zh-cn.php
[ info ] [ ROUTE ] array (
)
[ info ] [ HEADER ] array (
  'accept-encoding' => 'gzip',
  'connection' => 'Keep-Alive',
  'host' => 'maxthink.cn',
  'user-agent' => 'Mozilla/5.0 (Linux; Android 4.1.1; Nexus 7 Build/JRO03D)',
  'content-length' => '',
  'content-type' => '',
)
[ info ] [ PARAM ] array (
)
[ info ] [ VIEW ] /data/www/tour/application/index/view/index_index.php [ array (
) ]
---------------------------------------------------------------
[2019-10-16T03:52:09+08:00] 183.136.190.62 GET maxthink.cn/
[运行时间：0.032168s] [吞吐率：31.09req/s] [内存消耗：2,211.96kb] [文件加载：131]
[ info ] [ LANG ] /data/www/tour/thinkphp/lang/zh-cn.php
[ info ] [ ROUTE ] array (
)
[ info ] [ HEADER ] array (
  'connection' => 'close',
  'cache-control' => 'max-age=0',
  'accept-language' => 'zh-CN,zh;q=0.8',
  'accept-encoding' => '',
  'accept' => 'text/html,application/xhtml+xml,application/xml;q=0.9,image/webp,*/*;q=0.8',
  'user-agent' => 'Mozilla/5.0 (Windows NT 6.1) AppleWebKit/537.36 (KHTML, like Gecko) Chrome/35.0.1916.153 Safari/537.36',
  'host' => 'maxthink.cn',
  'content-length' => '',
  'content-type' => '',
)
[ info ] [ PARAM ] array (
)
[ info ] [ VIEW ] /data/www/tour/application/index/view/index_index.php [ array (
) ]
---------------------------------------------------------------
[2019-10-16T04:03:41+08:00] 183.136.190.62 GET www.maxthink.cn/
[运行时间：0.032256s] [吞吐率：31.00req/s] [内存消耗：2,211.99kb] [文件加载：131]
[ info ] [ LANG ] /data/www/tour/thinkphp/lang/zh-cn.php
[ info ] [ ROUTE ] array (
)
[ info ] [ HEADER ] array (
  'connection' => 'close',
  'cache-control' => 'max-age=0',
  'accept-language' => 'zh-CN,zh;q=0.8',
  'accept-encoding' => '',
  'accept' => 'text/html,application/xhtml+xml,application/xml;q=0.9,image/webp,*/*;q=0.8',
  'user-agent' => 'Mozilla/5.0 (Windows NT 6.1) AppleWebKit/537.36 (KHTML, like Gecko) Chrome/35.0.1916.153 Safari/537.36',
  'host' => 'www.maxthink.cn',
  'content-length' => '',
  'content-type' => '',
)
[ info ] [ PARAM ] array (
)
[ info ] [ VIEW ] /data/www/tour/application/index/view/index_index.php [ array (
) ]
---------------------------------------------------------------
[2019-10-16T04:15:37+08:00] 220.181.108.103 GET aizhuanbao.cn/
[运行时间：0.031574s] [吞吐率：31.67req/s] [内存消耗：2,211.63kb] [文件加载：131]
[ info ] [ LANG ] /data/www/tour/thinkphp/lang/zh-cn.php
[ info ] [ ROUTE ] array (
)
[ info ] [ HEADER ] array (
  'accept' => '*/*',
  'accept-encoding' => 'gzip',
  'if-none-match' => '"W/"5d68d3e1-247""',
  'accept-language' => 'zh-cn,zh-tw',
  'user-agent' => 'Mozilla/5.0 (compatible; Baiduspider/2.0; +http://www.baidu.com/search/spider.html)',
  'connection' => 'close',
  'host' => 'aizhuanbao.cn',
  'content-length' => '',
  'content-type' => '',
)
[ info ] [ PARAM ] array (
)
[ info ] [ VIEW ] /data/www/tour/application/index/view/index_index.php [ array (
) ]
---------------------------------------------------------------
[2019-10-16T04:26:14+08:00] 88.243.58.180 GET 123.57.56.8:80/
[运行时间：0.029909s] [吞吐率：33.43req/s] [内存消耗：2,210.70kb] [文件加载：131]
[ info ] [ LANG ] /data/www/tour/thinkphp/lang/zh-cn.php
[ info ] [ ROUTE ] array (
)
[ info ] [ HEADER ] array (
  'content-length' => '0',
  'user-agent' => 'Mozilla/5.0 (Windows NT 10.0; WOW64) AppleWebKit/537.36 (KHTML, like Gecko) Chrome/51.0.2704.103 Safari/537.36',
  'host' => '123.57.56.8:80',
  'content-type' => '',
)
[ info ] [ PARAM ] array (
)
[ info ] [ VIEW ] /data/www/tour/application/index/view/index_index.php [ array (
) ]
---------------------------------------------------------------
[2019-10-16T04:39:55+08:00] 101.132.32.18 GET www.aizhuanbao.cn/
[运行时间：0.034414s] [吞吐率：29.06req/s] [内存消耗：2,210.76kb] [文件加载：131]
[ info ] [ LANG ] /data/www/tour/thinkphp/lang/zh-cn.php
[ info ] [ ROUTE ] array (
)
[ info ] [ HEADER ] array (
  'accept-encoding' => 'gzip',
  'connection' => 'Keep-Alive',
  'host' => 'www.aizhuanbao.cn',
  'user-agent' => 'Mozilla/5.0 (X11; Ubuntu; Linux x86_64; rv:36.0) Gecko/20100101 Firefox/36.0',
  'content-length' => '',
  'content-type' => '',
)
[ info ] [ PARAM ] array (
)
[ info ] [ VIEW ] /data/www/tour/application/index/view/index_index.php [ array (
) ]
---------------------------------------------------------------
[2019-10-16T04:53:04+08:00] 183.136.190.62 GET aizhuanbao.cn/
[运行时间：0.036402s] [吞吐率：27.47req/s] [内存消耗：2,211.96kb] [文件加载：131]
[ info ] [ LANG ] /data/www/tour/thinkphp/lang/zh-cn.php
[ info ] [ ROUTE ] array (
)
[ info ] [ HEADER ] array (
  'connection' => 'close',
  'cache-control' => 'max-age=0',
  'accept-language' => 'zh-CN,zh;q=0.8',
  'accept-encoding' => '',
  'accept' => 'text/html,application/xhtml+xml,application/xml;q=0.9,image/webp,*/*;q=0.8',
  'user-agent' => 'Mozilla/5.0 (Windows NT 6.1) AppleWebKit/537.36 (KHTML, like Gecko) Chrome/35.0.1916.153 Safari/537.36',
  'host' => 'aizhuanbao.cn',
  'content-length' => '',
  'content-type' => '',
)
[ info ] [ PARAM ] array (
)
[ info ] [ VIEW ] /data/www/tour/application/index/view/index_index.php [ array (
) ]
---------------------------------------------------------------
[2019-10-16T04:54:55+08:00] 47.101.194.68 GET maxthink.cn/
[运行时间：0.032841s] [吞吐率：30.45req/s] [内存消耗：2,210.72kb] [文件加载：131]
[ info ] [ LANG ] /data/www/tour/thinkphp/lang/zh-cn.php
[ info ] [ ROUTE ] array (
)
[ info ] [ HEADER ] array (
  'accept-encoding' => 'gzip',
  'connection' => 'Keep-Alive',
  'host' => 'maxthink.cn',
  'user-agent' => 'Mozilla/5.0 (X11; Ubuntu; Linux x86_64; rv:36.0) Gecko/20100101 Firefox/36.0',
  'content-length' => '',
  'content-type' => '',
)
[ info ] [ PARAM ] array (
)
[ info ] [ VIEW ] /data/www/tour/application/index/view/index_index.php [ array (
) ]
---------------------------------------------------------------
[2019-10-16T04:59:39+08:00] 198.108.66.64 GET 123.57.56.8/
[运行时间：0.031107s] [吞吐率：32.15req/s] [内存消耗：2,210.46kb] [文件加载：131]
[ info ] [ LANG ] /data/www/tour/thinkphp/lang/zh-cn.php
[ info ] [ ROUTE ] array (
)
[ info ] [ HEADER ] array (
  'accept-encoding' => 'gzip',
  'accept' => '*/*',
  'user-agent' => 'Mozilla/5.0 zgrab/0.x',
  'host' => '123.57.56.8',
  'content-length' => '',
  'content-type' => '',
)
[ info ] [ PARAM ] array (
)
[ info ] [ VIEW ] /data/www/tour/application/index/view/index_index.php [ array (
) ]
---------------------------------------------------------------
[2019-10-16T05:08:47+08:00] 183.136.190.62 GET joke.aizhuanbao.cn/
[运行时间：0.032325s] [吞吐率：30.94req/s] [内存消耗：2,212.00kb] [文件加载：131]
[ info ] [ LANG ] /data/www/tour/thinkphp/lang/zh-cn.php
[ info ] [ ROUTE ] array (
)
[ info ] [ HEADER ] array (
  'connection' => 'close',
  'cache-control' => 'max-age=0',
  'accept-language' => 'zh-CN,zh;q=0.8',
  'accept-encoding' => '',
  'accept' => 'text/html,application/xhtml+xml,application/xml;q=0.9,image/webp,*/*;q=0.8',
  'user-agent' => 'Mozilla/5.0 (Windows NT 6.1) AppleWebKit/537.36 (KHTML, like Gecko) Chrome/35.0.1916.153 Safari/537.36',
  'host' => 'joke.aizhuanbao.cn',
  'content-length' => '',
  'content-type' => '',
)
[ info ] [ PARAM ] array (
)
[ info ] [ VIEW ] /data/www/tour/application/index/view/index_index.php [ array (
) ]
---------------------------------------------------------------
[2019-10-16T05:10:01+08:00] 42.236.82.156 GET www.aizhuanbao.cn/
[运行时间：0.079714s] [吞吐率：12.54req/s] [内存消耗：2,210.72kb] [文件加载：131]
[ info ] [ LANG ] /data/www/tour/thinkphp/lang/zh-cn.php
[ info ] [ ROUTE ] array (
)
[ info ] [ HEADER ] array (
  'accept' => '*/*',
  'user-agent' => 'Mozilla/5.0 (Windows NT 6.1; Win64; x64) AppleWebKit/537.36 (KHTML, like Gecko) Chrome/46.0.2490.86 Safari/537.36',
  'host' => 'www.aizhuanbao.cn',
  'content-length' => '',
  'content-type' => '',
)
[ info ] [ PARAM ] array (
)
[ info ] [ VIEW ] /data/www/tour/application/index/view/index_index.php [ array (
) ]
---------------------------------------------------------------
[2019-10-16T05:11:55+08:00] 124.235.138.109 GET www.maxthink.cn/
[运行时间：0.046266s] [吞吐率：21.61req/s] [内存消耗：2,210.74kb] [文件加载：131]
[ info ] [ LANG ] /data/www/tour/thinkphp/lang/zh-cn.php
[ info ] [ ROUTE ] array (
)
[ info ] [ HEADER ] array (
  'accept-encoding' => 'deflate, gzip',
  'accept' => '*/*',
  'host' => 'www.maxthink.cn',
  'user-agent' => 'Mozilla/5.0 (Windows NT 6.1; WOW64; rv:7.0.1) Gecko/20100101 Firefox/7.0.1',
  'content-length' => '',
  'content-type' => '',
)
[ info ] [ PARAM ] array (
)
[ info ] [ VIEW ] /data/www/tour/application/index/view/index_index.php [ array (
) ]
---------------------------------------------------------------
[2019-10-16T05:13:51+08:00] 47.101.199.131 GET 123.57.56.8/
[运行时间：0.043177s] [吞吐率：23.16req/s] [内存消耗：2,210.76kb] [文件加载：131]
[ info ] [ LANG ] /data/www/tour/thinkphp/lang/zh-cn.php
[ info ] [ ROUTE ] array (
)
[ info ] [ HEADER ] array (
  'accept-encoding' => 'gzip',
  'connection' => 'Keep-Alive',
  'host' => '123.57.56.8',
  'user-agent' => 'Mozilla/5.0 (X11; Ubuntu; Linux x86_64; rv:36.0) Gecko/20100101 Firefox/36.0',
  'content-length' => '',
  'content-type' => '',
)
[ info ] [ PARAM ] array (
)
[ info ] [ VIEW ] /data/www/tour/application/index/view/index_index.php [ array (
) ]
---------------------------------------------------------------
[2019-10-16T05:17:55+08:00] 40.77.167.125 GET www.aizhuanbao.cn/
[运行时间：0.033716s] [吞吐率：29.66req/s] [内存消耗：2,211.73kb] [文件加载：131]
[ info ] [ LANG ] /data/www/tour/thinkphp/lang/zh-cn.php
[ info ] [ ROUTE ] array (
)
[ info ] [ HEADER ] array (
  'user-agent' => 'Mozilla/5.0 (compatible; bingbot/2.0; +http://www.bing.com/bingbot.htm)',
  'host' => 'www.aizhuanbao.cn',
  'from' => 'bingbot(at)microsoft.com',
  'accept-encoding' => 'gzip, deflate',
  'accept' => '*/*',
  'pragma' => 'no-cache',
  'connection' => 'Keep-Alive',
  'cache-control' => 'no-cache',
  'content-length' => '',
  'content-type' => '',
)
[ info ] [ PARAM ] array (
)
[ info ] [ VIEW ] /data/www/tour/application/index/view/index_index.php [ array (
) ]
---------------------------------------------------------------
[2019-10-16T05:19:26+08:00] 46.175.184.39 GET 123.57.56.8:80/
[运行时间：0.030192s] [吞吐率：33.12req/s] [内存消耗：2,210.70kb] [文件加载：131]
[ info ] [ LANG ] /data/www/tour/thinkphp/lang/zh-cn.php
[ info ] [ ROUTE ] array (
)
[ info ] [ HEADER ] array (
  'content-length' => '0',
  'user-agent' => 'Mozilla/5.0 (Windows NT 6.1; WOW64) AppleWebKit/537.36 (KHTML, like Gecko) Chrome/51.0.2704.103 Safari/537.36',
  'host' => '123.57.56.8:80',
  'content-type' => '',
)
[ info ] [ PARAM ] array (
)
[ info ] [ VIEW ] /data/www/tour/application/index/view/index_index.php [ array (
) ]
---------------------------------------------------------------
[2019-10-16T05:44:26+08:00] 34.76.208.217 GET 123.57.56.8/
[运行时间：0.035762s] [吞吐率：27.96req/s] [内存消耗：2,210.46kb] [文件加载：131]
[ info ] [ LANG ] /data/www/tour/thinkphp/lang/zh-cn.php
[ info ] [ ROUTE ] array (
)
[ info ] [ HEADER ] array (
  'accept-encoding' => 'gzip',
  'accept' => '*/*',
  'user-agent' => 'Mozilla/5.0 zgrab/0.x',
  'host' => '123.57.56.8',
  'content-length' => '',
  'content-type' => '',
)
[ info ] [ PARAM ] array (
)
[ info ] [ VIEW ] /data/www/tour/application/index/view/index_index.php [ array (
) ]
---------------------------------------------------------------
[2019-10-16T05:48:55+08:00] 177.185.105.83 GET 123.57.56.8:80/
[运行时间：0.031607s] [吞吐率：31.64req/s] [内存消耗：2,210.70kb] [文件加载：131]
[ info ] [ LANG ] /data/www/tour/thinkphp/lang/zh-cn.php
[ info ] [ ROUTE ] array (
)
[ info ] [ HEADER ] array (
  'content-length' => '0',
  'user-agent' => 'Mozilla/5.0 (Windows NT 10.0; WOW64) AppleWebKit/537.36 (KHTML, like Gecko) Chrome/51.0.2704.103 Safari/537.36',
  'host' => '123.57.56.8:80',
  'content-type' => '',
)
[ info ] [ PARAM ] array (
)
[ info ] [ VIEW ] /data/www/tour/application/index/view/index_index.php [ array (
) ]
---------------------------------------------------------------
[2019-10-16T05:48:59+08:00] 183.136.190.62 GET www.aizhuanbao.cn/
[运行时间：0.031396s] [吞吐率：31.85req/s] [内存消耗：2,212.00kb] [文件加载：131]
[ info ] [ LANG ] /data/www/tour/thinkphp/lang/zh-cn.php
[ info ] [ ROUTE ] array (
)
[ info ] [ HEADER ] array (
  'connection' => 'close',
  'cache-control' => 'max-age=0',
  'accept-language' => 'zh-CN,zh;q=0.8',
  'accept-encoding' => '',
  'accept' => 'text/html,application/xhtml+xml,application/xml;q=0.9,image/webp,*/*;q=0.8',
  'user-agent' => 'Mozilla/5.0 (Windows NT 6.1) AppleWebKit/537.36 (KHTML, like Gecko) Chrome/35.0.1916.153 Safari/537.36',
  'host' => 'www.aizhuanbao.cn',
  'content-length' => '',
  'content-type' => '',
)
[ info ] [ PARAM ] array (
)
[ info ] [ VIEW ] /data/www/tour/application/index/view/index_index.php [ array (
) ]
---------------------------------------------------------------
[2019-10-16T06:07:23+08:00] 80.82.70.187 GET www.baidu.com/cache/global/img/gs.gif
[运行时间：0.030262s] [吞吐率：33.04req/s] [内存消耗：1,971.41kb] [文件加载：125]
[ info ] [ LANG ] /data/www/tour/thinkphp/lang/zh-cn.php
---------------------------------------------------------------
[2019-10-16T06:38:56+08:00] 47.98.105.54 GET joke.aizhuanbao.cn/
[运行时间：0.035693s] [吞吐率：28.02req/s] [内存消耗：2,210.76kb] [文件加载：131]
[ info ] [ LANG ] /data/www/tour/thinkphp/lang/zh-cn.php
[ info ] [ ROUTE ] array (
)
[ info ] [ HEADER ] array (
  'accept-encoding' => 'gzip',
  'connection' => 'Keep-Alive',
  'host' => 'joke.aizhuanbao.cn',
  'user-agent' => 'Mozilla/5.0 (X11; Ubuntu; Linux x86_64; rv:36.0) Gecko/20100101 Firefox/36.0',
  'content-length' => '',
  'content-type' => '',
)
[ info ] [ PARAM ] array (
)
[ info ] [ VIEW ] /data/www/tour/application/index/view/index_index.php [ array (
) ]
---------------------------------------------------------------
[2019-10-16T06:44:49+08:00] 47.100.115.147 GET www.aizhuanbao.cn/
[运行时间：0.030580s] [吞吐率：32.70req/s] [内存消耗：2,210.76kb] [文件加载：131]
[ info ] [ LANG ] /data/www/tour/thinkphp/lang/zh-cn.php
[ info ] [ ROUTE ] array (
)
[ info ] [ HEADER ] array (
  'accept-encoding' => 'gzip',
  'connection' => 'Keep-Alive',
  'host' => 'www.aizhuanbao.cn',
  'user-agent' => 'Mozilla/5.0 (X11; Ubuntu; Linux x86_64; rv:36.0) Gecko/20100101 Firefox/36.0',
  'content-length' => '',
  'content-type' => '',
)
[ info ] [ PARAM ] array (
)
[ info ] [ VIEW ] /data/www/tour/application/index/view/index_index.php [ array (
) ]
---------------------------------------------------------------
[2019-10-16T07:34:03+08:00] 106.14.177.131 GET aizhuanbao.cn/
[运行时间：0.031603s] [吞吐率：31.64req/s] [内存消耗：2,210.72kb] [文件加载：131]
[ info ] [ LANG ] /data/www/tour/thinkphp/lang/zh-cn.php
[ info ] [ ROUTE ] array (
)
[ info ] [ HEADER ] array (
  'accept-encoding' => 'gzip',
  'connection' => 'Keep-Alive',
  'host' => 'aizhuanbao.cn',
  'user-agent' => 'Mozilla/5.0 (X11; Ubuntu; Linux x86_64; rv:36.0) Gecko/20100101 Firefox/36.0',
  'content-length' => '',
  'content-type' => '',
)
[ info ] [ PARAM ] array (
)
[ info ] [ VIEW ] /data/www/tour/application/index/view/index_index.php [ array (
) ]
---------------------------------------------------------------
[2019-10-16T07:36:10+08:00] 101.132.106.171 GET www.maxthink.cn/
[运行时间：0.035277s] [吞吐率：28.35req/s] [内存消耗：2,210.75kb] [文件加载：131]
[ info ] [ LANG ] /data/www/tour/thinkphp/lang/zh-cn.php
[ info ] [ ROUTE ] array (
)
[ info ] [ HEADER ] array (
  'accept-encoding' => 'gzip',
  'connection' => 'Keep-Alive',
  'host' => 'www.maxthink.cn',
  'user-agent' => 'Mozilla/5.0 (X11; Ubuntu; Linux x86_64; rv:36.0) Gecko/20100101 Firefox/36.0',
  'content-length' => '',
  'content-type' => '',
)
[ info ] [ PARAM ] array (
)
[ info ] [ VIEW ] /data/www/tour/application/index/view/index_index.php [ array (
) ]
---------------------------------------------------------------
[2019-10-16T08:51:30+08:00] 189.15.48.216 GET 123.57.56.8:80/
[运行时间：0.031632s] [吞吐率：31.61req/s] [内存消耗：2,210.70kb] [文件加载：131]
[ info ] [ LANG ] /data/www/tour/thinkphp/lang/zh-cn.php
[ info ] [ ROUTE ] array (
)
[ info ] [ HEADER ] array (
  'content-length' => '0',
  'user-agent' => 'Mozilla/5.0 (Macintosh; Intel Mac OS X 10_11_6) AppleWebKit/601.7.7 (KHTML, like Gecko) Version/9.1.2 Safari/601.7.7',
  'host' => '123.57.56.8:80',
  'content-type' => '',
)
[ info ] [ PARAM ] array (
)
[ info ] [ VIEW ] /data/www/tour/application/index/view/index_index.php [ array (
) ]
---------------------------------------------------------------
[2019-10-16T09:22:00+08:00] 47.101.200.166 GET joke.aizhuanbao.cn/
[运行时间：0.029840s] [吞吐率：33.51req/s] [内存消耗：2,210.76kb] [文件加载：131]
[ info ] [ LANG ] /data/www/tour/thinkphp/lang/zh-cn.php
[ info ] [ ROUTE ] array (
)
[ info ] [ HEADER ] array (
  'accept-encoding' => 'gzip',
  'connection' => 'Keep-Alive',
  'host' => 'joke.aizhuanbao.cn',
  'user-agent' => 'Mozilla/5.0 (X11; Ubuntu; Linux x86_64; rv:36.0) Gecko/20100101 Firefox/36.0',
  'content-length' => '',
  'content-type' => '',
)
[ info ] [ PARAM ] array (
)
[ info ] [ VIEW ] /data/www/tour/application/index/view/index_index.php [ array (
) ]
---------------------------------------------------------------
[2019-10-16T09:32:06+08:00] 178.93.6.99 GET 123.57.56.8:80/
[运行时间：0.037512s] [吞吐率：26.66req/s] [内存消耗：2,210.70kb] [文件加载：131]
[ info ] [ LANG ] /data/www/tour/thinkphp/lang/zh-cn.php
[ info ] [ ROUTE ] array (
)
[ info ] [ HEADER ] array (
  'content-length' => '0',
  'user-agent' => 'Mozilla/5.0 (Macintosh; Intel Mac OS X 10_11_6) AppleWebKit/601.7.7 (KHTML, like Gecko) Version/9.1.2 Safari/601.7.7',
  'host' => '123.57.56.8:80',
  'content-type' => '',
)
[ info ] [ PARAM ] array (
)
[ info ] [ VIEW ] /data/www/tour/application/index/view/index_index.php [ array (
) ]
---------------------------------------------------------------
[2019-10-16T09:39:35+08:00] 89.212.26.230 GET 123.57.56.8:80/
[运行时间：0.040308s] [吞吐率：24.81req/s] [内存消耗：2,210.70kb] [文件加载：131]
[ info ] [ LANG ] /data/www/tour/thinkphp/lang/zh-cn.php
[ info ] [ ROUTE ] array (
)
[ info ] [ HEADER ] array (
  'content-length' => '0',
  'user-agent' => 'Mozilla/5.0 (Windows NT 10.0; WOW64) AppleWebKit/537.36 (KHTML, like Gecko) Chrome/51.0.2704.103 Safari/537.36',
  'host' => '123.57.56.8:80',
  'content-type' => '',
)
[ info ] [ PARAM ] array (
)
[ info ] [ VIEW ] /data/www/tour/application/index/view/index_index.php [ array (
) ]
---------------------------------------------------------------
[2019-10-16T09:48:34+08:00] 71.6.199.23 GET 123.57.56.8/
[运行时间：0.030747s] [吞吐率：32.52req/s] [内存消耗：2,211.08kb] [文件加载：131]
[ info ] [ LANG ] /data/www/tour/thinkphp/lang/zh-cn.php
[ info ] [ ROUTE ] array (
)
[ info ] [ HEADER ] array (
  'user-agent' => 'Mozilla/5.0 (Windows NT 6.1) AppleWebKit/537.36 (KHTML, like Gecko) Chrome/41.0.2228.0 Safari/537.36',
  'accept' => 'text/html,application/xhtml+xml,application/xml;q=0.9,*/*;q=0.8',
  'host' => '123.57.56.8',
  'accept-encoding' => 'identity',
  'content-length' => '',
  'content-type' => '',
)
[ info ] [ PARAM ] array (
)
[ info ] [ VIEW ] /data/www/tour/application/index/view/index_index.php [ array (
) ]
---------------------------------------------------------------
[2019-10-16T09:48:35+08:00] 71.6.199.23 GET 123.57.56.8/sitemap.xml
[运行时间：0.029081s] [吞吐率：34.39req/s] [内存消耗：1,971.31kb] [文件加载：125]
[ info ] [ LANG ] /data/www/tour/thinkphp/lang/zh-cn.php
---------------------------------------------------------------
[2019-10-16T09:48:36+08:00] 71.6.199.23 GET 123.57.56.8/.well-known/security.txt
[运行时间：0.028678s] [吞吐率：34.87req/s] [内存消耗：1,971.33kb] [文件加载：125]
[ info ] [ LANG ] /data/www/tour/thinkphp/lang/zh-cn.php
---------------------------------------------------------------
[2019-10-16T11:18:30+08:00] 81.211.8.234 GET 123.57.56.8:80/
[运行时间：0.033838s] [吞吐率：29.55req/s] [内存消耗：2,210.70kb] [文件加载：131]
[ info ] [ LANG ] /data/www/tour/thinkphp/lang/zh-cn.php
[ info ] [ ROUTE ] array (
)
[ info ] [ HEADER ] array (
  'content-length' => '0',
  'user-agent' => 'Mozilla/5.0 (Windows NT 10.0; WOW64) AppleWebKit/537.36 (KHTML, like Gecko) Chrome/51.0.2704.103 Safari/537.36',
  'host' => '123.57.56.8:80',
  'content-type' => '',
)
[ info ] [ PARAM ] array (
)
[ info ] [ VIEW ] /data/www/tour/application/index/view/index_index.php [ array (
) ]
---------------------------------------------------------------
[2019-10-16T11:24:24+08:00] 123.125.71.73 GET aizhuanbao.cn/
[运行时间：0.037493s] [吞吐率：26.67req/s] [内存消耗：2,211.63kb] [文件加载：131]
[ info ] [ LANG ] /data/www/tour/thinkphp/lang/zh-cn.php
[ info ] [ ROUTE ] array (
)
[ info ] [ HEADER ] array (
  'accept' => '*/*',
  'accept-encoding' => 'gzip',
  'if-none-match' => '"W/"5d68d3e1-247""',
  'accept-language' => 'zh-cn,zh-tw',
  'user-agent' => 'Mozilla/5.0 (compatible; Baiduspider/2.0; +http://www.baidu.com/search/spider.html)',
  'connection' => 'close',
  'host' => 'aizhuanbao.cn',
  'content-length' => '',
  'content-type' => '',
)
[ info ] [ PARAM ] array (
)
[ info ] [ VIEW ] /data/www/tour/application/index/view/index_index.php [ array (
) ]
---------------------------------------------------------------
[2019-10-16T12:01:23+08:00] 1.31.115.230 GET www.maxthink.cn/
[运行时间：0.029450s] [吞吐率：33.96req/s] [内存消耗：2,210.74kb] [文件加载：131]
[ info ] [ LANG ] /data/www/tour/thinkphp/lang/zh-cn.php
[ info ] [ ROUTE ] array (
)
[ info ] [ HEADER ] array (
  'accept-encoding' => 'deflate, gzip',
  'accept' => '*/*',
  'host' => 'www.maxthink.cn',
  'user-agent' => 'Mozilla/5.0 (Windows NT 6.1; WOW64; rv:7.0.1) Gecko/20100101 Firefox/7.0.1',
  'content-length' => '',
  'content-type' => '',
)
[ info ] [ PARAM ] array (
)
[ info ] [ VIEW ] /data/www/tour/application/index/view/index_index.php [ array (
) ]
---------------------------------------------------------------
[2019-10-16T14:30:58+08:00] 61.158.152.245 POST 123.57.56.8/app/api.php
[运行时间：0.401127s] [吞吐率：2.49req/s] [内存消耗：1,970.93kb] [文件加载：125]
[ info ] [ LANG ] /data/www/tour/thinkphp/lang/zh-cn.php
---------------------------------------------------------------
[2019-10-16T15:02:11+08:00] 101.249.59.231 GET www.maxthink.cn/
[运行时间：0.228049s] [吞吐率：4.39req/s] [内存消耗：2,210.74kb] [文件加载：131]
[ info ] [ LANG ] /data/www/tour/thinkphp/lang/zh-cn.php
[ info ] [ ROUTE ] array (
)
[ info ] [ HEADER ] array (
  'accept-encoding' => 'deflate, gzip',
  'accept' => '*/*',
  'host' => 'www.maxthink.cn',
  'user-agent' => 'Mozilla/5.0 (Windows NT 6.1; WOW64; rv:7.0.1) Gecko/20100101 Firefox/7.0.1',
  'content-length' => '',
  'content-type' => '',
)
[ info ] [ PARAM ] array (
)
[ info ] [ VIEW ] /data/www/tour/application/index/view/index_index.php [ array (
) ]
---------------------------------------------------------------
[2019-10-16T15:33:54+08:00] 220.181.108.158 GET aizhuanbao.cn/
[运行时间：0.081974s] [吞吐率：12.20req/s] [内存消耗：2,211.63kb] [文件加载：131]
[ info ] [ LANG ] /data/www/tour/thinkphp/lang/zh-cn.php
[ info ] [ ROUTE ] array (
)
[ info ] [ HEADER ] array (
  'accept' => '*/*',
  'accept-encoding' => 'gzip',
  'if-none-match' => '"W/"5d68d3e1-247""',
  'accept-language' => 'zh-cn,zh-tw',
  'user-agent' => 'Mozilla/5.0 (compatible; Baiduspider/2.0; +http://www.baidu.com/search/spider.html)',
  'connection' => 'close',
  'host' => 'aizhuanbao.cn',
  'content-length' => '',
  'content-type' => '',
)
[ info ] [ PARAM ] array (
)
[ info ] [ VIEW ] /data/www/tour/application/index/view/index_index.php [ array (
) ]
---------------------------------------------------------------
[2019-10-16T16:09:28+08:00] 80.82.70.187 GET www.baidu.com/cache/global/img/gs.gif
[运行时间：0.051198s] [吞吐率：19.53req/s] [内存消耗：1,971.41kb] [文件加载：125]
[ info ] [ LANG ] /data/www/tour/thinkphp/lang/zh-cn.php
---------------------------------------------------------------
[2019-10-16T16:43:01+08:00] 112.64.52.228 HEAD 123.57.56.8/
[运行时间：0.029600s] [吞吐率：33.78req/s] [内存消耗：2,210.02kb] [文件加载：131]
[ info ] [ LANG ] /data/www/tour/thinkphp/lang/zh-cn.php
[ info ] [ ROUTE ] array (
)
[ info ] [ HEADER ] array (
  'connection' => 'Keep-Alive',
  'host' => '123.57.56.8',
  'referer' => 'http://123.57.56.8',
  'user-agent' => 'Mozilla/5.0 (compatible; Baiduspider/2.0; +http://www.baidu.com/search/spider.html	',
  'content-type' => 'text/html',
  'accept' => 'text/html, application/xhtml+xml, */*',
  'content-length' => '',
)
[ info ] [ PARAM ] array (
)
[ info ] [ VIEW ] /data/www/tour/application/index/view/index_index.php [ array (
) ]
---------------------------------------------------------------
[2019-10-16T16:43:02+08:00] 172.88.25.75 HEAD 123.57.56.8/phpinfo.php
[运行时间：0.030954s] [吞吐率：32.31req/s] [内存消耗：1,970.63kb] [文件加载：125]
[ info ] [ LANG ] /data/www/tour/thinkphp/lang/zh-cn.php
---------------------------------------------------------------
[2019-10-16T16:43:02+08:00] 158.83.73.142 HEAD 123.57.56.8/
[运行时间：0.035491s] [吞吐率：28.18req/s] [内存消耗：2,210.22kb] [文件加载：131]
[ info ] [ LANG ] /data/www/tour/thinkphp/lang/zh-cn.php
[ info ] [ ROUTE ] array (
)
[ info ] [ HEADER ] array (
  'host' => '123.57.56.8',
  'referer' => 'http://123.57.56.8/',
  'user-agent' => 'Mozilla/5.0 (compatible; Baiduspider/2.0; +http://www.baidu.com/search/spider.html	',
  'content-type' => 'text/html',
  'accept' => 'text/html, application/xhtml+xml, */*',
  'client-ip' => '158.83.73.142',
  'x-forwarded-for' => '158.83.73.142',
  'content-length' => '',
)
[ info ] [ PARAM ] array (
)
[ info ] [ VIEW ] /data/www/tour/application/index/view/index_index.php [ array (
) ]
---------------------------------------------------------------
[2019-10-16T16:43:02+08:00] 235.1.168.61 GET 123.57.56.8/index.php
[运行时间：0.031569s] [吞吐率：31.68req/s] [内存消耗：2,211.33kb] [文件加载：131]
[ info ] [ LANG ] /data/www/tour/thinkphp/lang/zh-cn.php
[ info ] [ ROUTE ] array (
)
[ info ] [ HEADER ] array (
  'host' => '123.57.56.8',
  'referer' => 'http://123.57.56.8/index.php',
  'user-agent' => 'Mozilla/5.0 (compatible; Baiduspider/2.0; +http://www.baidu.com/search/spider.html	',
  'content-type' => 'text/html',
  'accept' => 'text/html, application/xhtml+xml, */*',
  'client-ip' => '235.1.168.61',
  'x-forwarded-for' => '235.1.168.61',
  'content-length' => '',
)
[ info ] [ PARAM ] array (
)
[ info ] [ VIEW ] /data/www/tour/application/index/view/index_index.php [ array (
) ]
---------------------------------------------------------------
[2019-10-16T17:03:22+08:00] 106.14.201.243 GET aizhuanbao.cn/
[运行时间：0.031416s] [吞吐率：31.83req/s] [内存消耗：2,210.72kb] [文件加载：131]
[ info ] [ LANG ] /data/www/tour/thinkphp/lang/zh-cn.php
[ info ] [ ROUTE ] array (
)
[ info ] [ HEADER ] array (
  'accept-encoding' => 'gzip',
  'connection' => 'Keep-Alive',
  'host' => 'aizhuanbao.cn',
  'user-agent' => 'Mozilla/5.0 (X11; Ubuntu; Linux x86_64; rv:36.0) Gecko/20100101 Firefox/36.0',
  'content-length' => '',
  'content-type' => '',
)
[ info ] [ PARAM ] array (
)
[ info ] [ VIEW ] /data/www/tour/application/index/view/index_index.php [ array (
) ]
---------------------------------------------------------------
[2019-10-16T17:06:19+08:00] 71.6.232.4 GET 123.57.56.8/
[运行时间：0.031033s] [吞吐率：32.22req/s] [内存消耗：2,210.91kb] [文件加载：131]
[ info ] [ LANG ] /data/www/tour/thinkphp/lang/zh-cn.php
[ info ] [ ROUTE ] array (
)
[ info ] [ HEADER ] array (
  'accept-encoding' => 'gzip',
  'accept' => '*/*',
  'user-agent' => 'Mozilla/5.0 (Windows NT 10.0; Win64; x64) AppleWebKit/537.36 (KHTML, like Gecko) Chrome/57.0.2987.133 Safari/537.36',
  'host' => '123.57.56.8',
  'content-length' => '',
  'content-type' => '',
)
[ info ] [ PARAM ] array (
)
[ info ] [ VIEW ] /data/www/tour/application/index/view/index_index.php [ array (
) ]
---------------------------------------------------------------
[2019-10-16T17:27:07+08:00] 162.212.225.69 GET 123.57.56.8:80/
[运行时间：0.031484s] [吞吐率：31.76req/s] [内存消耗：2,210.70kb] [文件加载：131]
[ info ] [ LANG ] /data/www/tour/thinkphp/lang/zh-cn.php
[ info ] [ ROUTE ] array (
)
[ info ] [ HEADER ] array (
  'content-length' => '0',
  'user-agent' => 'Mozilla/5.0 (Macintosh; Intel Mac OS X 10_11_6) AppleWebKit/601.7.7 (KHTML, like Gecko) Version/9.1.2 Safari/601.7.7',
  'host' => '123.57.56.8:80',
  'content-type' => '',
)
[ info ] [ PARAM ] array (
)
[ info ] [ VIEW ] /data/www/tour/application/index/view/index_index.php [ array (
) ]
---------------------------------------------------------------
[2019-10-16T17:29:14+08:00] 52.11.64.146 GET www.maxthink.cn/
[运行时间：0.028834s] [吞吐率：34.68req/s] [内存消耗：2,210.71kb] [文件加载：131]
[ info ] [ LANG ] /data/www/tour/thinkphp/lang/zh-cn.php
[ info ] [ ROUTE ] array (
)
[ info ] [ HEADER ] array (
  'accept' => '*/*',
  'user-agent' => 'Mozilla/5.0 (Windows NT 6.1; Win64; x64) AppleWebKit/537.36 (KHTML, like Gecko) Chrome/72.0.3626.109 Safari/537.36',
  'host' => 'www.maxthink.cn',
  'content-length' => '',
  'content-type' => '',
)
[ info ] [ PARAM ] array (
)
[ info ] [ VIEW ] /data/www/tour/application/index/view/index_index.php [ array (
) ]
---------------------------------------------------------------
[2019-10-16T18:12:48+08:00] 77.247.108.53 GET 123.57.56.8:80/
[运行时间：0.033465s] [吞吐率：29.88req/s] [内存消耗：2,210.55kb] [文件加载：131]
[ info ] [ LANG ] /data/www/tour/thinkphp/lang/zh-cn.php
[ info ] [ ROUTE ] array (
)
[ info ] [ HEADER ] array (
  'user-agent' => 'libwww-perl/6.39',
  'host' => '123.57.56.8:80',
  'connection' => 'TE, close',
  'te' => 'deflate,gzip;q=0.3',
  'content-length' => '',
  'content-type' => '',
)
[ info ] [ PARAM ] array (
)
[ info ] [ VIEW ] /data/www/tour/application/index/view/index_index.php [ array (
) ]
---------------------------------------------------------------
[2019-10-16T18:15:36+08:00] 139.162.88.63 GET clientapi.ipip.net/echo.php?info=1234567890
[运行时间：0.026977s] [吞吐率：37.07req/s] [内存消耗：1,971.71kb] [文件加载：125]
[ info ] [ LANG ] /data/www/tour/thinkphp/lang/zh-cn.php
---------------------------------------------------------------
[2019-10-16T18:17:29+08:00] 111.202.101.128 GET www.aizhuanbao.cn/
[运行时间：0.031339s] [吞吐率：31.91req/s] [内存消耗：2,211.13kb] [文件加载：131]
[ info ] [ LANG ] /data/www/tour/thinkphp/lang/zh-cn.php
[ info ] [ ROUTE ] array (
)
[ info ] [ HEADER ] array (
  'connection' => 'close',
  'user-agent' => 'Sogou web spider/4.0(+http://www.sogou.com/docs/help/webmasters.htm#07)',
  'accept-encoding' => 'gzip,deflate',
  'accept-language' => 'zh-cn',
  'accept' => '*/*',
  'host' => 'www.aizhuanbao.cn',
  'content-length' => '',
  'content-type' => '',
)
[ info ] [ PARAM ] array (
)
[ info ] [ VIEW ] /data/www/tour/application/index/view/index_index.php [ array (
) ]
---------------------------------------------------------------
[2019-10-16T18:33:54+08:00] 61.158.152.245 POST 123.57.56.8/app/api.php
[运行时间：0.028538s] [吞吐率：35.04req/s] [内存消耗：1,970.93kb] [文件加载：125]
[ info ] [ LANG ] /data/www/tour/thinkphp/lang/zh-cn.php
---------------------------------------------------------------
[2019-10-16T18:46:27+08:00] 61.158.152.245 POST 123.57.56.8/app/api.php
[运行时间：0.028667s] [吞吐率：34.88req/s] [内存消耗：1,970.93kb] [文件加载：125]
[ info ] [ LANG ] /data/www/tour/thinkphp/lang/zh-cn.php
---------------------------------------------------------------
[2019-10-16T19:34:12+08:00] 52.141.6.201 GET 123.57.56.8/
[运行时间：0.033184s] [吞吐率：30.13req/s] [内存消耗：2,210.46kb] [文件加载：131]
[ info ] [ LANG ] /data/www/tour/thinkphp/lang/zh-cn.php
[ info ] [ ROUTE ] array (
)
[ info ] [ HEADER ] array (
  'accept-encoding' => 'gzip',
  'accept' => '*/*',
  'user-agent' => 'Mozilla/5.0 zgrab/0.x',
  'host' => '123.57.56.8',
  'content-length' => '',
  'content-type' => '',
)
[ info ] [ PARAM ] array (
)
[ info ] [ VIEW ] /data/www/tour/application/index/view/index_index.php [ array (
) ]
---------------------------------------------------------------
[2019-10-16T19:56:05+08:00] 40.77.167.58 GET www.aizhuanbao.cn/
[运行时间：0.035306s] [吞吐率：28.32req/s] [内存消耗：2,211.73kb] [文件加载：131]
[ info ] [ LANG ] /data/www/tour/thinkphp/lang/zh-cn.php
[ info ] [ ROUTE ] array (
)
[ info ] [ HEADER ] array (
  'user-agent' => 'Mozilla/5.0 (compatible; bingbot/2.0; +http://www.bing.com/bingbot.htm)',
  'host' => 'www.aizhuanbao.cn',
  'from' => 'bingbot(at)microsoft.com',
  'accept-encoding' => 'gzip, deflate',
  'accept' => '*/*',
  'pragma' => 'no-cache',
  'connection' => 'Keep-Alive',
  'cache-control' => 'no-cache',
  'content-length' => '',
  'content-type' => '',
)
[ info ] [ PARAM ] array (
)
[ info ] [ VIEW ] /data/www/tour/application/index/view/index_index.php [ array (
) ]
---------------------------------------------------------------
[2019-10-16T20:22:05+08:00] 42.236.10.109 GET www.aizhuanbao.cn/
[运行时间：0.044128s] [吞吐率：22.66req/s] [内存消耗：2,212.03kb] [文件加载：131]
[ info ] [ LANG ] /data/www/tour/thinkphp/lang/zh-cn.php
[ info ] [ ROUTE ] array (
)
[ info ] [ HEADER ] array (
  'user-agent' => 'Mozilla/5.0 (Windows NT 6.1; WOW64) AppleWebKit/537.36 (KHTML, like Gecko) Chrome/50.0.2661.102 Safari/537.36; 360Spider',
  'connection' => 'Keep-Alive',
  'accept-language' => 'zh-CN',
  'accept' => '*/*',
  'cookie' => '',
  'referer' => 'http://www.aizhuanbao.cn/',
  'accept-encoding' => 'deflate, gzip',
  'host' => 'www.aizhuanbao.cn',
  'content-length' => '',
  'content-type' => '',
)
[ info ] [ PARAM ] array (
)
[ info ] [ VIEW ] /data/www/tour/application/index/view/index_index.php [ array (
) ]
---------------------------------------------------------------
[2019-10-16T20:22:38+08:00] 42.236.10.103 GET aizhuanbao.cn/
[运行时间：0.035476s] [吞吐率：28.19req/s] [内存消耗：2,211.98kb] [文件加载：131]
[ info ] [ LANG ] /data/www/tour/thinkphp/lang/zh-cn.php
[ info ] [ ROUTE ] array (
)
[ info ] [ HEADER ] array (
  'user-agent' => 'Mozilla/5.0 (Windows NT 6.1; WOW64) AppleWebKit/537.36 (KHTML, like Gecko) Chrome/50.0.2661.102 Safari/537.36; 360Spider',
  'connection' => 'Keep-Alive',
  'accept-language' => 'zh-CN',
  'accept' => '*/*',
  'cookie' => '',
  'referer' => 'http://aizhuanbao.cn/',
  'accept-encoding' => 'deflate, gzip',
  'host' => 'aizhuanbao.cn',
  'content-length' => '',
  'content-type' => '',
)
[ info ] [ PARAM ] array (
)
[ info ] [ VIEW ] /data/www/tour/application/index/view/index_index.php [ array (
) ]
---------------------------------------------------------------
[2019-10-16T20:29:27+08:00] 27.224.136.194 GET www.aizhuanbao.cn/
[运行时间：0.038678s] [吞吐率：25.85req/s] [内存消耗：2,210.75kb] [文件加载：131]
[ info ] [ LANG ] /data/www/tour/thinkphp/lang/zh-cn.php
[ info ] [ ROUTE ] array (
)
[ info ] [ HEADER ] array (
  'accept-encoding' => 'deflate, gzip',
  'accept' => '*/*',
  'host' => 'www.aizhuanbao.cn',
  'user-agent' => 'Mozilla/5.0 (Windows NT 6.1; WOW64; rv:7.0.1) Gecko/20100101 Firefox/7.0.1',
  'content-length' => '',
  'content-type' => '',
)
[ info ] [ PARAM ] array (
)
[ info ] [ VIEW ] /data/www/tour/application/index/view/index_index.php [ array (
) ]
---------------------------------------------------------------
[2019-10-16T22:21:56+08:00] 220.181.108.146 GET aizhuanbao.cn/
[运行时间：0.031366s] [吞吐率：31.88req/s] [内存消耗：2,211.63kb] [文件加载：131]
[ info ] [ LANG ] /data/www/tour/thinkphp/lang/zh-cn.php
[ info ] [ ROUTE ] array (
)
[ info ] [ HEADER ] array (
  'accept' => '*/*',
  'accept-encoding' => 'gzip',
  'if-none-match' => '"W/"5d68d3e1-247""',
  'accept-language' => 'zh-cn,zh-tw',
  'user-agent' => 'Mozilla/5.0 (compatible; Baiduspider/2.0; +http://www.baidu.com/search/spider.html)',
  'connection' => 'close',
  'host' => 'aizhuanbao.cn',
  'content-length' => '',
  'content-type' => '',
)
[ info ] [ PARAM ] array (
)
[ info ] [ VIEW ] /data/www/tour/application/index/view/index_index.php [ array (
) ]
