---------------------------------------------------------------
[2019-06-01T00:21:37+08:00] 35.134.65.212 GET 39.96.87.22/index.php
[运行时间：0.017078s] [吞吐率：58.55req/s] [内存消耗：1,984.81kb] [文件加载：70]
[ info ] [ LANG ] /data/www/csgx2/thinkphp/lang/zh-cn.php
[ info ] [ ROUTE ] array (
)
[ info ] [ HEADER ] array (
  'connection' => 'Keep-Alive',
  'host' => '39.96.87.22',
  'user-agent' => 'Mozilla/5.0 (Windows NT 6.1; WOW64; rv:18.0) Gecko/20100101 Firefox/18.0',
  'content-type' => 'text/html',
  'accept' => 'text/html, application/xhtml+xml, */*',
  'x-forwarded-for' => '35.134.65.212',
  'client-ip' => '35.134.65.212',
  'content-length' => '',
)
[ info ] [ PARAM ] array (
)
---------------------------------------------------------------
[2019-06-01T00:21:37+08:00] 35.134.65.212 GET 39.96.87.22/phpmyadmin/index.php
[运行时间：0.015093s] [吞吐率：66.26req/s] [内存消耗：1,730.44kb] [文件加载：67]
[ info ] [ LANG ] /data/www/csgx2/thinkphp/lang/zh-cn.php
---------------------------------------------------------------
[2019-06-01T00:22:40+08:00] 41.191.205.76 GET 39.96.87.22:80/
[运行时间：0.016336s] [吞吐率：61.21req/s] [内存消耗：1,984.26kb] [文件加载：70]
[ info ] [ LANG ] /data/www/csgx2/thinkphp/lang/zh-cn.php
[ info ] [ ROUTE ] array (
)
[ info ] [ HEADER ] array (
  'content-length' => '0',
  'user-agent' => 'Mozilla/5.0 (Windows NT 6.1; WOW64) AppleWebKit/537.36 (KHTML, like Gecko) Chrome/52.0.2743.116 Safari/537.36',
  'host' => '39.96.87.22:80',
  'content-type' => '',
)
[ info ] [ PARAM ] array (
)
---------------------------------------------------------------
[2019-06-01T01:45:43+08:00] 89.40.155.57 GET 39.96.87.22:80/
[运行时间：0.015862s] [吞吐率：63.04req/s] [内存消耗：1,984.26kb] [文件加载：70]
[ info ] [ LANG ] /data/www/csgx2/thinkphp/lang/zh-cn.php
[ info ] [ ROUTE ] array (
)
[ info ] [ HEADER ] array (
  'content-length' => '0',
  'user-agent' => 'Mozilla/5.0 (Macintosh; Intel Mac OS X 10_11_6) AppleWebKit/601.7.7 (KHTML, like Gecko) Version/9.1.2 Safari/601.7.7',
  'host' => '39.96.87.22:80',
  'content-type' => '',
)
[ info ] [ PARAM ] array (
)
---------------------------------------------------------------
[2019-06-01T01:57:22+08:00] 170.84.76.20 GET 39.96.87.22:80/
[运行时间：0.017144s] [吞吐率：58.33req/s] [内存消耗：1,984.26kb] [文件加载：70]
[ info ] [ LANG ] /data/www/csgx2/thinkphp/lang/zh-cn.php
[ info ] [ ROUTE ] array (
)
[ info ] [ HEADER ] array (
  'content-length' => '0',
  'user-agent' => 'Mozilla/5.0 (Windows NT 10.0; WOW64) AppleWebKit/537.36 (KHTML, like Gecko) Chrome/51.0.2704.103 Safari/537.36',
  'host' => '39.96.87.22:80',
  'content-type' => '',
)
[ info ] [ PARAM ] array (
)
---------------------------------------------------------------
[2019-06-01T02:53:03+08:00] 95.213.177.125 POST check.proxyradar.com/azenv.php?auth=155932878325&a=PSCN&i=660625174&p=80
[运行时间：0.014669s] [吞吐率：68.17req/s] [内存消耗：1,730.60kb] [文件加载：67]
[ info ] [ LANG ] /data/www/csgx2/thinkphp/lang/zh-cn.php
---------------------------------------------------------------
[2019-06-01T03:36:36+08:00] 202.108.211.151 GET www.csgxjk.com/
[运行时间：0.016669s] [吞吐率：59.99req/s] [内存消耗：1,985.70kb] [文件加载：70]
[ info ] [ LANG ] /data/www/csgx2/thinkphp/lang/zh-cn.php
[ info ] [ ROUTE ] array (
)
[ info ] [ HEADER ] array (
  'connection' => 'keep-alive',
  'host' => 'www.csgxjk.com',
  'upgrade-insecure-requests' => '1',
  'pragma' => 'no-cache',
  'cache-control' => 'no-cache',
  'accept-language' => 'zh-CN,zh;q=0.8,en-US;q=0.6,en;q=0.4',
  'accept-encoding' => 'gzip, deflate, sdch',
  'accept' => 'text/html,application/xhtml+xml,application/xml;q=0.9,image/webp,*/*;q=0.8',
  'user-agent' => 'Mozilla/5.0 (X11; Linux x86_64) AppleWebKit/535.21 (KHTML, like Gecko) Chrome/19.0.1042.0 Safari/535.21',
  'content-type' => '',
  'content-length' => '',
)
[ info ] [ PARAM ] array (
)
---------------------------------------------------------------
[2019-06-01T03:57:38+08:00] 177.190.176.2 GET 39.96.87.22:80/
[运行时间：0.016155s] [吞吐率：61.90req/s] [内存消耗：1,984.26kb] [文件加载：70]
[ info ] [ LANG ] /data/www/csgx2/thinkphp/lang/zh-cn.php
[ info ] [ ROUTE ] array (
)
[ info ] [ HEADER ] array (
  'content-length' => '0',
  'user-agent' => 'Mozilla/5.0 (Windows NT 6.1; WOW64) AppleWebKit/537.36 (KHTML, like Gecko) Chrome/51.0.2704.103 Safari/537.36',
  'host' => '39.96.87.22:80',
  'content-type' => '',
)
[ info ] [ PARAM ] array (
)
---------------------------------------------------------------
[2019-06-01T04:30:26+08:00] 183.136.190.62 GET csgxjk.com/
[运行时间：0.016780s] [吞吐率：59.60req/s] [内存消耗：1,985.20kb] [文件加载：70]
[ info ] [ LANG ] /data/www/csgx2/thinkphp/lang/zh-cn.php
[ info ] [ ROUTE ] array (
)
[ info ] [ HEADER ] array (
  'connection' => 'close',
  'cache-control' => 'max-age=0',
  'accept-language' => 'zh-CN,zh;q=0.8',
  'accept-encoding' => '',
  'accept' => 'text/html,application/xhtml+xml,application/xml;q=0.9,image/webp,*/*;q=0.8',
  'user-agent' => 'Mozilla/5.0 (Windows NT 6.1) AppleWebKit/537.36 (KHTML, like Gecko) Chrome/35.0.1916.153 Safari/537.36',
  'host' => 'csgxjk.com',
  'content-type' => '',
  'content-length' => '',
)
[ info ] [ PARAM ] array (
)
---------------------------------------------------------------
[2019-06-01T04:34:54+08:00] 79.54.231.212 GET 39.96.87.22:80/
[运行时间：0.015789s] [吞吐率：63.34req/s] [内存消耗：1,984.26kb] [文件加载：70]
[ info ] [ LANG ] /data/www/csgx2/thinkphp/lang/zh-cn.php
[ info ] [ ROUTE ] array (
)
[ info ] [ HEADER ] array (
  'content-length' => '0',
  'user-agent' => 'Mozilla/5.0 (Windows NT 6.1; WOW64) AppleWebKit/537.36 (KHTML, like Gecko) Chrome/52.0.2743.116 Safari/537.36',
  'host' => '39.96.87.22:80',
  'content-type' => '',
)
[ info ] [ PARAM ] array (
)
---------------------------------------------------------------
[2019-06-01T04:43:07+08:00] 80.82.70.187 GET www.baidu.com/cache/global/img/gs.gif
[运行时间：0.015299s] [吞吐率：65.36req/s] [内存消耗：1,730.33kb] [文件加载：67]
[ info ] [ LANG ] /data/www/csgx2/thinkphp/lang/zh-cn.php
---------------------------------------------------------------
[2019-06-01T05:22:36+08:00] 47.92.29.149 GET csgxjk.com/
[运行时间：0.016647s] [吞吐率：60.07req/s] [内存消耗：1,984.40kb] [文件加载：70]
[ info ] [ LANG ] /data/www/csgx2/thinkphp/lang/zh-cn.php
[ info ] [ ROUTE ] array (
)
[ info ] [ HEADER ] array (
  'connection' => 'keep-alive',
  'accept' => 'text/html, image/gif, image/jpeg, *; q=.2, */*; q=.2',
  'host' => 'csgxjk.com',
  'user-agent' => 'Mozilla/5.0 (X11; Ubuntu; Linux x86_64; rv:36.0) Gecko/20100101 Firefox/36.0',
  'content-type' => '',
  'content-length' => '',
)
[ info ] [ PARAM ] array (
)
---------------------------------------------------------------
[2019-06-01T05:25:15+08:00] 47.96.12.13 GET www.csgxjk.com/
[运行时间：0.016914s] [吞吐率：59.12req/s] [内存消耗：1,984.43kb] [文件加载：70]
[ info ] [ LANG ] /data/www/csgx2/thinkphp/lang/zh-cn.php
[ info ] [ ROUTE ] array (
)
[ info ] [ HEADER ] array (
  'connection' => 'keep-alive',
  'accept' => 'text/html, image/gif, image/jpeg, *; q=.2, */*; q=.2',
  'host' => 'www.csgxjk.com',
  'user-agent' => 'Mozilla/5.0 (X11; Ubuntu; Linux x86_64; rv:36.0) Gecko/20100101 Firefox/36.0',
  'content-type' => '',
  'content-length' => '',
)
[ info ] [ PARAM ] array (
)
---------------------------------------------------------------
[2019-06-01T05:26:27+08:00] 101.132.103.15 POST 39.96.87.22//sheep.php
[运行时间：0.015634s] [吞吐率：63.96req/s] [内存消耗：1,730.67kb] [文件加载：67]
[ info ] [ LANG ] /data/www/csgx2/thinkphp/lang/zh-cn.php
---------------------------------------------------------------
[2019-06-01T05:39:31+08:00] 101.132.103.15 POST 39.96.87.22//cc.php
[运行时间：0.015615s] [吞吐率：64.04req/s] [内存消耗：1,730.66kb] [文件加载：67]
[ info ] [ LANG ] /data/www/csgx2/thinkphp/lang/zh-cn.php
---------------------------------------------------------------
[2019-06-01T05:47:09+08:00] 101.132.103.15 POST 39.96.87.22//qq.php
[运行时间：0.015614s] [吞吐率：64.04req/s] [内存消耗：1,730.66kb] [文件加载：67]
[ info ] [ LANG ] /data/www/csgx2/thinkphp/lang/zh-cn.php
---------------------------------------------------------------
[2019-06-01T05:51:37+08:00] 101.132.103.15 POST 39.96.87.22//wuwu11.php
[运行时间：0.015752s] [吞吐率：63.48req/s] [内存消耗：1,730.67kb] [文件加载：67]
[ info ] [ LANG ] /data/www/csgx2/thinkphp/lang/zh-cn.php
---------------------------------------------------------------
[2019-06-01T05:56:32+08:00] 101.132.103.15 POST 39.96.87.22//1.php
[运行时间：0.014756s] [吞吐率：67.77req/s] [内存消耗：1,730.66kb] [文件加载：67]
[ info ] [ LANG ] /data/www/csgx2/thinkphp/lang/zh-cn.php
---------------------------------------------------------------
[2019-06-01T08:07:46+08:00] 220.181.108.95 GET www.csgxjk.com/
[运行时间：0.015932s] [吞吐率：62.77req/s] [内存消耗：1,984.51kb] [文件加载：70]
[ info ] [ LANG ] /data/www/csgx2/thinkphp/lang/zh-cn.php
[ info ] [ ROUTE ] array (
)
[ info ] [ HEADER ] array (
  'accept' => '*/*',
  'accept-encoding' => 'gzip',
  'accept-language' => 'zh-cn,zh-tw',
  'user-agent' => 'Mozilla/5.0 (compatible; Baiduspider/2.0; +http://www.baidu.com/search/spider.html)',
  'connection' => 'close',
  'host' => 'www.csgxjk.com',
  'content-type' => '',
  'content-length' => '',
)
[ info ] [ PARAM ] array (
)
---------------------------------------------------------------
[2019-06-01T08:36:14+08:00] 115.46.102.230 GET 39.96.87.22/
[运行时间：0.016612s] [吞吐率：60.20req/s] [内存消耗：1,984.13kb] [文件加载：70]
[ info ] [ LANG ] /data/www/csgx2/thinkphp/lang/zh-cn.php
[ info ] [ ROUTE ] array (
)
[ info ] [ HEADER ] array (
  'host' => '39.96.87.22',
  'user-agent' => 'Mozilla/4.0 (compatible; Win32; WinHttp.WinHttpRequest.5)',
  'accept' => '*/*',
  'connection' => 'Keep-Alive',
  'content-type' => '',
  'content-length' => '',
)
[ info ] [ PARAM ] array (
)
---------------------------------------------------------------
[2019-06-01T09:27:16+08:00] 66.249.79.222 GET www.csgxjk.com/
[运行时间：0.016808s] [吞吐率：59.50req/s] [内存消耗：1,985.98kb] [文件加载：70]
[ info ] [ LANG ] /data/www/csgx2/thinkphp/lang/zh-cn.php
[ info ] [ ROUTE ] array (
)
[ info ] [ HEADER ] array (
  'accept-encoding' => 'gzip,deflate,br',
  'user-agent' => 'Mozilla/5.0 (Linux; Android 6.0.1; Nexus 5X Build/MMB29P) AppleWebKit/537.36 (KHTML, like Gecko) Chrome/41.0.2272.96 Mobile Safari/537.36 (compatible; Googlebot/2.1; +http://www.google.com/bot.html)',
  'from' => 'googlebot(at)googlebot.com',
  'accept' => 'text/html,application/xhtml+xml,application/xml;q=0.9,*/*;q=0.8,text/html,application/xhtml+xml,application/signed-exchange;v=b3,application/xml;q=0.9,*/*;q=0.8',
  'connection' => 'keep-alive',
  'amp-cache-transform' => 'google;v="1"',
  'host' => 'www.csgxjk.com',
  'content-type' => '',
  'content-length' => '',
)
[ info ] [ PARAM ] array (
)
---------------------------------------------------------------
[2019-06-01T10:01:18+08:00] 50.148.137.82 GET 39.96.87.22/index.php
[运行时间：0.016886s] [吞吐率：59.22req/s] [内存消耗：1,984.80kb] [文件加载：70]
[ info ] [ LANG ] /data/www/csgx2/thinkphp/lang/zh-cn.php
[ info ] [ ROUTE ] array (
)
[ info ] [ HEADER ] array (
  'connection' => 'Keep-Alive',
  'host' => '39.96.87.22',
  'user-agent' => 'Mozilla/5.0 (Windows NT 6.1; WOW64; rv:18.0) Gecko/20100101 Firefox/18.0',
  'content-type' => 'text/html',
  'accept' => 'text/html, application/xhtml+xml, */*',
  'x-forwarded-for' => '50.148.137.82',
  'client-ip' => '50.148.137.82',
  'content-length' => '',
)
[ info ] [ PARAM ] array (
)
---------------------------------------------------------------
[2019-06-01T10:01:18+08:00] 50.148.137.82 GET 39.96.87.22/phpmyadmin/index.php
[运行时间：0.014599s] [吞吐率：68.50req/s] [内存消耗：1,730.44kb] [文件加载：67]
[ info ] [ LANG ] /data/www/csgx2/thinkphp/lang/zh-cn.php
---------------------------------------------------------------
[2019-06-01T10:05:48+08:00] 34.222.38.181 GET csgxjk.com/
[运行时间：0.016830s] [吞吐率：59.42req/s] [内存消耗：1,983.90kb] [文件加载：70]
[ info ] [ LANG ] /data/www/csgx2/thinkphp/lang/zh-cn.php
[ info ] [ ROUTE ] array (
)
[ info ] [ HEADER ] array (
  'accept-encoding' => 'gzip',
  'user-agent' => 'Go-http-client/1.1',
  'host' => 'csgxjk.com',
  'content-type' => '',
  'content-length' => '',
)
[ info ] [ PARAM ] array (
)
---------------------------------------------------------------
[2019-06-01T11:11:00+08:00] 115.171.244.70 GET csgxjk.com/wx/device/work/4
[运行时间：0.034340s] [吞吐率：29.12req/s] [内存消耗：3,849.16kb] [文件加载：140]
[ info ] [ LANG ] /data/www/csgx2/thinkphp/lang/zh-cn.php
[ info ] [ ROUTE ] array (
  'rule' => 'wx/device/work/<id>',
  'route' => 'wxapi/device/work',
  'option' => 
  array (
    'merge_rule_regex' => false,
  ),
  'var' => 
  array (
    'id' => '4',
  ),
)
[ info ] [ HEADER ] array (
  'x-forwarded-for-pound' => '115.171.244.70',
  'x-forwarded-for' => '115.171.244.70',
  'user-agent' => 'Mozilla/5.0 (Linux; Android 7.1.1; OPPO R11 Build/NMF26X; wv) AppleWebKit/537.36 (KHTML, like Gecko) Version/4.0 Chrome/66.0.3359.126 MQQBrowser/6.2 TBS/044704 Mobile Safari/537.36 MMWEBID/9384 MicroMessenger/7.0.4.1420(0x2700043B) Process/tools NetType/WIFI Language/zh_CN',
  'upgrade-insecure-requests' => '1',
  'host' => 'csgxjk.com',
  'connection' => 'close',
  'accept-language' => 'zh-CN,en-US;q=0.9',
  'accept-encoding' => 'gzip',
  'accept' => 'text/html,application/xhtml+xml,application/xml;q=0.9,image/webp,image/apng,image/wxpic,image/sharpp,image/apng,image/tpg,*/*;q=0.8',
  'content-type' => '',
  'content-length' => '',
)
[ info ] [ PARAM ] array (
  'id' => '4',
)
[ info ] [ DB ] INIT mysql
[ info ] [ VIEW ] /data/www/csgx2/application/wxapi/view/device_work.php [ array (
  0 => 'dev',
  1 => 'setmeal',
) ]
[ sql ] [ DB ] CONNECT:[ UseTime:0.000510s ] mysql:host=127.0.0.1;port=3306;dbname=liangzi;charset=utf8mb4
[ sql ] [ SQL ] SHOW COLUMNS FROM `bg_device` [ RunTime:0.001383s ]
[ sql ] [ SQL ] SELECT * FROM `bg_device` WHERE  `id` = 4 LIMIT 1 [ RunTime:0.000365s ]
[ sql ] [ SQL ] SHOW COLUMNS FROM `h_meal` [ RunTime:0.001011s ]
[ sql ] [ SQL ] SELECT * FROM `h_meal` WHERE  `id` IN (1,2,3) [ RunTime:0.000335s ]
---------------------------------------------------------------
[2019-06-01T11:11:06+08:00] 39.96.87.22 POST csgxjk.com/api/device/100/work
[运行时间：0.017011s] [吞吐率：58.78req/s] [内存消耗：2,056.84kb] [文件加载：76]
[ info ] [ LANG ] /data/www/csgx2/thinkphp/lang/zh-cn.php
[ info ] [ ROUTE ] array (
  'rule' => 'api/device/100/work',
  'route' => 'api/api100/work',
  'option' => 
  array (
    'merge_rule_regex' => false,
  ),
  'var' => 
  array (
  ),
)
[ info ] [ HEADER ] array (
  'content-type' => 'application/x-www-form-urlencoded',
  'content-length' => '122',
  'accept' => '*/*',
  'host' => 'csgxjk.com',
  'user-agent' => 'Mozilla/5.0 (Linux; Android 7.1.1; OPPO R11 Build/NMF26X; wv) AppleWebKit/537.36 (KHTML, like Gecko) Version/4.0 Chrome/66.0.3359.126 MQQBrowser/6.2 TBS/044704 Mobile Safari/537.36 MMWEBID/9384 MicroMessenger/7.0.4.1420(0x2700043B) Process/tools NetType/WIFI Language/zh_CN',
)
[ info ] [ PARAM ] array (
  'appid' => '1',
  'secret' => 'csgx@xt@eUmkdL#2H',
  'timestamp' => '1559358666',
  'devid' => '4',
  'command' => 'start',
  'long' => '600',
  'sign' => '6f26f81152931af4a8d04c7fb0654f63',
)
---------------------------------------------------------------
[2019-06-01T11:11:06+08:00] 115.171.244.70 POST csgxjk.com/wx/device/bill.html
[运行时间：0.063088s] [吞吐率：15.85req/s] [内存消耗：3,689.44kb] [文件加载：134]
[ info ] [ LANG ] /data/www/csgx2/thinkphp/lang/zh-cn.php
[ info ] [ ROUTE ] array (
  'rule' => 'wx/device/bill',
  'route' => 'wxapi/device/bill',
  'option' => 
  array (
    'merge_rule_regex' => false,
  ),
  'var' => 
  array (
  ),
)
[ info ] [ HEADER ] array (
  'x-requested-with' => 'XMLHttpRequest',
  'x-forwarded-for-pound' => '115.171.244.70',
  'x-forwarded-for' => '115.171.244.70',
  'user-agent' => 'Mozilla/5.0 (Linux; Android 7.1.1; OPPO R11 Build/NMF26X; wv) AppleWebKit/537.36 (KHTML, like Gecko) Version/4.0 Chrome/66.0.3359.126 MQQBrowser/6.2 TBS/044704 Mobile Safari/537.36 MMWEBID/9384 MicroMessenger/7.0.4.1420(0x2700043B) Process/tools NetType/WIFI Language/zh_CN',
  'referer' => 'http://csgxjk.com/wx/device/work/4',
  'origin' => 'http://csgxjk.com',
  'host' => 'csgxjk.com',
  'content-type' => 'application/x-www-form-urlencoded; charset=UTF-8',
  'content-length' => '14',
  'connection' => 'close',
  'accept-language' => 'zh-CN,en-US;q=0.9',
  'accept-encoding' => 'gzip',
  'accept' => '*/*',
)
[ info ] [ PARAM ] array (
  'did' => '4',
  'mealid' => '2',
)
[ info ] [ DB ] INIT mysql
[ sql ] [ DB ] CONNECT:[ UseTime:0.000514s ] mysql:host=127.0.0.1;port=3306;dbname=liangzi;charset=utf8mb4
[ sql ] [ SQL ] SHOW COLUMNS FROM `h_meal` [ RunTime:0.001413s ]
[ sql ] [ SQL ] SELECT * FROM `h_meal` WHERE  `id` = 2 LIMIT 1 [ RunTime:0.000345s ]
---------------------------------------------------------------
[2019-06-01T11:11:09+08:00] 39.96.87.22 POST csgxjk.com/api/device/100/work
[运行时间：0.016729s] [吞吐率：59.78req/s] [内存消耗：2,056.84kb] [文件加载：76]
[ info ] [ LANG ] /data/www/csgx2/thinkphp/lang/zh-cn.php
[ info ] [ ROUTE ] array (
  'rule' => 'api/device/100/work',
  'route' => 'api/api100/work',
  'option' => 
  array (
    'merge_rule_regex' => false,
  ),
  'var' => 
  array (
  ),
)
[ info ] [ HEADER ] array (
  'content-type' => 'application/x-www-form-urlencoded',
  'content-length' => '122',
  'accept' => '*/*',
  'host' => 'csgxjk.com',
  'user-agent' => 'Mozilla/5.0 (Linux; Android 7.1.1; OPPO R11 Build/NMF26X; wv) AppleWebKit/537.36 (KHTML, like Gecko) Version/4.0 Chrome/66.0.3359.126 MQQBrowser/6.2 TBS/044704 Mobile Safari/537.36 MMWEBID/9384 MicroMessenger/7.0.4.1420(0x2700043B) Process/tools NetType/WIFI Language/zh_CN',
)
[ info ] [ PARAM ] array (
  'appid' => '1',
  'secret' => 'csgx@xt@eUmkdL#2H',
  'timestamp' => '1559358669',
  'devid' => '4',
  'command' => 'start',
  'long' => '600',
  'sign' => '71425fcc8790b38022ba1bd52c4afb58',
)
---------------------------------------------------------------
[2019-06-01T11:11:09+08:00] 115.171.244.70 POST csgxjk.com/wx/device/bill.html
[运行时间：0.062988s] [吞吐率：15.88req/s] [内存消耗：3,689.44kb] [文件加载：134]
[ info ] [ LANG ] /data/www/csgx2/thinkphp/lang/zh-cn.php
[ info ] [ ROUTE ] array (
  'rule' => 'wx/device/bill',
  'route' => 'wxapi/device/bill',
  'option' => 
  array (
    'merge_rule_regex' => false,
  ),
  'var' => 
  array (
  ),
)
[ info ] [ HEADER ] array (
  'x-requested-with' => 'XMLHttpRequest',
  'x-forwarded-for-pound' => '115.171.244.70',
  'x-forwarded-for' => '115.171.244.70',
  'user-agent' => 'Mozilla/5.0 (Linux; Android 7.1.1; OPPO R11 Build/NMF26X; wv) AppleWebKit/537.36 (KHTML, like Gecko) Version/4.0 Chrome/66.0.3359.126 MQQBrowser/6.2 TBS/044704 Mobile Safari/537.36 MMWEBID/9384 MicroMessenger/7.0.4.1420(0x2700043B) Process/tools NetType/WIFI Language/zh_CN',
  'referer' => 'http://csgxjk.com/wx/device/work/4',
  'origin' => 'http://csgxjk.com',
  'host' => 'csgxjk.com',
  'content-type' => 'application/x-www-form-urlencoded; charset=UTF-8',
  'content-length' => '14',
  'connection' => 'close',
  'accept-language' => 'zh-CN,en-US;q=0.9',
  'accept-encoding' => 'gzip',
  'accept' => '*/*',
)
[ info ] [ PARAM ] array (
  'did' => '4',
  'mealid' => '2',
)
[ info ] [ DB ] INIT mysql
[ sql ] [ DB ] CONNECT:[ UseTime:0.000511s ] mysql:host=127.0.0.1;port=3306;dbname=liangzi;charset=utf8mb4
[ sql ] [ SQL ] SHOW COLUMNS FROM `h_meal` [ RunTime:0.001391s ]
[ sql ] [ SQL ] SELECT * FROM `h_meal` WHERE  `id` = 2 LIMIT 1 [ RunTime:0.000333s ]
---------------------------------------------------------------
[2019-06-01T11:11:12+08:00] 39.96.87.22 POST csgxjk.com/api/device/100/work
[运行时间：0.017360s] [吞吐率：57.60req/s] [内存消耗：2,056.84kb] [文件加载：76]
[ info ] [ LANG ] /data/www/csgx2/thinkphp/lang/zh-cn.php
[ info ] [ ROUTE ] array (
  'rule' => 'api/device/100/work',
  'route' => 'api/api100/work',
  'option' => 
  array (
    'merge_rule_regex' => false,
  ),
  'var' => 
  array (
  ),
)
[ info ] [ HEADER ] array (
  'content-type' => 'application/x-www-form-urlencoded',
  'content-length' => '122',
  'accept' => '*/*',
  'host' => 'csgxjk.com',
  'user-agent' => 'Mozilla/5.0 (Linux; Android 7.1.1; OPPO R11 Build/NMF26X; wv) AppleWebKit/537.36 (KHTML, like Gecko) Version/4.0 Chrome/66.0.3359.126 MQQBrowser/6.2 TBS/044704 Mobile Safari/537.36 MMWEBID/9384 MicroMessenger/7.0.4.1420(0x2700043B) Process/tools NetType/WIFI Language/zh_CN',
)
[ info ] [ PARAM ] array (
  'appid' => '1',
  'secret' => 'csgx@xt@eUmkdL#2H',
  'timestamp' => '1559358672',
  'devid' => '4',
  'command' => 'start',
  'long' => '600',
  'sign' => '02a11b1d31f7b11fb0dae68a734c4fd0',
)
---------------------------------------------------------------
[2019-06-01T11:11:12+08:00] 115.171.244.70 POST csgxjk.com/wx/device/bill.html
[运行时间：0.055599s] [吞吐率：17.99req/s] [内存消耗：3,689.44kb] [文件加载：134]
[ info ] [ LANG ] /data/www/csgx2/thinkphp/lang/zh-cn.php
[ info ] [ ROUTE ] array (
  'rule' => 'wx/device/bill',
  'route' => 'wxapi/device/bill',
  'option' => 
  array (
    'merge_rule_regex' => false,
  ),
  'var' => 
  array (
  ),
)
[ info ] [ HEADER ] array (
  'x-requested-with' => 'XMLHttpRequest',
  'x-forwarded-for-pound' => '115.171.244.70',
  'x-forwarded-for' => '115.171.244.70',
  'user-agent' => 'Mozilla/5.0 (Linux; Android 7.1.1; OPPO R11 Build/NMF26X; wv) AppleWebKit/537.36 (KHTML, like Gecko) Version/4.0 Chrome/66.0.3359.126 MQQBrowser/6.2 TBS/044704 Mobile Safari/537.36 MMWEBID/9384 MicroMessenger/7.0.4.1420(0x2700043B) Process/tools NetType/WIFI Language/zh_CN',
  'referer' => 'http://csgxjk.com/wx/device/work/4',
  'origin' => 'http://csgxjk.com',
  'host' => 'csgxjk.com',
  'content-type' => 'application/x-www-form-urlencoded; charset=UTF-8',
  'content-length' => '14',
  'connection' => 'close',
  'accept-language' => 'zh-CN,en-US;q=0.9',
  'accept-encoding' => 'gzip',
  'accept' => '*/*',
)
[ info ] [ PARAM ] array (
  'did' => '4',
  'mealid' => '2',
)
[ info ] [ DB ] INIT mysql
[ sql ] [ DB ] CONNECT:[ UseTime:0.000513s ] mysql:host=127.0.0.1;port=3306;dbname=liangzi;charset=utf8mb4
[ sql ] [ SQL ] SHOW COLUMNS FROM `h_meal` [ RunTime:0.001429s ]
[ sql ] [ SQL ] SELECT * FROM `h_meal` WHERE  `id` = 2 LIMIT 1 [ RunTime:0.000341s ]
---------------------------------------------------------------
[2019-06-01T11:12:01+08:00] 106.120.98.190 GET csgxjk.com/wx/device/work/4
[运行时间：0.034074s] [吞吐率：29.35req/s] [内存消耗：3,848.32kb] [文件加载：140]
[ info ] [ LANG ] /data/www/csgx2/thinkphp/lang/zh-cn.php
[ info ] [ ROUTE ] array (
  'rule' => 'wx/device/work/<id>',
  'route' => 'wxapi/device/work',
  'option' => 
  array (
    'merge_rule_regex' => false,
  ),
  'var' => 
  array (
    'id' => '4',
  ),
)
[ info ] [ HEADER ] array (
  'connection' => 'keep-alive',
  'accept-encoding' => 'gzip, deflate',
  'accept-language' => 'zh-cn',
  'user-agent' => 'Mozilla/5.0 (iPhone; CPU iPhone OS 12_2 like Mac OS X) AppleWebKit/605.1.15 (KHTML, like Gecko) Mobile/15E148 MicroMessenger/7.0.4(0x17000428) NetType/WIFI Language/zh_CN',
  'accept' => 'text/html,application/xhtml+xml,application/xml;q=0.9,*/*;q=0.8',
  'upgrade-insecure-requests' => '1',
  'host' => 'csgxjk.com',
  'content-type' => '',
  'content-length' => '',
)
[ info ] [ PARAM ] array (
  'id' => '4',
)
[ info ] [ DB ] INIT mysql
[ info ] [ VIEW ] /data/www/csgx2/application/wxapi/view/device_work.php [ array (
  0 => 'dev',
  1 => 'setmeal',
) ]
[ sql ] [ DB ] CONNECT:[ UseTime:0.000490s ] mysql:host=127.0.0.1;port=3306;dbname=liangzi;charset=utf8mb4
[ sql ] [ SQL ] SHOW COLUMNS FROM `bg_device` [ RunTime:0.001379s ]
[ sql ] [ SQL ] SELECT * FROM `bg_device` WHERE  `id` = 4 LIMIT 1 [ RunTime:0.000358s ]
[ sql ] [ SQL ] SHOW COLUMNS FROM `h_meal` [ RunTime:0.001000s ]
[ sql ] [ SQL ] SELECT * FROM `h_meal` WHERE  `id` IN (1,2,3) [ RunTime:0.000339s ]
---------------------------------------------------------------
[2019-06-01T11:12:03+08:00] 39.96.87.22 POST csgxjk.com/api/device/100/work
[运行时间：0.016619s] [吞吐率：60.17req/s] [内存消耗：2,056.46kb] [文件加载：76]
[ info ] [ LANG ] /data/www/csgx2/thinkphp/lang/zh-cn.php
[ info ] [ ROUTE ] array (
  'rule' => 'api/device/100/work',
  'route' => 'api/api100/work',
  'option' => 
  array (
    'merge_rule_regex' => false,
  ),
  'var' => 
  array (
  ),
)
[ info ] [ HEADER ] array (
  'content-type' => 'application/x-www-form-urlencoded',
  'content-length' => '122',
  'accept' => '*/*',
  'host' => 'csgxjk.com',
  'user-agent' => 'Mozilla/5.0 (iPhone; CPU iPhone OS 12_2 like Mac OS X) AppleWebKit/605.1.15 (KHTML, like Gecko) Mobile/15E148 MicroMessenger/7.0.4(0x17000428) NetType/WIFI Language/zh_CN',
)
[ info ] [ PARAM ] array (
  'appid' => '1',
  'secret' => 'csgx@xt@eUmkdL#2H',
  'timestamp' => '1559358722',
  'devid' => '4',
  'command' => 'start',
  'long' => '300',
  'sign' => '17a10f476e6a7856e06968efc3f557b5',
)
---------------------------------------------------------------
[2019-06-01T11:12:03+08:00] 106.120.98.190 POST csgxjk.com/wx/device/bill.html
[运行时间：0.054324s] [吞吐率：18.41req/s] [内存消耗：3,688.60kb] [文件加载：134]
[ info ] [ LANG ] /data/www/csgx2/thinkphp/lang/zh-cn.php
[ info ] [ ROUTE ] array (
  'rule' => 'wx/device/bill',
  'route' => 'wxapi/device/bill',
  'option' => 
  array (
    'merge_rule_regex' => false,
  ),
  'var' => 
  array (
  ),
)
[ info ] [ HEADER ] array (
  'x-requested-with' => 'XMLHttpRequest',
  'content-length' => '14',
  'referer' => 'http://csgxjk.com/wx/device/work/4',
  'user-agent' => 'Mozilla/5.0 (iPhone; CPU iPhone OS 12_2 like Mac OS X) AppleWebKit/605.1.15 (KHTML, like Gecko) Mobile/15E148 MicroMessenger/7.0.4(0x17000428) NetType/WIFI Language/zh_CN',
  'accept' => '*/*',
  'connection' => 'keep-alive',
  'accept-encoding' => 'gzip, deflate',
  'accept-language' => 'zh-cn',
  'origin' => 'http://csgxjk.com',
  'content-type' => 'application/x-www-form-urlencoded; charset=UTF-8',
  'host' => 'csgxjk.com',
)
[ info ] [ PARAM ] array (
  'did' => '4',
  'mealid' => '1',
)
[ info ] [ DB ] INIT mysql
[ sql ] [ DB ] CONNECT:[ UseTime:0.000473s ] mysql:host=127.0.0.1;port=3306;dbname=liangzi;charset=utf8mb4
[ sql ] [ SQL ] SHOW COLUMNS FROM `h_meal` [ RunTime:0.001348s ]
[ sql ] [ SQL ] SELECT * FROM `h_meal` WHERE  `id` = 1 LIMIT 1 [ RunTime:0.000316s ]
---------------------------------------------------------------
[2019-06-01T11:12:15+08:00] 39.96.87.22 POST csgxjk.com/api/device/100/work
[运行时间：0.016743s] [吞吐率：59.73req/s] [内存消耗：2,056.46kb] [文件加载：76]
[ info ] [ LANG ] /data/www/csgx2/thinkphp/lang/zh-cn.php
[ info ] [ ROUTE ] array (
  'rule' => 'api/device/100/work',
  'route' => 'api/api100/work',
  'option' => 
  array (
    'merge_rule_regex' => false,
  ),
  'var' => 
  array (
  ),
)
[ info ] [ HEADER ] array (
  'content-type' => 'application/x-www-form-urlencoded',
  'content-length' => '122',
  'accept' => '*/*',
  'host' => 'csgxjk.com',
  'user-agent' => 'Mozilla/5.0 (iPhone; CPU iPhone OS 12_2 like Mac OS X) AppleWebKit/605.1.15 (KHTML, like Gecko) Mobile/15E148 MicroMessenger/7.0.4(0x17000428) NetType/WIFI Language/zh_CN',
)
[ info ] [ PARAM ] array (
  'appid' => '1',
  'secret' => 'csgx@xt@eUmkdL#2H',
  'timestamp' => '1559358735',
  'devid' => '4',
  'command' => 'start',
  'long' => '180',
  'sign' => 'b3618d82299f17437774741b8aa4ad38',
)
---------------------------------------------------------------
[2019-06-01T11:12:15+08:00] 106.120.98.190 POST csgxjk.com/wx/device/bill.html
[运行时间：0.062882s] [吞吐率：15.90req/s] [内存消耗：3,688.60kb] [文件加载：134]
[ info ] [ LANG ] /data/www/csgx2/thinkphp/lang/zh-cn.php
[ info ] [ ROUTE ] array (
  'rule' => 'wx/device/bill',
  'route' => 'wxapi/device/bill',
  'option' => 
  array (
    'merge_rule_regex' => false,
  ),
  'var' => 
  array (
  ),
)
[ info ] [ HEADER ] array (
  'x-requested-with' => 'XMLHttpRequest',
  'content-length' => '14',
  'referer' => 'http://csgxjk.com/wx/device/work/4',
  'user-agent' => 'Mozilla/5.0 (iPhone; CPU iPhone OS 12_2 like Mac OS X) AppleWebKit/605.1.15 (KHTML, like Gecko) Mobile/15E148 MicroMessenger/7.0.4(0x17000428) NetType/WIFI Language/zh_CN',
  'accept' => '*/*',
  'connection' => 'keep-alive',
  'accept-encoding' => 'gzip, deflate',
  'accept-language' => 'zh-cn',
  'origin' => 'http://csgxjk.com',
  'content-type' => 'application/x-www-form-urlencoded; charset=UTF-8',
  'host' => 'csgxjk.com',
)
[ info ] [ PARAM ] array (
  'did' => '4',
  'mealid' => '3',
)
[ info ] [ DB ] INIT mysql
[ sql ] [ DB ] CONNECT:[ UseTime:0.000475s ] mysql:host=127.0.0.1;port=3306;dbname=liangzi;charset=utf8mb4
[ sql ] [ SQL ] SHOW COLUMNS FROM `h_meal` [ RunTime:0.001364s ]
[ sql ] [ SQL ] SELECT * FROM `h_meal` WHERE  `id` = 3 LIMIT 1 [ RunTime:0.000350s ]
---------------------------------------------------------------
[2019-06-01T11:12:16+08:00] 39.96.87.22 POST csgxjk.com/api/device/100/work
[运行时间：0.016409s] [吞吐率：60.94req/s] [内存消耗：2,056.46kb] [文件加载：76]
[ info ] [ LANG ] /data/www/csgx2/thinkphp/lang/zh-cn.php
[ info ] [ ROUTE ] array (
  'rule' => 'api/device/100/work',
  'route' => 'api/api100/work',
  'option' => 
  array (
    'merge_rule_regex' => false,
  ),
  'var' => 
  array (
  ),
)
[ info ] [ HEADER ] array (
  'content-type' => 'application/x-www-form-urlencoded',
  'content-length' => '122',
  'accept' => '*/*',
  'host' => 'csgxjk.com',
  'user-agent' => 'Mozilla/5.0 (iPhone; CPU iPhone OS 12_2 like Mac OS X) AppleWebKit/605.1.15 (KHTML, like Gecko) Mobile/15E148 MicroMessenger/7.0.4(0x17000428) NetType/WIFI Language/zh_CN',
)
[ info ] [ PARAM ] array (
  'appid' => '1',
  'secret' => 'csgx@xt@eUmkdL#2H',
  'timestamp' => '1559358736',
  'devid' => '4',
  'command' => 'start',
  'long' => '600',
  'sign' => 'bba70b3b11d538bbd37de123db2f8e61',
)
---------------------------------------------------------------
[2019-06-01T11:12:16+08:00] 106.120.98.190 POST csgxjk.com/wx/device/bill.html
[运行时间：0.061115s] [吞吐率：16.36req/s] [内存消耗：3,688.60kb] [文件加载：134]
[ info ] [ LANG ] /data/www/csgx2/thinkphp/lang/zh-cn.php
[ info ] [ ROUTE ] array (
  'rule' => 'wx/device/bill',
  'route' => 'wxapi/device/bill',
  'option' => 
  array (
    'merge_rule_regex' => false,
  ),
  'var' => 
  array (
  ),
)
[ info ] [ HEADER ] array (
  'x-requested-with' => 'XMLHttpRequest',
  'content-length' => '14',
  'referer' => 'http://csgxjk.com/wx/device/work/4',
  'user-agent' => 'Mozilla/5.0 (iPhone; CPU iPhone OS 12_2 like Mac OS X) AppleWebKit/605.1.15 (KHTML, like Gecko) Mobile/15E148 MicroMessenger/7.0.4(0x17000428) NetType/WIFI Language/zh_CN',
  'accept' => '*/*',
  'connection' => 'keep-alive',
  'accept-encoding' => 'gzip, deflate',
  'accept-language' => 'zh-cn',
  'origin' => 'http://csgxjk.com',
  'content-type' => 'application/x-www-form-urlencoded; charset=UTF-8',
  'host' => 'csgxjk.com',
)
[ info ] [ PARAM ] array (
  'did' => '4',
  'mealid' => '2',
)
[ info ] [ DB ] INIT mysql
[ sql ] [ DB ] CONNECT:[ UseTime:0.000459s ] mysql:host=127.0.0.1;port=3306;dbname=liangzi;charset=utf8mb4
[ sql ] [ SQL ] SHOW COLUMNS FROM `h_meal` [ RunTime:0.001354s ]
[ sql ] [ SQL ] SELECT * FROM `h_meal` WHERE  `id` = 2 LIMIT 1 [ RunTime:0.000330s ]
---------------------------------------------------------------
[2019-06-01T11:13:00+08:00] 39.96.87.22 POST csgxjk.com/api/device/100/work
[运行时间：0.016719s] [吞吐率：59.81req/s] [内存消耗：2,056.46kb] [文件加载：76]
[ info ] [ LANG ] /data/www/csgx2/thinkphp/lang/zh-cn.php
[ info ] [ ROUTE ] array (
  'rule' => 'api/device/100/work',
  'route' => 'api/api100/work',
  'option' => 
  array (
    'merge_rule_regex' => false,
  ),
  'var' => 
  array (
  ),
)
[ info ] [ HEADER ] array (
  'content-type' => 'application/x-www-form-urlencoded',
  'content-length' => '122',
  'accept' => '*/*',
  'host' => 'csgxjk.com',
  'user-agent' => 'Mozilla/5.0 (iPhone; CPU iPhone OS 12_2 like Mac OS X) AppleWebKit/605.1.15 (KHTML, like Gecko) Mobile/15E148 MicroMessenger/7.0.4(0x17000428) NetType/WIFI Language/zh_CN',
)
[ info ] [ PARAM ] array (
  'appid' => '1',
  'secret' => 'csgx@xt@eUmkdL#2H',
  'timestamp' => '1559358780',
  'devid' => '4',
  'command' => 'start',
  'long' => '300',
  'sign' => 'a4fe53b9c2468b7357b7594aeb581d74',
)
---------------------------------------------------------------
[2019-06-01T11:13:00+08:00] 106.120.98.190 POST csgxjk.com/wx/device/bill.html
[运行时间：0.054547s] [吞吐率：18.33req/s] [内存消耗：3,688.60kb] [文件加载：134]
[ info ] [ LANG ] /data/www/csgx2/thinkphp/lang/zh-cn.php
[ info ] [ ROUTE ] array (
  'rule' => 'wx/device/bill',
  'route' => 'wxapi/device/bill',
  'option' => 
  array (
    'merge_rule_regex' => false,
  ),
  'var' => 
  array (
  ),
)
[ info ] [ HEADER ] array (
  'x-requested-with' => 'XMLHttpRequest',
  'content-length' => '14',
  'referer' => 'http://csgxjk.com/wx/device/work/4',
  'user-agent' => 'Mozilla/5.0 (iPhone; CPU iPhone OS 12_2 like Mac OS X) AppleWebKit/605.1.15 (KHTML, like Gecko) Mobile/15E148 MicroMessenger/7.0.4(0x17000428) NetType/WIFI Language/zh_CN',
  'accept' => '*/*',
  'connection' => 'keep-alive',
  'accept-encoding' => 'gzip, deflate',
  'accept-language' => 'zh-cn',
  'origin' => 'http://csgxjk.com',
  'content-type' => 'application/x-www-form-urlencoded; charset=UTF-8',
  'host' => 'csgxjk.com',
)
[ info ] [ PARAM ] array (
  'did' => '4',
  'mealid' => '1',
)
[ info ] [ DB ] INIT mysql
[ sql ] [ DB ] CONNECT:[ UseTime:0.000491s ] mysql:host=127.0.0.1;port=3306;dbname=liangzi;charset=utf8mb4
[ sql ] [ SQL ] SHOW COLUMNS FROM `h_meal` [ RunTime:0.001353s ]
[ sql ] [ SQL ] SELECT * FROM `h_meal` WHERE  `id` = 1 LIMIT 1 [ RunTime:0.000331s ]
---------------------------------------------------------------
[2019-06-01T11:19:23+08:00] 223.21.32.236 GET csgxjk.com/admin
[运行时间：0.019638s] [吞吐率：50.92req/s] [内存消耗：2,160.07kb] [文件加载：84]
[ info ] [ LANG ] /data/www/csgx2/thinkphp/lang/zh-cn.php
[ info ] [ ROUTE ] array (
)
[ info ] [ HEADER ] array (
  'accept-language' => 'zh-CN,zh;q=0.8,en;q=0.6,zh-TW;q=0.4',
  'accept-encoding' => 'gzip, deflate, sdch',
  'accept' => 'text/html,application/xhtml+xml,application/xml;q=0.9,image/webp,*/*;q=0.8',
  'user-agent' => 'Mozilla/5.0 (Windows NT 6.1; WOW64) AppleWebKit/537.36 (KHTML, like Gecko) Chrome/51.0.2704.106 Safari/537.36',
  'upgrade-insecure-requests' => '1',
  'connection' => 'keep-alive',
  'host' => 'csgxjk.com',
  'content-type' => '',
  'content-length' => '',
)
[ info ] [ PARAM ] array (
)
[ info ] [ VIEW ] /data/www/csgx2/application/admin/view/index_index.php [ array (
  0 => 'userinfo',
  1 => 'menu',
) ]
---------------------------------------------------------------
[2019-06-01T11:19:26+08:00] 223.21.32.236 GET csgxjk.com/admin/dashboard/welcome.html
[运行时间：0.019015s] [吞吐率：52.59req/s] [内存消耗：2,156.08kb] [文件加载：82]
[ info ] [ LANG ] /data/www/csgx2/thinkphp/lang/zh-cn.php
[ info ] [ ROUTE ] array (
)
[ info ] [ HEADER ] array (
  'cookie' => 'ASPSESSIONID=hoc8gvpq7oku1rh9l45ifbotqp; thinkphp_show_page_trace=0|0',
  'accept-language' => 'zh-CN,zh;q=0.8,en;q=0.6,zh-TW;q=0.4',
  'accept-encoding' => 'gzip, deflate, sdch',
  'referer' => 'http://csgxjk.com/admin',
  'accept' => 'text/html,application/xhtml+xml,application/xml;q=0.9,image/webp,*/*;q=0.8',
  'user-agent' => 'Mozilla/5.0 (Windows NT 6.1; WOW64) AppleWebKit/537.36 (KHTML, like Gecko) Chrome/51.0.2704.106 Safari/537.36',
  'upgrade-insecure-requests' => '1',
  'connection' => 'keep-alive',
  'host' => 'csgxjk.com',
  'content-type' => '',
  'content-length' => '',
)
[ info ] [ PARAM ] array (
)
---------------------------------------------------------------
[2019-06-01T11:19:26+08:00] 223.21.32.236 GET csgxjk.com/admin/login/
[运行时间：0.018305s] [吞吐率：54.63req/s] [内存消耗：2,154.19kb] [文件加载：83]
[ info ] [ LANG ] /data/www/csgx2/thinkphp/lang/zh-cn.php
[ info ] [ ROUTE ] array (
)
[ info ] [ HEADER ] array (
  'cookie' => 'ASPSESSIONID=hoc8gvpq7oku1rh9l45ifbotqp; thinkphp_show_page_trace=0|0',
  'accept-language' => 'zh-CN,zh;q=0.8,en;q=0.6,zh-TW;q=0.4',
  'accept-encoding' => 'gzip, deflate, sdch',
  'referer' => 'http://csgxjk.com/admin',
  'accept' => 'text/html,application/xhtml+xml,application/xml;q=0.9,image/webp,*/*;q=0.8',
  'user-agent' => 'Mozilla/5.0 (Windows NT 6.1; WOW64) AppleWebKit/537.36 (KHTML, like Gecko) Chrome/51.0.2704.106 Safari/537.36',
  'upgrade-insecure-requests' => '1',
  'connection' => 'keep-alive',
  'host' => 'csgxjk.com',
  'content-type' => '',
  'content-length' => '',
)
[ info ] [ PARAM ] array (
)
[ info ] [ VIEW ] /data/www/csgx2/application/admin/view/login_index.php [ array (
) ]
---------------------------------------------------------------
[2019-06-01T11:19:26+08:00] 223.21.32.236 GET csgxjk.com/admin/login/
[运行时间：0.019465s] [吞吐率：51.37req/s] [内存消耗：2,154.19kb] [文件加载：83]
[ info ] [ LANG ] /data/www/csgx2/thinkphp/lang/zh-cn.php
[ info ] [ ROUTE ] array (
)
[ info ] [ HEADER ] array (
  'cookie' => 'ASPSESSIONID=hoc8gvpq7oku1rh9l45ifbotqp; thinkphp_show_page_trace=0|0',
  'accept-language' => 'zh-CN,zh;q=0.8,en;q=0.6,zh-TW;q=0.4',
  'accept-encoding' => 'gzip, deflate, sdch',
  'referer' => 'http://csgxjk.com/admin/login/',
  'accept' => 'text/html,application/xhtml+xml,application/xml;q=0.9,image/webp,*/*;q=0.8',
  'user-agent' => 'Mozilla/5.0 (Windows NT 6.1; WOW64) AppleWebKit/537.36 (KHTML, like Gecko) Chrome/51.0.2704.106 Safari/537.36',
  'upgrade-insecure-requests' => '1',
  'connection' => 'keep-alive',
  'host' => 'csgxjk.com',
  'content-type' => '',
  'content-length' => '',
)
[ info ] [ PARAM ] array (
)
[ info ] [ VIEW ] /data/www/csgx2/application/admin/view/login_index.php [ array (
) ]
---------------------------------------------------------------
[2019-06-01T11:19:42+08:00] 223.21.32.236 GET csgxjk.com/wx/device/work/4
[运行时间：0.034442s] [吞吐率：29.03req/s] [内存消耗：3,848.60kb] [文件加载：140]
[ info ] [ LANG ] /data/www/csgx2/thinkphp/lang/zh-cn.php
[ info ] [ ROUTE ] array (
  'rule' => 'wx/device/work/<id>',
  'route' => 'wxapi/device/work',
  'option' => 
  array (
    'merge_rule_regex' => false,
  ),
  'var' => 
  array (
    'id' => '4',
  ),
)
[ info ] [ HEADER ] array (
  'cookie' => 'ASPSESSIONID=hoc8gvpq7oku1rh9l45ifbotqp; thinkphp_show_page_trace=0|0',
  'accept-language' => 'zh-CN,zh;q=0.8,en;q=0.6,zh-TW;q=0.4',
  'accept-encoding' => 'gzip, deflate, sdch',
  'accept' => 'text/html,application/xhtml+xml,application/xml;q=0.9,image/webp,*/*;q=0.8',
  'user-agent' => 'Mozilla/5.0 (Windows NT 6.1; WOW64) AppleWebKit/537.36 (KHTML, like Gecko) Chrome/51.0.2704.106 Safari/537.36',
  'upgrade-insecure-requests' => '1',
  'connection' => 'keep-alive',
  'host' => 'csgxjk.com',
  'content-type' => '',
  'content-length' => '',
)
[ info ] [ PARAM ] array (
  'id' => '4',
)
[ info ] [ DB ] INIT mysql
[ info ] [ VIEW ] /data/www/csgx2/application/wxapi/view/device_work.php [ array (
  0 => 'dev',
  1 => 'setmeal',
) ]
[ sql ] [ DB ] CONNECT:[ UseTime:0.000465s ] mysql:host=127.0.0.1;port=3306;dbname=liangzi;charset=utf8mb4
[ sql ] [ SQL ] SHOW COLUMNS FROM `bg_device` [ RunTime:0.001409s ]
[ sql ] [ SQL ] SELECT * FROM `bg_device` WHERE  `id` = 4 LIMIT 1 [ RunTime:0.000361s ]
[ sql ] [ SQL ] SHOW COLUMNS FROM `h_meal` [ RunTime:0.001058s ]
[ sql ] [ SQL ] SELECT * FROM `h_meal` WHERE  `id` IN (1,2,3) [ RunTime:0.000322s ]
---------------------------------------------------------------
[2019-06-01T11:19:53+08:00] 223.21.32.236 GET csgxjk.com/wx/device/work/4
[运行时间：0.033712s] [吞吐率：29.66req/s] [内存消耗：3,848.89kb] [文件加载：140]
[ info ] [ LANG ] /data/www/csgx2/thinkphp/lang/zh-cn.php
[ info ] [ ROUTE ] array (
  'rule' => 'wx/device/work/<id>',
  'route' => 'wxapi/device/work',
  'option' => 
  array (
    'merge_rule_regex' => false,
  ),
  'var' => 
  array (
    'id' => '4',
  ),
)
[ info ] [ HEADER ] array (
  'cookie' => 'thinkphp_show_page_trace=0|0; ASPSESSIONID=hoc8gvpq7oku1rh9l45ifbotqp; thinkphp_show_page_trace=0|0',
  'accept-language' => 'zh-CN,zh;q=0.8,en;q=0.6,zh-TW;q=0.4',
  'accept-encoding' => 'gzip, deflate, sdch',
  'accept' => 'text/html,application/xhtml+xml,application/xml;q=0.9,image/webp,*/*;q=0.8',
  'user-agent' => 'Mozilla/5.0 (Windows NT 6.1; WOW64) AppleWebKit/537.36 (KHTML, like Gecko) Chrome/51.0.2704.106 Safari/537.36',
  'upgrade-insecure-requests' => '1',
  'cache-control' => 'max-age=0',
  'connection' => 'keep-alive',
  'host' => 'csgxjk.com',
  'content-type' => '',
  'content-length' => '',
)
[ info ] [ PARAM ] array (
  'id' => '4',
)
[ info ] [ DB ] INIT mysql
[ info ] [ VIEW ] /data/www/csgx2/application/wxapi/view/device_work.php [ array (
  0 => 'dev',
  1 => 'setmeal',
) ]
[ sql ] [ DB ] CONNECT:[ UseTime:0.000463s ] mysql:host=127.0.0.1;port=3306;dbname=liangzi;charset=utf8mb4
[ sql ] [ SQL ] SHOW COLUMNS FROM `bg_device` [ RunTime:0.001387s ]
[ sql ] [ SQL ] SELECT * FROM `bg_device` WHERE  `id` = 4 LIMIT 1 [ RunTime:0.000353s ]
[ sql ] [ SQL ] SHOW COLUMNS FROM `h_meal` [ RunTime:0.001015s ]
[ sql ] [ SQL ] SELECT * FROM `h_meal` WHERE  `id` IN (1,2,3) [ RunTime:0.000337s ]
---------------------------------------------------------------
[2019-06-01T11:19:57+08:00] 223.21.32.236 GET csgxjk.com/wx/device/work/4
[运行时间：0.033757s] [吞吐率：29.62req/s] [内存消耗：3,848.89kb] [文件加载：140]
[ info ] [ LANG ] /data/www/csgx2/thinkphp/lang/zh-cn.php
[ info ] [ ROUTE ] array (
  'rule' => 'wx/device/work/<id>',
  'route' => 'wxapi/device/work',
  'option' => 
  array (
    'merge_rule_regex' => false,
  ),
  'var' => 
  array (
    'id' => '4',
  ),
)
[ info ] [ HEADER ] array (
  'cookie' => 'thinkphp_show_page_trace=0|0; ASPSESSIONID=hoc8gvpq7oku1rh9l45ifbotqp; thinkphp_show_page_trace=0|0',
  'accept-language' => 'zh-CN,zh;q=0.8,en;q=0.6,zh-TW;q=0.4',
  'accept-encoding' => 'gzip, deflate, sdch',
  'accept' => 'text/html,application/xhtml+xml,application/xml;q=0.9,image/webp,*/*;q=0.8',
  'user-agent' => 'Mozilla/5.0 (Linux; Android 6.0; Nexus 5 Build/MRA58N) AppleWebKit/537.36 (KHTML, like Gecko) Chrome/48.0.2564.23 Mobile Safari/537.36',
  'upgrade-insecure-requests' => '1',
  'cache-control' => 'max-age=0',
  'connection' => 'keep-alive',
  'host' => 'csgxjk.com',
  'content-type' => '',
  'content-length' => '',
)
[ info ] [ PARAM ] array (
  'id' => '4',
)
[ info ] [ DB ] INIT mysql
[ info ] [ VIEW ] /data/www/csgx2/application/wxapi/view/device_work.php [ array (
  0 => 'dev',
  1 => 'setmeal',
) ]
[ sql ] [ DB ] CONNECT:[ UseTime:0.000498s ] mysql:host=127.0.0.1;port=3306;dbname=liangzi;charset=utf8mb4
[ sql ] [ SQL ] SHOW COLUMNS FROM `bg_device` [ RunTime:0.001335s ]
[ sql ] [ SQL ] SELECT * FROM `bg_device` WHERE  `id` = 4 LIMIT 1 [ RunTime:0.000360s ]
[ sql ] [ SQL ] SHOW COLUMNS FROM `h_meal` [ RunTime:0.001023s ]
[ sql ] [ SQL ] SELECT * FROM `h_meal` WHERE  `id` IN (1,2,3) [ RunTime:0.000324s ]
---------------------------------------------------------------
[2019-06-01T11:20:02+08:00] 39.96.87.22 POST csgxjk.com/api/device/100/work
[运行时间：0.016729s] [吞吐率：59.78req/s] [内存消耗：2,056.46kb] [文件加载：76]
[ info ] [ LANG ] /data/www/csgx2/thinkphp/lang/zh-cn.php
[ info ] [ ROUTE ] array (
  'rule' => 'api/device/100/work',
  'route' => 'api/api100/work',
  'option' => 
  array (
    'merge_rule_regex' => false,
  ),
  'var' => 
  array (
  ),
)
[ info ] [ HEADER ] array (
  'content-type' => 'application/x-www-form-urlencoded',
  'content-length' => '122',
  'accept' => '*/*',
  'host' => 'csgxjk.com',
  'user-agent' => 'Mozilla/5.0 (Linux; Android 6.0; Nexus 5 Build/MRA58N) AppleWebKit/537.36 (KHTML, like Gecko) Chrome/48.0.2564.23 Mobile Safari/537.36',
)
[ info ] [ PARAM ] array (
  'appid' => '1',
  'secret' => 'csgx@xt@eUmkdL#2H',
  'timestamp' => '1559359202',
  'devid' => '4',
  'command' => 'start',
  'long' => '180',
  'sign' => '55e22656f938aabbc03e881fa3aec7e7',
)
---------------------------------------------------------------
[2019-06-01T11:20:02+08:00] 223.21.32.236 POST csgxjk.com/wx/device/bill.html
[运行时间：0.062109s] [吞吐率：16.10req/s] [内存消耗：3,689.13kb] [文件加载：134]
[ info ] [ LANG ] /data/www/csgx2/thinkphp/lang/zh-cn.php
[ info ] [ ROUTE ] array (
  'rule' => 'wx/device/bill',
  'route' => 'wxapi/device/bill',
  'option' => 
  array (
    'merge_rule_regex' => false,
  ),
  'var' => 
  array (
  ),
)
[ info ] [ HEADER ] array (
  'cookie' => 'ASPSESSIONID=hoc8gvpq7oku1rh9l45ifbotqp; thinkphp_show_page_trace=0|0',
  'accept-language' => 'zh-CN,zh;q=0.8,en;q=0.6,zh-TW;q=0.4',
  'accept-encoding' => 'gzip, deflate',
  'referer' => 'http://csgxjk.com/wx/device/work/4',
  'content-type' => 'application/x-www-form-urlencoded; charset=UTF-8',
  'user-agent' => 'Mozilla/5.0 (Linux; Android 6.0; Nexus 5 Build/MRA58N) AppleWebKit/537.36 (KHTML, like Gecko) Chrome/48.0.2564.23 Mobile Safari/537.36',
  'x-requested-with' => 'XMLHttpRequest',
  'origin' => 'http://csgxjk.com',
  'accept' => '*/*',
  'content-length' => '14',
  'connection' => 'keep-alive',
  'host' => 'csgxjk.com',
)
[ info ] [ PARAM ] array (
  'did' => '4',
  'mealid' => '3',
)
[ info ] [ DB ] INIT mysql
[ sql ] [ DB ] CONNECT:[ UseTime:0.000499s ] mysql:host=127.0.0.1;port=3306;dbname=liangzi;charset=utf8mb4
[ sql ] [ SQL ] SHOW COLUMNS FROM `h_meal` [ RunTime:0.001418s ]
[ sql ] [ SQL ] SELECT * FROM `h_meal` WHERE  `id` = 3 LIMIT 1 [ RunTime:0.000333s ]
---------------------------------------------------------------
[2019-06-01T11:22:48+08:00] 39.96.87.22 POST csgxjk.com/api/device/100/work
[运行时间：0.016911s] [吞吐率：59.13req/s] [内存消耗：2,056.46kb] [文件加载：76]
[ info ] [ LANG ] /data/www/csgx2/thinkphp/lang/zh-cn.php
[ info ] [ ROUTE ] array (
  'rule' => 'api/device/100/work',
  'route' => 'api/api100/work',
  'option' => 
  array (
    'merge_rule_regex' => false,
  ),
  'var' => 
  array (
  ),
)
[ info ] [ HEADER ] array (
  'content-type' => 'application/x-www-form-urlencoded',
  'content-length' => '122',
  'accept' => '*/*',
  'host' => 'csgxjk.com',
  'user-agent' => 'Mozilla/5.0 (Linux; Android 6.0; Nexus 5 Build/MRA58N) AppleWebKit/537.36 (KHTML, like Gecko) Chrome/48.0.2564.23 Mobile Safari/537.36',
)
[ info ] [ PARAM ] array (
  'appid' => '1',
  'secret' => 'csgx@xt@eUmkdL#2H',
  'timestamp' => '1559359368',
  'devid' => '4',
  'command' => 'start',
  'long' => '180',
  'sign' => 'c0a20100bd832647c78caf7f31c87d7e',
)
---------------------------------------------------------------
[2019-06-01T11:22:48+08:00] 223.21.32.236 POST csgxjk.com/wx/device/bill.html
[运行时间：0.063451s] [吞吐率：15.76req/s] [内存消耗：3,689.44kb] [文件加载：134]
[ info ] [ LANG ] /data/www/csgx2/thinkphp/lang/zh-cn.php
[ info ] [ ROUTE ] array (
  'rule' => 'wx/device/bill',
  'route' => 'wxapi/device/bill',
  'option' => 
  array (
    'merge_rule_regex' => false,
  ),
  'var' => 
  array (
  ),
)
[ info ] [ HEADER ] array (
  'cookie' => 'ASPSESSIONID=hoc8gvpq7oku1rh9l45ifbotqp; thinkphp_show_page_trace=0|0',
  'accept-language' => 'zh-CN,zh;q=0.8,en;q=0.6,zh-TW;q=0.4',
  'accept-encoding' => 'gzip, deflate',
  'referer' => 'http://csgxjk.com/wx/device/work/4',
  'content-type' => 'application/x-www-form-urlencoded; charset=UTF-8',
  'user-agent' => 'Mozilla/5.0 (Linux; Android 6.0; Nexus 5 Build/MRA58N) AppleWebKit/537.36 (KHTML, like Gecko) Chrome/48.0.2564.23 Mobile Safari/537.36',
  'x-requested-with' => 'XMLHttpRequest',
  'origin' => 'http://csgxjk.com',
  'accept' => '*/*',
  'content-length' => '14',
  'connection' => 'keep-alive',
  'host' => 'csgxjk.com',
)
[ info ] [ PARAM ] array (
  'did' => '4',
  'mealid' => '3',
)
[ info ] [ DB ] INIT mysql
[ sql ] [ DB ] CONNECT:[ UseTime:0.000504s ] mysql:host=127.0.0.1;port=3306;dbname=liangzi;charset=utf8mb4
[ sql ] [ SQL ] SHOW COLUMNS FROM `h_meal` [ RunTime:0.001361s ]
[ sql ] [ SQL ] SELECT * FROM `h_meal` WHERE  `id` = 3 LIMIT 1 [ RunTime:0.000327s ]
---------------------------------------------------------------
[2019-06-01T11:24:21+08:00] 39.96.87.22 POST csgxjk.com/api/device/100/work
[运行时间：0.026846s] [吞吐率：37.25req/s] [内存消耗：3,251.16kb] [文件加载：86]
[ info ] [ LANG ] /data/www/csgx2/thinkphp/lang/zh-cn.php
[ info ] [ ROUTE ] array (
  'rule' => 'api/device/100/work',
  'route' => 'api/api100/work',
  'option' => 
  array (
    'merge_rule_regex' => false,
  ),
  'var' => 
  array (
  ),
)
[ info ] [ HEADER ] array (
  'content-type' => 'application/x-www-form-urlencoded',
  'content-length' => '122',
  'accept' => '*/*',
  'host' => 'csgxjk.com',
  'user-agent' => 'Mozilla/5.0 (Linux; Android 6.0; Nexus 5 Build/MRA58N) AppleWebKit/537.36 (KHTML, like Gecko) Chrome/48.0.2564.23 Mobile Safari/537.36',
)
[ info ] [ PARAM ] array (
  'appid' => '1',
  'secret' => 'csgx@xt@eUmkdL#2H',
  'timestamp' => '1559359461',
  'devid' => '4',
  'command' => 'start',
  'long' => '180',
  'sign' => '8d69aeec687e77c36fdeac36bd15cd5e',
)
[ info ] [ DB ] INIT mysql
[ sql ] [ DB ] CONNECT:[ UseTime:0.000428s ] mysql:host=127.0.0.1;port=3306;dbname=liangzi;charset=utf8mb4
[ sql ] [ SQL ] SHOW COLUMNS FROM `bg_device` [ RunTime:0.001302s ]
[ sql ] [ SQL ] SELECT * FROM `bg_device` WHERE  `id` = 4 LIMIT 1 [ RunTime:0.000359s ]
---------------------------------------------------------------
[2019-06-01T11:24:21+08:00] 223.21.32.236 POST csgxjk.com/wx/device/bill.html
[运行时间：0.073078s] [吞吐率：13.68req/s] [内存消耗：3,689.44kb] [文件加载：134]
[ info ] [ LANG ] /data/www/csgx2/thinkphp/lang/zh-cn.php
[ info ] [ ROUTE ] array (
  'rule' => 'wx/device/bill',
  'route' => 'wxapi/device/bill',
  'option' => 
  array (
    'merge_rule_regex' => false,
  ),
  'var' => 
  array (
  ),
)
[ info ] [ HEADER ] array (
  'cookie' => 'ASPSESSIONID=hoc8gvpq7oku1rh9l45ifbotqp; thinkphp_show_page_trace=0|0',
  'accept-language' => 'zh-CN,zh;q=0.8,en;q=0.6,zh-TW;q=0.4',
  'accept-encoding' => 'gzip, deflate',
  'referer' => 'http://csgxjk.com/wx/device/work/4',
  'content-type' => 'application/x-www-form-urlencoded; charset=UTF-8',
  'user-agent' => 'Mozilla/5.0 (Linux; Android 6.0; Nexus 5 Build/MRA58N) AppleWebKit/537.36 (KHTML, like Gecko) Chrome/48.0.2564.23 Mobile Safari/537.36',
  'x-requested-with' => 'XMLHttpRequest',
  'origin' => 'http://csgxjk.com',
  'accept' => '*/*',
  'content-length' => '14',
  'connection' => 'keep-alive',
  'host' => 'csgxjk.com',
)
[ info ] [ PARAM ] array (
  'did' => '4',
  'mealid' => '3',
)
[ info ] [ DB ] INIT mysql
[ sql ] [ DB ] CONNECT:[ UseTime:0.000567s ] mysql:host=127.0.0.1;port=3306;dbname=liangzi;charset=utf8mb4
[ sql ] [ SQL ] SHOW COLUMNS FROM `h_meal` [ RunTime:0.001349s ]
[ sql ] [ SQL ] SELECT * FROM `h_meal` WHERE  `id` = 3 LIMIT 1 [ RunTime:0.000337s ]
---------------------------------------------------------------
[2019-06-01T11:25:13+08:00] 39.96.87.22 POST csgxjk.com/api/device/100/work
[运行时间：0.026002s] [吞吐率：38.46req/s] [内存消耗：3,251.16kb] [文件加载：86]
[ info ] [ LANG ] /data/www/csgx2/thinkphp/lang/zh-cn.php
[ info ] [ ROUTE ] array (
  'rule' => 'api/device/100/work',
  'route' => 'api/api100/work',
  'option' => 
  array (
    'merge_rule_regex' => false,
  ),
  'var' => 
  array (
  ),
)
[ info ] [ HEADER ] array (
  'content-type' => 'application/x-www-form-urlencoded',
  'content-length' => '122',
  'accept' => '*/*',
  'host' => 'csgxjk.com',
  'user-agent' => 'Mozilla/5.0 (Linux; Android 6.0; Nexus 5 Build/MRA58N) AppleWebKit/537.36 (KHTML, like Gecko) Chrome/48.0.2564.23 Mobile Safari/537.36',
)
[ info ] [ PARAM ] array (
  'appid' => '1',
  'secret' => 'csgx@xt@eUmkdL#2H',
  'timestamp' => '1559359513',
  'devid' => '4',
  'command' => 'start',
  'long' => '180',
  'sign' => '470ad300af98b8bc1b87d0faf82b0593',
)
[ info ] [ DB ] INIT mysql
[ sql ] [ DB ] CONNECT:[ UseTime:0.000361s ] mysql:host=127.0.0.1;port=3306;dbname=liangzi;charset=utf8mb4
[ sql ] [ SQL ] SHOW COLUMNS FROM `bg_device` [ RunTime:0.001216s ]
[ sql ] [ SQL ] SELECT * FROM `bg_device` WHERE  `id` = 4 LIMIT 1 [ RunTime:0.000339s ]
---------------------------------------------------------------
[2019-06-01T11:25:13+08:00] 223.21.32.236 POST csgxjk.com/wx/device/bill.html
[运行时间：0.071860s] [吞吐率：13.92req/s] [内存消耗：3,689.13kb] [文件加载：134]
[ info ] [ LANG ] /data/www/csgx2/thinkphp/lang/zh-cn.php
[ info ] [ ROUTE ] array (
  'rule' => 'wx/device/bill',
  'route' => 'wxapi/device/bill',
  'option' => 
  array (
    'merge_rule_regex' => false,
  ),
  'var' => 
  array (
  ),
)
[ info ] [ HEADER ] array (
  'cookie' => 'ASPSESSIONID=hoc8gvpq7oku1rh9l45ifbotqp; thinkphp_show_page_trace=0|0',
  'accept-language' => 'zh-CN,zh;q=0.8,en;q=0.6,zh-TW;q=0.4',
  'accept-encoding' => 'gzip, deflate',
  'referer' => 'http://csgxjk.com/wx/device/work/4',
  'content-type' => 'application/x-www-form-urlencoded; charset=UTF-8',
  'user-agent' => 'Mozilla/5.0 (Linux; Android 6.0; Nexus 5 Build/MRA58N) AppleWebKit/537.36 (KHTML, like Gecko) Chrome/48.0.2564.23 Mobile Safari/537.36',
  'x-requested-with' => 'XMLHttpRequest',
  'origin' => 'http://csgxjk.com',
  'accept' => '*/*',
  'content-length' => '14',
  'connection' => 'keep-alive',
  'host' => 'csgxjk.com',
)
[ info ] [ PARAM ] array (
  'did' => '4',
  'mealid' => '3',
)
[ info ] [ DB ] INIT mysql
[ sql ] [ DB ] CONNECT:[ UseTime:0.000472s ] mysql:host=127.0.0.1;port=3306;dbname=liangzi;charset=utf8mb4
[ sql ] [ SQL ] SHOW COLUMNS FROM `h_meal` [ RunTime:0.001344s ]
[ sql ] [ SQL ] SELECT * FROM `h_meal` WHERE  `id` = 3 LIMIT 1 [ RunTime:0.000342s ]
---------------------------------------------------------------
[2019-06-01T11:27:09+08:00] 106.120.98.190 GET csgxjk.com/wx/device/work/4
[运行时间：0.034171s] [吞吐率：29.26req/s] [内存消耗：3,848.60kb] [文件加载：140]
[ info ] [ LANG ] /data/www/csgx2/thinkphp/lang/zh-cn.php
[ info ] [ ROUTE ] array (
  'rule' => 'wx/device/work/<id>',
  'route' => 'wxapi/device/work',
  'option' => 
  array (
    'merge_rule_regex' => false,
  ),
  'var' => 
  array (
    'id' => '4',
  ),
)
[ info ] [ HEADER ] array (
  'connection' => 'keep-alive',
  'accept-encoding' => 'gzip, deflate',
  'accept-language' => 'zh-cn',
  'user-agent' => 'Mozilla/5.0 (iPhone; CPU iPhone OS 12_2 like Mac OS X) AppleWebKit/605.1.15 (KHTML, like Gecko) Mobile/15E148 MicroMessenger/7.0.4(0x17000428) NetType/WIFI Language/zh_CN',
  'cookie' => 'thinkphp_show_page_trace=0|0',
  'upgrade-insecure-requests' => '1',
  'accept' => 'text/html,application/xhtml+xml,application/xml;q=0.9,*/*;q=0.8',
  'host' => 'csgxjk.com',
  'content-type' => '',
  'content-length' => '',
)
[ info ] [ PARAM ] array (
  'id' => '4',
)
[ info ] [ DB ] INIT mysql
[ info ] [ VIEW ] /data/www/csgx2/application/wxapi/view/device_work.php [ array (
  0 => 'dev',
  1 => 'setmeal',
) ]
[ sql ] [ DB ] CONNECT:[ UseTime:0.000465s ] mysql:host=127.0.0.1;port=3306;dbname=liangzi;charset=utf8mb4
[ sql ] [ SQL ] SHOW COLUMNS FROM `bg_device` [ RunTime:0.001422s ]
[ sql ] [ SQL ] SELECT * FROM `bg_device` WHERE  `id` = 4 LIMIT 1 [ RunTime:0.000382s ]
[ sql ] [ SQL ] SHOW COLUMNS FROM `h_meal` [ RunTime:0.001045s ]
[ sql ] [ SQL ] SELECT * FROM `h_meal` WHERE  `id` IN (1,2,3) [ RunTime:0.000343s ]
---------------------------------------------------------------
[2019-06-01T11:27:10+08:00] 39.96.87.22 POST csgxjk.com/api/device/100/work
[运行时间：0.034134s] [吞吐率：29.30req/s] [内存消耗：3,229.11kb] [文件加载：87]
[ info ] [ LANG ] /data/www/csgx2/thinkphp/lang/zh-cn.php
[ info ] [ ROUTE ] array (
  'rule' => 'api/device/100/work',
  'route' => 'api/api100/work',
  'option' => 
  array (
    'merge_rule_regex' => false,
  ),
  'var' => 
  array (
  ),
)
[ info ] [ HEADER ] array (
  'content-type' => 'application/x-www-form-urlencoded',
  'content-length' => '122',
  'accept' => '*/*',
  'host' => 'csgxjk.com',
  'user-agent' => 'Mozilla/5.0 (iPhone; CPU iPhone OS 12_2 like Mac OS X) AppleWebKit/605.1.15 (KHTML, like Gecko) Mobile/15E148 MicroMessenger/7.0.4(0x17000428) NetType/WIFI Language/zh_CN',
)
[ info ] [ PARAM ] array (
  'appid' => '1',
  'secret' => 'csgx@xt@eUmkdL#2H',
  'timestamp' => '1559359630',
  'devid' => '4',
  'command' => 'start',
  'long' => '300',
  'sign' => 'f296dc3c10d6763125df077d84b90fb5',
)
[ info ] [ DB ] INIT mysql
[ sql ] [ DB ] CONNECT:[ UseTime:0.000397s ] mysql:host=127.0.0.1;port=3306;dbname=liangzi;charset=utf8mb4
[ sql ] [ SQL ] SHOW COLUMNS FROM `bg_device` [ RunTime:0.001242s ]
[ sql ] [ SQL ] SELECT * FROM `bg_device` WHERE  `id` = 4 LIMIT 1 [ RunTime:0.000365s ]
[ sql ] [ SQL ] SHOW COLUMNS FROM `record_api` [ RunTime:0.000979s ]
[ sql ] [ SQL ] INSERT INTO `record_api` (`appid` , `devid` , `start_time` , `long`) VALUES (1 , 4 , 1559359630 , 300) [ RunTime:0.000307s ]
---------------------------------------------------------------
[2019-06-01T11:27:10+08:00] 106.120.98.190 POST csgxjk.com/wx/device/bill.html
[运行时间：0.072081s] [吞吐率：13.87req/s] [内存消耗：3,703.88kb] [文件加载：135]
[ info ] [ LANG ] /data/www/csgx2/thinkphp/lang/zh-cn.php
[ info ] [ ROUTE ] array (
  'rule' => 'wx/device/bill',
  'route' => 'wxapi/device/bill',
  'option' => 
  array (
    'merge_rule_regex' => false,
  ),
  'var' => 
  array (
  ),
)
[ info ] [ HEADER ] array (
  'x-requested-with' => 'XMLHttpRequest',
  'content-length' => '14',
  'referer' => 'http://csgxjk.com/wx/device/work/4',
  'user-agent' => 'Mozilla/5.0 (iPhone; CPU iPhone OS 12_2 like Mac OS X) AppleWebKit/605.1.15 (KHTML, like Gecko) Mobile/15E148 MicroMessenger/7.0.4(0x17000428) NetType/WIFI Language/zh_CN',
  'accept' => '*/*',
  'connection' => 'keep-alive',
  'accept-encoding' => 'gzip, deflate',
  'accept-language' => 'zh-cn',
  'origin' => 'http://csgxjk.com',
  'content-type' => 'application/x-www-form-urlencoded; charset=UTF-8',
  'host' => 'csgxjk.com',
)
[ info ] [ PARAM ] array (
  'did' => '4',
  'mealid' => '1',
)
[ info ] [ DB ] INIT mysql
[ sql ] [ DB ] CONNECT:[ UseTime:0.000487s ] mysql:host=127.0.0.1;port=3306;dbname=liangzi;charset=utf8mb4
[ sql ] [ SQL ] SHOW COLUMNS FROM `h_meal` [ RunTime:0.001336s ]
[ sql ] [ SQL ] SELECT * FROM `h_meal` WHERE  `id` = 1 LIMIT 1 [ RunTime:0.000326s ]
---------------------------------------------------------------
[2019-06-01T11:27:21+08:00] 39.96.87.22 POST csgxjk.com/api/device/100/work
[运行时间：0.026575s] [吞吐率：37.63req/s] [内存消耗：3,251.16kb] [文件加载：86]
[ info ] [ LANG ] /data/www/csgx2/thinkphp/lang/zh-cn.php
[ info ] [ ROUTE ] array (
  'rule' => 'api/device/100/work',
  'route' => 'api/api100/work',
  'option' => 
  array (
    'merge_rule_regex' => false,
  ),
  'var' => 
  array (
  ),
)
[ info ] [ HEADER ] array (
  'content-type' => 'application/x-www-form-urlencoded',
  'content-length' => '122',
  'accept' => '*/*',
  'host' => 'csgxjk.com',
  'user-agent' => 'Mozilla/5.0 (iPhone; CPU iPhone OS 12_2 like Mac OS X) AppleWebKit/605.1.15 (KHTML, like Gecko) Mobile/15E148 MicroMessenger/7.0.4(0x17000428) NetType/WIFI Language/zh_CN',
)
[ info ] [ PARAM ] array (
  'appid' => '1',
  'secret' => 'csgx@xt@eUmkdL#2H',
  'timestamp' => '1559359641',
  'devid' => '4',
  'command' => 'start',
  'long' => '600',
  'sign' => 'f7c4f9b10947771d45dba10e53457cf9',
)
[ info ] [ DB ] INIT mysql
[ sql ] [ DB ] CONNECT:[ UseTime:0.000414s ] mysql:host=127.0.0.1;port=3306;dbname=liangzi;charset=utf8mb4
[ sql ] [ SQL ] SHOW COLUMNS FROM `bg_device` [ RunTime:0.001271s ]
[ sql ] [ SQL ] SELECT * FROM `bg_device` WHERE  `id` = 4 LIMIT 1 [ RunTime:0.000382s ]
---------------------------------------------------------------
[2019-06-01T11:27:21+08:00] 106.120.98.190 POST csgxjk.com/wx/device/bill.html
[运行时间：0.064608s] [吞吐率：15.48req/s] [内存消耗：3,688.60kb] [文件加载：134]
[ info ] [ LANG ] /data/www/csgx2/thinkphp/lang/zh-cn.php
[ info ] [ ROUTE ] array (
  'rule' => 'wx/device/bill',
  'route' => 'wxapi/device/bill',
  'option' => 
  array (
    'merge_rule_regex' => false,
  ),
  'var' => 
  array (
  ),
)
[ info ] [ HEADER ] array (
  'x-requested-with' => 'XMLHttpRequest',
  'content-length' => '14',
  'referer' => 'http://csgxjk.com/wx/device/work/4',
  'user-agent' => 'Mozilla/5.0 (iPhone; CPU iPhone OS 12_2 like Mac OS X) AppleWebKit/605.1.15 (KHTML, like Gecko) Mobile/15E148 MicroMessenger/7.0.4(0x17000428) NetType/WIFI Language/zh_CN',
  'accept' => '*/*',
  'connection' => 'keep-alive',
  'accept-encoding' => 'gzip, deflate',
  'accept-language' => 'zh-cn',
  'origin' => 'http://csgxjk.com',
  'content-type' => 'application/x-www-form-urlencoded; charset=UTF-8',
  'host' => 'csgxjk.com',
)
[ info ] [ PARAM ] array (
  'did' => '4',
  'mealid' => '2',
)
[ info ] [ DB ] INIT mysql
[ sql ] [ DB ] CONNECT:[ UseTime:0.000514s ] mysql:host=127.0.0.1;port=3306;dbname=liangzi;charset=utf8mb4
[ sql ] [ SQL ] SHOW COLUMNS FROM `h_meal` [ RunTime:0.001394s ]
[ sql ] [ SQL ] SELECT * FROM `h_meal` WHERE  `id` = 2 LIMIT 1 [ RunTime:0.000343s ]
---------------------------------------------------------------
[2019-06-01T11:36:16+08:00] 115.171.244.70 GET csgxjk.com/wx/device/work/4
[运行时间：0.034652s] [吞吐率：28.86req/s] [内存消耗：3,849.44kb] [文件加载：140]
[ info ] [ LANG ] /data/www/csgx2/thinkphp/lang/zh-cn.php
[ info ] [ ROUTE ] array (
  'rule' => 'wx/device/work/<id>',
  'route' => 'wxapi/device/work',
  'option' => 
  array (
    'merge_rule_regex' => false,
  ),
  'var' => 
  array (
    'id' => '4',
  ),
)
[ info ] [ HEADER ] array (
  'x-forwarded-for-pound' => '115.171.244.70',
  'x-forwarded-for' => '115.171.244.70',
  'user-agent' => 'Mozilla/5.0 (Linux; Android 7.1.1; OPPO R11 Build/NMF26X; wv) AppleWebKit/537.36 (KHTML, like Gecko) Version/4.0 Chrome/66.0.3359.126 MQQBrowser/6.2 TBS/044704 Mobile Safari/537.36 MMWEBID/9384 MicroMessenger/7.0.4.1420(0x2700043B) Process/tools NetType/WIFI Language/zh_CN',
  'upgrade-insecure-requests' => '1',
  'host' => 'csgxjk.com',
  'cookie' => 'thinkphp_show_page_trace=0|0',
  'connection' => 'close',
  'accept-language' => 'zh-CN,en-US;q=0.9',
  'accept-encoding' => 'gzip',
  'accept' => 'text/html,application/xhtml+xml,application/xml;q=0.9,image/webp,image/apng,image/wxpic,image/sharpp,image/apng,image/tpg,*/*;q=0.8',
  'content-type' => '',
  'content-length' => '',
)
[ info ] [ PARAM ] array (
  'id' => '4',
)
[ info ] [ DB ] INIT mysql
[ info ] [ VIEW ] /data/www/csgx2/application/wxapi/view/device_work.php [ array (
  0 => 'dev',
  1 => 'setmeal',
) ]
[ sql ] [ DB ] CONNECT:[ UseTime:0.000480s ] mysql:host=127.0.0.1;port=3306;dbname=liangzi;charset=utf8mb4
[ sql ] [ SQL ] SHOW COLUMNS FROM `bg_device` [ RunTime:0.001474s ]
[ sql ] [ SQL ] SELECT * FROM `bg_device` WHERE  `id` = 4 LIMIT 1 [ RunTime:0.000354s ]
[ sql ] [ SQL ] SHOW COLUMNS FROM `h_meal` [ RunTime:0.001022s ]
[ sql ] [ SQL ] SELECT * FROM `h_meal` WHERE  `id` IN (1,2,3) [ RunTime:0.000341s ]
---------------------------------------------------------------
[2019-06-01T11:36:19+08:00] 39.96.87.22 POST csgxjk.com/api/device/100/work
[运行时间：0.034624s] [吞吐率：28.88req/s] [内存消耗：3,229.48kb] [文件加载：87]
[ info ] [ LANG ] /data/www/csgx2/thinkphp/lang/zh-cn.php
[ info ] [ ROUTE ] array (
  'rule' => 'api/device/100/work',
  'route' => 'api/api100/work',
  'option' => 
  array (
    'merge_rule_regex' => false,
  ),
  'var' => 
  array (
  ),
)
[ info ] [ HEADER ] array (
  'content-type' => 'application/x-www-form-urlencoded',
  'content-length' => '122',
  'accept' => '*/*',
  'host' => 'csgxjk.com',
  'user-agent' => 'Mozilla/5.0 (Linux; Android 7.1.1; OPPO R11 Build/NMF26X; wv) AppleWebKit/537.36 (KHTML, like Gecko) Version/4.0 Chrome/66.0.3359.126 MQQBrowser/6.2 TBS/044704 Mobile Safari/537.36 MMWEBID/9384 MicroMessenger/7.0.4.1420(0x2700043B) Process/tools NetType/WIFI Language/zh_CN',
)
[ info ] [ PARAM ] array (
  'appid' => '1',
  'secret' => 'csgx@xt@eUmkdL#2H',
  'timestamp' => '1559360179',
  'devid' => '4',
  'command' => 'start',
  'long' => '600',
  'sign' => '63d52c97b8a027472fa0ab3c496a16c8',
)
[ info ] [ DB ] INIT mysql
[ sql ] [ DB ] CONNECT:[ UseTime:0.000448s ] mysql:host=127.0.0.1;port=3306;dbname=liangzi;charset=utf8mb4
[ sql ] [ SQL ] SHOW COLUMNS FROM `bg_device` [ RunTime:0.001389s ]
[ sql ] [ SQL ] SELECT * FROM `bg_device` WHERE  `id` = 4 LIMIT 1 [ RunTime:0.000380s ]
[ sql ] [ SQL ] SHOW COLUMNS FROM `record_api` [ RunTime:0.001023s ]
[ sql ] [ SQL ] INSERT INTO `record_api` (`appid` , `devid` , `start_time` , `long`) VALUES (1 , 4 , 1559360179 , 600) [ RunTime:0.000409s ]
---------------------------------------------------------------
[2019-06-01T11:36:19+08:00] 115.171.244.70 POST csgxjk.com/wx/device/bill.html
[运行时间：0.129810s] [吞吐率：7.70req/s] [内存消耗：3,704.71kb] [文件加载：135]
[ info ] [ LANG ] /data/www/csgx2/thinkphp/lang/zh-cn.php
[ info ] [ ROUTE ] array (
  'rule' => 'wx/device/bill',
  'route' => 'wxapi/device/bill',
  'option' => 
  array (
    'merge_rule_regex' => false,
  ),
  'var' => 
  array (
  ),
)
[ info ] [ HEADER ] array (
  'x-requested-with' => 'XMLHttpRequest',
  'x-forwarded-for-pound' => '115.171.244.70',
  'x-forwarded-for' => '115.171.244.70',
  'user-agent' => 'Mozilla/5.0 (Linux; Android 7.1.1; OPPO R11 Build/NMF26X; wv) AppleWebKit/537.36 (KHTML, like Gecko) Version/4.0 Chrome/66.0.3359.126 MQQBrowser/6.2 TBS/044704 Mobile Safari/537.36 MMWEBID/9384 MicroMessenger/7.0.4.1420(0x2700043B) Process/tools NetType/WIFI Language/zh_CN',
  'referer' => 'http://csgxjk.com/wx/device/work/4',
  'origin' => 'http://csgxjk.com',
  'host' => 'csgxjk.com',
  'content-type' => 'application/x-www-form-urlencoded; charset=UTF-8',
  'content-length' => '14',
  'connection' => 'close',
  'accept-language' => 'zh-CN,en-US;q=0.9',
  'accept-encoding' => 'gzip',
  'accept' => '*/*',
)
[ info ] [ PARAM ] array (
  'did' => '4',
  'mealid' => '2',
)
[ info ] [ DB ] INIT mysql
[ sql ] [ DB ] CONNECT:[ UseTime:0.000477s ] mysql:host=127.0.0.1;port=3306;dbname=liangzi;charset=utf8mb4
[ sql ] [ SQL ] SHOW COLUMNS FROM `h_meal` [ RunTime:0.001436s ]
[ sql ] [ SQL ] SELECT * FROM `h_meal` WHERE  `id` = 2 LIMIT 1 [ RunTime:0.000334s ]
---------------------------------------------------------------
[2019-06-01T12:34:39+08:00] 201.13.41.53 GET 39.96.87.22:80/
[运行时间：0.017138s] [吞吐率：58.35req/s] [内存消耗：1,984.26kb] [文件加载：70]
[ info ] [ LANG ] /data/www/csgx2/thinkphp/lang/zh-cn.php
[ info ] [ ROUTE ] array (
)
[ info ] [ HEADER ] array (
  'content-length' => '0',
  'user-agent' => 'Mozilla/5.0 (Windows NT 6.1; WOW64) AppleWebKit/537.36 (KHTML, like Gecko) Chrome/52.0.2743.116 Safari/537.36',
  'host' => '39.96.87.22:80',
  'content-type' => '',
)
[ info ] [ PARAM ] array (
)
---------------------------------------------------------------
[2019-06-01T13:13:23+08:00] 2.181.31.60 GET 39.96.87.22:80/
[运行时间：0.016519s] [吞吐率：60.54req/s] [内存消耗：1,984.26kb] [文件加载：70]
[ info ] [ LANG ] /data/www/csgx2/thinkphp/lang/zh-cn.php
[ info ] [ ROUTE ] array (
)
[ info ] [ HEADER ] array (
  'content-length' => '0',
  'user-agent' => 'Mozilla/5.0 (Windows NT 10.0; WOW64) AppleWebKit/537.36 (KHTML, like Gecko) Chrome/51.0.2704.103 Safari/537.36',
  'host' => '39.96.87.22:80',
  'content-type' => '',
)
[ info ] [ PARAM ] array (
)
---------------------------------------------------------------
[2019-06-01T13:18:39+08:00] 115.171.244.70 GET csgxjk.com/wx/device/work/4
[运行时间：0.034521s] [吞吐率：28.97req/s] [内存消耗：3,848.32kb] [文件加载：140]
[ info ] [ LANG ] /data/www/csgx2/thinkphp/lang/zh-cn.php
[ info ] [ ROUTE ] array (
  'rule' => 'wx/device/work/<id>',
  'route' => 'wxapi/device/work',
  'option' => 
  array (
    'merge_rule_regex' => false,
  ),
  'var' => 
  array (
    'id' => '4',
  ),
)
[ info ] [ HEADER ] array (
  'connection' => 'keep-alive',
  'accept-encoding' => 'gzip, deflate',
  'accept-language' => 'zh-cn',
  'user-agent' => 'Mozilla/5.0 (iPhone; CPU iPhone OS 12_2 like Mac OS X) AppleWebKit/605.1.15 (KHTML, like Gecko) Mobile/15E148 MicroMessenger/7.0.4(0x17000428) NetType/WIFI Language/zh_CN',
  'accept' => 'text/html,application/xhtml+xml,application/xml;q=0.9,*/*;q=0.8',
  'upgrade-insecure-requests' => '1',
  'host' => 'csgxjk.com',
  'content-type' => '',
  'content-length' => '',
)
[ info ] [ PARAM ] array (
  'id' => '4',
)
[ info ] [ DB ] INIT mysql
[ info ] [ VIEW ] /data/www/csgx2/application/wxapi/view/device_work.php [ array (
  0 => 'dev',
  1 => 'setmeal',
) ]
[ sql ] [ DB ] CONNECT:[ UseTime:0.000462s ] mysql:host=127.0.0.1;port=3306;dbname=liangzi;charset=utf8mb4
[ sql ] [ SQL ] SHOW COLUMNS FROM `bg_device` [ RunTime:0.001352s ]
[ sql ] [ SQL ] SELECT * FROM `bg_device` WHERE  `id` = 4 LIMIT 1 [ RunTime:0.000354s ]
[ sql ] [ SQL ] SHOW COLUMNS FROM `h_meal` [ RunTime:0.001012s ]
[ sql ] [ SQL ] SELECT * FROM `h_meal` WHERE  `id` IN (1,2,3) [ RunTime:0.000323s ]
---------------------------------------------------------------
[2019-06-01T13:56:17+08:00] 86.123.53.247 GET 39.96.87.22:80/
[运行时间：0.015731s] [吞吐率：63.57req/s] [内存消耗：1,984.26kb] [文件加载：70]
[ info ] [ LANG ] /data/www/csgx2/thinkphp/lang/zh-cn.php
[ info ] [ ROUTE ] array (
)
[ info ] [ HEADER ] array (
  'content-length' => '0',
  'user-agent' => 'Mozilla/5.0 (Windows NT 6.1; WOW64) AppleWebKit/537.36 (KHTML, like Gecko) Chrome/52.0.2743.116 Safari/537.36',
  'host' => '39.96.87.22:80',
  'content-type' => '',
)
[ info ] [ PARAM ] array (
)
---------------------------------------------------------------
[2019-06-01T14:07:03+08:00] 61.155.157.2 GET www.csgxjk.com/
[运行时间：0.016771s] [吞吐率：59.63req/s] [内存消耗：1,984.72kb] [文件加载：70]
[ info ] [ LANG ] /data/www/csgx2/thinkphp/lang/zh-cn.php
[ info ] [ ROUTE ] array (
)
[ info ] [ HEADER ] array (
  'connection' => 'keep-alive',
  'accept' => 'text/html, image/gif, image/jpeg, *; q=.2, */*; q=.2',
  'host' => 'www.csgxjk.com',
  'user-agent' => 'Mozilla/5.0 (Macintosh; Intel Mac OS X 10_11_6) AppleWebKit/537.36 (KHTML, like Gecko) Chrome/53.0.2785.143 Safari/537.36',
  'accept-encoding' => 'gzip',
  'content-type' => '',
  'content-length' => '',
)
[ info ] [ PARAM ] array (
)
---------------------------------------------------------------
[2019-06-01T14:07:03+08:00] 61.155.157.2 GET www.csgxjk.com/
[运行时间：0.016618s] [吞吐率：60.18req/s] [内存消耗：1,984.72kb] [文件加载：70]
[ info ] [ LANG ] /data/www/csgx2/thinkphp/lang/zh-cn.php
[ info ] [ ROUTE ] array (
)
[ info ] [ HEADER ] array (
  'connection' => 'keep-alive',
  'accept' => 'text/html, image/gif, image/jpeg, *; q=.2, */*; q=.2',
  'host' => 'www.csgxjk.com',
  'user-agent' => 'Mozilla/5.0 (Macintosh; Intel Mac OS X 10_11_6) AppleWebKit/537.36 (KHTML, like Gecko) Chrome/53.0.2785.143 Safari/537.36',
  'accept-encoding' => 'gzip',
  'content-type' => '',
  'content-length' => '',
)
[ info ] [ PARAM ] array (
)
---------------------------------------------------------------
[2019-06-01T14:37:19+08:00] 60.167.4.36 GET 39.96.87.22/phpmyadmin
[运行时间：0.015223s] [吞吐率：65.69req/s] [内存消耗：1,730.46kb] [文件加载：67]
[ info ] [ LANG ] /data/www/csgx2/thinkphp/lang/zh-cn.php
---------------------------------------------------------------
[2019-06-01T14:47:59+08:00] 60.169.44.222 GET 39.96.87.22/phpmyadmin
[运行时间：0.015147s] [吞吐率：66.02req/s] [内存消耗：1,730.46kb] [文件加载：67]
[ info ] [ LANG ] /data/www/csgx2/thinkphp/lang/zh-cn.php
---------------------------------------------------------------
[2019-06-01T14:52:12+08:00] 80.82.70.187 GET www.baidu.com/cache/global/img/gs.gif
[运行时间：0.015255s] [吞吐率：65.55req/s] [内存消耗：1,730.33kb] [文件加载：67]
[ info ] [ LANG ] /data/www/csgx2/thinkphp/lang/zh-cn.php
---------------------------------------------------------------
[2019-06-01T14:58:22+08:00] 95.213.177.125 POST check.proxyradar.com/azenv.php?auth=155937230287&a=PSCN&i=660625174&p=80
[运行时间：0.015354s] [吞吐率：65.13req/s] [内存消耗：1,730.60kb] [文件加载：67]
[ info ] [ LANG ] /data/www/csgx2/thinkphp/lang/zh-cn.php
---------------------------------------------------------------
[2019-06-01T15:20:48+08:00] 115.171.244.70 GET csgxjk.com/wx/device/work/4
[运行时间：0.035487s] [吞吐率：28.18req/s] [内存消耗：3,849.44kb] [文件加载：140]
[ info ] [ LANG ] /data/www/csgx2/thinkphp/lang/zh-cn.php
[ info ] [ ROUTE ] array (
  'rule' => 'wx/device/work/<id>',
  'route' => 'wxapi/device/work',
  'option' => 
  array (
    'merge_rule_regex' => false,
  ),
  'var' => 
  array (
    'id' => '4',
  ),
)
[ info ] [ HEADER ] array (
  'x-forwarded-for-pound' => '115.171.244.70',
  'x-forwarded-for' => '115.171.244.70',
  'user-agent' => 'Mozilla/5.0 (Linux; Android 7.1.1; OPPO R11 Build/NMF26X; wv) AppleWebKit/537.36 (KHTML, like Gecko) Version/4.0 Chrome/66.0.3359.126 MQQBrowser/6.2 TBS/044704 Mobile Safari/537.36 MMWEBID/9384 MicroMessenger/7.0.4.1420(0x2700043B) Process/tools NetType/WIFI Language/zh_CN',
  'upgrade-insecure-requests' => '1',
  'host' => 'csgxjk.com',
  'cookie' => 'thinkphp_show_page_trace=0|0',
  'connection' => 'close',
  'accept-language' => 'zh-CN,en-US;q=0.9',
  'accept-encoding' => 'gzip',
  'accept' => 'text/html,application/xhtml+xml,application/xml;q=0.9,image/webp,image/apng,image/wxpic,image/sharpp,image/apng,image/tpg,*/*;q=0.8',
  'content-type' => '',
  'content-length' => '',
)
[ info ] [ PARAM ] array (
  'id' => '4',
)
[ info ] [ DB ] INIT mysql
[ info ] [ VIEW ] /data/www/csgx2/application/wxapi/view/device_work.php [ array (
  0 => 'dev',
  1 => 'setmeal',
) ]
[ sql ] [ DB ] CONNECT:[ UseTime:0.000485s ] mysql:host=127.0.0.1;port=3306;dbname=liangzi;charset=utf8mb4
[ sql ] [ SQL ] SHOW COLUMNS FROM `bg_device` [ RunTime:0.001377s ]
[ sql ] [ SQL ] SELECT * FROM `bg_device` WHERE  `id` = 4 LIMIT 1 [ RunTime:0.000353s ]
[ sql ] [ SQL ] SHOW COLUMNS FROM `h_meal` [ RunTime:0.001030s ]
[ sql ] [ SQL ] SELECT * FROM `h_meal` WHERE  `id` IN (1,2,3) [ RunTime:0.000332s ]
---------------------------------------------------------------
[2019-06-01T15:20:49+08:00] 39.96.87.22 POST csgxjk.com/api/device/100/work
[运行时间：0.034894s] [吞吐率：28.66req/s] [内存消耗：3,229.48kb] [文件加载：87]
[ info ] [ LANG ] /data/www/csgx2/thinkphp/lang/zh-cn.php
[ info ] [ ROUTE ] array (
  'rule' => 'api/device/100/work',
  'route' => 'api/api100/work',
  'option' => 
  array (
    'merge_rule_regex' => false,
  ),
  'var' => 
  array (
  ),
)
[ info ] [ HEADER ] array (
  'content-type' => 'application/x-www-form-urlencoded',
  'content-length' => '122',
  'accept' => '*/*',
  'host' => 'csgxjk.com',
  'user-agent' => 'Mozilla/5.0 (Linux; Android 7.1.1; OPPO R11 Build/NMF26X; wv) AppleWebKit/537.36 (KHTML, like Gecko) Version/4.0 Chrome/66.0.3359.126 MQQBrowser/6.2 TBS/044704 Mobile Safari/537.36 MMWEBID/9384 MicroMessenger/7.0.4.1420(0x2700043B) Process/tools NetType/WIFI Language/zh_CN',
)
[ info ] [ PARAM ] array (
  'appid' => '1',
  'secret' => 'csgx@xt@eUmkdL#2H',
  'timestamp' => '1559373649',
  'devid' => '4',
  'command' => 'start',
  'long' => '600',
  'sign' => 'ee25b7c66a492f73ce42c5ae3c4dc299',
)
[ info ] [ DB ] INIT mysql
[ sql ] [ DB ] CONNECT:[ UseTime:0.000463s ] mysql:host=127.0.0.1;port=3306;dbname=liangzi;charset=utf8mb4
[ sql ] [ SQL ] SHOW COLUMNS FROM `bg_device` [ RunTime:0.001376s ]
[ sql ] [ SQL ] SELECT * FROM `bg_device` WHERE  `id` = 4 LIMIT 1 [ RunTime:0.000367s ]
[ sql ] [ SQL ] SHOW COLUMNS FROM `record_api` [ RunTime:0.001017s ]
[ sql ] [ SQL ] INSERT INTO `record_api` (`appid` , `devid` , `start_time` , `long`) VALUES (1 , 4 , 1559373649 , 600) [ RunTime:0.000299s ]
---------------------------------------------------------------
[2019-06-01T15:20:49+08:00] 115.171.244.70 POST csgxjk.com/wx/device/bill.html
[运行时间：0.081686s] [吞吐率：12.24req/s] [内存消耗：3,704.71kb] [文件加载：135]
[ info ] [ LANG ] /data/www/csgx2/thinkphp/lang/zh-cn.php
[ info ] [ ROUTE ] array (
  'rule' => 'wx/device/bill',
  'route' => 'wxapi/device/bill',
  'option' => 
  array (
    'merge_rule_regex' => false,
  ),
  'var' => 
  array (
  ),
)
[ info ] [ HEADER ] array (
  'x-requested-with' => 'XMLHttpRequest',
  'x-forwarded-for-pound' => '115.171.244.70',
  'x-forwarded-for' => '115.171.244.70',
  'user-agent' => 'Mozilla/5.0 (Linux; Android 7.1.1; OPPO R11 Build/NMF26X; wv) AppleWebKit/537.36 (KHTML, like Gecko) Version/4.0 Chrome/66.0.3359.126 MQQBrowser/6.2 TBS/044704 Mobile Safari/537.36 MMWEBID/9384 MicroMessenger/7.0.4.1420(0x2700043B) Process/tools NetType/WIFI Language/zh_CN',
  'referer' => 'http://csgxjk.com/wx/device/work/4',
  'origin' => 'http://csgxjk.com',
  'host' => 'csgxjk.com',
  'content-type' => 'application/x-www-form-urlencoded; charset=UTF-8',
  'content-length' => '14',
  'connection' => 'close',
  'accept-language' => 'zh-CN,en-US;q=0.9',
  'accept-encoding' => 'gzip',
  'accept' => '*/*',
)
[ info ] [ PARAM ] array (
  'did' => '4',
  'mealid' => '2',
)
[ info ] [ DB ] INIT mysql
[ sql ] [ DB ] CONNECT:[ UseTime:0.000591s ] mysql:host=127.0.0.1;port=3306;dbname=liangzi;charset=utf8mb4
[ sql ] [ SQL ] SHOW COLUMNS FROM `h_meal` [ RunTime:0.001376s ]
[ sql ] [ SQL ] SELECT * FROM `h_meal` WHERE  `id` = 2 LIMIT 1 [ RunTime:0.000338s ]
---------------------------------------------------------------
[2019-06-01T15:59:57+08:00] 107.170.195.227 GET 39.96.87.22/
[运行时间：0.016758s] [吞吐率：59.67req/s] [内存消耗：1,984.03kb] [文件加载：70]
[ info ] [ LANG ] /data/www/csgx2/thinkphp/lang/zh-cn.php
[ info ] [ ROUTE ] array (
)
[ info ] [ HEADER ] array (
  'accept-encoding' => 'gzip',
  'accept' => '*/*',
  'user-agent' => 'Mozilla/5.0 zgrab/0.x',
  'host' => '39.96.87.22',
  'content-type' => '',
  'content-length' => '',
)
[ info ] [ PARAM ] array (
)
---------------------------------------------------------------
[2019-06-01T16:30:33+08:00] 154.126.178.34 GET 39.96.87.22:80/
[运行时间：0.017331s] [吞吐率：57.70req/s] [内存消耗：1,984.26kb] [文件加载：70]
[ info ] [ LANG ] /data/www/csgx2/thinkphp/lang/zh-cn.php
[ info ] [ ROUTE ] array (
)
[ info ] [ HEADER ] array (
  'content-length' => '0',
  'user-agent' => 'Mozilla/5.0 (Windows NT 6.1; WOW64) AppleWebKit/537.36 (KHTML, like Gecko) Chrome/51.0.2704.103 Safari/537.36',
  'host' => '39.96.87.22:80',
  'content-type' => '',
)
[ info ] [ PARAM ] array (
)
---------------------------------------------------------------
[2019-06-01T16:34:57+08:00] 47.52.244.24 GET 39.96.87.22:80/webdav/
[运行时间：0.015095s] [吞吐率：66.25req/s] [内存消耗：1,730.35kb] [文件加载：67]
[ info ] [ LANG ] /data/www/csgx2/thinkphp/lang/zh-cn.php
---------------------------------------------------------------
[2019-06-01T18:49:24+08:00] 45.252.248.14 GET csgxjk.com/wp-login.php
[运行时间：0.014813s] [吞吐率：67.51req/s] [内存消耗：1,730.32kb] [文件加载：67]
[ info ] [ LANG ] /data/www/csgx2/thinkphp/lang/zh-cn.php
---------------------------------------------------------------
[2019-06-01T18:53:54+08:00] 113.68.239.173 GET csgxjk.com/wx/device/work/2
[运行时间：0.035376s] [吞吐率：28.27req/s] [内存消耗：3,847.20kb] [文件加载：140]
[ info ] [ LANG ] /data/www/csgx2/thinkphp/lang/zh-cn.php
[ info ] [ ROUTE ] array (
  'rule' => 'wx/device/work/<id>',
  'route' => 'wxapi/device/work',
  'option' => 
  array (
    'merge_rule_regex' => false,
  ),
  'var' => 
  array (
    'id' => '2',
  ),
)
[ info ] [ HEADER ] array (
  'x-forwarded-for-pound' => '113.68.239.173',
  'x-forwarded-for' => '113.68.239.173',
  'user-agent' => 'Mozilla/5.0 (Linux; Android 9; MAR-AL00 Build/HUAWEIMAR-AL00; wv) AppleWebKit/537.36 (KHTML, like Gecko) Version/4.0 Chrome/66.0.3359.126 MQQBrowser/6.2 TBS/044704 Mobile Safari/537.36 MMWEBID/8937 MicroMessenger/7.0.4.1420(0x2700043B) Process/tools NetType/WIFI Language/zh_CN',
  'upgrade-insecure-requests' => '1',
  'host' => 'csgxjk.com',
  'connection' => 'close',
  'accept-language' => 'zh-CN,en-US;q=0.9',
  'accept-encoding' => 'gzip',
  'accept' => 'text/html,application/xhtml+xml,application/xml;q=0.9,image/webp,image/apng,image/wxpic,image/sharpp,image/apng,image/tpg,*/*;q=0.8',
  'content-type' => '',
  'content-length' => '',
)
[ info ] [ PARAM ] array (
  'id' => '2',
)
[ info ] [ DB ] INIT mysql
[ info ] [ VIEW ] /data/www/csgx2/application/wxapi/view/device_work.php [ array (
  0 => 'dev',
  1 => 'setmeal',
) ]
[ sql ] [ DB ] CONNECT:[ UseTime:0.000505s ] mysql:host=127.0.0.1;port=3306;dbname=liangzi;charset=utf8mb4
[ sql ] [ SQL ] SHOW COLUMNS FROM `bg_device` [ RunTime:0.001392s ]
[ sql ] [ SQL ] SELECT * FROM `bg_device` WHERE  `id` = 2 LIMIT 1 [ RunTime:0.000373s ]
[ sql ] [ SQL ] SHOW COLUMNS FROM `h_meal` [ RunTime:0.001044s ]
[ sql ] [ SQL ] SELECT * FROM `h_meal` WHERE  `id` IN (2,1) [ RunTime:0.000344s ]
---------------------------------------------------------------
[2019-06-01T18:53:59+08:00] 39.96.87.22 POST csgxjk.com/api/device/100/work
[运行时间：0.034142s] [吞吐率：29.29req/s] [内存消耗：3,229.48kb] [文件加载：87]
[ info ] [ LANG ] /data/www/csgx2/thinkphp/lang/zh-cn.php
[ info ] [ ROUTE ] array (
  'rule' => 'api/device/100/work',
  'route' => 'api/api100/work',
  'option' => 
  array (
    'merge_rule_regex' => false,
  ),
  'var' => 
  array (
  ),
)
[ info ] [ HEADER ] array (
  'content-type' => 'application/x-www-form-urlencoded',
  'content-length' => '122',
  'accept' => '*/*',
  'host' => 'csgxjk.com',
  'user-agent' => 'Mozilla/5.0 (Linux; Android 9; MAR-AL00 Build/HUAWEIMAR-AL00; wv) AppleWebKit/537.36 (KHTML, like Gecko) Version/4.0 Chrome/66.0.3359.126 MQQBrowser/6.2 TBS/044704 Mobile Safari/537.36 MMWEBID/8937 MicroMessenger/7.0.4.1420(0x2700043B) Process/tools NetType/WIFI Language/zh_CN',
)
[ info ] [ PARAM ] array (
  'appid' => '1',
  'secret' => 'csgx@xt@eUmkdL#2H',
  'timestamp' => '1559386439',
  'devid' => '2',
  'command' => 'start',
  'long' => '300',
  'sign' => '3dacf4f2b47588bb80ef795b721bb743',
)
[ info ] [ DB ] INIT mysql
[ sql ] [ DB ] CONNECT:[ UseTime:0.000414s ] mysql:host=127.0.0.1;port=3306;dbname=liangzi;charset=utf8mb4
[ sql ] [ SQL ] SHOW COLUMNS FROM `bg_device` [ RunTime:0.001269s ]
[ sql ] [ SQL ] SELECT * FROM `bg_device` WHERE  `id` = 2 LIMIT 1 [ RunTime:0.000369s ]
[ sql ] [ SQL ] SHOW COLUMNS FROM `record_api` [ RunTime:0.000991s ]
[ sql ] [ SQL ] INSERT INTO `record_api` (`appid` , `devid` , `start_time` , `long`) VALUES (1 , 2 , 1559386439 , 300) [ RunTime:0.000306s ]
---------------------------------------------------------------
[2019-06-01T18:53:59+08:00] 113.68.239.173 POST csgxjk.com/wx/device/bill.html
[运行时间：0.080214s] [吞吐率：12.47req/s] [内存消耗：3,704.71kb] [文件加载：135]
[ info ] [ LANG ] /data/www/csgx2/thinkphp/lang/zh-cn.php
[ info ] [ ROUTE ] array (
  'rule' => 'wx/device/bill',
  'route' => 'wxapi/device/bill',
  'option' => 
  array (
    'merge_rule_regex' => false,
  ),
  'var' => 
  array (
  ),
)
[ info ] [ HEADER ] array (
  'x-requested-with' => 'XMLHttpRequest',
  'x-forwarded-for-pound' => '113.68.239.173',
  'x-forwarded-for' => '113.68.239.173',
  'user-agent' => 'Mozilla/5.0 (Linux; Android 9; MAR-AL00 Build/HUAWEIMAR-AL00; wv) AppleWebKit/537.36 (KHTML, like Gecko) Version/4.0 Chrome/66.0.3359.126 MQQBrowser/6.2 TBS/044704 Mobile Safari/537.36 MMWEBID/8937 MicroMessenger/7.0.4.1420(0x2700043B) Process/tools NetType/WIFI Language/zh_CN',
  'referer' => 'http://csgxjk.com/wx/device/work/2',
  'origin' => 'http://csgxjk.com',
  'host' => 'csgxjk.com',
  'content-type' => 'application/x-www-form-urlencoded; charset=UTF-8',
  'content-length' => '14',
  'connection' => 'close',
  'accept-language' => 'zh-CN,en-US;q=0.9',
  'accept-encoding' => 'gzip',
  'accept' => '*/*',
)
[ info ] [ PARAM ] array (
  'did' => '2',
  'mealid' => '1',
)
[ info ] [ DB ] INIT mysql
[ sql ] [ DB ] CONNECT:[ UseTime:0.000502s ] mysql:host=127.0.0.1;port=3306;dbname=liangzi;charset=utf8mb4
[ sql ] [ SQL ] SHOW COLUMNS FROM `h_meal` [ RunTime:0.001339s ]
[ sql ] [ SQL ] SELECT * FROM `h_meal` WHERE  `id` = 1 LIMIT 1 [ RunTime:0.000355s ]
---------------------------------------------------------------
[2019-06-01T18:54:52+08:00] 101.91.60.105 GET csgxjk.com/wx/device/work/2
[运行时间：0.034354s] [吞吐率：29.11req/s] [内存消耗：3,845.70kb] [文件加载：140]
[ info ] [ LANG ] /data/www/csgx2/thinkphp/lang/zh-cn.php
[ info ] [ ROUTE ] array (
  'rule' => 'wx/device/work/<id>',
  'route' => 'wxapi/device/work',
  'option' => 
  array (
    'merge_rule_regex' => false,
  ),
  'var' => 
  array (
    'id' => '2',
  ),
)
[ info ] [ HEADER ] array (
  'connection' => 'keep-alive',
  'host' => 'csgxjk.com',
  'accept-language' => 'zh-CN,zh;q=0.8,en-US;q=0.6,en;q=0.4',
  'accept' => '*/*',
  'user-agent' => 'Mozilla/5.0 (Linux; Android 6.0.1; OPPO R9s Build/MMB29M) AppleWebKit/537.36 (KHTML, like Gecko) Version/4.0 Chrome/37.0.0.0 Mobile MQQBrowser/6.9 TBS/036906 Safari/537.36 MicroMessenger/6.5.4.1000 NetType/4G Language/zh_CN',
  'content-type' => '',
  'content-length' => '',
)
[ info ] [ PARAM ] array (
  'id' => '2',
)
[ info ] [ DB ] INIT mysql
[ info ] [ VIEW ] /data/www/csgx2/application/wxapi/view/device_work.php [ array (
  0 => 'dev',
  1 => 'setmeal',
) ]
[ sql ] [ DB ] CONNECT:[ UseTime:0.000466s ] mysql:host=127.0.0.1;port=3306;dbname=liangzi;charset=utf8mb4
[ sql ] [ SQL ] SHOW COLUMNS FROM `bg_device` [ RunTime:0.001384s ]
[ sql ] [ SQL ] SELECT * FROM `bg_device` WHERE  `id` = 2 LIMIT 1 [ RunTime:0.000350s ]
[ sql ] [ SQL ] SHOW COLUMNS FROM `h_meal` [ RunTime:0.001008s ]
[ sql ] [ SQL ] SELECT * FROM `h_meal` WHERE  `id` IN (2,1) [ RunTime:0.000335s ]
---------------------------------------------------------------
[2019-06-01T19:01:12+08:00] 39.96.87.22 POST csgxjk.com/api/device/100/work
[运行时间：0.033901s] [吞吐率：29.50req/s] [内存消耗：3,229.48kb] [文件加载：87]
[ info ] [ LANG ] /data/www/csgx2/thinkphp/lang/zh-cn.php
[ info ] [ ROUTE ] array (
  'rule' => 'api/device/100/work',
  'route' => 'api/api100/work',
  'option' => 
  array (
    'merge_rule_regex' => false,
  ),
  'var' => 
  array (
  ),
)
[ info ] [ HEADER ] array (
  'content-type' => 'application/x-www-form-urlencoded',
  'content-length' => '122',
  'accept' => '*/*',
  'host' => 'csgxjk.com',
  'user-agent' => 'Mozilla/5.0 (Linux; Android 9; MAR-AL00 Build/HUAWEIMAR-AL00; wv) AppleWebKit/537.36 (KHTML, like Gecko) Version/4.0 Chrome/66.0.3359.126 MQQBrowser/6.2 TBS/044704 Mobile Safari/537.36 MMWEBID/8937 MicroMessenger/7.0.4.1420(0x2700043B) Process/tools NetType/WIFI Language/zh_CN',
)
[ info ] [ PARAM ] array (
  'appid' => '1',
  'secret' => 'csgx@xt@eUmkdL#2H',
  'timestamp' => '1559386872',
  'devid' => '2',
  'command' => 'start',
  'long' => '300',
  'sign' => '0d77a342ba9c9f0aa4285e0337f3cf2f',
)
[ info ] [ DB ] INIT mysql
[ sql ] [ DB ] CONNECT:[ UseTime:0.000445s ] mysql:host=127.0.0.1;port=3306;dbname=liangzi;charset=utf8mb4
[ sql ] [ SQL ] SHOW COLUMNS FROM `bg_device` [ RunTime:0.001334s ]
[ sql ] [ SQL ] SELECT * FROM `bg_device` WHERE  `id` = 2 LIMIT 1 [ RunTime:0.000370s ]
[ sql ] [ SQL ] SHOW COLUMNS FROM `record_api` [ RunTime:0.001005s ]
[ sql ] [ SQL ] INSERT INTO `record_api` (`appid` , `devid` , `start_time` , `long`) VALUES (1 , 2 , 1559386872 , 300) [ RunTime:0.000307s ]
---------------------------------------------------------------
[2019-06-01T19:01:12+08:00] 113.68.239.173 POST csgxjk.com/wx/device/bill.html
[运行时间：0.080416s] [吞吐率：12.44req/s] [内存消耗：3,704.71kb] [文件加载：135]
[ info ] [ LANG ] /data/www/csgx2/thinkphp/lang/zh-cn.php
[ info ] [ ROUTE ] array (
  'rule' => 'wx/device/bill',
  'route' => 'wxapi/device/bill',
  'option' => 
  array (
    'merge_rule_regex' => false,
  ),
  'var' => 
  array (
  ),
)
[ info ] [ HEADER ] array (
  'x-requested-with' => 'XMLHttpRequest',
  'x-forwarded-for-pound' => '113.68.239.173',
  'x-forwarded-for' => '113.68.239.173',
  'user-agent' => 'Mozilla/5.0 (Linux; Android 9; MAR-AL00 Build/HUAWEIMAR-AL00; wv) AppleWebKit/537.36 (KHTML, like Gecko) Version/4.0 Chrome/66.0.3359.126 MQQBrowser/6.2 TBS/044704 Mobile Safari/537.36 MMWEBID/8937 MicroMessenger/7.0.4.1420(0x2700043B) Process/tools NetType/WIFI Language/zh_CN',
  'referer' => 'http://csgxjk.com/wx/device/work/2',
  'origin' => 'http://csgxjk.com',
  'host' => 'csgxjk.com',
  'content-type' => 'application/x-www-form-urlencoded; charset=UTF-8',
  'content-length' => '14',
  'connection' => 'close',
  'accept-language' => 'zh-CN,en-US;q=0.9',
  'accept-encoding' => 'gzip',
  'accept' => '*/*',
)
[ info ] [ PARAM ] array (
  'did' => '2',
  'mealid' => '1',
)
[ info ] [ DB ] INIT mysql
[ sql ] [ DB ] CONNECT:[ UseTime:0.000478s ] mysql:host=127.0.0.1;port=3306;dbname=liangzi;charset=utf8mb4
[ sql ] [ SQL ] SHOW COLUMNS FROM `h_meal` [ RunTime:0.001355s ]
[ sql ] [ SQL ] SELECT * FROM `h_meal` WHERE  `id` = 1 LIMIT 1 [ RunTime:0.000337s ]
---------------------------------------------------------------
[2019-06-01T19:08:05+08:00] 139.162.88.63 GET clientapi.ipip.net/echo.php?info=1234567890
[运行时间：0.014983s] [吞吐率：66.74req/s] [内存消耗：1,730.63kb] [文件加载：67]
[ info ] [ LANG ] /data/www/csgx2/thinkphp/lang/zh-cn.php
---------------------------------------------------------------
[2019-06-01T20:07:09+08:00] 47.97.220.124 GET csgxjk.com/wx/device/work/4
[运行时间：0.033943s] [吞吐率：29.46req/s] [内存消耗：3,847.13kb] [文件加载：140]
[ info ] [ LANG ] /data/www/csgx2/thinkphp/lang/zh-cn.php
[ info ] [ ROUTE ] array (
  'rule' => 'wx/device/work/<id>',
  'route' => 'wxapi/device/work',
  'option' => 
  array (
    'merge_rule_regex' => false,
  ),
  'var' => 
  array (
    'id' => '4',
  ),
)
[ info ] [ HEADER ] array (
  'connection' => 'keep-alive',
  'accept' => 'text/html, image/gif, image/jpeg, *; q=.2, */*; q=.2',
  'host' => 'csgxjk.com',
  'user-agent' => 'Mozilla/5.0 (Linux; Android 4.1.1; Nexus 7 Build/JRO03D))',
  'content-type' => '',
  'content-length' => '',
)
[ info ] [ PARAM ] array (
  'id' => '4',
)
[ info ] [ DB ] INIT mysql
[ info ] [ VIEW ] /data/www/csgx2/application/wxapi/view/device_work.php [ array (
  0 => 'dev',
  1 => 'setmeal',
) ]
[ sql ] [ DB ] CONNECT:[ UseTime:0.000485s ] mysql:host=127.0.0.1;port=3306;dbname=liangzi;charset=utf8mb4
[ sql ] [ SQL ] SHOW COLUMNS FROM `bg_device` [ RunTime:0.001377s ]
[ sql ] [ SQL ] SELECT * FROM `bg_device` WHERE  `id` = 4 LIMIT 1 [ RunTime:0.000351s ]
[ sql ] [ SQL ] SHOW COLUMNS FROM `h_meal` [ RunTime:0.001006s ]
[ sql ] [ SQL ] SELECT * FROM `h_meal` WHERE  `id` IN (1,2,3) [ RunTime:0.000334s ]
---------------------------------------------------------------
[2019-06-01T20:25:59+08:00] 77.234.68.53 GET csgxjk.com/
[运行时间：0.017000s] [吞吐率：58.82req/s] [内存消耗：1,985.20kb] [文件加载：70]
[ info ] [ LANG ] /data/www/csgx2/thinkphp/lang/zh-cn.php
[ info ] [ ROUTE ] array (
)
[ info ] [ HEADER ] array (
  'connection' => 'keep-alive',
  'accept' => 'text/html, image/gif, image/jpeg, *; q=.2, */*; q=.2',
  'host' => 'csgxjk.com',
  'content-language' => 'en-US',
  'referer' => 'https://brandnewblogs.com/?domain=csgxjk.com',
  'user-agent' => 'Mozilla/5.0 (Windows NT 10.0; Win64; x64; rv:61.0) Gecko/20100101 Firefox/61.0',
  'accept-encoding' => 'gzip',
  'content-type' => '',
  'content-length' => '',
)
[ info ] [ PARAM ] array (
)
---------------------------------------------------------------
[2019-06-01T20:25:59+08:00] 77.234.68.53 GET csgxjk.com/
[运行时间：0.016870s] [吞吐率：59.28req/s] [内存消耗：1,985.20kb] [文件加载：70]
[ info ] [ LANG ] /data/www/csgx2/thinkphp/lang/zh-cn.php
[ info ] [ ROUTE ] array (
)
[ info ] [ HEADER ] array (
  'connection' => 'keep-alive',
  'accept' => 'text/html, image/gif, image/jpeg, *; q=.2, */*; q=.2',
  'host' => 'csgxjk.com',
  'content-language' => 'en-US',
  'referer' => 'https://brandnewblogs.com/?domain=csgxjk.com',
  'user-agent' => 'Mozilla/5.0 (Windows NT 10.0; Win64; x64; rv:61.0) Gecko/20100101 Firefox/61.0',
  'accept-encoding' => 'gzip',
  'content-type' => '',
  'content-length' => '',
)
[ info ] [ PARAM ] array (
)
---------------------------------------------------------------
[2019-06-01T21:53:37+08:00] 198.20.103.242 GET 39.96.87.22/
[运行时间：0.016781s] [吞吐率：59.59req/s] [内存消耗：1,984.25kb] [文件加载：70]
[ info ] [ LANG ] /data/www/csgx2/thinkphp/lang/zh-cn.php
[ info ] [ ROUTE ] array (
)
[ info ] [ HEADER ] array (
  'accept-encoding' => 'gzip',
  'accept' => '*/*',
  'user-agent' => 'Mozilla/5.0 (Windows NT 10.0; WOW64) AppleWebKit/537.36 (KHTML, like Gecko) Chrome/66.0.3359.117 Safari/537.36',
  'host' => '39.96.87.22',
  'content-type' => '',
  'content-length' => '',
)
[ info ] [ PARAM ] array (
)
---------------------------------------------------------------
[2019-06-01T21:56:04+08:00] 101.132.98.159 GET 39.96.87.22/
[运行时间：0.016308s] [吞吐率：61.32req/s] [内存消耗：1,984.25kb] [文件加载：70]
[ info ] [ LANG ] /data/www/csgx2/thinkphp/lang/zh-cn.php
[ info ] [ ROUTE ] array (
)
[ info ] [ HEADER ] array (
  'connection' => 'keep-alive',
  'accept' => 'text/html, image/gif, image/jpeg, *; q=.2, */*; q=.2',
  'host' => '39.96.87.22',
  'user-agent' => 'Mozilla/5.0 (Linux; Android 4.1.1; Nexus 7 Build/JRO03D))',
  'content-type' => '',
  'content-length' => '',
)
[ info ] [ PARAM ] array (
)
---------------------------------------------------------------
[2019-06-01T21:57:57+08:00] 101.132.156.172 GET www.csgxjk.com/
[运行时间：0.017231s] [吞吐率：58.03req/s] [内存消耗：1,984.24kb] [文件加载：70]
[ info ] [ LANG ] /data/www/csgx2/thinkphp/lang/zh-cn.php
[ info ] [ ROUTE ] array (
)
[ info ] [ HEADER ] array (
  'connection' => 'keep-alive',
  'accept' => 'text/html, image/gif, image/jpeg, *; q=.2, */*; q=.2',
  'host' => 'www.csgxjk.com',
  'user-agent' => 'Mozilla/5.0 (Linux; Android 4.1.1; Nexus 7 Build/JRO03D))',
  'content-type' => '',
  'content-length' => '',
)
[ info ] [ PARAM ] array (
)
---------------------------------------------------------------
[2019-06-01T22:02:08+08:00] 101.132.69.5 GET csgxjk.com/
[运行时间：0.016982s] [吞吐率：58.89req/s] [内存消耗：1,984.21kb] [文件加载：70]
[ info ] [ LANG ] /data/www/csgx2/thinkphp/lang/zh-cn.php
[ info ] [ ROUTE ] array (
)
[ info ] [ HEADER ] array (
  'connection' => 'keep-alive',
  'accept' => 'text/html, image/gif, image/jpeg, *; q=.2, */*; q=.2',
  'host' => 'csgxjk.com',
  'user-agent' => 'Mozilla/5.0 (Linux; Android 4.1.1; Nexus 7 Build/JRO03D))',
  'content-type' => '',
  'content-length' => '',
)
[ info ] [ PARAM ] array (
)
---------------------------------------------------------------
[2019-06-01T22:54:21+08:00] 47.92.99.247 GET 39.96.87.22/
[运行时间：0.017138s] [吞吐率：58.35req/s] [内存消耗：1,984.44kb] [文件加载：70]
[ info ] [ LANG ] /data/www/csgx2/thinkphp/lang/zh-cn.php
[ info ] [ ROUTE ] array (
)
[ info ] [ HEADER ] array (
  'connection' => 'keep-alive',
  'accept' => 'text/html, image/gif, image/jpeg, *; q=.2, */*; q=.2',
  'host' => '39.96.87.22',
  'user-agent' => 'Mozilla/5.0 (X11; Ubuntu; Linux x86_64; rv:36.0) Gecko/20100101 Firefox/36.0',
  'content-type' => '',
  'content-length' => '',
)
[ info ] [ PARAM ] array (
)
---------------------------------------------------------------
[2019-06-01T22:56:20+08:00] 106.15.191.180 GET www.csgxjk.com/admin/index/index.html
[运行时间：0.019740s] [吞吐率：50.66req/s] [内存消耗：2,159.08kb] [文件加载：84]
[ info ] [ LANG ] /data/www/csgx2/thinkphp/lang/zh-cn.php
[ info ] [ ROUTE ] array (
)
[ info ] [ HEADER ] array (
  'connection' => 'keep-alive',
  'accept' => 'text/html, image/gif, image/jpeg, *; q=.2, */*; q=.2',
  'host' => 'www.csgxjk.com',
  'user-agent' => 'Mozilla/5.0 (X11; Ubuntu; Linux x86_64; rv:36.0) Gecko/20100101 Firefox/36.0',
  'content-type' => '',
  'content-length' => '',
)
[ info ] [ PARAM ] array (
)
[ info ] [ VIEW ] /data/www/csgx2/application/admin/view/index_index.php [ array (
  0 => 'userinfo',
  1 => 'menu',
) ]
---------------------------------------------------------------
[2019-06-01T23:21:22+08:00] 47.97.167.161 GET csgxjk.com/admin/login/
[运行时间：0.018491s] [吞吐率：54.08req/s] [内存消耗：2,152.80kb] [文件加载：83]
[ info ] [ LANG ] /data/www/csgx2/thinkphp/lang/zh-cn.php
[ info ] [ ROUTE ] array (
)
[ info ] [ HEADER ] array (
  'connection' => 'keep-alive',
  'accept' => 'text/html, image/gif, image/jpeg, *; q=.2, */*; q=.2',
  'host' => 'csgxjk.com',
  'user-agent' => 'Mozilla/5.0 (X11; Ubuntu; Linux x86_64; rv:36.0) Gecko/20100101 Firefox/36.0',
  'content-type' => '',
  'content-length' => '',
)
[ info ] [ PARAM ] array (
)
[ info ] [ VIEW ] /data/www/csgx2/application/admin/view/login_index.php [ array (
) ]
---------------------------------------------------------------
[2019-06-01T23:22:12+08:00] 47.100.38.232 GET www.csgxjk.com/admin/system/email.html
[运行时间：0.018625s] [吞吐率：53.69req/s] [内存消耗：2,143.06kb] [文件加载：82]
[ info ] [ LANG ] /data/www/csgx2/thinkphp/lang/zh-cn.php
[ info ] [ ROUTE ] array (
)
[ info ] [ HEADER ] array (
  'connection' => 'keep-alive',
  'accept' => 'text/html, image/gif, image/jpeg, *; q=.2, */*; q=.2',
  'host' => 'www.csgxjk.com',
  'user-agent' => 'Mozilla/5.0 (X11; Ubuntu; Linux x86_64; rv:36.0) Gecko/20100101 Firefox/36.0',
  'content-type' => '',
  'content-length' => '',
)
[ info ] [ PARAM ] array (
)
---------------------------------------------------------------
[2019-06-01T23:22:12+08:00] 47.100.38.232 GET www.csgxjk.com/admin/login/
[运行时间：0.018183s] [吞吐率：55.00req/s] [内存消耗：2,152.83kb] [文件加载：83]
[ info ] [ LANG ] /data/www/csgx2/thinkphp/lang/zh-cn.php
[ info ] [ ROUTE ] array (
)
[ info ] [ HEADER ] array (
  'connection' => 'keep-alive',
  'accept' => 'text/html, image/gif, image/jpeg, *; q=.2, */*; q=.2',
  'host' => 'www.csgxjk.com',
  'user-agent' => 'Mozilla/5.0 (X11; Ubuntu; Linux x86_64; rv:36.0) Gecko/20100101 Firefox/36.0',
  'content-type' => '',
  'content-length' => '',
)
[ info ] [ PARAM ] array (
)
[ info ] [ VIEW ] /data/www/csgx2/application/admin/view/login_index.php [ array (
) ]
---------------------------------------------------------------
[2019-06-01T23:22:40+08:00] 47.92.71.118 GET csgxjk.com/admin/login/index.html
[运行时间：0.018635s] [吞吐率：53.66req/s] [内存消耗：2,152.90kb] [文件加载：83]
[ info ] [ LANG ] /data/www/csgx2/thinkphp/lang/zh-cn.php
[ info ] [ ROUTE ] array (
)
[ info ] [ HEADER ] array (
  'connection' => 'keep-alive',
  'accept' => 'text/html, image/gif, image/jpeg, *; q=.2, */*; q=.2',
  'host' => 'csgxjk.com',
  'user-agent' => 'Mozilla/5.0 (X11; Ubuntu; Linux x86_64; rv:36.0) Gecko/20100101 Firefox/36.0',
  'content-type' => '',
  'content-length' => '',
)
[ info ] [ PARAM ] array (
)
[ info ] [ VIEW ] /data/www/csgx2/application/admin/view/login_index.php [ array (
) ]
---------------------------------------------------------------
[2019-06-01T23:51:22+08:00] 106.14.168.238 GET www.csgxjk.com/admin/login/admin.html
[运行时间：0.018205s] [吞吐率：54.93req/s] [内存消耗：2,137.70kb] [文件加载：81]
[ info ] [ LANG ] /data/www/csgx2/thinkphp/lang/zh-cn.php
[ info ] [ ROUTE ] array (
)
[ info ] [ HEADER ] array (
  'connection' => 'keep-alive',
  'accept' => 'text/html, image/gif, image/jpeg, *; q=.2, */*; q=.2',
  'host' => 'www.csgxjk.com',
  'user-agent' => 'Mozilla/5.0 (X11; Ubuntu; Linux x86_64; rv:36.0) Gecko/20100101 Firefox/36.0',
  'content-type' => '',
  'content-length' => '',
)
[ info ] [ PARAM ] array (
)
---------------------------------------------------------------
[2019-06-01T23:51:22+08:00] 106.14.168.238 GET www.csgxjk.com/admin/login/index.html
[运行时间：0.019287s] [吞吐率：51.85req/s] [内存消耗：2,152.93kb] [文件加载：83]
[ info ] [ LANG ] /data/www/csgx2/thinkphp/lang/zh-cn.php
[ info ] [ ROUTE ] array (
)
[ info ] [ HEADER ] array (
  'connection' => 'keep-alive',
  'accept' => 'text/html, image/gif, image/jpeg, *; q=.2, */*; q=.2',
  'host' => 'www.csgxjk.com',
  'user-agent' => 'Mozilla/5.0 (X11; Ubuntu; Linux x86_64; rv:36.0) Gecko/20100101 Firefox/36.0',
  'content-type' => '',
  'content-length' => '',
)
[ info ] [ PARAM ] array (
)
[ info ] [ VIEW ] /data/www/csgx2/application/admin/view/login_index.php [ array (
) ]
