---------------------------------------------------------------
[2019-06-07T02:33:08+08:00] 80.82.70.187 GET www.baidu.com/cache/global/img/gs.gif
[运行时间：0.014400s] [吞吐率：69.44req/s] [内存消耗：1,730.32kb] [文件加载：67]
[ info ] [ LANG ] /data/www/csgx2/thinkphp/lang/zh-cn.php
---------------------------------------------------------------
[2019-06-07T03:35:47+08:00] 120.132.3.65 GET www.qq.com/404/search_children.js
[运行时间：0.014647s] [吞吐率：68.27req/s] [内存消耗：1,730.34kb] [文件加载：67]
[ info ] [ LANG ] /data/www/csgx2/thinkphp/lang/zh-cn.php
---------------------------------------------------------------
[2019-06-07T05:16:37+08:00] 5.198.174.129 GET 39.96.87.22:80/
[运行时间：0.015797s] [吞吐率：63.30req/s] [内存消耗：1,984.26kb] [文件加载：70]
[ info ] [ LANG ] /data/www/csgx2/thinkphp/lang/zh-cn.php
[ info ] [ ROUTE ] array (
)
[ info ] [ HEADER ] array (
  'content-length' => '0',
  'user-agent' => 'Mozilla/5.0 (Windows NT 10.0; WOW64) AppleWebKit/537.36 (KHTML, like Gecko) Chrome/51.0.2704.103 Safari/537.36',
  'host' => '39.96.87.22:80',
  'content-type' => '',
)
[ info ] [ PARAM ] array (
)
---------------------------------------------------------------
[2019-06-07T06:12:43+08:00] 124.90.51.186 GET www.baidu.com/
[运行时间：0.016619s] [吞吐率：60.17req/s] [内存消耗：1,984.28kb] [文件加载：70]
[ info ] [ LANG ] /data/www/csgx2/thinkphp/lang/zh-cn.php
[ info ] [ ROUTE ] array (
)
[ info ] [ HEADER ] array (
  'user-agent' => 'python-requests/2.6.0 CPython/2.7.5 Linux/3.10.0-693.11.1.el7.x86_64',
  'accept' => '*/*',
  'accept-encoding' => 'gzip, deflate',
  'connection' => 'keep-alive',
  'host' => 'www.baidu.com',
  'content-type' => '',
  'content-length' => '',
)
[ info ] [ PARAM ] array (
)
---------------------------------------------------------------
[2019-06-07T06:12:50+08:00] 124.90.51.186 GET www.rfa.org/
[运行时间：0.016686s] [吞吐率：59.93req/s] [内存消耗：1,984.28kb] [文件加载：70]
[ info ] [ LANG ] /data/www/csgx2/thinkphp/lang/zh-cn.php
[ info ] [ ROUTE ] array (
)
[ info ] [ HEADER ] array (
  'user-agent' => 'python-requests/2.6.0 CPython/2.7.5 Linux/3.10.0-693.11.1.el7.x86_64',
  'accept' => '*/*',
  'accept-encoding' => 'gzip, deflate',
  'connection' => 'keep-alive',
  'host' => 'www.rfa.org',
  'content-type' => '',
  'content-length' => '',
)
[ info ] [ PARAM ] array (
)
---------------------------------------------------------------
[2019-06-07T06:12:50+08:00] 124.90.51.186 GET wujieliulan.com/
[运行时间：0.015700s] [吞吐率：63.69req/s] [内存消耗：1,984.25kb] [文件加载：70]
[ info ] [ LANG ] /data/www/csgx2/thinkphp/lang/zh-cn.php
[ info ] [ ROUTE ] array (
)
[ info ] [ HEADER ] array (
  'user-agent' => 'python-requests/2.6.0 CPython/2.7.5 Linux/3.10.0-693.11.1.el7.x86_64',
  'accept' => '*/*',
  'accept-encoding' => 'gzip, deflate',
  'connection' => 'keep-alive',
  'host' => 'wujieliulan.com',
  'content-type' => '',
  'content-length' => '',
)
[ info ] [ PARAM ] array (
)
---------------------------------------------------------------
[2019-06-07T06:12:50+08:00] 124.90.51.186 GET www.minghui.org/
[运行时间：0.015491s] [吞吐率：64.55req/s] [内存消耗：1,984.28kb] [文件加载：70]
[ info ] [ LANG ] /data/www/csgx2/thinkphp/lang/zh-cn.php
[ info ] [ ROUTE ] array (
)
[ info ] [ HEADER ] array (
  'user-agent' => 'python-requests/2.6.0 CPython/2.7.5 Linux/3.10.0-693.11.1.el7.x86_64',
  'accept' => '*/*',
  'accept-encoding' => 'gzip, deflate',
  'connection' => 'keep-alive',
  'host' => 'www.minghui.org',
  'content-type' => '',
  'content-length' => '',
)
[ info ] [ PARAM ] array (
)
---------------------------------------------------------------
[2019-06-07T06:12:50+08:00] 124.90.51.186 GET www.boxun.com/
[运行时间：0.034165s] [吞吐率：29.27req/s] [内存消耗：1,984.28kb] [文件加载：70]
[ info ] [ LANG ] /data/www/csgx2/thinkphp/lang/zh-cn.php
[ info ] [ ROUTE ] array (
)
[ info ] [ HEADER ] array (
  'user-agent' => 'python-requests/2.6.0 CPython/2.7.5 Linux/3.10.0-693.11.1.el7.x86_64',
  'accept' => '*/*',
  'accept-encoding' => 'gzip, deflate',
  'connection' => 'keep-alive',
  'host' => 'www.boxun.com',
  'content-type' => '',
  'content-length' => '',
)
[ info ] [ PARAM ] array (
)
---------------------------------------------------------------
[2019-06-07T06:12:50+08:00] 124.90.51.186 GET www.bing.com/
[运行时间：0.034850s] [吞吐率：28.69req/s] [内存消耗：1,984.28kb] [文件加载：70]
[ info ] [ LANG ] /data/www/csgx2/thinkphp/lang/zh-cn.php
[ info ] [ ROUTE ] array (
)
[ info ] [ HEADER ] array (
  'user-agent' => 'python-requests/2.6.0 CPython/2.7.5 Linux/3.10.0-693.11.1.el7.x86_64',
  'accept' => '*/*',
  'accept-encoding' => 'gzip, deflate',
  'connection' => 'keep-alive',
  'host' => 'www.bing.com',
  'content-type' => '',
  'content-length' => '',
)
[ info ] [ PARAM ] array (
)
---------------------------------------------------------------
[2019-06-07T06:12:50+08:00] 124.90.51.186 GET www.epochtimes.com/
[运行时间：0.050605s] [吞吐率：19.76req/s] [内存消耗：1,984.34kb] [文件加载：70]
[ info ] [ LANG ] /data/www/csgx2/thinkphp/lang/zh-cn.php
[ info ] [ ROUTE ] array (
)
[ info ] [ HEADER ] array (
  'user-agent' => 'python-requests/2.6.0 CPython/2.7.5 Linux/3.10.0-693.11.1.el7.x86_64',
  'accept' => '*/*',
  'accept-encoding' => 'gzip, deflate',
  'connection' => 'keep-alive',
  'host' => 'www.epochtimes.com',
  'content-type' => '',
  'content-length' => '',
)
[ info ] [ PARAM ] array (
)
---------------------------------------------------------------
[2019-06-07T06:12:50+08:00] 124.90.51.186 GET www.123cha.com/
[运行时间：0.022835s] [吞吐率：43.79req/s] [内存消耗：1,984.28kb] [文件加载：70]
[ info ] [ LANG ] /data/www/csgx2/thinkphp/lang/zh-cn.php
[ info ] [ ROUTE ] array (
)
[ info ] [ HEADER ] array (
  'user-agent' => 'python-requests/2.6.0 CPython/2.7.5 Linux/3.10.0-693.11.1.el7.x86_64',
  'accept' => '*/*',
  'accept-encoding' => 'gzip, deflate',
  'connection' => 'keep-alive',
  'host' => 'www.123cha.com',
  'content-type' => '',
  'content-length' => '',
)
[ info ] [ PARAM ] array (
)
---------------------------------------------------------------
[2019-06-07T06:16:22+08:00] 47.98.97.81 GET www.csgxjk.com/
[运行时间：0.016098s] [吞吐率：62.12req/s] [内存消耗：1,984.43kb] [文件加载：70]
[ info ] [ LANG ] /data/www/csgx2/thinkphp/lang/zh-cn.php
[ info ] [ ROUTE ] array (
)
[ info ] [ HEADER ] array (
  'connection' => 'keep-alive',
  'accept' => 'text/html, image/gif, image/jpeg, *; q=.2, */*; q=.2',
  'host' => 'www.csgxjk.com',
  'user-agent' => 'Mozilla/5.0 (X11; Ubuntu; Linux x86_64; rv:36.0) Gecko/20100101 Firefox/36.0',
  'content-type' => '',
  'content-length' => '',
)
[ info ] [ PARAM ] array (
)
---------------------------------------------------------------
[2019-06-07T06:17:31+08:00] 106.14.114.244 GET csgxjk.com/
[运行时间：0.016588s] [吞吐率：60.28req/s] [内存消耗：1,984.40kb] [文件加载：70]
[ info ] [ LANG ] /data/www/csgx2/thinkphp/lang/zh-cn.php
[ info ] [ ROUTE ] array (
)
[ info ] [ HEADER ] array (
  'connection' => 'keep-alive',
  'accept' => 'text/html, image/gif, image/jpeg, *; q=.2, */*; q=.2',
  'host' => 'csgxjk.com',
  'user-agent' => 'Mozilla/5.0 (X11; Ubuntu; Linux x86_64; rv:36.0) Gecko/20100101 Firefox/36.0',
  'content-type' => '',
  'content-length' => '',
)
[ info ] [ PARAM ] array (
)
---------------------------------------------------------------
[2019-06-07T08:51:07+08:00] 197.157.192.245 GET 39.96.87.22:80/
[运行时间：0.016712s] [吞吐率：59.84req/s] [内存消耗：1,984.26kb] [文件加载：70]
[ info ] [ LANG ] /data/www/csgx2/thinkphp/lang/zh-cn.php
[ info ] [ ROUTE ] array (
)
[ info ] [ HEADER ] array (
  'content-length' => '0',
  'user-agent' => 'Mozilla/5.0 (Windows NT 10.0; WOW64) AppleWebKit/537.36 (KHTML, like Gecko) Chrome/52.0.2743.116 Safari/537.36',
  'host' => '39.96.87.22:80',
  'content-type' => '',
)
[ info ] [ PARAM ] array (
)
---------------------------------------------------------------
[2019-06-07T12:27:02+08:00] 177.139.116.252 GET 39.96.87.22:80/
[运行时间：0.016691s] [吞吐率：59.91req/s] [内存消耗：1,984.26kb] [文件加载：70]
[ info ] [ LANG ] /data/www/csgx2/thinkphp/lang/zh-cn.php
[ info ] [ ROUTE ] array (
)
[ info ] [ HEADER ] array (
  'content-length' => '0',
  'user-agent' => 'Mozilla/5.0 (Windows NT 10.0; WOW64) AppleWebKit/537.36 (KHTML, like Gecko) Chrome/52.0.2743.116 Safari/537.36',
  'host' => '39.96.87.22:80',
  'content-type' => '',
)
[ info ] [ PARAM ] array (
)
---------------------------------------------------------------
[2019-06-07T12:37:56+08:00] 80.82.70.187 GET www.baidu.com/cache/global/img/gs.gif
[运行时间：0.015018s] [吞吐率：66.59req/s] [内存消耗：1,730.33kb] [文件加载：67]
[ info ] [ LANG ] /data/www/csgx2/thinkphp/lang/zh-cn.php
---------------------------------------------------------------
[2019-06-07T12:47:26+08:00] 95.213.177.126 POST check.proxyradar.com/azenv.php?auth=155988284651&a=PSCN&i=660625174&p=80
[运行时间：0.014931s] [吞吐率：66.97req/s] [内存消耗：1,730.60kb] [文件加载：67]
[ info ] [ LANG ] /data/www/csgx2/thinkphp/lang/zh-cn.php
---------------------------------------------------------------
[2019-06-07T12:47:28+08:00] 143.255.150.215 GET 39.96.87.22:80/
[运行时间：0.016030s] [吞吐率：62.38req/s] [内存消耗：1,984.26kb] [文件加载：70]
[ info ] [ LANG ] /data/www/csgx2/thinkphp/lang/zh-cn.php
[ info ] [ ROUTE ] array (
)
[ info ] [ HEADER ] array (
  'content-length' => '0',
  'user-agent' => 'Mozilla/5.0 (Windows NT 6.1; WOW64) AppleWebKit/537.36 (KHTML, like Gecko) Chrome/51.0.2704.103 Safari/537.36',
  'host' => '39.96.87.22:80',
  'content-type' => '',
)
[ info ] [ PARAM ] array (
)
---------------------------------------------------------------
[2019-06-07T14:00:39+08:00] 101.109.143.40 GET 39.96.87.22:80/
[运行时间：0.016842s] [吞吐率：59.38req/s] [内存消耗：1,984.26kb] [文件加载：70]
[ info ] [ LANG ] /data/www/csgx2/thinkphp/lang/zh-cn.php
[ info ] [ ROUTE ] array (
)
[ info ] [ HEADER ] array (
  'content-length' => '0',
  'user-agent' => 'Mozilla/5.0 (Macintosh; Intel Mac OS X 10_11_6) AppleWebKit/601.7.7 (KHTML, like Gecko) Version/9.1.2 Safari/601.7.7',
  'host' => '39.96.87.22:80',
  'content-type' => '',
)
[ info ] [ PARAM ] array (
)
---------------------------------------------------------------
[2019-06-07T14:21:32+08:00] 47.103.101.247 GET csgxjk.com/
[运行时间：0.017276s] [吞吐率：57.88req/s] [内存消耗：1,984.85kb] [文件加载：70]
[ info ] [ LANG ] /data/www/csgx2/thinkphp/lang/zh-cn.php
[ info ] [ ROUTE ] array (
)
[ info ] [ HEADER ] array (
  'accept-language' => 'zh-CN,zh;q=0.8',
  'connection' => 'keep-alive',
  'accept' => 'text/html,application/xhtml+xml,application/xml;q=0.9,image/webp,image/apng,*/*;q=0.8',
  'accept-encoding' => 'gzip, deflate',
  'user-agent' => 'Mozilla/5.0 (Windows NT 10.0; Win64; x64) AppleWebKit/537.36 (KHTML, like Gecko) Chrome/59.0.3071.115 Safari/537.36',
  'host' => 'csgxjk.com',
  'content-type' => '',
  'content-length' => '',
)
[ info ] [ PARAM ] array (
)
---------------------------------------------------------------
[2019-06-07T14:21:32+08:00] 47.103.101.247 GET csgxjk.com/explicit_not_exist_path
[运行时间：0.015521s] [吞吐率：64.43req/s] [内存消耗：1,730.40kb] [文件加载：67]
[ info ] [ LANG ] /data/www/csgx2/thinkphp/lang/zh-cn.php
---------------------------------------------------------------
[2019-06-07T14:21:32+08:00] 47.103.101.247 GET csgxjk.com/index.html
[运行时间：0.017142s] [吞吐率：58.34req/s] [内存消耗：1,985.61kb] [文件加载：70]
[ info ] [ LANG ] /data/www/csgx2/thinkphp/lang/zh-cn.php
[ info ] [ ROUTE ] array (
)
[ info ] [ HEADER ] array (
  'accept-language' => 'zh-CN,zh;q=0.8',
  'connection' => 'keep-alive',
  'accept' => 'text/html,application/xhtml+xml,application/xml;q=0.9,image/webp,image/apng,*/*;q=0.8',
  'accept-encoding' => 'gzip, deflate',
  'user-agent' => 'Mozilla/5.0 (Windows NT 10.0; Win64; x64) AppleWebKit/537.36 (KHTML, like Gecko) Chrome/59.0.3071.115 Safari/537.36',
  'host' => 'csgxjk.com',
  'content-type' => '',
  'content-length' => '',
)
[ info ] [ PARAM ] array (
)
---------------------------------------------------------------
[2019-06-07T14:21:33+08:00] 47.103.101.247 GET csgxjk.com/index.php
[运行时间：0.016742s] [吞吐率：59.73req/s] [内存消耗：1,984.85kb] [文件加载：70]
[ info ] [ LANG ] /data/www/csgx2/thinkphp/lang/zh-cn.php
[ info ] [ ROUTE ] array (
)
[ info ] [ HEADER ] array (
  'accept-language' => 'zh-CN,zh;q=0.8',
  'connection' => 'keep-alive',
  'accept' => 'text/html,application/xhtml+xml,application/xml;q=0.9,image/webp,image/apng,*/*;q=0.8',
  'accept-encoding' => 'gzip, deflate',
  'user-agent' => 'Mozilla/5.0 (Windows NT 10.0; Win64; x64) AppleWebKit/537.36 (KHTML, like Gecko) Chrome/59.0.3071.115 Safari/537.36',
  'host' => 'csgxjk.com',
  'content-type' => '',
  'content-length' => '',
)
[ info ] [ PARAM ] array (
)
---------------------------------------------------------------
[2019-06-07T14:21:33+08:00] 47.103.101.247 GET csgxjk.com/index.jsp
[运行时间：0.015490s] [吞吐率：64.56req/s] [内存消耗：1,730.39kb] [文件加载：67]
[ info ] [ LANG ] /data/www/csgx2/thinkphp/lang/zh-cn.php
---------------------------------------------------------------
[2019-06-07T14:21:33+08:00] 47.103.101.247 GET csgxjk.com/admin/
[运行时间：0.019415s] [吞吐率：51.51req/s] [内存消耗：2,159.36kb] [文件加载：84]
[ info ] [ LANG ] /data/www/csgx2/thinkphp/lang/zh-cn.php
[ info ] [ ROUTE ] array (
)
[ info ] [ HEADER ] array (
  'accept-language' => 'zh-CN,zh;q=0.8',
  'connection' => 'keep-alive',
  'accept' => 'text/html,application/xhtml+xml,application/xml;q=0.9,image/webp,image/apng,*/*;q=0.8',
  'accept-encoding' => 'gzip, deflate',
  'user-agent' => 'Mozilla/5.0 (Windows NT 10.0; Win64; x64) AppleWebKit/537.36 (KHTML, like Gecko) Chrome/59.0.3071.115 Safari/537.36',
  'host' => 'csgxjk.com',
  'content-type' => '',
  'content-length' => '',
)
[ info ] [ PARAM ] array (
)
[ info ] [ VIEW ] /data/www/csgx2/application/admin/view/index_index.php [ array (
  0 => 'userinfo',
  1 => 'menu',
) ]
---------------------------------------------------------------
[2019-06-07T14:21:35+08:00] 47.103.101.247 GET csgxjk.com/wp-login.php
[运行时间：0.015173s] [吞吐率：65.91req/s] [内存消耗：1,730.73kb] [文件加载：67]
[ info ] [ LANG ] /data/www/csgx2/thinkphp/lang/zh-cn.php
---------------------------------------------------------------
[2019-06-07T14:21:35+08:00] 47.103.101.247 GET csgxjk.com/readme.html
[运行时间：0.014767s] [吞吐率：67.72req/s] [内存消耗：1,730.77kb] [文件加载：67]
[ info ] [ LANG ] /data/www/csgx2/thinkphp/lang/zh-cn.php
---------------------------------------------------------------
[2019-06-07T14:21:35+08:00] 47.103.101.247 GET csgxjk.com/license.txt
[运行时间：0.014711s] [吞吐率：67.98req/s] [内存消耗：1,730.73kb] [文件加载：67]
[ info ] [ LANG ] /data/www/csgx2/thinkphp/lang/zh-cn.php
---------------------------------------------------------------
[2019-06-07T14:21:35+08:00] 47.103.101.247 GET csgxjk.com/wp-includes/js/wplink.js
[运行时间：0.015775s] [吞吐率：63.39req/s] [内存消耗：1,730.75kb] [文件加载：67]
[ info ] [ LANG ] /data/www/csgx2/thinkphp/lang/zh-cn.php
---------------------------------------------------------------
[2019-06-07T14:21:35+08:00] 47.103.101.247 GET csgxjk.com/wp-admin/js/customize-controls.js
[运行时间：0.015418s] [吞吐率：64.86req/s] [内存消耗：1,730.76kb] [文件加载：67]
[ info ] [ LANG ] /data/www/csgx2/thinkphp/lang/zh-cn.php
---------------------------------------------------------------
[2019-06-07T14:21:35+08:00] 47.103.101.247 GET csgxjk.com/wp-admin/js/nav-menu.js
[运行时间：0.015696s] [吞吐率：63.71req/s] [内存消耗：1,730.74kb] [文件加载：67]
[ info ] [ LANG ] /data/www/csgx2/thinkphp/lang/zh-cn.php
---------------------------------------------------------------
[2019-06-07T14:21:35+08:00] 47.103.101.247 GET csgxjk.com/wp-includes/js/plupload/handlers.js
[运行时间：0.015107s] [吞吐率：66.19req/s] [内存消耗：1,730.76kb] [文件加载：67]
[ info ] [ LANG ] /data/www/csgx2/thinkphp/lang/zh-cn.php
---------------------------------------------------------------
[2019-06-07T14:21:35+08:00] 47.103.101.247 GET csgxjk.com/wp-includes/js/tinymce/wp-tinymce.js.gz
[运行时间：0.015894s] [吞吐率：62.92req/s] [内存消耗：1,730.76kb] [文件加载：67]
[ info ] [ LANG ] /data/www/csgx2/thinkphp/lang/zh-cn.php
---------------------------------------------------------------
[2019-06-07T14:21:35+08:00] 47.103.101.247 GET csgxjk.com/4e5e5d7364f443e28fbf0d3ae744a59a
[运行时间：0.015213s] [吞吐率：65.73req/s] [内存消耗：1,730.76kb] [文件加载：67]
[ info ] [ LANG ] /data/www/csgx2/thinkphp/lang/zh-cn.php
---------------------------------------------------------------
[2019-06-07T14:21:35+08:00] 47.103.101.247 GET csgxjk.com/?c=4e5e5d7364f443e28fbf0d3ae744a59a
[运行时间：0.016925s] [吞吐率：59.08req/s] [内存消耗：1,986.30kb] [文件加载：70]
[ info ] [ LANG ] /data/www/csgx2/thinkphp/lang/zh-cn.php
[ info ] [ ROUTE ] array (
)
[ info ] [ HEADER ] array (
  'cookie' => 'ASPSESSIONID=4k6b5vc4f7vu1a84virr6i8t83',
  'accept-language' => 'zh-CN,zh;q=0.8',
  'connection' => 'keep-alive',
  'accept' => 'text/html,application/xhtml+xml,application/xml;q=0.9,image/webp,image/apng,*/*;q=0.8',
  'accept-encoding' => 'gzip, deflate',
  'user-agent' => 'Mozilla/5.0 (Windows NT 10.0; Win64; x64) AppleWebKit/537.36 (KHTML, like Gecko) Chrome/59.0.3071.115 Safari/537.36',
  'host' => 'csgxjk.com',
  'content-type' => '',
  'content-length' => '',
)
[ info ] [ PARAM ] array (
  'c' => '4e5e5d7364f443e28fbf0d3ae744a59a',
)
---------------------------------------------------------------
[2019-06-07T14:21:35+08:00] 47.103.101.247 GET csgxjk.com/index.php/explicit_not_exist_path
[运行时间：0.015612s] [吞吐率：64.05req/s] [内存消耗：1,730.76kb] [文件加载：67]
[ info ] [ LANG ] /data/www/csgx2/thinkphp/lang/zh-cn.php
---------------------------------------------------------------
[2019-06-07T14:21:36+08:00] 47.103.101.247 GET csgxjk.com/wcm/
[运行时间：0.015549s] [吞吐率：64.31req/s] [内存消耗：1,730.73kb] [文件加载：67]
[ info ] [ LANG ] /data/www/csgx2/thinkphp/lang/zh-cn.php
---------------------------------------------------------------
[2019-06-07T14:21:36+08:00] 47.103.101.247 GET csgxjk.com/phpMyAdmin/
[运行时间：0.015475s] [吞吐率：64.62req/s] [内存消耗：1,730.73kb] [文件加载：67]
[ info ] [ LANG ] /data/www/csgx2/thinkphp/lang/zh-cn.php
---------------------------------------------------------------
[2019-06-07T14:21:36+08:00] 47.103.101.247 GET csgxjk.com/phpmyadmin/
[运行时间：0.015644s] [吞吐率：63.92req/s] [内存消耗：1,730.73kb] [文件加载：67]
[ info ] [ LANG ] /data/www/csgx2/thinkphp/lang/zh-cn.php
---------------------------------------------------------------
[2019-06-07T14:36:44+08:00] 103.204.168.34 GET 39.96.87.22:80/
[运行时间：0.016785s] [吞吐率：59.58req/s] [内存消耗：1,984.26kb] [文件加载：70]
[ info ] [ LANG ] /data/www/csgx2/thinkphp/lang/zh-cn.php
[ info ] [ ROUTE ] array (
)
[ info ] [ HEADER ] array (
  'content-length' => '0',
  'user-agent' => 'Mozilla/5.0 (Macintosh; Intel Mac OS X 10_11_6) AppleWebKit/601.7.7 (KHTML, like Gecko) Version/9.1.2 Safari/601.7.7',
  'host' => '39.96.87.22:80',
  'content-type' => '',
)
[ info ] [ PARAM ] array (
)
---------------------------------------------------------------
[2019-06-07T16:02:09+08:00] 93.171.28.228 GET 39.96.87.22:80/
[运行时间：0.016684s] [吞吐率：59.94req/s] [内存消耗：1,984.26kb] [文件加载：70]
[ info ] [ LANG ] /data/www/csgx2/thinkphp/lang/zh-cn.php
[ info ] [ ROUTE ] array (
)
[ info ] [ HEADER ] array (
  'content-length' => '0',
  'user-agent' => 'Mozilla/5.0 (Windows NT 6.1; WOW64) AppleWebKit/537.36 (KHTML, like Gecko) Chrome/52.0.2743.116 Safari/537.36',
  'host' => '39.96.87.22:80',
  'content-type' => '',
)
[ info ] [ PARAM ] array (
)
---------------------------------------------------------------
[2019-06-07T16:18:51+08:00] 84.241.14.18 GET 39.96.87.22/
[运行时间：0.016768s] [吞吐率：59.64req/s] [内存消耗：1,984.42kb] [文件加载：70]
[ info ] [ LANG ] /data/www/csgx2/thinkphp/lang/zh-cn.php
[ info ] [ ROUTE ] array (
)
[ info ] [ HEADER ] array (
  'connection' => 'keep-alive',
  'cache-control' => 'max-age=0',
  'host' => '39.96.87.22',
  'content-length' => '0',
  'user-agent' => 'Mozilla/5.0 (Windows NT 6.1; WOW64) AppleWebKit/537.36 (KHTML, like Gecko) Chrome/52.0.2743.116 Safari/537.36',
  'content-type' => '',
)
[ info ] [ PARAM ] array (
)
---------------------------------------------------------------
[2019-06-07T16:24:39+08:00] 139.162.106.181 GET 39.96.87.22/
[运行时间：0.016558s] [吞吐率：60.39req/s] [内存消耗：1,984.00kb] [文件加载：70]
[ info ] [ LANG ] /data/www/csgx2/thinkphp/lang/zh-cn.php
[ info ] [ ROUTE ] array (
)
[ info ] [ HEADER ] array (
  'connection' => 'close',
  'user-agent' => 'HTTP Banner Detection (https://security.ipip.net)',
  'host' => '39.96.87.22',
  'content-type' => '',
  'content-length' => '',
)
[ info ] [ PARAM ] array (
)
---------------------------------------------------------------
[2019-06-07T17:15:42+08:00] 52.24.13.84 GET csgxjk.com/
[运行时间：0.016484s] [吞吐率：60.66req/s] [内存消耗：1,983.70kb] [文件加载：70]
[ info ] [ LANG ] /data/www/csgx2/thinkphp/lang/zh-cn.php
[ info ] [ ROUTE ] array (
)
[ info ] [ HEADER ] array (
  'connection' => 'close',
  'host' => 'csgxjk.com',
  'content-type' => '',
  'content-length' => '',
)
[ info ] [ PARAM ] array (
)
---------------------------------------------------------------
[2019-06-07T17:15:43+08:00] 52.24.13.84 GET csgxjk.com/
[运行时间：0.016529s] [吞吐率：60.50req/s] [内存消耗：1,983.70kb] [文件加载：70]
[ info ] [ LANG ] /data/www/csgx2/thinkphp/lang/zh-cn.php
[ info ] [ ROUTE ] array (
)
[ info ] [ HEADER ] array (
  'connection' => 'close',
  'host' => 'csgxjk.com',
  'content-type' => '',
  'content-length' => '',
)
[ info ] [ PARAM ] array (
)
---------------------------------------------------------------
[2019-06-07T17:15:44+08:00] 52.24.13.84 GET csgxjk.com/
[运行时间：0.016710s] [吞吐率：59.85req/s] [内存消耗：1,984.17kb] [文件加载：70]
[ info ] [ LANG ] /data/www/csgx2/thinkphp/lang/zh-cn.php
[ info ] [ ROUTE ] array (
)
[ info ] [ HEADER ] array (
  'accept' => '*/*',
  'user-agent' => 'Mozilla/5.0 (Windows NT 6.2; WOW64) AppleWebKit/537.31 (KHTML, like Gecko) Chrome/26.0.1410.64 Safari/537.31',
  'host' => 'csgxjk.com',
  'content-type' => '',
  'content-length' => '',
)
[ info ] [ PARAM ] array (
)
---------------------------------------------------------------
[2019-06-07T17:34:38+08:00] 186.250.183.40 GET 39.96.87.22:80/
[运行时间：0.016692s] [吞吐率：59.91req/s] [内存消耗：1,984.26kb] [文件加载：70]
[ info ] [ LANG ] /data/www/csgx2/thinkphp/lang/zh-cn.php
[ info ] [ ROUTE ] array (
)
[ info ] [ HEADER ] array (
  'content-length' => '0',
  'user-agent' => 'Mozilla/5.0 (Windows NT 10.0; WOW64) AppleWebKit/537.36 (KHTML, like Gecko) Chrome/52.0.2743.116 Safari/537.36',
  'host' => '39.96.87.22:80',
  'content-type' => '',
)
[ info ] [ PARAM ] array (
)
---------------------------------------------------------------
[2019-06-07T17:40:06+08:00] 115.171.244.156 GET csgxjk.com/wx/device/work/4
[运行时间：0.034530s] [吞吐率：28.96req/s] [内存消耗：3,849.84kb] [文件加载：140]
[ info ] [ LANG ] /data/www/csgx2/thinkphp/lang/zh-cn.php
[ info ] [ ROUTE ] array (
  'rule' => 'wx/device/work/<id>',
  'route' => 'wxapi/device/work',
  'option' => 
  array (
    'merge_rule_regex' => false,
  ),
  'var' => 
  array (
    'id' => '4',
  ),
)
[ info ] [ HEADER ] array (
  'x-forwarded-for-pound' => '115.171.244.156',
  'x-forwarded-for' => '115.171.244.156',
  'user-agent' => 'Mozilla/5.0 (Linux; Android 9; NEO-AL00 Build/HUAWEINEO-AL00; wv) AppleWebKit/537.36 (KHTML, like Gecko) Version/4.0 Chrome/66.0.3359.126 MQQBrowser/6.2 TBS/044704 Mobile Safari/537.36 MMWEBID/1412 MicroMessenger/7.0.4.1420(0x2700043C) Process/tools NetType/WIFI Language/zh_CN',
  'upgrade-insecure-requests' => '1',
  'host' => 'csgxjk.com',
  'connection' => 'close',
  'accept-language' => 'zh-CN,zh-CN;q=0.9,en-US;q=0.8',
  'accept-encoding' => 'gzip',
  'accept' => 'text/html,application/xhtml+xml,application/xml;q=0.9,image/webp,image/apng,image/wxpic,image/sharpp,image/apng,image/tpg,*/*;q=0.8',
  'content-type' => '',
  'content-length' => '',
)
[ info ] [ PARAM ] array (
  'id' => '4',
)
[ info ] [ DB ] INIT mysql
[ info ] [ VIEW ] /data/www/csgx2/application/wxapi/view/device_work.php [ array (
  0 => 'dev',
  1 => 'setmeal',
) ]
[ sql ] [ DB ] CONNECT:[ UseTime:0.000484s ] mysql:host=127.0.0.1;port=3306;dbname=liangzi;charset=utf8mb4
[ sql ] [ SQL ] SHOW COLUMNS FROM `bg_device` [ RunTime:0.001407s ]
[ sql ] [ SQL ] SELECT * FROM `bg_device` WHERE  `id` = 4 LIMIT 1 [ RunTime:0.000344s ]
[ sql ] [ SQL ] SHOW COLUMNS FROM `h_meal` [ RunTime:0.001016s ]
[ sql ] [ SQL ] SELECT * FROM `h_meal` WHERE  `id` IN (1,2,3) [ RunTime:0.000324s ]
---------------------------------------------------------------
[2019-06-07T17:40:13+08:00] 39.96.87.22 POST csgxjk.com/api/device/100/work
[运行时间：0.037283s] [吞吐率：26.82req/s] [内存消耗：3,229.48kb] [文件加载：87]
[ info ] [ LANG ] /data/www/csgx2/thinkphp/lang/zh-cn.php
[ info ] [ ROUTE ] array (
  'rule' => 'api/device/100/work',
  'route' => 'api/api100/work',
  'option' => 
  array (
    'merge_rule_regex' => false,
  ),
  'var' => 
  array (
  ),
)
[ info ] [ HEADER ] array (
  'content-type' => 'application/x-www-form-urlencoded',
  'content-length' => '122',
  'accept' => '*/*',
  'host' => 'csgxjk.com',
  'user-agent' => 'Mozilla/5.0 (Linux; Android 9; NEO-AL00 Build/HUAWEINEO-AL00; wv) AppleWebKit/537.36 (KHTML, like Gecko) Version/4.0 Chrome/66.0.3359.126 MQQBrowser/6.2 TBS/044704 Mobile Safari/537.36 MMWEBID/1412 MicroMessenger/7.0.4.1420(0x2700043C) Process/tools NetType/WIFI Language/zh_CN',
)
[ info ] [ PARAM ] array (
  'appid' => '1',
  'secret' => 'csgx@xt@eUmkdL#2H',
  'timestamp' => '1559900411',
  'devid' => '4',
  'command' => 'start',
  'long' => '600',
  'sign' => '053bb62227aca94d18662b7b4b9b9e8c',
)
[ info ] [ DB ] INIT mysql
[ sql ] [ DB ] CONNECT:[ UseTime:0.000456s ] mysql:host=127.0.0.1;port=3306;dbname=liangzi;charset=utf8mb4
[ sql ] [ SQL ] SHOW COLUMNS FROM `bg_device` [ RunTime:0.001433s ]
[ sql ] [ SQL ] SELECT * FROM `bg_device` WHERE  `id` = 4 LIMIT 1 [ RunTime:0.000348s ]
[ sql ] [ SQL ] SHOW COLUMNS FROM `record_api` [ RunTime:0.001025s ]
[ sql ] [ SQL ] INSERT INTO `record_api` (`appid` , `devid` , `start_time` , `long`) VALUES (1 , 4 , 1559900413 , 600) [ RunTime:0.000309s ]
---------------------------------------------------------------
[2019-06-07T17:40:13+08:00] 115.171.244.156 POST csgxjk.com/wx/device/bill.html
[运行时间：1.581690s] [吞吐率：0.63req/s] [内存消耗：3,704.66kb] [文件加载：135]
[ info ] [ LANG ] /data/www/csgx2/thinkphp/lang/zh-cn.php
[ info ] [ ROUTE ] array (
  'rule' => 'wx/device/bill',
  'route' => 'wxapi/device/bill',
  'option' => 
  array (
    'merge_rule_regex' => false,
  ),
  'var' => 
  array (
  ),
)
[ info ] [ HEADER ] array (
  'x-requested-with' => 'XMLHttpRequest',
  'x-forwarded-for-pound' => '115.171.244.156',
  'x-forwarded-for' => '115.171.244.156',
  'user-agent' => 'Mozilla/5.0 (Linux; Android 9; NEO-AL00 Build/HUAWEINEO-AL00; wv) AppleWebKit/537.36 (KHTML, like Gecko) Version/4.0 Chrome/66.0.3359.126 MQQBrowser/6.2 TBS/044704 Mobile Safari/537.36 MMWEBID/1412 MicroMessenger/7.0.4.1420(0x2700043C) Process/tools NetType/WIFI Language/zh_CN',
  'referer' => 'http://csgxjk.com/wx/device/work/4',
  'origin' => 'http://csgxjk.com',
  'host' => 'csgxjk.com',
  'content-type' => 'application/x-www-form-urlencoded; charset=UTF-8',
  'content-length' => '14',
  'connection' => 'close',
  'accept-language' => 'zh-CN,zh-CN;q=0.9,en-US;q=0.8',
  'accept-encoding' => 'gzip',
  'accept' => '*/*',
)
[ info ] [ PARAM ] array (
  'did' => '4',
  'mealid' => '2',
)
[ info ] [ DB ] INIT mysql
[ sql ] [ DB ] CONNECT:[ UseTime:0.000467s ] mysql:host=127.0.0.1;port=3306;dbname=liangzi;charset=utf8mb4
[ sql ] [ SQL ] SHOW COLUMNS FROM `h_meal` [ RunTime:0.001390s ]
[ sql ] [ SQL ] SELECT * FROM `h_meal` WHERE  `id` = 2 LIMIT 1 [ RunTime:0.000324s ]
---------------------------------------------------------------
[2019-06-07T17:40:24+08:00] 39.96.87.22 POST csgxjk.com/api/device/100/work
[运行时间：0.027652s] [吞吐率：36.16req/s] [内存消耗：3,251.53kb] [文件加载：86]
[ info ] [ LANG ] /data/www/csgx2/thinkphp/lang/zh-cn.php
[ info ] [ ROUTE ] array (
  'rule' => 'api/device/100/work',
  'route' => 'api/api100/work',
  'option' => 
  array (
    'merge_rule_regex' => false,
  ),
  'var' => 
  array (
  ),
)
[ info ] [ HEADER ] array (
  'content-type' => 'application/x-www-form-urlencoded',
  'content-length' => '122',
  'accept' => '*/*',
  'host' => 'csgxjk.com',
  'user-agent' => 'Mozilla/5.0 (Linux; Android 9; NEO-AL00 Build/HUAWEINEO-AL00; wv) AppleWebKit/537.36 (KHTML, like Gecko) Version/4.0 Chrome/66.0.3359.126 MQQBrowser/6.2 TBS/044704 Mobile Safari/537.36 MMWEBID/1412 MicroMessenger/7.0.4.1420(0x2700043C) Process/tools NetType/WIFI Language/zh_CN',
)
[ info ] [ PARAM ] array (
  'appid' => '1',
  'secret' => 'csgx@xt@eUmkdL#2H',
  'timestamp' => '1559900422',
  'devid' => '4',
  'command' => 'start',
  'long' => '600',
  'sign' => 'b986dfc54f85704d44b0837f076b01fe',
)
[ info ] [ DB ] INIT mysql
[ sql ] [ DB ] CONNECT:[ UseTime:0.000491s ] mysql:host=127.0.0.1;port=3306;dbname=liangzi;charset=utf8mb4
[ sql ] [ SQL ] SHOW COLUMNS FROM `bg_device` [ RunTime:0.001387s ]
[ sql ] [ SQL ] SELECT * FROM `bg_device` WHERE  `id` = 4 LIMIT 1 [ RunTime:0.000382s ]
---------------------------------------------------------------
[2019-06-07T17:40:24+08:00] 115.171.244.156 POST csgxjk.com/wx/device/bill.html
[运行时间：1.570550s] [吞吐率：0.64req/s] [内存消耗：3,689.39kb] [文件加载：134]
[ info ] [ LANG ] /data/www/csgx2/thinkphp/lang/zh-cn.php
[ info ] [ ROUTE ] array (
  'rule' => 'wx/device/bill',
  'route' => 'wxapi/device/bill',
  'option' => 
  array (
    'merge_rule_regex' => false,
  ),
  'var' => 
  array (
  ),
)
[ info ] [ HEADER ] array (
  'x-requested-with' => 'XMLHttpRequest',
  'x-forwarded-for-pound' => '115.171.244.156',
  'x-forwarded-for' => '115.171.244.156',
  'user-agent' => 'Mozilla/5.0 (Linux; Android 9; NEO-AL00 Build/HUAWEINEO-AL00; wv) AppleWebKit/537.36 (KHTML, like Gecko) Version/4.0 Chrome/66.0.3359.126 MQQBrowser/6.2 TBS/044704 Mobile Safari/537.36 MMWEBID/1412 MicroMessenger/7.0.4.1420(0x2700043C) Process/tools NetType/WIFI Language/zh_CN',
  'referer' => 'http://csgxjk.com/wx/device/work/4',
  'origin' => 'http://csgxjk.com',
  'host' => 'csgxjk.com',
  'content-type' => 'application/x-www-form-urlencoded; charset=UTF-8',
  'content-length' => '14',
  'connection' => 'close',
  'accept-language' => 'zh-CN,zh-CN;q=0.9,en-US;q=0.8',
  'accept-encoding' => 'gzip',
  'accept' => '*/*',
)
[ info ] [ PARAM ] array (
  'did' => '4',
  'mealid' => '2',
)
[ info ] [ DB ] INIT mysql
[ sql ] [ DB ] CONNECT:[ UseTime:0.000478s ] mysql:host=127.0.0.1;port=3306;dbname=liangzi;charset=utf8mb4
[ sql ] [ SQL ] SHOW COLUMNS FROM `h_meal` [ RunTime:0.001336s ]
[ sql ] [ SQL ] SELECT * FROM `h_meal` WHERE  `id` = 2 LIMIT 1 [ RunTime:0.000352s ]
---------------------------------------------------------------
[2019-06-07T17:40:28+08:00] 39.96.87.22 POST csgxjk.com/api/device/100/work
[运行时间：0.026621s] [吞吐率：37.56req/s] [内存消耗：3,251.53kb] [文件加载：86]
[ info ] [ LANG ] /data/www/csgx2/thinkphp/lang/zh-cn.php
[ info ] [ ROUTE ] array (
  'rule' => 'api/device/100/work',
  'route' => 'api/api100/work',
  'option' => 
  array (
    'merge_rule_regex' => false,
  ),
  'var' => 
  array (
  ),
)
[ info ] [ HEADER ] array (
  'content-type' => 'application/x-www-form-urlencoded',
  'content-length' => '122',
  'accept' => '*/*',
  'host' => 'csgxjk.com',
  'user-agent' => 'Mozilla/5.0 (Linux; Android 9; NEO-AL00 Build/HUAWEINEO-AL00; wv) AppleWebKit/537.36 (KHTML, like Gecko) Version/4.0 Chrome/66.0.3359.126 MQQBrowser/6.2 TBS/044704 Mobile Safari/537.36 MMWEBID/1412 MicroMessenger/7.0.4.1420(0x2700043C) Process/tools NetType/WIFI Language/zh_CN',
)
[ info ] [ PARAM ] array (
  'appid' => '1',
  'secret' => 'csgx@xt@eUmkdL#2H',
  'timestamp' => '1559900428',
  'devid' => '4',
  'command' => 'start',
  'long' => '600',
  'sign' => '025274d27d5d8cdbaa5aeaec3ce0280c',
)
[ info ] [ DB ] INIT mysql
[ sql ] [ DB ] CONNECT:[ UseTime:0.000479s ] mysql:host=127.0.0.1;port=3306;dbname=liangzi;charset=utf8mb4
[ sql ] [ SQL ] SHOW COLUMNS FROM `bg_device` [ RunTime:0.001349s ]
[ sql ] [ SQL ] SELECT * FROM `bg_device` WHERE  `id` = 4 LIMIT 1 [ RunTime:0.000351s ]
---------------------------------------------------------------
[2019-06-07T17:40:28+08:00] 115.171.244.156 POST csgxjk.com/wx/device/bill.html
[运行时间：0.064976s] [吞吐率：15.39req/s] [内存消耗：3,689.39kb] [文件加载：134]
[ info ] [ LANG ] /data/www/csgx2/thinkphp/lang/zh-cn.php
[ info ] [ ROUTE ] array (
  'rule' => 'wx/device/bill',
  'route' => 'wxapi/device/bill',
  'option' => 
  array (
    'merge_rule_regex' => false,
  ),
  'var' => 
  array (
  ),
)
[ info ] [ HEADER ] array (
  'x-requested-with' => 'XMLHttpRequest',
  'x-forwarded-for-pound' => '115.171.244.156',
  'x-forwarded-for' => '115.171.244.156',
  'user-agent' => 'Mozilla/5.0 (Linux; Android 9; NEO-AL00 Build/HUAWEINEO-AL00; wv) AppleWebKit/537.36 (KHTML, like Gecko) Version/4.0 Chrome/66.0.3359.126 MQQBrowser/6.2 TBS/044704 Mobile Safari/537.36 MMWEBID/1412 MicroMessenger/7.0.4.1420(0x2700043C) Process/tools NetType/WIFI Language/zh_CN',
  'referer' => 'http://csgxjk.com/wx/device/work/4',
  'origin' => 'http://csgxjk.com',
  'host' => 'csgxjk.com',
  'content-type' => 'application/x-www-form-urlencoded; charset=UTF-8',
  'content-length' => '14',
  'connection' => 'close',
  'accept-language' => 'zh-CN,zh-CN;q=0.9,en-US;q=0.8',
  'accept-encoding' => 'gzip',
  'accept' => '*/*',
)
[ info ] [ PARAM ] array (
  'did' => '4',
  'mealid' => '2',
)
[ info ] [ DB ] INIT mysql
[ sql ] [ DB ] CONNECT:[ UseTime:0.000496s ] mysql:host=127.0.0.1;port=3306;dbname=liangzi;charset=utf8mb4
[ sql ] [ SQL ] SHOW COLUMNS FROM `h_meal` [ RunTime:0.001361s ]
[ sql ] [ SQL ] SELECT * FROM `h_meal` WHERE  `id` = 2 LIMIT 1 [ RunTime:0.000349s ]
---------------------------------------------------------------
[2019-06-07T17:40:36+08:00] 39.96.87.22 POST csgxjk.com/api/device/100/work
[运行时间：0.026517s] [吞吐率：37.71req/s] [内存消耗：3,251.53kb] [文件加载：86]
[ info ] [ LANG ] /data/www/csgx2/thinkphp/lang/zh-cn.php
[ info ] [ ROUTE ] array (
  'rule' => 'api/device/100/work',
  'route' => 'api/api100/work',
  'option' => 
  array (
    'merge_rule_regex' => false,
  ),
  'var' => 
  array (
  ),
)
[ info ] [ HEADER ] array (
  'content-type' => 'application/x-www-form-urlencoded',
  'content-length' => '122',
  'accept' => '*/*',
  'host' => 'csgxjk.com',
  'user-agent' => 'Mozilla/5.0 (Linux; Android 9; NEO-AL00 Build/HUAWEINEO-AL00; wv) AppleWebKit/537.36 (KHTML, like Gecko) Version/4.0 Chrome/66.0.3359.126 MQQBrowser/6.2 TBS/044704 Mobile Safari/537.36 MMWEBID/1412 MicroMessenger/7.0.4.1420(0x2700043C) Process/tools NetType/WIFI Language/zh_CN',
)
[ info ] [ PARAM ] array (
  'appid' => '1',
  'secret' => 'csgx@xt@eUmkdL#2H',
  'timestamp' => '1559900436',
  'devid' => '4',
  'command' => 'start',
  'long' => '600',
  'sign' => '719a2d293cfdeef2c3b8e64d62f21685',
)
[ info ] [ DB ] INIT mysql
[ sql ] [ DB ] CONNECT:[ UseTime:0.000395s ] mysql:host=127.0.0.1;port=3306;dbname=liangzi;charset=utf8mb4
[ sql ] [ SQL ] SHOW COLUMNS FROM `bg_device` [ RunTime:0.001300s ]
[ sql ] [ SQL ] SELECT * FROM `bg_device` WHERE  `id` = 4 LIMIT 1 [ RunTime:0.000344s ]
---------------------------------------------------------------
[2019-06-07T17:40:36+08:00] 115.171.244.156 POST csgxjk.com/wx/device/bill.html
[运行时间：0.071848s] [吞吐率：13.92req/s] [内存消耗：3,689.39kb] [文件加载：134]
[ info ] [ LANG ] /data/www/csgx2/thinkphp/lang/zh-cn.php
[ info ] [ ROUTE ] array (
  'rule' => 'wx/device/bill',
  'route' => 'wxapi/device/bill',
  'option' => 
  array (
    'merge_rule_regex' => false,
  ),
  'var' => 
  array (
  ),
)
[ info ] [ HEADER ] array (
  'x-requested-with' => 'XMLHttpRequest',
  'x-forwarded-for-pound' => '115.171.244.156',
  'x-forwarded-for' => '115.171.244.156',
  'user-agent' => 'Mozilla/5.0 (Linux; Android 9; NEO-AL00 Build/HUAWEINEO-AL00; wv) AppleWebKit/537.36 (KHTML, like Gecko) Version/4.0 Chrome/66.0.3359.126 MQQBrowser/6.2 TBS/044704 Mobile Safari/537.36 MMWEBID/1412 MicroMessenger/7.0.4.1420(0x2700043C) Process/tools NetType/WIFI Language/zh_CN',
  'referer' => 'http://csgxjk.com/wx/device/work/4',
  'origin' => 'http://csgxjk.com',
  'host' => 'csgxjk.com',
  'content-type' => 'application/x-www-form-urlencoded; charset=UTF-8',
  'content-length' => '14',
  'connection' => 'close',
  'accept-language' => 'zh-CN,zh-CN;q=0.9,en-US;q=0.8',
  'accept-encoding' => 'gzip',
  'accept' => '*/*',
)
[ info ] [ PARAM ] array (
  'did' => '4',
  'mealid' => '2',
)
[ info ] [ DB ] INIT mysql
[ sql ] [ DB ] CONNECT:[ UseTime:0.000487s ] mysql:host=127.0.0.1;port=3306;dbname=liangzi;charset=utf8mb4
[ sql ] [ SQL ] SHOW COLUMNS FROM `h_meal` [ RunTime:0.001348s ]
[ sql ] [ SQL ] SELECT * FROM `h_meal` WHERE  `id` = 2 LIMIT 1 [ RunTime:0.000316s ]
---------------------------------------------------------------
[2019-06-07T17:40:37+08:00] 39.96.87.22 POST csgxjk.com/api/device/100/work
[运行时间：0.027616s] [吞吐率：36.21req/s] [内存消耗：3,251.53kb] [文件加载：86]
[ info ] [ LANG ] /data/www/csgx2/thinkphp/lang/zh-cn.php
[ info ] [ ROUTE ] array (
  'rule' => 'api/device/100/work',
  'route' => 'api/api100/work',
  'option' => 
  array (
    'merge_rule_regex' => false,
  ),
  'var' => 
  array (
  ),
)
[ info ] [ HEADER ] array (
  'content-type' => 'application/x-www-form-urlencoded',
  'content-length' => '122',
  'accept' => '*/*',
  'host' => 'csgxjk.com',
  'user-agent' => 'Mozilla/5.0 (Linux; Android 9; NEO-AL00 Build/HUAWEINEO-AL00; wv) AppleWebKit/537.36 (KHTML, like Gecko) Version/4.0 Chrome/66.0.3359.126 MQQBrowser/6.2 TBS/044704 Mobile Safari/537.36 MMWEBID/1412 MicroMessenger/7.0.4.1420(0x2700043C) Process/tools NetType/WIFI Language/zh_CN',
)
[ info ] [ PARAM ] array (
  'appid' => '1',
  'secret' => 'csgx@xt@eUmkdL#2H',
  'timestamp' => '1559900435',
  'devid' => '4',
  'command' => 'start',
  'long' => '600',
  'sign' => '3907f10a5d2401e7eaa054ed0b9bd341',
)
[ info ] [ DB ] INIT mysql
[ sql ] [ DB ] CONNECT:[ UseTime:0.000486s ] mysql:host=127.0.0.1;port=3306;dbname=liangzi;charset=utf8mb4
[ sql ] [ SQL ] SHOW COLUMNS FROM `bg_device` [ RunTime:0.001408s ]
[ sql ] [ SQL ] SELECT * FROM `bg_device` WHERE  `id` = 4 LIMIT 1 [ RunTime:0.000349s ]
---------------------------------------------------------------
[2019-06-07T17:40:37+08:00] 115.171.244.156 POST csgxjk.com/wx/device/bill.html
[运行时间：1.571563s] [吞吐率：0.64req/s] [内存消耗：3,689.39kb] [文件加载：134]
[ info ] [ LANG ] /data/www/csgx2/thinkphp/lang/zh-cn.php
[ info ] [ ROUTE ] array (
  'rule' => 'wx/device/bill',
  'route' => 'wxapi/device/bill',
  'option' => 
  array (
    'merge_rule_regex' => false,
  ),
  'var' => 
  array (
  ),
)
[ info ] [ HEADER ] array (
  'x-requested-with' => 'XMLHttpRequest',
  'x-forwarded-for-pound' => '115.171.244.156',
  'x-forwarded-for' => '115.171.244.156',
  'user-agent' => 'Mozilla/5.0 (Linux; Android 9; NEO-AL00 Build/HUAWEINEO-AL00; wv) AppleWebKit/537.36 (KHTML, like Gecko) Version/4.0 Chrome/66.0.3359.126 MQQBrowser/6.2 TBS/044704 Mobile Safari/537.36 MMWEBID/1412 MicroMessenger/7.0.4.1420(0x2700043C) Process/tools NetType/WIFI Language/zh_CN',
  'referer' => 'http://csgxjk.com/wx/device/work/4',
  'origin' => 'http://csgxjk.com',
  'host' => 'csgxjk.com',
  'content-type' => 'application/x-www-form-urlencoded; charset=UTF-8',
  'content-length' => '14',
  'connection' => 'close',
  'accept-language' => 'zh-CN,zh-CN;q=0.9,en-US;q=0.8',
  'accept-encoding' => 'gzip',
  'accept' => '*/*',
)
[ info ] [ PARAM ] array (
  'did' => '4',
  'mealid' => '2',
)
[ info ] [ DB ] INIT mysql
[ sql ] [ DB ] CONNECT:[ UseTime:0.000476s ] mysql:host=127.0.0.1;port=3306;dbname=liangzi;charset=utf8mb4
[ sql ] [ SQL ] SHOW COLUMNS FROM `h_meal` [ RunTime:0.001334s ]
[ sql ] [ SQL ] SELECT * FROM `h_meal` WHERE  `id` = 2 LIMIT 1 [ RunTime:0.000319s ]
---------------------------------------------------------------
[2019-06-07T17:40:41+08:00] 115.171.244.156 GET csgxjk.com/wx/device/work/4
[运行时间：0.035125s] [吞吐率：28.47req/s] [内存消耗：3,849.88kb] [文件加载：140]
[ info ] [ LANG ] /data/www/csgx2/thinkphp/lang/zh-cn.php
[ info ] [ ROUTE ] array (
  'rule' => 'wx/device/work/<id>',
  'route' => 'wxapi/device/work',
  'option' => 
  array (
    'merge_rule_regex' => false,
  ),
  'var' => 
  array (
    'id' => '4',
  ),
)
[ info ] [ HEADER ] array (
  'x-forwarded-for-pound' => '115.171.244.156',
  'x-forwarded-for' => '115.171.244.156',
  'user-agent' => 'Mozilla/5.0 (Linux; Android 9; NEO-AL00 Build/HUAWEINEO-AL00; wv) AppleWebKit/537.36 (KHTML, like Gecko) Version/4.0 Chrome/66.0.3359.126 MQQBrowser/6.2 TBS/044704 Mobile Safari/537.36 MMWEBID/1412 MicroMessenger/7.0.4.1420(0x2700043C) Process/tools NetType/WIFI Language/zh_CN',
  'upgrade-insecure-requests' => '1',
  'host' => 'csgxjk.com',
  'cookie' => 'thinkphp_show_page_trace=0|0',
  'connection' => 'close',
  'accept-language' => 'zh-CN,zh-CN;q=0.9,en-US;q=0.8',
  'accept-encoding' => 'gzip',
  'accept' => 'text/html,application/xhtml+xml,application/xml;q=0.9,image/webp,image/apng,image/wxpic,image/sharpp,image/apng,image/tpg,*/*;q=0.8',
  'content-type' => '',
  'content-length' => '',
)
[ info ] [ PARAM ] array (
  'id' => '4',
)
[ info ] [ DB ] INIT mysql
[ info ] [ VIEW ] /data/www/csgx2/application/wxapi/view/device_work.php [ array (
  0 => 'dev',
  1 => 'setmeal',
) ]
[ sql ] [ DB ] CONNECT:[ UseTime:0.000545s ] mysql:host=127.0.0.1;port=3306;dbname=liangzi;charset=utf8mb4
[ sql ] [ SQL ] SHOW COLUMNS FROM `bg_device` [ RunTime:0.001335s ]
[ sql ] [ SQL ] SELECT * FROM `bg_device` WHERE  `id` = 4 LIMIT 1 [ RunTime:0.000372s ]
[ sql ] [ SQL ] SHOW COLUMNS FROM `h_meal` [ RunTime:0.001047s ]
[ sql ] [ SQL ] SELECT * FROM `h_meal` WHERE  `id` IN (1,2,3) [ RunTime:0.000331s ]
---------------------------------------------------------------
[2019-06-07T17:40:43+08:00] 39.96.87.22 POST csgxjk.com/api/device/100/work
[运行时间：0.027045s] [吞吐率：36.98req/s] [内存消耗：3,251.53kb] [文件加载：86]
[ info ] [ LANG ] /data/www/csgx2/thinkphp/lang/zh-cn.php
[ info ] [ ROUTE ] array (
  'rule' => 'api/device/100/work',
  'route' => 'api/api100/work',
  'option' => 
  array (
    'merge_rule_regex' => false,
  ),
  'var' => 
  array (
  ),
)
[ info ] [ HEADER ] array (
  'content-type' => 'application/x-www-form-urlencoded',
  'content-length' => '122',
  'accept' => '*/*',
  'host' => 'csgxjk.com',
  'user-agent' => 'Mozilla/5.0 (Linux; Android 9; NEO-AL00 Build/HUAWEINEO-AL00; wv) AppleWebKit/537.36 (KHTML, like Gecko) Version/4.0 Chrome/66.0.3359.126 MQQBrowser/6.2 TBS/044704 Mobile Safari/537.36 MMWEBID/1412 MicroMessenger/7.0.4.1420(0x2700043C) Process/tools NetType/WIFI Language/zh_CN',
)
[ info ] [ PARAM ] array (
  'appid' => '1',
  'secret' => 'csgx@xt@eUmkdL#2H',
  'timestamp' => '1559900443',
  'devid' => '4',
  'command' => 'start',
  'long' => '600',
  'sign' => 'fb353b535c9770cafe5e61a6c5501d73',
)
[ info ] [ DB ] INIT mysql
[ sql ] [ DB ] CONNECT:[ UseTime:0.000451s ] mysql:host=127.0.0.1;port=3306;dbname=liangzi;charset=utf8mb4
[ sql ] [ SQL ] SHOW COLUMNS FROM `bg_device` [ RunTime:0.001396s ]
[ sql ] [ SQL ] SELECT * FROM `bg_device` WHERE  `id` = 4 LIMIT 1 [ RunTime:0.000338s ]
---------------------------------------------------------------
[2019-06-07T17:40:43+08:00] 115.171.244.156 POST csgxjk.com/wx/device/bill.html
[运行时间：0.065088s] [吞吐率：15.36req/s] [内存消耗：3,689.39kb] [文件加载：134]
[ info ] [ LANG ] /data/www/csgx2/thinkphp/lang/zh-cn.php
[ info ] [ ROUTE ] array (
  'rule' => 'wx/device/bill',
  'route' => 'wxapi/device/bill',
  'option' => 
  array (
    'merge_rule_regex' => false,
  ),
  'var' => 
  array (
  ),
)
[ info ] [ HEADER ] array (
  'x-requested-with' => 'XMLHttpRequest',
  'x-forwarded-for-pound' => '115.171.244.156',
  'x-forwarded-for' => '115.171.244.156',
  'user-agent' => 'Mozilla/5.0 (Linux; Android 9; NEO-AL00 Build/HUAWEINEO-AL00; wv) AppleWebKit/537.36 (KHTML, like Gecko) Version/4.0 Chrome/66.0.3359.126 MQQBrowser/6.2 TBS/044704 Mobile Safari/537.36 MMWEBID/1412 MicroMessenger/7.0.4.1420(0x2700043C) Process/tools NetType/WIFI Language/zh_CN',
  'referer' => 'http://csgxjk.com/wx/device/work/4',
  'origin' => 'http://csgxjk.com',
  'host' => 'csgxjk.com',
  'content-type' => 'application/x-www-form-urlencoded; charset=UTF-8',
  'content-length' => '14',
  'connection' => 'close',
  'accept-language' => 'zh-CN,zh-CN;q=0.9,en-US;q=0.8',
  'accept-encoding' => 'gzip',
  'accept' => '*/*',
)
[ info ] [ PARAM ] array (
  'did' => '4',
  'mealid' => '2',
)
[ info ] [ DB ] INIT mysql
[ sql ] [ DB ] CONNECT:[ UseTime:0.000470s ] mysql:host=127.0.0.1;port=3306;dbname=liangzi;charset=utf8mb4
[ sql ] [ SQL ] SHOW COLUMNS FROM `h_meal` [ RunTime:0.001364s ]
[ sql ] [ SQL ] SELECT * FROM `h_meal` WHERE  `id` = 2 LIMIT 1 [ RunTime:0.000333s ]
---------------------------------------------------------------
[2019-06-07T17:41:06+08:00] 61.151.207.205 GET csgxjk.com/wx/device/work/4
[运行时间：0.034924s] [吞吐率：28.63req/s] [内存消耗：3,848.10kb] [文件加载：140]
[ info ] [ LANG ] /data/www/csgx2/thinkphp/lang/zh-cn.php
[ info ] [ ROUTE ] array (
  'rule' => 'wx/device/work/<id>',
  'route' => 'wxapi/device/work',
  'option' => 
  array (
    'merge_rule_regex' => false,
  ),
  'var' => 
  array (
    'id' => '4',
  ),
)
[ info ] [ HEADER ] array (
  'connection' => 'keep-alive',
  'host' => 'csgxjk.com',
  'accept-language' => 'zh-CN,zh;q=0.8,en-US;q=0.6,en;q=0.4',
  'accept' => '*/*',
  'user-agent' => 'Mozilla/5.0 (Windows NT 6.1; WOW64) AppleWebKit/537.36 (KHTML, like Gecko) Chrome/39.0.2171.95 Safari/537.36 MicroMessenger/6.5.2.501 NetType/WIFI WindowsWechat QBCore/3.43.27.400 QQBrowser/9.0.2524.400',
  'content-type' => '',
  'content-length' => '',
)
[ info ] [ PARAM ] array (
  'id' => '4',
)
[ info ] [ DB ] INIT mysql
[ info ] [ VIEW ] /data/www/csgx2/application/wxapi/view/device_work.php [ array (
  0 => 'dev',
  1 => 'setmeal',
) ]
[ sql ] [ DB ] CONNECT:[ UseTime:0.000506s ] mysql:host=127.0.0.1;port=3306;dbname=liangzi;charset=utf8mb4
[ sql ] [ SQL ] SHOW COLUMNS FROM `bg_device` [ RunTime:0.001381s ]
[ sql ] [ SQL ] SELECT * FROM `bg_device` WHERE  `id` = 4 LIMIT 1 [ RunTime:0.000375s ]
[ sql ] [ SQL ] SHOW COLUMNS FROM `h_meal` [ RunTime:0.001017s ]
[ sql ] [ SQL ] SELECT * FROM `h_meal` WHERE  `id` IN (1,2,3) [ RunTime:0.000318s ]
---------------------------------------------------------------
[2019-06-07T17:51:37+08:00] 115.171.244.156 GET csgxjk.com/wx/device/work/4
[运行时间：0.033629s] [吞吐率：29.74req/s] [内存消耗：3,848.76kb] [文件加载：140]
[ info ] [ LANG ] /data/www/csgx2/thinkphp/lang/zh-cn.php
[ info ] [ ROUTE ] array (
  'rule' => 'wx/device/work/<id>',
  'route' => 'wxapi/device/work',
  'option' => 
  array (
    'merge_rule_regex' => false,
  ),
  'var' => 
  array (
    'id' => '4',
  ),
)
[ info ] [ HEADER ] array (
  'connection' => 'keep-alive',
  'accept-encoding' => 'gzip, deflate',
  'accept-language' => 'zh-cn',
  'user-agent' => 'Mozilla/5.0 (iPhone; CPU iPhone OS 12_3_1 like Mac OS X) AppleWebKit/605.1.15 (KHTML, like Gecko) Mobile/15E148 MicroMessenger/7.0.4(0x17000428) NetType/WIFI Language/zh_CN',
  'accept' => 'text/html,application/xhtml+xml,application/xml;q=0.9,*/*;q=0.8',
  'upgrade-insecure-requests' => '1',
  'host' => 'csgxjk.com',
  'content-type' => '',
  'content-length' => '',
)
[ info ] [ PARAM ] array (
  'id' => '4',
)
[ info ] [ DB ] INIT mysql
[ info ] [ VIEW ] /data/www/csgx2/application/wxapi/view/device_work.php [ array (
  0 => 'dev',
  1 => 'setmeal',
) ]
[ sql ] [ DB ] CONNECT:[ UseTime:0.000486s ] mysql:host=127.0.0.1;port=3306;dbname=liangzi;charset=utf8mb4
[ sql ] [ SQL ] SHOW COLUMNS FROM `bg_device` [ RunTime:0.001372s ]
[ sql ] [ SQL ] SELECT * FROM `bg_device` WHERE  `id` = 4 LIMIT 1 [ RunTime:0.000378s ]
[ sql ] [ SQL ] SHOW COLUMNS FROM `h_meal` [ RunTime:0.001036s ]
[ sql ] [ SQL ] SELECT * FROM `h_meal` WHERE  `id` IN (1,2,3) [ RunTime:0.000325s ]
---------------------------------------------------------------
[2019-06-07T17:51:39+08:00] 39.96.87.22 POST csgxjk.com/api/device/100/work
[运行时间：0.036292s] [吞吐率：27.55req/s] [内存消耗：3,229.11kb] [文件加载：87]
[ info ] [ LANG ] /data/www/csgx2/thinkphp/lang/zh-cn.php
[ info ] [ ROUTE ] array (
  'rule' => 'api/device/100/work',
  'route' => 'api/api100/work',
  'option' => 
  array (
    'merge_rule_regex' => false,
  ),
  'var' => 
  array (
  ),
)
[ info ] [ HEADER ] array (
  'content-type' => 'application/x-www-form-urlencoded',
  'content-length' => '122',
  'accept' => '*/*',
  'host' => 'csgxjk.com',
  'user-agent' => 'Mozilla/5.0 (iPhone; CPU iPhone OS 12_3_1 like Mac OS X) AppleWebKit/605.1.15 (KHTML, like Gecko) Mobile/15E148 MicroMessenger/7.0.4(0x17000428) NetType/WIFI Language/zh_CN',
)
[ info ] [ PARAM ] array (
  'appid' => '1',
  'secret' => 'csgx@xt@eUmkdL#2H',
  'timestamp' => '1559901099',
  'devid' => '4',
  'command' => 'start',
  'long' => '600',
  'sign' => 'c82675a933684e6e5e9de18c24d9e178',
)
[ info ] [ DB ] INIT mysql
[ sql ] [ DB ] CONNECT:[ UseTime:0.000451s ] mysql:host=127.0.0.1;port=3306;dbname=liangzi;charset=utf8mb4
[ sql ] [ SQL ] SHOW COLUMNS FROM `bg_device` [ RunTime:0.001413s ]
[ sql ] [ SQL ] SELECT * FROM `bg_device` WHERE  `id` = 4 LIMIT 1 [ RunTime:0.000350s ]
[ sql ] [ SQL ] SHOW COLUMNS FROM `record_api` [ RunTime:0.001052s ]
[ sql ] [ SQL ] INSERT INTO `record_api` (`appid` , `devid` , `start_time` , `long`) VALUES (1 , 4 , 1559901099 , 600) [ RunTime:0.000327s ]
---------------------------------------------------------------
[2019-06-07T17:51:39+08:00] 115.171.244.156 POST csgxjk.com/wx/device/bill.html
[运行时间：0.082352s] [吞吐率：12.14req/s] [内存消耗：3,703.83kb] [文件加载：135]
[ info ] [ LANG ] /data/www/csgx2/thinkphp/lang/zh-cn.php
[ info ] [ ROUTE ] array (
  'rule' => 'wx/device/bill',
  'route' => 'wxapi/device/bill',
  'option' => 
  array (
    'merge_rule_regex' => false,
  ),
  'var' => 
  array (
  ),
)
[ info ] [ HEADER ] array (
  'x-requested-with' => 'XMLHttpRequest',
  'content-length' => '14',
  'referer' => 'http://csgxjk.com/wx/device/work/4',
  'user-agent' => 'Mozilla/5.0 (iPhone; CPU iPhone OS 12_3_1 like Mac OS X) AppleWebKit/605.1.15 (KHTML, like Gecko) Mobile/15E148 MicroMessenger/7.0.4(0x17000428) NetType/WIFI Language/zh_CN',
  'accept' => '*/*',
  'connection' => 'keep-alive',
  'accept-encoding' => 'gzip, deflate',
  'accept-language' => 'zh-cn',
  'origin' => 'http://csgxjk.com',
  'content-type' => 'application/x-www-form-urlencoded; charset=UTF-8',
  'host' => 'csgxjk.com',
)
[ info ] [ PARAM ] array (
  'did' => '4',
  'mealid' => '2',
)
[ info ] [ DB ] INIT mysql
[ sql ] [ DB ] CONNECT:[ UseTime:0.000536s ] mysql:host=127.0.0.1;port=3306;dbname=liangzi;charset=utf8mb4
[ sql ] [ SQL ] SHOW COLUMNS FROM `h_meal` [ RunTime:0.001393s ]
[ sql ] [ SQL ] SELECT * FROM `h_meal` WHERE  `id` = 2 LIMIT 1 [ RunTime:0.000353s ]
---------------------------------------------------------------
[2019-06-07T17:52:37+08:00] 101.89.239.230 GET csgxjk.com/wx/device/work/4
[运行时间：0.033367s] [吞吐率：29.97req/s] [内存消耗：3,847.85kb] [文件加载：140]
[ info ] [ LANG ] /data/www/csgx2/thinkphp/lang/zh-cn.php
[ info ] [ ROUTE ] array (
  'rule' => 'wx/device/work/<id>',
  'route' => 'wxapi/device/work',
  'option' => 
  array (
    'merge_rule_regex' => false,
  ),
  'var' => 
  array (
    'id' => '4',
  ),
)
[ info ] [ HEADER ] array (
  'connection' => 'keep-alive',
  'host' => 'csgxjk.com',
  'accept-language' => 'zh-CN,zh;q=0.8,en-US;q=0.6,en;q=0.4',
  'accept' => '*/*',
  'user-agent' => 'Mozilla/5.0 (iPhone; CPU iPhone OS 10_2_1 like Mac OS X) AppleWebKit/602.4.6 (KHTML, like Gecko) Mobile/14D27 MicroMessenger/6.5.5 NetType/WIFI Language/zh_CN',
  'content-type' => '',
  'content-length' => '',
)
[ info ] [ PARAM ] array (
  'id' => '4',
)
[ info ] [ DB ] INIT mysql
[ info ] [ VIEW ] /data/www/csgx2/application/wxapi/view/device_work.php [ array (
  0 => 'dev',
  1 => 'setmeal',
) ]
[ sql ] [ DB ] CONNECT:[ UseTime:0.000464s ] mysql:host=127.0.0.1;port=3306;dbname=liangzi;charset=utf8mb4
[ sql ] [ SQL ] SHOW COLUMNS FROM `bg_device` [ RunTime:0.001376s ]
[ sql ] [ SQL ] SELECT * FROM `bg_device` WHERE  `id` = 4 LIMIT 1 [ RunTime:0.000370s ]
[ sql ] [ SQL ] SHOW COLUMNS FROM `h_meal` [ RunTime:0.001041s ]
[ sql ] [ SQL ] SELECT * FROM `h_meal` WHERE  `id` IN (1,2,3) [ RunTime:0.000332s ]
---------------------------------------------------------------
[2019-06-07T19:16:05+08:00] 189.17.83.122 GET 39.96.87.22:80/
[运行时间：0.016341s] [吞吐率：61.20req/s] [内存消耗：1,984.26kb] [文件加载：70]
[ info ] [ LANG ] /data/www/csgx2/thinkphp/lang/zh-cn.php
[ info ] [ ROUTE ] array (
)
[ info ] [ HEADER ] array (
  'content-length' => '0',
  'user-agent' => 'Mozilla/5.0 (Windows NT 6.1; WOW64) AppleWebKit/537.36 (KHTML, like Gecko) Chrome/52.0.2743.116 Safari/537.36',
  'host' => '39.96.87.22:80',
  'content-type' => '',
)
[ info ] [ PARAM ] array (
)
---------------------------------------------------------------
[2019-06-07T19:16:26+08:00] 139.162.88.63 GET clientapi.ipip.net/echo.php?info=1234567890
[运行时间：0.014901s] [吞吐率：67.11req/s] [内存消耗：1,730.63kb] [文件加载：67]
[ info ] [ LANG ] /data/www/csgx2/thinkphp/lang/zh-cn.php
---------------------------------------------------------------
[2019-06-07T19:27:20+08:00] 120.25.208.128 GET www.csgxjk.com/
[运行时间：0.016237s] [吞吐率：61.59req/s] [内存消耗：1,984.43kb] [文件加载：70]
[ info ] [ LANG ] /data/www/csgx2/thinkphp/lang/zh-cn.php
[ info ] [ ROUTE ] array (
)
[ info ] [ HEADER ] array (
  'accept-encoding' => 'gzip,deflate',
  'accept' => '*/*',
  'user-agent' => 'Mozilla/5.0 (Windows NT 10.0; Win64; x64) AppleWebKit/537.36 (KHTML, like Gecko) Chrome/53.0.2785.143 Safari/537.36',
  'host' => 'www.csgxjk.com',
  'content-type' => '',
  'content-length' => '',
)
[ info ] [ PARAM ] array (
)
---------------------------------------------------------------
[2019-06-07T20:19:15+08:00] 78.140.203.82 GET 39.96.87.22:80/
[运行时间：0.016911s] [吞吐率：59.13req/s] [内存消耗：1,984.26kb] [文件加载：70]
[ info ] [ LANG ] /data/www/csgx2/thinkphp/lang/zh-cn.php
[ info ] [ ROUTE ] array (
)
[ info ] [ HEADER ] array (
  'content-length' => '0',
  'user-agent' => 'Mozilla/5.0 (Windows NT 6.1; WOW64) AppleWebKit/537.36 (KHTML, like Gecko) Chrome/51.0.2704.103 Safari/537.36',
  'host' => '39.96.87.22:80',
  'content-type' => '',
)
[ info ] [ PARAM ] array (
)
---------------------------------------------------------------
[2019-06-07T21:07:42+08:00] 173.73.82.36 GET 39.96.87.22/
[运行时间：0.016708s] [吞吐率：59.85req/s] [内存消耗：1,983.61kb] [文件加载：70]
[ info ] [ LANG ] /data/www/csgx2/thinkphp/lang/zh-cn.php
[ info ] [ ROUTE ] array (
)
[ info ] [ HEADER ] array (
  'host' => '39.96.87.22',
  'content-type' => '',
  'content-length' => '',
)
[ info ] [ PARAM ] array (
)
---------------------------------------------------------------
[2019-06-07T21:18:06+08:00] 103.47.169.23 GET 39.96.87.22:80/
[运行时间：0.016741s] [吞吐率：59.73req/s] [内存消耗：1,984.26kb] [文件加载：70]
[ info ] [ LANG ] /data/www/csgx2/thinkphp/lang/zh-cn.php
[ info ] [ ROUTE ] array (
)
[ info ] [ HEADER ] array (
  'content-length' => '0',
  'user-agent' => 'Mozilla/5.0 (Windows NT 10.0; WOW64) AppleWebKit/537.36 (KHTML, like Gecko) Chrome/51.0.2704.103 Safari/537.36',
  'host' => '39.96.87.22:80',
  'content-type' => '',
)
[ info ] [ PARAM ] array (
)
---------------------------------------------------------------
[2019-06-07T22:41:22+08:00] 80.82.70.187 GET www.baidu.com/cache/global/img/gs.gif
[运行时间：0.015146s] [吞吐率：66.02req/s] [内存消耗：1,730.33kb] [文件加载：67]
[ info ] [ LANG ] /data/www/csgx2/thinkphp/lang/zh-cn.php
---------------------------------------------------------------
[2019-06-07T23:37:19+08:00] 52.53.215.244 GET 39.96.87.22/
[运行时间：0.016878s] [吞吐率：59.25req/s] [内存消耗：1,984.52kb] [文件加载：70]
[ info ] [ LANG ] /data/www/csgx2/thinkphp/lang/zh-cn.php
[ info ] [ ROUTE ] array (
)
[ info ] [ HEADER ] array (
  'connection' => 'keep-alive',
  'cache-control' => 'max-age=259200',
  'host' => '39.96.87.22',
  'accept-encoding' => 'gzip',
  'accept' => '*/*',
  'user-agent' => 'Mozilla/5.0 (Windows NT 6.2; WOW64; rv:26.0) Gecko/20100101 Firefox/26.0',
  'content-type' => '',
  'content-length' => '',
)
[ info ] [ PARAM ] array (
)
---------------------------------------------------------------
[2019-06-07T23:58:05+08:00] 95.213.177.126 POST check.proxyradar.com/azenv.php?auth=155992308519&a=PSCN&i=660625174&p=80
[运行时间：0.015553s] [吞吐率：64.30req/s] [内存消耗：1,730.60kb] [文件加载：67]
[ info ] [ LANG ] /data/www/csgx2/thinkphp/lang/zh-cn.php
