---------------------------------------------------------------
[2019-06-14T00:56:48+08:00] 112.124.202.139 GET csgxjk.com/
[运行时间：0.016762s] [吞吐率：59.66req/s] [内存消耗：1,986.87kb] [文件加载：70]
[ info ] [ LANG ] /data/www/csgx2/thinkphp/lang/zh-cn.php
[ info ] [ ROUTE ] array (
)
[ info ] [ HEADER ] array (
  'connection' => 'Keep-Alive',
  'host' => 'csgxjk.com',
  'accept-language' => 'zh-cn,en-us;q=0.5',
  'accept' => '*/*',
  'user-agent' => 'Baiduspider+(+http://www.baidu.com/search/spider.htm)',
  'content-type' => '',
  'content-length' => '',
)
[ info ] [ PARAM ] array (
)
---------------------------------------------------------------
[2019-06-14T03:20:17+08:00] 142.4.210.157 GET csgxjk.com/wp-login.php
[运行时间：0.014865s] [吞吐率：67.27req/s] [内存消耗：1,732.95kb] [文件加载：67]
[ info ] [ LANG ] /data/www/csgx2/thinkphp/lang/zh-cn.php
---------------------------------------------------------------
[2019-06-14T04:51:27+08:00] 106.14.115.254 GET csgxjk.com/
[运行时间：0.015909s] [吞吐率：62.86req/s] [内存消耗：1,986.84kb] [文件加载：70]
[ info ] [ LANG ] /data/www/csgx2/thinkphp/lang/zh-cn.php
[ info ] [ ROUTE ] array (
)
[ info ] [ HEADER ] array (
  'connection' => 'keep-alive',
  'accept' => 'text/html, image/gif, image/jpeg, *; q=.2, */*; q=.2',
  'host' => 'csgxjk.com',
  'user-agent' => 'Mozilla/5.0 (iPhone; CPU iPhone OS 8_0_2 like Mac OS X)',
  'content-type' => '',
  'content-length' => '',
)
[ info ] [ PARAM ] array (
)
---------------------------------------------------------------
[2019-06-14T04:54:44+08:00] 47.98.34.250 GET csgxjk.com/
[运行时间：0.015992s] [吞吐率：62.53req/s] [内存消耗：1,986.84kb] [文件加载：70]
[ info ] [ LANG ] /data/www/csgx2/thinkphp/lang/zh-cn.php
[ info ] [ ROUTE ] array (
)
[ info ] [ HEADER ] array (
  'connection' => 'keep-alive',
  'accept' => 'text/html, image/gif, image/jpeg, *; q=.2, */*; q=.2',
  'host' => 'csgxjk.com',
  'user-agent' => 'Mozilla/5.0 (iPhone; CPU iPhone OS 8_0_2 like Mac OS X)',
  'content-type' => '',
  'content-length' => '',
)
[ info ] [ PARAM ] array (
)
---------------------------------------------------------------
[2019-06-14T05:11:23+08:00] 106.15.176.145 GET csgxjk.com/
[运行时间：0.016919s] [吞吐率：59.11req/s] [内存消耗：1,987.02kb] [文件加载：70]
[ info ] [ LANG ] /data/www/csgx2/thinkphp/lang/zh-cn.php
[ info ] [ ROUTE ] array (
)
[ info ] [ HEADER ] array (
  'connection' => 'keep-alive',
  'accept' => 'text/html, image/gif, image/jpeg, *; q=.2, */*; q=.2',
  'host' => 'csgxjk.com',
  'user-agent' => 'Mozilla/5.0 (X11; Ubuntu; Linux x86_64; rv:36.0) Gecko/20100101 Firefox/36.0',
  'content-type' => '',
  'content-length' => '',
)
[ info ] [ PARAM ] array (
)
---------------------------------------------------------------
[2019-06-14T05:16:57+08:00] 47.97.216.82 GET csgxjk.com/
[运行时间：0.016642s] [吞吐率：60.09req/s] [内存消耗：1,987.02kb] [文件加载：70]
[ info ] [ LANG ] /data/www/csgx2/thinkphp/lang/zh-cn.php
[ info ] [ ROUTE ] array (
)
[ info ] [ HEADER ] array (
  'connection' => 'keep-alive',
  'accept' => 'text/html, image/gif, image/jpeg, *; q=.2, */*; q=.2',
  'host' => 'csgxjk.com',
  'user-agent' => 'Mozilla/5.0 (X11; Ubuntu; Linux x86_64; rv:36.0) Gecko/20100101 Firefox/36.0',
  'content-type' => '',
  'content-length' => '',
)
[ info ] [ PARAM ] array (
)
---------------------------------------------------------------
[2019-06-14T08:26:36+08:00] 106.2.125.215 GET csgxjk.com/
[运行时间：0.016391s] [吞吐率：61.01req/s] [内存消耗：1,986.89kb] [文件加载：70]
[ info ] [ LANG ] /data/www/csgx2/thinkphp/lang/zh-cn.php
[ info ] [ ROUTE ] array (
)
[ info ] [ HEADER ] array (
  'accept-encoding' => 'gzip,deflate',
  'proxy-connection' => 'Keep-Alive',
  'host' => 'csgxjk.com',
  'connection' => 'close',
  'user-agent' => 'Mozilla/4.0 (compatible; MSIE 8.0; Windows NT 6.1; Trident/4.0)',
  'content-type' => '',
  'content-length' => '',
)
[ info ] [ PARAM ] array (
)
---------------------------------------------------------------
[2019-06-14T12:18:42+08:00] 40.77.167.135 GET csgxjk.com/
[运行时间：0.016821s] [吞吐率：59.45req/s] [内存消耗：1,987.73kb] [文件加载：70]
[ info ] [ LANG ] /data/www/csgx2/thinkphp/lang/zh-cn.php
[ info ] [ ROUTE ] array (
)
[ info ] [ HEADER ] array (
  'user-agent' => 'Mozilla/5.0 (compatible; bingbot/2.0; +http://www.bing.com/bingbot.htm)',
  'host' => 'csgxjk.com',
  'from' => 'bingbot(at)microsoft.com',
  'accept-encoding' => 'gzip, deflate',
  'accept' => '*/*',
  'pragma' => 'no-cache',
  'connection' => 'Keep-Alive',
  'cache-control' => 'no-cache',
  'content-type' => '',
  'content-length' => '',
)
[ info ] [ PARAM ] array (
)
---------------------------------------------------------------
[2019-06-14T14:15:35+08:00] 106.120.98.190 GET csgxjk.com/admin/login/index.html
[运行时间：0.019836s] [吞吐率：50.41req/s] [内存消耗：2,156.34kb] [文件加载：83]
[ info ] [ LANG ] /data/www/csgx2/thinkphp/lang/zh-cn.php
[ info ] [ ROUTE ] array (
)
[ info ] [ HEADER ] array (
  'accept-language' => 'zh-CN,zh;q=0.8',
  'accept-encoding' => 'gzip, deflate, sdch',
  'accept' => 'text/html,application/xhtml+xml,application/xml;q=0.9,image/webp,*/*;q=0.8',
  'user-agent' => 'Mozilla/5.0 (Windows NT 10.0; WOW64) AppleWebKit/537.36 (KHTML, like Gecko) Chrome/57.0.2987.98 Safari/537.36 LBBROWSER',
  'upgrade-insecure-requests' => '1',
  'connection' => 'keep-alive',
  'host' => 'csgxjk.com',
  'content-type' => '',
  'content-length' => '',
)
[ info ] [ PARAM ] array (
)
[ info ] [ VIEW ] /data/www/csgx2/application/admin/view/login_index.php [ array (
) ]
---------------------------------------------------------------
[2019-06-14T14:15:45+08:00] 106.120.98.190 POST csgxjk.com/admin/login/login.html
[运行时间：0.028862s] [吞吐率：34.65req/s] [内存消耗：3,324.02kb] [文件加载：91]
[ info ] [ LANG ] /data/www/csgx2/thinkphp/lang/zh-cn.php
[ info ] [ ROUTE ] array (
)
[ info ] [ HEADER ] array (
  'cookie' => 'thinkphp_show_page_trace=0|0; ASPSESSIONID=8rbi577boubig5sm4on0jqls9d',
  'accept-language' => 'zh-CN,zh;q=0.8',
  'accept-encoding' => 'gzip, deflate',
  'referer' => 'http://csgxjk.com/admin/login/index.html',
  'content-type' => 'application/x-www-form-urlencoded; charset=UTF-8',
  'user-agent' => 'Mozilla/5.0 (Windows NT 10.0; WOW64) AppleWebKit/537.36 (KHTML, like Gecko) Chrome/57.0.2987.98 Safari/537.36 LBBROWSER',
  'x-requested-with' => 'XMLHttpRequest',
  'origin' => 'http://csgxjk.com',
  'accept' => '*/*',
  'content-length' => '30',
  'connection' => 'keep-alive',
  'host' => 'csgxjk.com',
)
[ info ] [ PARAM ] array (
  'username' => 'admin',
  'password' => '000000',
)
[ info ] [ DB ] INIT mysql
[ sql ] [ DB ] CONNECT:[ UseTime:0.000476s ] mysql:host=127.0.0.1;port=3306;dbname=liangzi;charset=utf8
[ sql ] [ SQL ] SHOW COLUMNS FROM `bg_admin` [ RunTime:0.001433s ]
[ sql ] [ SQL ] SELECT * FROM `bg_admin` WHERE  `username` = 'admin' LIMIT 1 [ RunTime:0.000368s ]
---------------------------------------------------------------
[2019-06-14T14:16:33+08:00] 106.120.98.190 POST csgxjk.com/admin/login/login.html
[运行时间：0.027909s] [吞吐率：35.83req/s] [内存消耗：3,324.02kb] [文件加载：91]
[ info ] [ LANG ] /data/www/csgx2/thinkphp/lang/zh-cn.php
[ info ] [ ROUTE ] array (
)
[ info ] [ HEADER ] array (
  'cookie' => 'thinkphp_show_page_trace=0|0; ASPSESSIONID=8rbi577boubig5sm4on0jqls9d',
  'accept-language' => 'zh-CN,zh;q=0.8',
  'accept-encoding' => 'gzip, deflate',
  'referer' => 'http://csgxjk.com/admin/login/index.html',
  'content-type' => 'application/x-www-form-urlencoded; charset=UTF-8',
  'user-agent' => 'Mozilla/5.0 (Windows NT 10.0; WOW64) AppleWebKit/537.36 (KHTML, like Gecko) Chrome/57.0.2987.98 Safari/537.36 LBBROWSER',
  'x-requested-with' => 'XMLHttpRequest',
  'origin' => 'http://csgxjk.com',
  'accept' => '*/*',
  'content-length' => '29',
  'connection' => 'keep-alive',
  'host' => 'csgxjk.com',
)
[ info ] [ PARAM ] array (
  'username' => 'admin',
  'password' => '11111',
)
[ info ] [ DB ] INIT mysql
[ sql ] [ DB ] CONNECT:[ UseTime:0.000460s ] mysql:host=127.0.0.1;port=3306;dbname=liangzi;charset=utf8
[ sql ] [ SQL ] SHOW COLUMNS FROM `bg_admin` [ RunTime:0.001454s ]
[ sql ] [ SQL ] SELECT * FROM `bg_admin` WHERE  `username` = 'admin' LIMIT 1 [ RunTime:0.000356s ]
---------------------------------------------------------------
[2019-06-14T14:16:39+08:00] 106.120.98.190 POST csgxjk.com/admin/login/login.html
[运行时间：0.038117s] [吞吐率：26.24req/s] [内存消耗：3,388.72kb] [文件加载：97]
[ info ] [ LANG ] /data/www/csgx2/thinkphp/lang/zh-cn.php
[ info ] [ ROUTE ] array (
)
[ info ] [ HEADER ] array (
  'cookie' => 'thinkphp_show_page_trace=0|0; ASPSESSIONID=8rbi577boubig5sm4on0jqls9d',
  'accept-language' => 'zh-CN,zh;q=0.8',
  'accept-encoding' => 'gzip, deflate',
  'referer' => 'http://csgxjk.com/admin/login/index.html',
  'content-type' => 'application/x-www-form-urlencoded; charset=UTF-8',
  'user-agent' => 'Mozilla/5.0 (Windows NT 10.0; WOW64) AppleWebKit/537.36 (KHTML, like Gecko) Chrome/57.0.2987.98 Safari/537.36 LBBROWSER',
  'x-requested-with' => 'XMLHttpRequest',
  'origin' => 'http://csgxjk.com',
  'accept' => '*/*',
  'content-length' => '30',
  'connection' => 'keep-alive',
  'host' => 'csgxjk.com',
)
[ info ] [ PARAM ] array (
  'username' => 'admin',
  'password' => '111111',
)
[ info ] [ DB ] INIT mysql
[ sql ] [ DB ] CONNECT:[ UseTime:0.000464s ] mysql:host=127.0.0.1;port=3306;dbname=liangzi;charset=utf8
[ sql ] [ SQL ] SHOW COLUMNS FROM `bg_admin` [ RunTime:0.001384s ]
[ sql ] [ SQL ] SELECT * FROM `bg_admin` WHERE  `username` = 'admin' LIMIT 1 [ RunTime:0.000369s ]
[ sql ] [ SQL ] SHOW COLUMNS FROM `bg_log` [ RunTime:0.001063s ]
[ sql ] [ SQL ] INSERT INTO `bg_log` (`userid` , `username` , `ip` , `time`) VALUES (1 , 'admin' , '106.120.98.190' , 1560492999) [ RunTime:0.000302s ]
[ sql ] [ SQL ] SHOW COLUMNS FROM `bg_role` [ RunTime:0.000985s ]
[ sql ] [ SQL ] SELECT `power` FROM `bg_role` WHERE  `id` = 1 LIMIT 1 [ RunTime:0.000271s ]
[ sql ] [ SQL ] SHOW COLUMNS FROM `bg_menu` [ RunTime:0.001006s ]
[ sql ] [ SQL ] SELECT `id`,`router` FROM `bg_menu` WHERE  (  router <> ''  ) [ RunTime:0.000323s ]
[ sql ] [ SQL ] SELECT `power` FROM `bg_role` WHERE  `id` = 1 LIMIT 1 [ RunTime:0.000259s ]
[ sql ] [ SQL ] select id,name,router,pid,menuIcon from bg_menu where isMenu&1 order by pid asc, orderNumber asc [ RunTime:0.000348s ]
---------------------------------------------------------------
[2019-06-14T14:16:39+08:00] 106.120.98.190 GET csgxjk.com/admin/login/admin.html
[运行时间：0.018353s] [吞吐率：54.49req/s] [内存消耗：2,141.80kb] [文件加载：81]
[ info ] [ LANG ] /data/www/csgx2/thinkphp/lang/zh-cn.php
[ info ] [ ROUTE ] array (
)
[ info ] [ HEADER ] array (
  'cookie' => 'thinkphp_show_page_trace=0|0; ASPSESSIONID=8rbi577boubig5sm4on0jqls9d',
  'accept-language' => 'zh-CN,zh;q=0.8',
  'accept-encoding' => 'gzip, deflate, sdch',
  'referer' => 'http://csgxjk.com/admin/login/index.html',
  'accept' => 'text/html,application/xhtml+xml,application/xml;q=0.9,image/webp,*/*;q=0.8',
  'user-agent' => 'Mozilla/5.0 (Windows NT 10.0; WOW64) AppleWebKit/537.36 (KHTML, like Gecko) Chrome/57.0.2987.98 Safari/537.36 LBBROWSER',
  'upgrade-insecure-requests' => '1',
  'connection' => 'keep-alive',
  'host' => 'csgxjk.com',
  'content-type' => '',
  'content-length' => '',
)
[ info ] [ PARAM ] array (
)
---------------------------------------------------------------
[2019-06-14T14:16:39+08:00] 106.120.98.190 GET csgxjk.com/admin/login/index.html
[运行时间：0.017566s] [吞吐率：56.93req/s] [内存消耗：2,146.24kb] [文件加载：82]
[ info ] [ LANG ] /data/www/csgx2/thinkphp/lang/zh-cn.php
[ info ] [ ROUTE ] array (
)
[ info ] [ HEADER ] array (
  'cookie' => 'thinkphp_show_page_trace=0|0; ASPSESSIONID=8rbi577boubig5sm4on0jqls9d',
  'accept-language' => 'zh-CN,zh;q=0.8',
  'accept-encoding' => 'gzip, deflate, sdch',
  'referer' => 'http://csgxjk.com/admin/login/index.html',
  'accept' => 'text/html,application/xhtml+xml,application/xml;q=0.9,image/webp,*/*;q=0.8',
  'user-agent' => 'Mozilla/5.0 (Windows NT 10.0; WOW64) AppleWebKit/537.36 (KHTML, like Gecko) Chrome/57.0.2987.98 Safari/537.36 LBBROWSER',
  'upgrade-insecure-requests' => '1',
  'connection' => 'keep-alive',
  'host' => 'csgxjk.com',
  'content-type' => '',
  'content-length' => '',
)
[ info ] [ PARAM ] array (
)
---------------------------------------------------------------
[2019-06-14T14:16:39+08:00] 106.120.98.190 GET csgxjk.com/admin/index/index.html
[运行时间：0.018551s] [吞吐率：53.91req/s] [内存消耗：2,183.66kb] [文件加载：84]
[ info ] [ LANG ] /data/www/csgx2/thinkphp/lang/zh-cn.php
[ info ] [ ROUTE ] array (
)
[ info ] [ HEADER ] array (
  'cookie' => 'ASPSESSIONID=8rbi577boubig5sm4on0jqls9d',
  'accept-language' => 'zh-CN,zh;q=0.8',
  'accept-encoding' => 'gzip, deflate, sdch',
  'referer' => 'http://csgxjk.com/admin/login/index.html',
  'accept' => 'text/html,application/xhtml+xml,application/xml;q=0.9,image/webp,*/*;q=0.8',
  'user-agent' => 'Mozilla/5.0 (Windows NT 10.0; WOW64) AppleWebKit/537.36 (KHTML, like Gecko) Chrome/57.0.2987.98 Safari/537.36 LBBROWSER',
  'upgrade-insecure-requests' => '1',
  'connection' => 'keep-alive',
  'host' => 'csgxjk.com',
  'content-type' => '',
  'content-length' => '',
)
[ info ] [ PARAM ] array (
)
[ info ] [ VIEW ] /data/www/csgx2/application/admin/view/index_index.php [ array (
  0 => 'userinfo',
  1 => 'menu',
) ]
---------------------------------------------------------------
[2019-06-14T14:16:40+08:00] 106.120.98.190 GET csgxjk.com/admin/dashboard/welcome.html
[运行时间：0.027346s] [吞吐率：36.57req/s] [内存消耗：3,098.36kb] [文件加载：90]
[ info ] [ LANG ] /data/www/csgx2/thinkphp/lang/zh-cn.php
[ info ] [ ROUTE ] array (
)
[ info ] [ HEADER ] array (
  'cookie' => 'ASPSESSIONID=8rbi577boubig5sm4on0jqls9d',
  'accept-language' => 'zh-CN,zh;q=0.8',
  'accept-encoding' => 'gzip, deflate, sdch',
  'referer' => 'http://csgxjk.com/admin/index/index.html',
  'accept' => 'text/html,application/xhtml+xml,application/xml;q=0.9,image/webp,*/*;q=0.8',
  'user-agent' => 'Mozilla/5.0 (Windows NT 10.0; WOW64) AppleWebKit/537.36 (KHTML, like Gecko) Chrome/57.0.2987.98 Safari/537.36 LBBROWSER',
  'upgrade-insecure-requests' => '1',
  'connection' => 'keep-alive',
  'host' => 'csgxjk.com',
  'content-type' => '',
  'content-length' => '',
)
[ info ] [ PARAM ] array (
)
[ info ] [ DB ] INIT mysql
[ info ] [ VIEW ] /data/www/csgx2/application/admin/view/dashboard_welcome.php [ array (
  0 => 'username',
  1 => 'web_site',
  2 => 'all_nav',
) ]
[ sql ] [ DB ] CONNECT:[ UseTime:0.000458s ] mysql:host=127.0.0.1;port=3306;dbname=liangzi;charset=utf8
[ sql ] [ SQL ] SHOW COLUMNS FROM `bg_category` [ RunTime:0.001479s ]
[ sql ] [ SQL ] SELECT * FROM `bg_category` [ RunTime:0.000383s ]
---------------------------------------------------------------
[2019-06-14T14:16:42+08:00] 106.120.98.190 GET csgxjk.com/admin/dashboard/index.html
[运行时间：0.039503s] [吞吐率：25.31req/s] [内存消耗：3,682.88kb] [文件加载：100]
[ info ] [ LANG ] /data/www/csgx2/thinkphp/lang/zh-cn.php
[ info ] [ ROUTE ] array (
)
[ info ] [ HEADER ] array (
  'cookie' => 'thinkphp_show_page_trace=0|0; ASPSESSIONID=8rbi577boubig5sm4on0jqls9d',
  'accept-language' => 'zh-CN,zh;q=0.8',
  'accept-encoding' => 'gzip, deflate, sdch',
  'referer' => 'http://csgxjk.com/admin/index/index.html',
  'accept' => 'text/html,application/xhtml+xml,application/xml;q=0.9,image/webp,*/*;q=0.8',
  'user-agent' => 'Mozilla/5.0 (Windows NT 10.0; WOW64) AppleWebKit/537.36 (KHTML, like Gecko) Chrome/57.0.2987.98 Safari/537.36 LBBROWSER',
  'upgrade-insecure-requests' => '1',
  'connection' => 'keep-alive',
  'host' => 'csgxjk.com',
  'content-type' => '',
  'content-length' => '',
)
[ info ] [ PARAM ] array (
)
[ info ] [ DB ] INIT mysql
[ info ] [ VIEW ] /data/www/csgx2/application/admin/view/dashboard_index.php [ array (
  0 => 'username',
  1 => 'web_site',
  2 => 'all_nav',
  3 => 'software',
  4 => 'login_list',
  5 => 'pc_theme',
  6 => 'mobile_theme',
  7 => 'product_count',
  8 => 'article_count',
  9 => 'single_page',
  10 => 'page_count',
  11 => 'flag',
) ]
[ sql ] [ DB ] CONNECT:[ UseTime:0.000439s ] mysql:host=127.0.0.1;port=3306;dbname=liangzi;charset=utf8
[ sql ] [ SQL ] SHOW COLUMNS FROM `bg_category` [ RunTime:0.001483s ]
[ sql ] [ SQL ] SELECT * FROM `bg_category` [ RunTime:0.000377s ]
[ sql ] [ SQL ] SELECT VERSION() as version [ RunTime:0.000188s ]
[ sql ] [ SQL ] SHOW COLUMNS FROM `bg_log` [ RunTime:0.001043s ]
[ sql ] [ SQL ] SELECT * FROM `bg_log` WHERE  ( userid=1 and type&1 ) ORDER BY `time` DESC LIMIT 10 [ RunTime:0.000694s ]
[ sql ] [ SQL ] SHOW COLUMNS FROM `bg_product` [ RunTime:0.001048s ]
[ sql ] [ SQL ] SELECT COUNT(*) AS tp_count FROM `bg_product` WHERE  `status` = 0 LIMIT 1 [ RunTime:0.000259s ]
[ sql ] [ SQL ] SHOW COLUMNS FROM `bg_article` [ RunTime:0.001003s ]
[ sql ] [ SQL ] SELECT COUNT(*) AS tp_count FROM `bg_article` WHERE  `status` = 0 LIMIT 1 [ RunTime:0.000263s ]
[ sql ] [ SQL ] SHOW COLUMNS FROM `bg_system` [ RunTime:0.000944s ]
[ sql ] [ SQL ] SELECT `value` FROM `bg_system` WHERE  `name` = 'site_theme' LIMIT 1 [ RunTime:0.000263s ]
[ sql ] [ SQL ] SELECT `value` FROM `bg_system` WHERE  `name` = 'site_mobile_theme' LIMIT 1 [ RunTime:0.000220s ]
[ sql ] [ SQL ] SELECT `id`,`name`,`ename` FROM `bg_category` WHERE  `modelid` = 2 [ RunTime:0.000254s ]
---------------------------------------------------------------
[2019-06-14T15:18:33+08:00] 37.1.31.131 GET csgxjk.com/template/main.tpl
[运行时间：0.015123s] [吞吐率：66.12req/s] [内存消耗：1,733.39kb] [文件加载：67]
[ info ] [ LANG ] /data/www/csgx2/thinkphp/lang/zh-cn.php
---------------------------------------------------------------
[2019-06-14T18:31:16+08:00] 117.177.40.99 GET csgxjk.com/web/cgi-bin/hi3510/param.cgi?cmd=getp2pattr&cmd=getuserattr
[运行时间：0.015426s] [吞吐率：64.83req/s] [内存消耗：1,711.66kb] [文件加载：66]
[ info ] [ LANG ] /data/www/csgx2/thinkphp/lang/zh-cn.php
---------------------------------------------------------------
[2019-06-14T19:31:00+08:00] 35.183.43.110 HEAD csgxjk.com/
[运行时间：0.017142s] [吞吐率：58.34req/s] [内存消耗：1,986.53kb] [文件加载：70]
[ info ] [ LANG ] /data/www/csgx2/thinkphp/lang/zh-cn.php
[ info ] [ ROUTE ] array (
)
[ info ] [ HEADER ] array (
  'connection' => 'keep-alive',
  'accept' => 'text/html, image/gif, image/jpeg, *; q=.2, */*; q=.2',
  'host' => 'csgxjk.com',
  'user-agent' => 'CheckMarkNetwork/1.0 (+http://www.checkmarknetwork.com/spider.html)',
  'content-type' => '',
  'content-length' => '',
)
[ info ] [ PARAM ] array (
)
---------------------------------------------------------------
[2019-06-14T19:31:01+08:00] 35.183.43.110 GET csgxjk.com/
[运行时间：0.016468s] [吞吐率：60.72req/s] [内存消耗：1,987.77kb] [文件加载：70]
[ info ] [ LANG ] /data/www/csgx2/thinkphp/lang/zh-cn.php
[ info ] [ ROUTE ] array (
)
[ info ] [ HEADER ] array (
  'upgrade-insecure-requests' => '1',
  'webcrawlerj-starting-url' => 'http://csgxjk.com',
  'connection' => 'Keep-Alive',
  'accept-encoding' => 'gzip, deflate',
  'accept-language' => 'en-US',
  'accept' => '*/*',
  'user-agent' => 'CheckMarkNetwork/1.0 (+http://www.checkmarknetwork.com/spider.html)',
  'host' => 'csgxjk.com',
  'content-type' => '',
  'content-length' => '',
)
[ info ] [ PARAM ] array (
)
---------------------------------------------------------------
[2019-06-14T19:49:33+08:00] 142.4.210.110 GET csgxjk.com/wp-login.php
[运行时间：0.015696s] [吞吐率：63.71req/s] [内存消耗：1,732.98kb] [文件加载：67]
[ info ] [ LANG ] /data/www/csgx2/thinkphp/lang/zh-cn.php
---------------------------------------------------------------
[2019-06-14T20:29:28+08:00] 52.234.224.154 GET csgxjk.com/wp-login.php
[运行时间：0.015587s] [吞吐率：64.16req/s] [内存消耗：1,732.95kb] [文件加载：67]
[ info ] [ LANG ] /data/www/csgx2/thinkphp/lang/zh-cn.php
---------------------------------------------------------------
[2019-06-14T20:31:02+08:00] 123.59.209.112 GET csgxjk.com/
[运行时间：0.017029s] [吞吐率：58.72req/s] [内存消耗：1,986.84kb] [文件加载：70]
[ info ] [ LANG ] /data/www/csgx2/thinkphp/lang/zh-cn.php
[ info ] [ ROUTE ] array (
)
[ info ] [ HEADER ] array (
  'accept-encoding' => 'gzip,deflate',
  'connection' => 'Keep-Alive',
  'host' => 'csgxjk.com',
  'user-agent' => 'Mozilla/5.0 (Windows NT 6.1; WOW64; rv:37.0) Gecko/20100101 Firefox/37.0',
  'content-type' => '',
  'content-length' => '',
)
[ info ] [ PARAM ] array (
)
---------------------------------------------------------------
[2019-06-14T20:54:18+08:00] 120.25.208.128 GET csgxjk.com/
[运行时间：0.016808s] [吞吐率：59.50req/s] [内存消耗：1,986.90kb] [文件加载：70]
[ info ] [ LANG ] /data/www/csgx2/thinkphp/lang/zh-cn.php
[ info ] [ ROUTE ] array (
)
[ info ] [ HEADER ] array (
  'accept-encoding' => 'gzip,deflate',
  'accept' => '*/*',
  'user-agent' => 'Mozilla/5.0 (Windows NT 10.0; Win64; x64) AppleWebKit/537.36 (KHTML, like Gecko) Chrome/53.0.2785.143 Safari/537.36',
  'host' => 'csgxjk.com',
  'content-type' => '',
  'content-length' => '',
)
[ info ] [ PARAM ] array (
)
---------------------------------------------------------------
[2019-06-14T21:14:14+08:00] 104.238.248.13 GET csgxjk.com/
[运行时间：0.017047s] [吞吐率：58.66req/s] [内存消耗：1,986.84kb] [文件加载：70]
[ info ] [ LANG ] /data/www/csgx2/thinkphp/lang/zh-cn.php
[ info ] [ ROUTE ] array (
)
[ info ] [ HEADER ] array (
  'user-agent' => 'Mozilla/4.0 (compatible; MSIE 8.0; Windows NT 6.0)',
  'accept-encoding' => 'identity',
  'accept' => 'text/html, */*',
  'host' => 'csgxjk.com',
  'content-type' => '',
  'content-length' => '',
)
[ info ] [ PARAM ] array (
)
---------------------------------------------------------------
[2019-06-14T21:42:26+08:00] 80.82.77.33 GET csgxjk.com/
[运行时间：0.016813s] [吞吐率：59.48req/s] [内存消耗：1,987.02kb] [文件加载：70]
[ info ] [ LANG ] /data/www/csgx2/thinkphp/lang/zh-cn.php
[ info ] [ ROUTE ] array (
)
[ info ] [ HEADER ] array (
  'user-agent' => 'Mozilla/5.0 (Windows NT 6.1) AppleWebKit/537.36 (KHTML, like Gecko) Chrome/41.0.2228.0 Safari/537.36',
  'accept' => 'text/html,application/xhtml+xml,application/xml;q=0.9,*/*;q=0.8',
  'host' => 'csgxjk.com',
  'accept-encoding' => 'identity',
  'content-type' => '',
  'content-length' => '',
)
[ info ] [ PARAM ] array (
)
---------------------------------------------------------------
[2019-06-14T21:42:28+08:00] 80.82.77.33 GET csgxjk.com/sitemap.xml
[运行时间：0.014691s] [吞吐率：68.07req/s] [内存消耗：1,732.87kb] [文件加载：67]
[ info ] [ LANG ] /data/www/csgx2/thinkphp/lang/zh-cn.php
---------------------------------------------------------------
[2019-06-14T21:42:28+08:00] 80.82.77.33 GET csgxjk.com/.well-known/security.txt
[运行时间：0.014847s] [吞吐率：67.35req/s] [内存消耗：1,732.88kb] [文件加载：67]
[ info ] [ LANG ] /data/www/csgx2/thinkphp/lang/zh-cn.php
---------------------------------------------------------------
[2019-06-14T22:15:34+08:00] 202.108.211.151 GET csgxjk.com/
[运行时间：0.016802s] [吞吐率：59.52req/s] [内存消耗：1,988.29kb] [文件加载：70]
[ info ] [ LANG ] /data/www/csgx2/thinkphp/lang/zh-cn.php
[ info ] [ ROUTE ] array (
)
[ info ] [ HEADER ] array (
  'connection' => 'keep-alive',
  'host' => 'csgxjk.com',
  'upgrade-insecure-requests' => '1',
  'pragma' => 'no-cache',
  'cache-control' => 'no-cache',
  'accept-language' => 'zh-CN,zh;q=0.8,en-US;q=0.6,en;q=0.4',
  'accept-encoding' => 'gzip, deflate, sdch',
  'accept' => 'text/html,application/xhtml+xml,application/xml;q=0.9,image/webp,*/*;q=0.8',
  'user-agent' => 'Mozilla/5.0 (X11; Linux x86_64) AppleWebKit/535.21 (KHTML, like Gecko) Chrome/19.0.1042.0 Safari/535.21',
  'content-type' => '',
  'content-length' => '',
)
[ info ] [ PARAM ] array (
)
