---------------------------------------------------------------
[2019-06-29T00:32:56+08:00] 34.244.18.242 GET csgxjk.com/
[运行时间：0.017655s] [吞吐率：56.64req/s] [内存消耗：2,040.50kb] [文件加载：73]
[ info ] [ LANG ] /data/www/csgx2/thinkphp/lang/zh-cn.php
[ info ] [ ROUTE ] array (
)
[ info ] [ HEADER ] array (
  'host' => 'csgxjk.com',
  'accept-encoding' => 'gzip, deflate',
  'accept' => '*/*',
  'user-agent' => 'Pandalytics/1.0 (https://domainsbot.com/pandalytics/)',
  'content-type' => '',
  'content-length' => '',
)
[ info ] [ PARAM ] array (
)
[ info ] [ VIEW ] /data/www/csgx2/application/index/view/index_index.php [ array (
) ]
---------------------------------------------------------------
[2019-06-29T02:39:12+08:00] 120.76.41.9 GET csgxjk.com/
[运行时间：0.016867s] [吞吐率：59.29req/s] [内存消耗：2,040.70kb] [文件加载：73]
[ info ] [ LANG ] /data/www/csgx2/thinkphp/lang/zh-cn.php
[ info ] [ ROUTE ] array (
)
[ info ] [ HEADER ] array (
  'accept-encoding' => 'gzip,deflate',
  'accept' => '*/*',
  'user-agent' => 'Mozilla/5.0 (Windows NT 10.0; Win64; x64) AppleWebKit/537.36 (KHTML, like Gecko) Chrome/53.0.2785.143 Safari/537.36',
  'host' => 'csgxjk.com',
  'content-type' => '',
  'content-length' => '',
)
[ info ] [ PARAM ] array (
)
[ info ] [ VIEW ] /data/www/csgx2/application/index/view/index_index.php [ array (
) ]
---------------------------------------------------------------
[2019-06-29T04:25:22+08:00] 47.97.120.5 GET csgxjk.com/
[运行时间：0.017628s] [吞吐率：56.73req/s] [内存消耗：2,040.52kb] [文件加载：73]
[ info ] [ LANG ] /data/www/csgx2/thinkphp/lang/zh-cn.php
[ info ] [ ROUTE ] array (
)
[ info ] [ HEADER ] array (
  'accept-encoding' => 'gzip',
  'connection' => 'Keep-Alive',
  'host' => 'csgxjk.com',
  'user-agent' => 'Mozilla/5.0 (Linux; Android 4.1.1; Nexus 7 Build/JRO03D))',
  'content-type' => '',
  'content-length' => '',
)
[ info ] [ PARAM ] array (
)
[ info ] [ VIEW ] /data/www/csgx2/application/index/view/index_index.php [ array (
) ]
---------------------------------------------------------------
[2019-06-29T04:28:33+08:00] 47.92.122.11 GET csgxjk.com/
[运行时间：0.017366s] [吞吐率：57.58req/s] [内存消耗：2,040.52kb] [文件加载：73]
[ info ] [ LANG ] /data/www/csgx2/thinkphp/lang/zh-cn.php
[ info ] [ ROUTE ] array (
)
[ info ] [ HEADER ] array (
  'accept-encoding' => 'gzip',
  'connection' => 'Keep-Alive',
  'host' => 'csgxjk.com',
  'user-agent' => 'Mozilla/5.0 (Linux; Android 4.1.1; Nexus 7 Build/JRO03D))',
  'content-type' => '',
  'content-length' => '',
)
[ info ] [ PARAM ] array (
)
[ info ] [ VIEW ] /data/www/csgx2/application/index/view/index_index.php [ array (
) ]
---------------------------------------------------------------
[2019-06-29T04:44:49+08:00] 47.92.99.247 GET csgxjk.com/
[运行时间：0.016620s] [吞吐率：60.17req/s] [内存消耗：2,040.52kb] [文件加载：73]
[ info ] [ LANG ] /data/www/csgx2/thinkphp/lang/zh-cn.php
[ info ] [ ROUTE ] array (
)
[ info ] [ HEADER ] array (
  'accept-encoding' => 'gzip',
  'connection' => 'Keep-Alive',
  'host' => 'csgxjk.com',
  'user-agent' => 'Mozilla/5.0 (Linux; Android 4.1.1; Nexus 7 Build/JRO03D))',
  'content-type' => '',
  'content-length' => '',
)
[ info ] [ PARAM ] array (
)
[ info ] [ VIEW ] /data/www/csgx2/application/index/view/index_index.php [ array (
) ]
---------------------------------------------------------------
[2019-06-29T05:01:21+08:00] 182.149.104.93 GET csgxjk.com/
[运行时间：0.017840s] [吞吐率：56.05req/s] [内存消耗：2,040.96kb] [文件加载：73]
[ info ] [ LANG ] /data/www/csgx2/thinkphp/lang/zh-cn.php
[ info ] [ ROUTE ] array (
)
[ info ] [ HEADER ] array (
  'accept-language' => 'zh-cn,zh;q=0.8,en-us;q=0.5,en;q=0.3',
  'user-agent' => 'Mozilla/5.0 (Windows NT 6.3; WOW64) AppleWebKit/537.36 (KHTML, like Gecko) Chrome/54.0.2840.71 Safari/537.36',
  'accept' => '*/*',
  'accept-encoding' => 'gzip, deflate',
  'connection' => 'close',
  'host' => 'csgxjk.com',
  'content-type' => '',
  'content-length' => '',
)
[ info ] [ PARAM ] array (
)
[ info ] [ VIEW ] /data/www/csgx2/application/index/view/index_index.php [ array (
) ]
---------------------------------------------------------------
[2019-06-29T07:22:34+08:00] 207.180.211.227 GET csgxjk.com/
[运行时间：0.018018s] [吞吐率：55.50req/s] [内存消耗：2,040.92kb] [文件加载：73]
[ info ] [ LANG ] /data/www/csgx2/thinkphp/lang/zh-cn.php
[ info ] [ ROUTE ] array (
)
[ info ] [ HEADER ] array (
  'user-agent' => 'Mozilla/5.0 (Windows NT 5.1; rv:9.0.1) Gecko/20100101 Firefox/9.0.1',
  'accept-language' => 'en-US;q=0.6,en;q=0.4',
  'accept-encoding' => 'deflate, gzip, identity',
  'accept' => 'text/html,application/xhtml+xml,application/xml;q=0.9,*/*;q=0.8',
  'host' => 'csgxjk.com',
  'content-type' => '',
  'content-length' => '',
)
[ info ] [ PARAM ] array (
)
[ info ] [ VIEW ] /data/www/csgx2/application/index/view/index_index.php [ array (
) ]
---------------------------------------------------------------
[2019-06-29T07:22:35+08:00] 207.180.211.227 GET csgxjk.com/HNAP1/
[运行时间：0.015555s] [吞吐率：64.29req/s] [内存消耗：1,744.98kb] [文件加载：67]
[ info ] [ LANG ] /data/www/csgx2/thinkphp/lang/zh-cn.php
---------------------------------------------------------------
[2019-06-29T07:22:35+08:00] 207.180.211.227 GET csgxjk.com/hudson/script
[运行时间：0.015403s] [吞吐率：64.92req/s] [内存消耗：1,744.98kb] [文件加载：67]
[ info ] [ LANG ] /data/www/csgx2/thinkphp/lang/zh-cn.php
---------------------------------------------------------------
[2019-06-29T07:22:36+08:00] 207.180.211.227 GET csgxjk.com/script
[运行时间：0.016103s] [吞吐率：62.10req/s] [内存消耗：1,744.98kb] [文件加载：67]
[ info ] [ LANG ] /data/www/csgx2/thinkphp/lang/zh-cn.php
---------------------------------------------------------------
[2019-06-29T07:39:46+08:00] 47.98.97.252 GET csgxjk.com/
[运行时间：0.017950s] [吞吐率：55.71req/s] [内存消耗：2,040.52kb] [文件加载：73]
[ info ] [ LANG ] /data/www/csgx2/thinkphp/lang/zh-cn.php
[ info ] [ ROUTE ] array (
)
[ info ] [ HEADER ] array (
  'accept-encoding' => 'gzip',
  'connection' => 'Keep-Alive',
  'host' => 'csgxjk.com',
  'user-agent' => 'Mozilla/5.0 (X11; Ubuntu; Linux x86_64; rv:36.0) Gecko/20100101 Firefox/36.0',
  'content-type' => '',
  'content-length' => '',
)
[ info ] [ PARAM ] array (
)
[ info ] [ VIEW ] /data/www/csgx2/application/index/view/index_index.php [ array (
) ]
---------------------------------------------------------------
[2019-06-29T07:44:33+08:00] 106.14.167.211 GET csgxjk.com/
[运行时间：0.017023s] [吞吐率：58.74req/s] [内存消耗：2,040.52kb] [文件加载：73]
[ info ] [ LANG ] /data/www/csgx2/thinkphp/lang/zh-cn.php
[ info ] [ ROUTE ] array (
)
[ info ] [ HEADER ] array (
  'accept-encoding' => 'gzip',
  'connection' => 'Keep-Alive',
  'host' => 'csgxjk.com',
  'user-agent' => 'Mozilla/5.0 (X11; Ubuntu; Linux x86_64; rv:36.0) Gecko/20100101 Firefox/36.0',
  'content-type' => '',
  'content-length' => '',
)
[ info ] [ PARAM ] array (
)
[ info ] [ VIEW ] /data/www/csgx2/application/index/view/index_index.php [ array (
) ]
---------------------------------------------------------------
[2019-06-29T07:52:19+08:00] 47.92.4.72 GET csgxjk.com/
[运行时间：0.016750s] [吞吐率：59.70req/s] [内存消耗：2,040.52kb] [文件加载：73]
[ info ] [ LANG ] /data/www/csgx2/thinkphp/lang/zh-cn.php
[ info ] [ ROUTE ] array (
)
[ info ] [ HEADER ] array (
  'accept-encoding' => 'gzip',
  'connection' => 'Keep-Alive',
  'host' => 'csgxjk.com',
  'user-agent' => 'Mozilla/5.0 (iPhone; CPU iPhone OS 8_0_2 like Mac OS X)',
  'content-type' => '',
  'content-length' => '',
)
[ info ] [ PARAM ] array (
)
[ info ] [ VIEW ] /data/www/csgx2/application/index/view/index_index.php [ array (
) ]
---------------------------------------------------------------
[2019-06-29T07:59:55+08:00] 39.107.126.72 GET csgxjk.com/
[运行时间：0.016610s] [吞吐率：60.20req/s] [内存消耗：2,040.52kb] [文件加载：73]
[ info ] [ LANG ] /data/www/csgx2/thinkphp/lang/zh-cn.php
[ info ] [ ROUTE ] array (
)
[ info ] [ HEADER ] array (
  'accept-encoding' => 'gzip',
  'connection' => 'Keep-Alive',
  'host' => 'csgxjk.com',
  'user-agent' => 'Mozilla/5.0 (iPhone; CPU iPhone OS 8_0_2 like Mac OS X)',
  'content-type' => '',
  'content-length' => '',
)
[ info ] [ PARAM ] array (
)
[ info ] [ VIEW ] /data/www/csgx2/application/index/view/index_index.php [ array (
) ]
---------------------------------------------------------------
[2019-06-29T11:53:50+08:00] 54.185.164.12 GET csgxjk.com/
[运行时间：0.018127s] [吞吐率：55.17req/s] [内存消耗：2,040.20kb] [文件加载：73]
[ info ] [ LANG ] /data/www/csgx2/thinkphp/lang/zh-cn.php
[ info ] [ ROUTE ] array (
)
[ info ] [ HEADER ] array (
  'accept-encoding' => 'gzip',
  'user-agent' => 'Go-http-client/1.1',
  'host' => 'csgxjk.com',
  'content-type' => '',
  'content-length' => '',
)
[ info ] [ PARAM ] array (
)
[ info ] [ VIEW ] /data/www/csgx2/application/index/view/index_index.php [ array (
) ]
---------------------------------------------------------------
[2019-06-29T13:56:42+08:00] 47.100.104.184 GET csgxjk.com/wx/device1/list?page=1
[运行时间：0.021404s] [吞吐率：46.72req/s] [内存消耗：2,336.88kb] [文件加载：122]
[ info ] [ LANG ] /data/www/csgx2/thinkphp/lang/zh-cn.php
[ info ] [ ROUTE ] array (
)
[ info ] [ HEADER ] array (
  'accept-encoding' => 'gzip',
  'connection' => 'Keep-Alive',
  'host' => 'csgxjk.com',
  'user-agent' => 'Mozilla/5.0 (X11; Ubuntu; Linux x86_64; rv:36.0) Gecko/20100101 Firefox/36.0',
  'content-type' => '',
  'content-length' => '',
)
[ info ] [ PARAM ] array (
  'page' => '1',
)
---------------------------------------------------------------
[2019-06-29T14:20:20+08:00] 47.92.38.53 GET csgxjk.com/wx/device/work/38
[运行时间：0.040512s] [吞吐率：24.68req/s] [内存消耗：4,515.65kb] [文件加载：160]
[ info ] [ LANG ] /data/www/csgx2/thinkphp/lang/zh-cn.php
[ info ] [ ROUTE ] array (
  'rule' => 'wx/device/work/<id>',
  'route' => 'wx/device/work',
  'option' => 
  array (
    'merge_rule_regex' => false,
  ),
  'var' => 
  array (
    'id' => '38',
  ),
)
[ info ] [ HEADER ] array (
  'accept-encoding' => 'gzip',
  'connection' => 'Keep-Alive',
  'host' => 'csgxjk.com',
  'user-agent' => 'Mozilla/5.0 (X11; Ubuntu; Linux x86_64; rv:36.0) Gecko/20100101 Firefox/36.0',
  'content-type' => '',
  'content-length' => '',
)
[ info ] [ PARAM ] array (
  'id' => '38',
)
[ info ] [ DB ] INIT mysql
[ info ] [ VIEW ] /data/www/csgx2/application/wx/view/device_work.php [ array (
  0 => 'dev',
  1 => 'setmeal',
) ]
[ sql ] [ DB ] CONNECT:[ UseTime:0.000455s ] mysql:host=127.0.0.1;port=3306;dbname=liangzi;charset=utf8mb4
[ sql ] [ SQL ] SHOW COLUMNS FROM `bg_device` [ RunTime:0.001392s ]
[ sql ] [ SQL ] SELECT * FROM `bg_device` WHERE  `id` = 38 LIMIT 1 [ RunTime:0.000363s ]
[ sql ] [ SQL ] SHOW COLUMNS FROM `h_meal` [ RunTime:0.001062s ]
[ sql ] [ SQL ] SELECT * FROM `h_meal` WHERE  `id` IN (1,2) [ RunTime:0.000349s ]
---------------------------------------------------------------
[2019-06-29T14:33:12+08:00] 47.92.144.188 GET csgxjk.com/admin/login/index.html
[运行时间：0.019745s] [吞吐率：50.65req/s] [内存消耗：2,161.71kb] [文件加载：84]
[ info ] [ LANG ] /data/www/csgx2/thinkphp/lang/zh-cn.php
[ info ] [ ROUTE ] array (
)
[ info ] [ HEADER ] array (
  'accept-encoding' => 'gzip',
  'connection' => 'Keep-Alive',
  'host' => 'csgxjk.com',
  'user-agent' => 'Mozilla/5.0 (X11; Ubuntu; Linux x86_64; rv:36.0) Gecko/20100101 Firefox/36.0',
  'content-type' => '',
  'content-length' => '',
)
[ info ] [ PARAM ] array (
)
[ info ] [ VIEW ] /data/www/csgx2/application/admin/view/login_index.php [ array (
) ]
---------------------------------------------------------------
[2019-06-29T14:33:38+08:00] 106.14.168.238 GET csgxjk.com/wx
[运行时间：0.027903s] [吞吐率：35.84req/s] [内存消耗：3,466.51kb] [文件加载：162]
[ info ] [ LANG ] /data/www/csgx2/thinkphp/lang/zh-cn.php
[ info ] [ ROUTE ] array (
)
[ info ] [ HEADER ] array (
  'accept-encoding' => 'gzip',
  'connection' => 'Keep-Alive',
  'host' => 'csgxjk.com',
  'user-agent' => 'Mozilla/5.0 (X11; Ubuntu; Linux x86_64; rv:36.0) Gecko/20100101 Firefox/36.0',
  'content-type' => '',
  'content-length' => '',
)
[ info ] [ PARAM ] array (
)
---------------------------------------------------------------
[2019-06-29T14:33:50+08:00] 47.92.95.89 GET csgxjk.com/admin/setmeal/index.html
[运行时间：0.021271s] [吞吐率：47.01req/s] [内存消耗：2,514.61kb] [文件加载：91]
[ info ] [ LANG ] /data/www/csgx2/thinkphp/lang/zh-cn.php
[ info ] [ ROUTE ] array (
)
[ info ] [ HEADER ] array (
  'accept-encoding' => 'gzip',
  'connection' => 'Keep-Alive',
  'host' => 'csgxjk.com',
  'user-agent' => 'Mozilla/5.0 (X11; Ubuntu; Linux x86_64; rv:36.0) Gecko/20100101 Firefox/36.0',
  'content-type' => '',
  'content-length' => '',
)
[ info ] [ PARAM ] array (
)
---------------------------------------------------------------
[2019-06-29T14:33:50+08:00] 47.92.95.89 GET csgxjk.com/admin/login/
[运行时间：0.018132s] [吞吐率：55.15req/s] [内存消耗：2,161.61kb] [文件加载：84]
[ info ] [ LANG ] /data/www/csgx2/thinkphp/lang/zh-cn.php
[ info ] [ ROUTE ] array (
)
[ info ] [ HEADER ] array (
  'accept-encoding' => 'gzip',
  'connection' => 'Keep-Alive',
  'host' => 'csgxjk.com',
  'user-agent' => 'Mozilla/5.0 (X11; Ubuntu; Linux x86_64; rv:36.0) Gecko/20100101 Firefox/36.0',
  'content-type' => '',
  'content-length' => '',
)
[ info ] [ PARAM ] array (
)
[ info ] [ VIEW ] /data/www/csgx2/application/admin/view/login_index.php [ array (
) ]
---------------------------------------------------------------
[2019-06-29T14:46:48+08:00] 116.62.215.53 GET csgxjk.com/admin/login/index.html
[运行时间：0.019567s] [吞吐率：51.11req/s] [内存消耗：2,161.71kb] [文件加载：84]
[ info ] [ LANG ] /data/www/csgx2/thinkphp/lang/zh-cn.php
[ info ] [ ROUTE ] array (
)
[ info ] [ HEADER ] array (
  'accept-encoding' => 'gzip',
  'connection' => 'Keep-Alive',
  'host' => 'csgxjk.com',
  'user-agent' => 'Mozilla/5.0 (X11; Ubuntu; Linux x86_64; rv:36.0) Gecko/20100101 Firefox/36.0',
  'content-type' => '',
  'content-length' => '',
)
[ info ] [ PARAM ] array (
)
[ info ] [ VIEW ] /data/www/csgx2/application/admin/view/login_index.php [ array (
) ]
---------------------------------------------------------------
[2019-06-29T14:47:24+08:00] 47.92.4.72 GET csgxjk.com/admin/devtype/index.html
[运行时间：0.018749s] [吞吐率：53.34req/s] [内存消耗：2,159.70kb] [文件加载：83]
[ info ] [ LANG ] /data/www/csgx2/thinkphp/lang/zh-cn.php
[ info ] [ ROUTE ] array (
)
[ info ] [ HEADER ] array (
  'accept-encoding' => 'gzip',
  'connection' => 'Keep-Alive',
  'host' => 'csgxjk.com',
  'user-agent' => 'Mozilla/5.0 (X11; Ubuntu; Linux x86_64; rv:36.0) Gecko/20100101 Firefox/36.0',
  'content-type' => '',
  'content-length' => '',
)
[ info ] [ PARAM ] array (
)
---------------------------------------------------------------
[2019-06-29T14:47:24+08:00] 47.92.4.72 GET csgxjk.com/admin/login/
[运行时间：0.018345s] [吞吐率：54.51req/s] [内存消耗：2,161.61kb] [文件加载：84]
[ info ] [ LANG ] /data/www/csgx2/thinkphp/lang/zh-cn.php
[ info ] [ ROUTE ] array (
)
[ info ] [ HEADER ] array (
  'accept-encoding' => 'gzip',
  'connection' => 'Keep-Alive',
  'host' => 'csgxjk.com',
  'user-agent' => 'Mozilla/5.0 (X11; Ubuntu; Linux x86_64; rv:36.0) Gecko/20100101 Firefox/36.0',
  'content-type' => '',
  'content-length' => '',
)
[ info ] [ PARAM ] array (
)
[ info ] [ VIEW ] /data/www/csgx2/application/admin/view/login_index.php [ array (
) ]
---------------------------------------------------------------
[2019-06-29T14:52:40+08:00] 47.92.122.11 GET csgxjk.com/wx/device1/work/45?code=061jvqbm1aellq0o3jdm1cy3cm1jvqbf&state=b8aa54242b43a3fccda67d1faf49d67a
[运行时间：0.177151s] [吞吐率：5.64req/s] [内存消耗：3,651.02kb] [文件加载：169]
[ info ] [ LANG ] /data/www/csgx2/thinkphp/lang/zh-cn.php
[ info ] [ ROUTE ] array (
  'rule' => 'wx/device1/work/<id>',
  'route' => 'wx/device1/work',
  'option' => 
  array (
    'merge_rule_regex' => false,
  ),
  'var' => 
  array (
    'id' => '45',
  ),
)
[ info ] [ HEADER ] array (
  'accept-encoding' => 'gzip',
  'connection' => 'Keep-Alive',
  'host' => 'csgxjk.com',
  'user-agent' => 'Mozilla/5.0 (X11; Ubuntu; Linux x86_64; rv:36.0) Gecko/20100101 Firefox/36.0',
  'content-type' => '',
  'content-length' => '',
)
[ info ] [ PARAM ] array (
  'code' => '061jvqbm1aellq0o3jdm1cy3cm1jvqbf',
  'state' => 'b8aa54242b43a3fccda67d1faf49d67a',
  'id' => '45',
)
[ error ] [-1]Authorize Failed: {"errcode":40029,"errmsg":"invalid code, hints: [ req_id: ZGoC46yFe-OszmXa ]"}[/data/www/csgx2/vendor/overtrue/socialite/src/Providers/AbstractProvider.php:448]
---------------------------------------------------------------
[2019-06-29T18:51:12+08:00] 77.247.110.203 GET csgxjk.com/
[运行时间：0.017506s] [吞吐率：57.12req/s] [内存消耗：2,040.03kb] [文件加载：73]
[ info ] [ LANG ] /data/www/csgx2/thinkphp/lang/zh-cn.php
[ info ] [ ROUTE ] array (
)
[ info ] [ HEADER ] array (
  'connection' => 'Keep-Alive',
  'host' => 'csgxjk.com',
  'content-type' => '',
  'content-length' => '',
)
[ info ] [ PARAM ] array (
)
[ info ] [ VIEW ] /data/www/csgx2/application/index/view/index_index.php [ array (
) ]
---------------------------------------------------------------
[2019-06-29T23:42:57+08:00] 94.21.92.249 GET csgxjk.com/
[运行时间：0.017591s] [吞吐率：56.85req/s] [内存消耗：2,041.56kb] [文件加载：73]
[ info ] [ LANG ] /data/www/csgx2/thinkphp/lang/zh-cn.php
[ info ] [ ROUTE ] array (
)
[ info ] [ HEADER ] array (
  'connection' => 'keep-alive',
  'accept' => 'text/html, image/gif, image/jpeg, *; q=.2, */*; q=.2',
  'host' => 'csgxjk.com',
  'content-language' => 'en-US',
  'referer' => 'https://brandnewblogs.com/?domain=csgxjk.com',
  'user-agent' => 'Mozilla/5.0 (Windows NT 10.0; Win64; x64; rv:61.0) Gecko/20100101 Firefox/61.0',
  'accept-encoding' => 'gzip',
  'content-type' => '',
  'content-length' => '',
)
[ info ] [ PARAM ] array (
)
[ info ] [ VIEW ] /data/www/csgx2/application/index/view/index_index.php [ array (
) ]
---------------------------------------------------------------
[2019-06-29T23:42:57+08:00] 94.21.92.249 GET csgxjk.com/
[运行时间：0.017384s] [吞吐率：57.52req/s] [内存消耗：2,041.56kb] [文件加载：73]
[ info ] [ LANG ] /data/www/csgx2/thinkphp/lang/zh-cn.php
[ info ] [ ROUTE ] array (
)
[ info ] [ HEADER ] array (
  'connection' => 'keep-alive',
  'accept' => 'text/html, image/gif, image/jpeg, *; q=.2, */*; q=.2',
  'host' => 'csgxjk.com',
  'content-language' => 'en-US',
  'referer' => 'https://brandnewblogs.com/?domain=csgxjk.com',
  'user-agent' => 'Mozilla/5.0 (Windows NT 10.0; Win64; x64; rv:61.0) Gecko/20100101 Firefox/61.0',
  'accept-encoding' => 'gzip',
  'content-type' => '',
  'content-length' => '',
)
[ info ] [ PARAM ] array (
)
[ info ] [ VIEW ] /data/www/csgx2/application/index/view/index_index.php [ array (
) ]
