---------------------------------------------------------------
[2019-05-03T00:47:54+08:00] 189.79.80.27 GET 39.96.87.22:80/
[运行时间：0.016834s] [吞吐率：59.40req/s] [内存消耗：1,977.34kb] [文件加载：70]
[ info ] [ LANG ] /data/www/csgx2/thinkphp/lang/zh-cn.php
[ info ] [ ROUTE ] array (
)
[ info ] [ HEADER ] array (
  'content-length' => '0',
  'user-agent' => 'Mozilla/5.0 (Windows NT 10.0; WOW64) AppleWebKit/537.36 (KHTML, like Gecko) Chrome/52.0.2743.116 Safari/537.36',
  'host' => '39.96.87.22:80',
  'content-type' => '',
)
[ info ] [ PARAM ] array (
)
---------------------------------------------------------------
[2019-05-03T00:57:05+08:00] 187.111.32.8 GET 39.96.87.22:80/
[运行时间：0.016308s] [吞吐率：61.32req/s] [内存消耗：1,977.34kb] [文件加载：70]
[ info ] [ LANG ] /data/www/csgx2/thinkphp/lang/zh-cn.php
[ info ] [ ROUTE ] array (
)
[ info ] [ HEADER ] array (
  'content-length' => '0',
  'user-agent' => 'Mozilla/5.0 (Windows NT 6.1; WOW64) AppleWebKit/537.36 (KHTML, like Gecko) Chrome/51.0.2704.103 Safari/537.36',
  'host' => '39.96.87.22:80',
  'content-type' => '',
)
[ info ] [ PARAM ] array (
)
---------------------------------------------------------------
[2019-05-03T01:01:44+08:00] 203.201.161.138 GET 39.96.87.22:80/
[运行时间：0.016380s] [吞吐率：61.05req/s] [内存消耗：1,977.34kb] [文件加载：70]
[ info ] [ LANG ] /data/www/csgx2/thinkphp/lang/zh-cn.php
[ info ] [ ROUTE ] array (
)
[ info ] [ HEADER ] array (
  'content-length' => '0',
  'user-agent' => 'Mozilla/5.0 (Macintosh; Intel Mac OS X 10_11_6) AppleWebKit/601.7.7 (KHTML, like Gecko) Version/9.1.2 Safari/601.7.7',
  'host' => '39.96.87.22:80',
  'content-type' => '',
)
[ info ] [ PARAM ] array (
)
---------------------------------------------------------------
[2019-05-03T01:36:49+08:00] 107.170.202.182 GET 39.96.87.22/
[运行时间：0.016217s] [吞吐率：61.66req/s] [内存消耗：1,977.12kb] [文件加载：70]
[ info ] [ LANG ] /data/www/csgx2/thinkphp/lang/zh-cn.php
[ info ] [ ROUTE ] array (
)
[ info ] [ HEADER ] array (
  'accept-encoding' => 'gzip',
  'accept' => '*/*',
  'user-agent' => 'Mozilla/5.0 zgrab/0.x',
  'host' => '39.96.87.22',
  'content-type' => '',
  'content-length' => '',
)
[ info ] [ PARAM ] array (
)
---------------------------------------------------------------
[2019-05-03T02:36:47+08:00] 80.82.70.187 GET www.baidu.com/cache/global/img/gs.gif
[运行时间：0.015201s] [吞吐率：65.78req/s] [内存消耗：1,724.83kb] [文件加载：67]
[ info ] [ LANG ] /data/www/csgx2/thinkphp/lang/zh-cn.php
---------------------------------------------------------------
[2019-05-03T03:18:11+08:00] 120.132.3.65 GET www.qq.com/404/search_children.js
[运行时间：0.014253s] [吞吐率：70.16req/s] [内存消耗：1,724.84kb] [文件加载：67]
[ info ] [ LANG ] /data/www/csgx2/thinkphp/lang/zh-cn.php
---------------------------------------------------------------
[2019-05-03T03:47:30+08:00] 47.98.96.116 GET www.csgxjk.com/
[运行时间：0.015928s] [吞吐率：62.78req/s] [内存消耗：1,977.33kb] [文件加载：70]
[ info ] [ LANG ] /data/www/csgx2/thinkphp/lang/zh-cn.php
[ info ] [ ROUTE ] array (
)
[ info ] [ HEADER ] array (
  'connection' => 'keep-alive',
  'accept' => 'text/html, image/gif, image/jpeg, *; q=.2, */*; q=.2',
  'host' => 'www.csgxjk.com',
  'user-agent' => 'Mozilla/5.0 (iPhone; CPU iPhone OS 8_0_2 like Mac OS X)',
  'content-type' => '',
  'content-length' => '',
)
[ info ] [ PARAM ] array (
)
---------------------------------------------------------------
[2019-05-03T04:02:30+08:00] 101.132.156.172 GET csgxjk.com/
[运行时间：0.016615s] [吞吐率：60.19req/s] [内存消耗：1,977.30kb] [文件加载：70]
[ info ] [ LANG ] /data/www/csgx2/thinkphp/lang/zh-cn.php
[ info ] [ ROUTE ] array (
)
[ info ] [ HEADER ] array (
  'connection' => 'keep-alive',
  'accept' => 'text/html, image/gif, image/jpeg, *; q=.2, */*; q=.2',
  'host' => 'csgxjk.com',
  'user-agent' => 'Mozilla/5.0 (iPhone; CPU iPhone OS 8_0_2 like Mac OS X)',
  'content-type' => '',
  'content-length' => '',
)
[ info ] [ PARAM ] array (
)
---------------------------------------------------------------
[2019-05-03T04:37:59+08:00] 47.92.137.155 GET csgxjk.com/
[运行时间：0.015999s] [吞吐率：62.50req/s] [内存消耗：1,977.30kb] [文件加载：70]
[ info ] [ LANG ] /data/www/csgx2/thinkphp/lang/zh-cn.php
[ info ] [ ROUTE ] array (
)
[ info ] [ HEADER ] array (
  'connection' => 'keep-alive',
  'accept' => 'text/html, image/gif, image/jpeg, *; q=.2, */*; q=.2',
  'host' => 'csgxjk.com',
  'user-agent' => 'Mozilla/5.0 (Linux; Android 4.1.1; Nexus 7 Build/JRO03D))',
  'content-type' => '',
  'content-length' => '',
)
[ info ] [ PARAM ] array (
)
---------------------------------------------------------------
[2019-05-03T04:54:28+08:00] 101.132.131.7 GET www.csgxjk.com/
[运行时间：0.016693s] [吞吐率：59.90req/s] [内存消耗：1,977.52kb] [文件加载：70]
[ info ] [ LANG ] /data/www/csgx2/thinkphp/lang/zh-cn.php
[ info ] [ ROUTE ] array (
)
[ info ] [ HEADER ] array (
  'connection' => 'keep-alive',
  'accept' => 'text/html, image/gif, image/jpeg, *; q=.2, */*; q=.2',
  'host' => 'www.csgxjk.com',
  'user-agent' => 'Mozilla/5.0 (X11; Ubuntu; Linux x86_64; rv:36.0) Gecko/20100101 Firefox/36.0',
  'content-type' => '',
  'content-length' => '',
)
[ info ] [ PARAM ] array (
)
---------------------------------------------------------------
[2019-05-03T04:54:40+08:00] 47.98.37.19 GET 39.96.87.22/
[运行时间：0.015792s] [吞吐率：63.32req/s] [内存消耗：1,977.34kb] [文件加载：70]
[ info ] [ LANG ] /data/www/csgx2/thinkphp/lang/zh-cn.php
[ info ] [ ROUTE ] array (
)
[ info ] [ HEADER ] array (
  'connection' => 'keep-alive',
  'accept' => 'text/html, image/gif, image/jpeg, *; q=.2, */*; q=.2',
  'host' => '39.96.87.22',
  'user-agent' => 'Mozilla/5.0 (Linux; Android 4.1.1; Nexus 7 Build/JRO03D))',
  'content-type' => '',
  'content-length' => '',
)
[ info ] [ PARAM ] array (
)
---------------------------------------------------------------
[2019-05-03T05:11:10+08:00] 106.14.168.238 GET csgxjk.com/
[运行时间：0.015756s] [吞吐率：63.47req/s] [内存消耗：1,977.48kb] [文件加载：70]
[ info ] [ LANG ] /data/www/csgx2/thinkphp/lang/zh-cn.php
[ info ] [ ROUTE ] array (
)
[ info ] [ HEADER ] array (
  'connection' => 'keep-alive',
  'accept' => 'text/html, image/gif, image/jpeg, *; q=.2, */*; q=.2',
  'host' => 'csgxjk.com',
  'user-agent' => 'Mozilla/5.0 (X11; Ubuntu; Linux x86_64; rv:36.0) Gecko/20100101 Firefox/36.0',
  'content-type' => '',
  'content-length' => '',
)
[ info ] [ PARAM ] array (
)
---------------------------------------------------------------
[2019-05-03T05:57:10+08:00] 71.6.202.253 GET 39.96.87.22/
[运行时间：0.016542s] [吞吐率：60.45req/s] [内存消耗：1,977.34kb] [文件加载：70]
[ info ] [ LANG ] /data/www/csgx2/thinkphp/lang/zh-cn.php
[ info ] [ ROUTE ] array (
)
[ info ] [ HEADER ] array (
  'accept-encoding' => 'gzip',
  'accept' => '*/*',
  'user-agent' => 'Mozilla/5.0 (Windows NT 10.0; Win64; x64) AppleWebKit/537.36 (KHTML, like Gecko) Chrome/73.0.3683.103 Safari/537.36',
  'host' => '39.96.87.22',
  'content-type' => '',
  'content-length' => '',
)
[ info ] [ PARAM ] array (
)
---------------------------------------------------------------
[2019-05-03T05:58:07+08:00] 41.216.148.157 GET 39.96.87.22:80/
[运行时间：0.016522s] [吞吐率：60.53req/s] [内存消耗：1,977.34kb] [文件加载：70]
[ info ] [ LANG ] /data/www/csgx2/thinkphp/lang/zh-cn.php
[ info ] [ ROUTE ] array (
)
[ info ] [ HEADER ] array (
  'content-length' => '0',
  'user-agent' => 'Mozilla/5.0 (Windows NT 6.1; WOW64) AppleWebKit/537.36 (KHTML, like Gecko) Chrome/51.0.2704.103 Safari/537.36',
  'host' => '39.96.87.22:80',
  'content-type' => '',
)
[ info ] [ PARAM ] array (
)
---------------------------------------------------------------
[2019-05-03T07:47:48+08:00] 139.99.195.212 GET 39.96.87.22/wp-login.php
[运行时间：0.015398s] [吞吐率：64.94req/s] [内存消耗：1,724.86kb] [文件加载：67]
[ info ] [ LANG ] /data/www/csgx2/thinkphp/lang/zh-cn.php
---------------------------------------------------------------
[2019-05-03T08:14:11+08:00] 95.213.177.125 POST check.proxyradar.com/azenv.php?auth=155684245177&a=PSCN&i=660625174&p=80
[运行时间：0.014899s] [吞吐率：67.12req/s] [内存消耗：1,724.00kb] [文件加载：67]
[ info ] [ LANG ] /data/www/csgx2/thinkphp/lang/zh-cn.php
---------------------------------------------------------------
[2019-05-03T11:56:55+08:00] 140.207.54.78 POST csgxjk.com/wxapi/?signature=561745a01e9e3c08eda34da7e447d5ed74616311&timestamp=1556855815&nonce=750526655&openid=ozrJJ6ApE-A3hrDfSi6N9eTbvBO0&encrypt_type=aes&msg_signature=6517eb9e62c17aaef6b47fc1b53e7135cf7219ee
[运行时间：0.027406s] [吞吐率：36.49req/s] [内存消耗：3,316.28kb] [文件加载：146]
[ info ] [ LANG ] /data/www/csgx2/thinkphp/lang/zh-cn.php
[ info ] [ ROUTE ] array (
)
[ info ] [ HEADER ] array (
  'content-type' => 'text/xml',
  'content-length' => '770',
  'pragma' => 'no-cache',
  'host' => 'csgxjk.com',
  'accept' => '*/*',
  'user-agent' => 'Mozilla/4.0',
)
[ info ] [ PARAM ] array (
  'signature' => '561745a01e9e3c08eda34da7e447d5ed74616311',
  'timestamp' => '1556855815',
  'nonce' => '750526655',
  'openid' => 'ozrJJ6ApE-A3hrDfSi6N9eTbvBO0',
  'encrypt_type' => 'aes',
  'msg_signature' => '6517eb9e62c17aaef6b47fc1b53e7135cf7219ee',
  '<xml>
____<ToUserName><!' => 
  array (
    'CDATA[gh_40936a51ce8c' => ']]></Encrypt>
</xml>
',
  ),
)
[ error ] [0]致命错误: Call to private method app\wxapi\controller\Common::config() from context 'app\wxapi\controller\Index'[/data/www/csgx2/application/wxapi/controller/Index.php:27]
---------------------------------------------------------------
[2019-05-03T13:22:44+08:00] 139.162.106.181 GET 39.96.87.22/
[运行时间：0.016919s] [吞吐率：59.10req/s] [内存消耗：1,977.09kb] [文件加载：70]
[ info ] [ LANG ] /data/www/csgx2/thinkphp/lang/zh-cn.php
[ info ] [ ROUTE ] array (
)
[ info ] [ HEADER ] array (
  'connection' => 'close',
  'user-agent' => 'HTTP Banner Detection (https://security.ipip.net)',
  'host' => '39.96.87.22',
  'content-type' => '',
  'content-length' => '',
)
[ info ] [ PARAM ] array (
)
---------------------------------------------------------------
[2019-05-03T17:38:02+08:00] 62.210.202.81 GET csgxjk.com/
[运行时间：0.016693s] [吞吐率：59.90req/s] [内存消耗：1,977.30kb] [文件加载：70]
[ info ] [ LANG ] /data/www/csgx2/thinkphp/lang/zh-cn.php
[ info ] [ ROUTE ] array (
)
[ info ] [ HEADER ] array (
  'connection' => 'close',
  'accept-encoding' => 'gzip',
  'user-agent' => 'Mozilla/4.0 (compatible; MSIE 7.0; Windows NT 6.1; WOW64; Trident/6.0;)',
  'host' => 'csgxjk.com',
  'content-type' => '',
  'content-length' => '',
)
[ info ] [ PARAM ] array (
)
---------------------------------------------------------------
[2019-05-03T17:59:42+08:00] 95.213.177.123 POST check.proxyradar.com/azenv.php?auth=155687758245&a=PSCN&i=660625174&p=80
[运行时间：0.015176s] [吞吐率：65.89req/s] [内存消耗：1,724.00kb] [文件加载：67]
[ info ] [ LANG ] /data/www/csgx2/thinkphp/lang/zh-cn.php
---------------------------------------------------------------
[2019-05-03T18:27:02+08:00] 101.132.102.45 GET csgxjk.com/
[运行时间：0.016785s] [吞吐率：59.58req/s] [内存消耗：1,977.30kb] [文件加载：70]
[ info ] [ LANG ] /data/www/csgx2/thinkphp/lang/zh-cn.php
[ info ] [ ROUTE ] array (
)
[ info ] [ HEADER ] array (
  'connection' => 'keep-alive',
  'accept' => 'text/html, image/gif, image/jpeg, *; q=.2, */*; q=.2',
  'host' => 'csgxjk.com',
  'user-agent' => 'Mozilla/5.0 (Linux; Android 4.1.1; Nexus 7 Build/JRO03D))',
  'content-type' => '',
  'content-length' => '',
)
[ info ] [ PARAM ] array (
)
---------------------------------------------------------------
[2019-05-03T18:35:29+08:00] 47.92.107.192 GET 39.96.87.22/
[运行时间：0.015788s] [吞吐率：63.34req/s] [内存消耗：1,977.34kb] [文件加载：70]
[ info ] [ LANG ] /data/www/csgx2/thinkphp/lang/zh-cn.php
[ info ] [ ROUTE ] array (
)
[ info ] [ HEADER ] array (
  'connection' => 'keep-alive',
  'accept' => 'text/html, image/gif, image/jpeg, *; q=.2, */*; q=.2',
  'host' => '39.96.87.22',
  'user-agent' => 'Mozilla/5.0 (Linux; Android 4.1.1; Nexus 7 Build/JRO03D))',
  'content-type' => '',
  'content-length' => '',
)
[ info ] [ PARAM ] array (
)
---------------------------------------------------------------
[2019-05-03T19:06:25+08:00] 139.162.88.63 GET clientapi.ipip.net/echo.php?info=1234567890
[运行时间：0.015092s] [吞吐率：66.26req/s] [内存消耗：1,725.13kb] [文件加载：67]
[ info ] [ LANG ] /data/www/csgx2/thinkphp/lang/zh-cn.php
---------------------------------------------------------------
[2019-05-03T20:55:45+08:00] 51.158.105.41 GET 39.96.87.22/
[运行时间：0.016761s] [吞吐率：59.66req/s] [内存消耗：1,976.89kb] [文件加载：70]
[ info ] [ LANG ] /data/www/csgx2/thinkphp/lang/zh-cn.php
[ info ] [ ROUTE ] array (
)
[ info ] [ HEADER ] array (
  'accept-encoding' => 'gzip,chunked',
  'host' => '39.96.87.22',
  'content-type' => '',
  'content-length' => '',
)
[ info ] [ PARAM ] array (
)
---------------------------------------------------------------
[2019-05-03T21:04:17+08:00] 187.74.204.187 GET 39.96.87.22:80/
[运行时间：0.015689s] [吞吐率：63.74req/s] [内存消耗：1,977.34kb] [文件加载：70]
[ info ] [ LANG ] /data/www/csgx2/thinkphp/lang/zh-cn.php
[ info ] [ ROUTE ] array (
)
[ info ] [ HEADER ] array (
  'content-length' => '0',
  'user-agent' => 'Mozilla/5.0 (Windows NT 6.1; WOW64) AppleWebKit/537.36 (KHTML, like Gecko) Chrome/52.0.2743.116 Safari/537.36',
  'host' => '39.96.87.22:80',
  'content-type' => '',
)
[ info ] [ PARAM ] array (
)
---------------------------------------------------------------
[2019-05-03T22:27:19+08:00] 40.77.167.119 GET csgxjk.com/
[运行时间：0.016113s] [吞吐率：62.06req/s] [内存消耗：1,977.91kb] [文件加载：70]
[ info ] [ LANG ] /data/www/csgx2/thinkphp/lang/zh-cn.php
[ info ] [ ROUTE ] array (
)
[ info ] [ HEADER ] array (
  'user-agent' => 'Mozilla/5.0 (compatible; bingbot/2.0; +http://www.bing.com/bingbot.htm)',
  'host' => 'csgxjk.com',
  'accept-encoding' => 'gzip, deflate',
  'accept' => '*/*',
  'pragma' => 'no-cache',
  'connection' => 'Keep-Alive',
  'cache-control' => 'no-cache',
  'content-type' => '',
  'content-length' => '',
)
[ info ] [ PARAM ] array (
)
---------------------------------------------------------------
[2019-05-03T22:51:19+08:00] 80.82.70.187 GET www.baidu.com/cache/global/img/gs.gif
[运行时间：0.014955s] [吞吐率：66.87req/s] [内存消耗：1,724.83kb] [文件加载：67]
[ info ] [ LANG ] /data/www/csgx2/thinkphp/lang/zh-cn.php
