---------------------------------------------------------------
[2019-05-04T00:17:04+08:00] 78.189.214.159 GET 39.96.87.22:80/
[è¿è¡Œæ—¶é—´ï¼š0.016630s] [åžåçŽ‡ï¼š60.13req/s] [å†…å­˜æ¶ˆè€—ï¼š1,977.34kb] [æ–‡ä»¶åŠ è½½ï¼š70]
[ info ] [ LANG ] /data/www/csgx2/thinkphp/lang/zh-cn.php
[ info ] [ ROUTE ] array (
)
[ info ] [ HEADER ] array (
  'content-length' => '0',
  'user-agent' => 'Mozilla/5.0 (Macintosh; Intel Mac OS X 10_11_6) AppleWebKit/601.7.7 (KHTML, like Gecko) Version/9.1.2 Safari/601.7.7',
  'host' => '39.96.87.22:80',
  'content-type' => '',
)
[ info ] [ PARAM ] array (
)
---------------------------------------------------------------
[2019-05-04T01:42:19+08:00] 162.243.131.185 GET 39.96.87.22/
[è¿è¡Œæ—¶é—´ï¼š0.016577s] [åžåçŽ‡ï¼š60.32req/s] [å†…å­˜æ¶ˆè€—ï¼š1,977.12kb] [æ–‡ä»¶åŠ è½½ï¼š70]
[ info ] [ LANG ] /data/www/csgx2/thinkphp/lang/zh-cn.php
[ info ] [ ROUTE ] array (
)
[ info ] [ HEADER ] array (
  'accept-encoding' => 'gzip',
  'accept' => '*/*',
  'user-agent' => 'Mozilla/5.0 zgrab/0.x',
  'host' => '39.96.87.22',
  'content-type' => '',
  'content-length' => '',
)
[ info ] [ PARAM ] array (
)
---------------------------------------------------------------
[2019-05-04T02:11:53+08:00] 95.213.177.125 POST check.proxyradar.com/azenv.php?auth=155690711381&a=PSCN&i=660625174&p=80
[è¿è¡Œæ—¶é—´ï¼š0.015286s] [åžåçŽ‡ï¼š65.42req/s] [å†…å­˜æ¶ˆè€—ï¼š1,724.00kb] [æ–‡ä»¶åŠ è½½ï¼š67]
[ info ] [ LANG ] /data/www/csgx2/thinkphp/lang/zh-cn.php
---------------------------------------------------------------
[2019-05-04T03:22:05+08:00] 106.14.215.243 GET csgxjk.com/
[è¿è¡Œæ—¶é—´ï¼š0.016135s] [åžåçŽ‡ï¼š61.98req/s] [å†…å­˜æ¶ˆè€—ï¼š1,977.48kb] [æ–‡ä»¶åŠ è½½ï¼š70]
[ info ] [ LANG ] /data/www/csgx2/thinkphp/lang/zh-cn.php
[ info ] [ ROUTE ] array (
)
[ info ] [ HEADER ] array (
  'connection' => 'keep-alive',
  'accept' => 'text/html, image/gif, image/jpeg, *; q=.2, */*; q=.2',
  'host' => 'csgxjk.com',
  'user-agent' => 'Mozilla/5.0 (X11; Ubuntu; Linux x86_64; rv:36.0) Gecko/20100101 Firefox/36.0',
  'content-type' => '',
  'content-length' => '',
)
[ info ] [ PARAM ] array (
)
---------------------------------------------------------------
[2019-05-04T03:39:28+08:00] 47.98.60.52 GET www.csgxjk.com/
[è¿è¡Œæ—¶é—´ï¼š0.016530s] [åžåçŽ‡ï¼š60.50req/s] [å†…å­˜æ¶ˆè€—ï¼š1,977.52kb] [æ–‡ä»¶åŠ è½½ï¼š70]
[ info ] [ LANG ] /data/www/csgx2/thinkphp/lang/zh-cn.php
[ info ] [ ROUTE ] array (
)
[ info ] [ HEADER ] array (
  'connection' => 'keep-alive',
  'accept' => 'text/html, image/gif, image/jpeg, *; q=.2, */*; q=.2',
  'host' => 'www.csgxjk.com',
  'user-agent' => 'Mozilla/5.0 (X11; Ubuntu; Linux x86_64; rv:36.0) Gecko/20100101 Firefox/36.0',
  'content-type' => '',
  'content-length' => '',
)
[ info ] [ PARAM ] array (
)
---------------------------------------------------------------
[2019-05-04T03:42:50+08:00] 202.181.24.158 GET csgxjk.com/
[è¿è¡Œæ—¶é—´ï¼š0.016545s] [åžåçŽ‡ï¼š60.44req/s] [å†…å­˜æ¶ˆè€—ï¼š1,977.94kb] [æ–‡ä»¶åŠ è½½ï¼š70]
[ info ] [ LANG ] /data/www/csgx2/thinkphp/lang/zh-cn.php
[ info ] [ ROUTE ] array (
)
[ info ] [ HEADER ] array (
  'connection' => 'Keep-Alive',
  'host' => 'csgxjk.com',
  'user-agent' => 'Mozilla/5.0 (Windows NT 10.0; Win64; x64) AppleWebKit/537.36 (KHTML, like Gecko) Chrome/42.0.2311.135 Safari/537.36 Edge/12.10240',
  'content-type' => 'application/x-www-form-urlencoded',
  'accept-language' => 'en-US, en; q=0.8, zh-Hans-CN; q=0.5, zh-Hans; q=0.3',
  'accept' => 'text/html, application/xhtml+xml, image/jxr, */*',
  'content-length' => '',
)
[ info ] [ PARAM ] array (
)
---------------------------------------------------------------
[2019-05-04T05:41:01+08:00] 47.101.195.242 GET 39.96.87.22/
[è¿è¡Œæ—¶é—´ï¼š0.016048s] [åžåçŽ‡ï¼š62.31req/s] [å†…å­˜æ¶ˆè€—ï¼š1,977.52kb] [æ–‡ä»¶åŠ è½½ï¼š70]
[ info ] [ LANG ] /data/www/csgx2/thinkphp/lang/zh-cn.php
[ info ] [ ROUTE ] array (
)
[ info ] [ HEADER ] array (
  'connection' => 'keep-alive',
  'accept' => 'text/html, image/gif, image/jpeg, *; q=.2, */*; q=.2',
  'host' => '39.96.87.22',
  'user-agent' => 'Mozilla/5.0 (X11; Ubuntu; Linux x86_64; rv:36.0) Gecko/20100101 Firefox/36.0',
  'content-type' => '',
  'content-length' => '',
)
[ info ] [ PARAM ] array (
)
---------------------------------------------------------------
[2019-05-04T06:06:50+08:00] 128.14.209.250 GET 39.96.87.22/console/login/LoginForm.jsp
[è¿è¡Œæ—¶é—´ï¼š0.015189s] [åžåçŽ‡ï¼š65.84req/s] [å†…å­˜æ¶ˆè€—ï¼š1,724.87kb] [æ–‡ä»¶åŠ è½½ï¼š67]
[ info ] [ LANG ] /data/www/csgx2/thinkphp/lang/zh-cn.php
---------------------------------------------------------------
[2019-05-04T07:03:20+08:00] 157.55.39.202 GET csgxjk.com/
[è¿è¡Œæ—¶é—´ï¼š0.016685s] [åžåçŽ‡ï¼š59.93req/s] [å†…å­˜æ¶ˆè€—ï¼š1,977.91kb] [æ–‡ä»¶åŠ è½½ï¼š70]
[ info ] [ LANG ] /data/www/csgx2/thinkphp/lang/zh-cn.php
[ info ] [ ROUTE ] array (
)
[ info ] [ HEADER ] array (
  'user-agent' => 'Mozilla/5.0 (compatible; bingbot/2.0; +http://www.bing.com/bingbot.htm)',
  'host' => 'csgxjk.com',
  'accept-encoding' => 'gzip, deflate',
  'accept' => '*/*',
  'pragma' => 'no-cache',
  'connection' => 'Keep-Alive',
  'cache-control' => 'no-cache',
  'content-type' => '',
  'content-length' => '',
)
[ info ] [ PARAM ] array (
)
---------------------------------------------------------------
[2019-05-04T08:33:30+08:00] 115.85.84.130 GET 39.96.87.22:80/
[è¿è¡Œæ—¶é—´ï¼š0.015567s] [åžåçŽ‡ï¼š64.24req/s] [å†…å­˜æ¶ˆè€—ï¼š1,977.34kb] [æ–‡ä»¶åŠ è½½ï¼š70]
[ info ] [ LANG ] /data/www/csgx2/thinkphp/lang/zh-cn.php
[ info ] [ ROUTE ] array (
)
[ info ] [ HEADER ] array (
  'content-length' => '0',
  'user-agent' => 'Mozilla/5.0 (Windows NT 10.0; WOW64) AppleWebKit/537.36 (KHTML, like Gecko) Chrome/52.0.2743.116 Safari/537.36',
  'host' => '39.96.87.22:80',
  'content-type' => '',
)
[ info ] [ PARAM ] array (
)
---------------------------------------------------------------
[2019-05-04T08:41:21+08:00] 60.191.38.78 GET 39.96.87.22:80/
[è¿è¡Œæ—¶é—´ï¼š0.015940s] [åžåçŽ‡ï¼š62.74req/s] [å†…å­˜æ¶ˆè€—ï¼š1,977.38kb] [æ–‡ä»¶åŠ è½½ï¼š70]
[ info ] [ LANG ] /data/www/csgx2/thinkphp/lang/zh-cn.php
[ info ] [ ROUTE ] array (
)
[ info ] [ HEADER ] array (
  'connection' => 'keep-alive',
  'accept' => '*/*',
  'user-agent' => 'Mozilla/5.0 (Macintosh; Intel Mac OS X 10.11; rv:47.0) Gecko/20100101 Firefox/47.0',
  'host' => '39.96.87.22:80',
  'content-type' => '',
  'content-length' => '',
)
[ info ] [ PARAM ] array (
)
---------------------------------------------------------------
[2019-05-04T08:50:46+08:00] 120.25.208.128 GET www.csgxjk.com/
[è¿è¡Œæ—¶é—´ï¼š0.016682s] [åžåçŽ‡ï¼š59.95req/s] [å†…å­˜æ¶ˆè€—ï¼š1,977.52kb] [æ–‡ä»¶åŠ è½½ï¼š70]
[ info ] [ LANG ] /data/www/csgx2/thinkphp/lang/zh-cn.php
[ info ] [ ROUTE ] array (
)
[ info ] [ HEADER ] array (
  'accept-encoding' => 'gzip,deflate',
  'accept' => '*/*',
  'user-agent' => 'Mozilla/5.0 (Windows NT 10.0; Win64; x64) AppleWebKit/537.36 (KHTML, like Gecko) Chrome/53.0.2785.143 Safari/537.36',
  'host' => 'www.csgxjk.com',
  'content-type' => '',
  'content-length' => '',
)
[ info ] [ PARAM ] array (
)
---------------------------------------------------------------
[2019-05-04T09:02:17+08:00] 80.82.70.187 GET www.baidu.com/cache/global/img/gs.gif
[è¿è¡Œæ—¶é—´ï¼š0.014949s] [åžåçŽ‡ï¼š66.89req/s] [å†…å­˜æ¶ˆè€—ï¼š1,724.83kb] [æ–‡ä»¶åŠ è½½ï¼š67]
[ info ] [ LANG ] /data/www/csgx2/thinkphp/lang/zh-cn.php
---------------------------------------------------------------
[2019-05-04T09:02:23+08:00] 42.236.78.51 GET 39.96.87.22/nmaplowercheck1556931743
[è¿è¡Œæ—¶é—´ï¼š0.045311s] [åžåçŽ‡ï¼š22.07req/s] [å†…å­˜æ¶ˆè€—ï¼š1,724.84kb] [æ–‡ä»¶åŠ è½½ï¼š67]
[ info ] [ LANG ] /data/www/csgx2/thinkphp/lang/zh-cn.php
---------------------------------------------------------------
[2019-05-04T09:02:23+08:00] 42.236.78.51 POST 39.96.87.22/sdk
[è¿è¡Œæ—¶é—´ï¼š0.033777s] [åžåçŽ‡ï¼š29.61req/s] [å†…å­˜æ¶ˆè€—ï¼š1,725.22kb] [æ–‡ä»¶åŠ è½½ï¼š67]
[ info ] [ LANG ] /data/www/csgx2/thinkphp/lang/zh-cn.php
---------------------------------------------------------------
[2019-05-04T09:02:23+08:00] 42.236.78.51 GET 39.96.87.22/
[è¿è¡Œæ—¶é—´ï¼š0.017778s] [åžåçŽ‡ï¼š56.25req/s] [å†…å­˜æ¶ˆè€—ï¼š1,976.70kb] [æ–‡ä»¶åŠ è½½ï¼š70]
[ info ] [ LANG ] /data/www/csgx2/thinkphp/lang/zh-cn.php
[ info ] [ ROUTE ] array (
)
[ info ] [ HEADER ] array (
  'host' => '39.96.87.22',
  'content-type' => '',
  'content-length' => '',
)
[ info ] [ PARAM ] array (
)
---------------------------------------------------------------
[2019-05-04T09:02:23+08:00] 42.236.78.51 GET 39.96.87.22/evox/about
[è¿è¡Œæ—¶é—´ï¼š0.014392s] [åžåçŽ‡ï¼š69.48req/s] [å†…å­˜æ¶ˆè€—ï¼š1,724.82kb] [æ–‡ä»¶åŠ è½½ï¼š67]
[ info ] [ LANG ] /data/www/csgx2/thinkphp/lang/zh-cn.php
---------------------------------------------------------------
[2019-05-04T09:02:23+08:00] 42.236.78.51 GET 39.96.87.22/HNAP1
[è¿è¡Œæ—¶é—´ï¼š0.014277s] [åžåçŽ‡ï¼š70.04req/s] [å†…å­˜æ¶ˆè€—ï¼š1,724.81kb] [æ–‡ä»¶åŠ è½½ï¼š67]
[ info ] [ LANG ] /data/www/csgx2/thinkphp/lang/zh-cn.php
---------------------------------------------------------------
[2019-05-04T09:02:28+08:00] 42.236.78.51 GET 39.96.87.22/
[è¿è¡Œæ—¶é—´ï¼š0.016039s] [åžåçŽ‡ï¼š62.35req/s] [å†…å­˜æ¶ˆè€—ï¼š1,977.38kb] [æ–‡ä»¶åŠ è½½ï¼š70]
[ info ] [ LANG ] /data/www/csgx2/thinkphp/lang/zh-cn.php
[ info ] [ ROUTE ] array (
)
[ info ] [ HEADER ] array (
  'connection' => 'close',
  'host' => '39.96.87.22',
  'user-agent' => 'Mozilla/5.0 (compatible; Wappalyzer)',
  'content-type' => 'application/x-www-form-urlencoded;charset=UTF-8',
  'accept' => 'text/html,*/*',
  'content-length' => '',
)
[ info ] [ PARAM ] array (
)
---------------------------------------------------------------
[2019-05-04T09:02:30+08:00] 42.236.78.51 HEAD 39.96.87.22/
[è¿è¡Œæ—¶é—´ï¼š0.015955s] [åžåçŽ‡ï¼š62.68req/s] [å†…å­˜æ¶ˆè€—ï¼š1,976.31kb] [æ–‡ä»¶åŠ è½½ï¼š70]
[ info ] [ LANG ] /data/www/csgx2/thinkphp/lang/zh-cn.php
[ info ] [ ROUTE ] array (
)
[ info ] [ HEADER ] array (
  'accept' => '*/*',
  'host' => '39.96.87.22',
  'user-agent' => 'Chrome/54.0 (Windows NT 10.0)',
  'content-type' => '',
  'content-length' => '',
)
[ info ] [ PARAM ] array (
)
---------------------------------------------------------------
[2019-05-04T09:02:30+08:00] 42.236.78.51 HEAD 39.96.87.22:80/
[è¿è¡Œæ—¶é—´ï¼š0.015372s] [åžåçŽ‡ï¼š65.05req/s] [å†…å­˜æ¶ˆè€—ï¼š1,977.55kb] [æ–‡ä»¶åŠ è½½ï¼š70]
[ info ] [ LANG ] /data/www/csgx2/thinkphp/lang/zh-cn.php
[ info ] [ ROUTE ] array (
)
[ info ] [ HEADER ] array (
  'connection' => 'keep-alive',
  'cache-control' => 'max-age=0',
  'accept-language' => 'zh-CN,zh;q=0.8',
  'accept-encoding' => 'gzip,deflate,sdch',
  'accept-charset' => 'GBK,utf-8;q=0.7,*;q=0.3',
  'accept' => 'text/html,application/xhtml+xml,application/xml;q=0.9,*/*;q=0.8',
  'user-agent' => 'chrome 100',
  'host' => '39.96.87.22:80',
  'content-type' => '',
  'content-length' => '',
)
[ info ] [ PARAM ] array (
)
---------------------------------------------------------------
[2019-05-04T09:20:27+08:00] 189.110.50.61 GET 39.96.87.22:80/
[è¿è¡Œæ—¶é—´ï¼š0.016602s] [åžåçŽ‡ï¼š60.23req/s] [å†…å­˜æ¶ˆè€—ï¼š1,977.34kb] [æ–‡ä»¶åŠ è½½ï¼š70]
[ info ] [ LANG ] /data/www/csgx2/thinkphp/lang/zh-cn.php
[ info ] [ ROUTE ] array (
)
[ info ] [ HEADER ] array (
  'content-length' => '0',
  'user-agent' => 'Mozilla/5.0 (Windows NT 10.0; WOW64) AppleWebKit/537.36 (KHTML, like Gecko) Chrome/51.0.2704.103 Safari/537.36',
  'host' => '39.96.87.22:80',
  'content-type' => '',
)
[ info ] [ PARAM ] array (
)
---------------------------------------------------------------
[2019-05-04T09:44:27+08:00] 177.139.63.231 GET 39.96.87.22:80/
[è¿è¡Œæ—¶é—´ï¼š0.016310s] [åžåçŽ‡ï¼š61.31req/s] [å†…å­˜æ¶ˆè€—ï¼š1,977.34kb] [æ–‡ä»¶åŠ è½½ï¼š70]
[ info ] [ LANG ] /data/www/csgx2/thinkphp/lang/zh-cn.php
[ info ] [ ROUTE ] array (
)
[ info ] [ HEADER ] array (
  'content-length' => '0',
  'user-agent' => 'Mozilla/5.0 (Windows NT 6.1; WOW64) AppleWebKit/537.36 (KHTML, like Gecko) Chrome/51.0.2704.103 Safari/537.36',
  'host' => '39.96.87.22:80',
  'content-type' => '',
)
[ info ] [ PARAM ] array (
)
---------------------------------------------------------------
[2019-05-04T10:28:48+08:00] 201.76.122.139 GET 39.96.87.22:80/
[è¿è¡Œæ—¶é—´ï¼š0.015728s] [åžåçŽ‡ï¼š63.58req/s] [å†…å­˜æ¶ˆè€—ï¼š1,977.34kb] [æ–‡ä»¶åŠ è½½ï¼š70]
[ info ] [ LANG ] /data/www/csgx2/thinkphp/lang/zh-cn.php
[ info ] [ ROUTE ] array (
)
[ info ] [ HEADER ] array (
  'content-length' => '0',
  'user-agent' => 'Mozilla/5.0 (Windows NT 6.1; WOW64) AppleWebKit/537.36 (KHTML, like Gecko) Chrome/51.0.2704.103 Safari/537.36',
  'host' => '39.96.87.22:80',
  'content-type' => '',
)
[ info ] [ PARAM ] array (
)
---------------------------------------------------------------
[2019-05-04T10:43:14+08:00] 118.31.15.238 GET 39.96.87.22/
[è¿è¡Œæ—¶é—´ï¼š0.016622s] [åžåçŽ‡ï¼š60.16req/s] [å†…å­˜æ¶ˆè€—ï¼š1,977.34kb] [æ–‡ä»¶åŠ è½½ï¼š70]
[ info ] [ LANG ] /data/www/csgx2/thinkphp/lang/zh-cn.php
[ info ] [ ROUTE ] array (
)
[ info ] [ HEADER ] array (
  'connection' => 'keep-alive',
  'accept' => 'text/html, image/gif, image/jpeg, *; q=.2, */*; q=.2',
  'host' => '39.96.87.22',
  'user-agent' => 'Mozilla/5.0 (Linux; Android 4.1.1; Nexus 7 Build/JRO03D))',
  'content-type' => '',
  'content-length' => '',
)
[ info ] [ PARAM ] array (
)
---------------------------------------------------------------
[2019-05-04T10:44:02+08:00] 139.224.15.159 GET csgxjk.com/
[è¿è¡Œæ—¶é—´ï¼š0.015745s] [åžåçŽ‡ï¼š63.51req/s] [å†…å­˜æ¶ˆè€—ï¼š1,977.30kb] [æ–‡ä»¶åŠ è½½ï¼š70]
[ info ] [ LANG ] /data/www/csgx2/thinkphp/lang/zh-cn.php
[ info ] [ ROUTE ] array (
)
[ info ] [ HEADER ] array (
  'connection' => 'keep-alive',
  'accept' => 'text/html, image/gif, image/jpeg, *; q=.2, */*; q=.2',
  'host' => 'csgxjk.com',
  'user-agent' => 'Mozilla/5.0 (Linux; Android 4.1.1; Nexus 7 Build/JRO03D))',
  'content-type' => '',
  'content-length' => '',
)
[ info ] [ PARAM ] array (
)
---------------------------------------------------------------
[2019-05-04T12:22:56+08:00] 95.213.177.123 POST check.proxyradar.com/azenv.php?auth=155694377631&a=PSCN&i=660625174&p=80
[è¿è¡Œæ—¶é—´ï¼š0.015307s] [åžåçŽ‡ï¼š65.33req/s] [å†…å­˜æ¶ˆè€—ï¼š1,724.00kb] [æ–‡ä»¶åŠ è½½ï¼š67]
[ info ] [ LANG ] /data/www/csgx2/thinkphp/lang/zh-cn.php
---------------------------------------------------------------
[2019-05-04T12:58:13+08:00] 185.205.209.59 GET 39.96.87.22/
[è¿è¡Œæ—¶é—´ï¼š0.016878s] [åžåçŽ‡ï¼š59.25req/s] [å†…å­˜æ¶ˆè€—ï¼š1,976.92kb] [æ–‡ä»¶åŠ è½½ï¼š70]
[ info ] [ LANG ] /data/www/csgx2/thinkphp/lang/zh-cn.php
[ info ] [ ROUTE ] array (
)
[ info ] [ HEADER ] array (
  'accept-encoding' => 'gzip',
  'accept' => '*/*',
  'host' => '39.96.87.22',
  'content-type' => '',
  'content-length' => '',
)
[ info ] [ PARAM ] array (
)
---------------------------------------------------------------
[2019-05-04T13:55:33+08:00] 202.108.211.151 GET www.csgxjk.com/
[è¿è¡Œæ—¶é—´ï¼š0.017204s] [åžåçŽ‡ï¼š58.13req/s] [å†…å­˜æ¶ˆè€—ï¼š1,978.78kb] [æ–‡ä»¶åŠ è½½ï¼š70]
[ info ] [ LANG ] /data/www/csgx2/thinkphp/lang/zh-cn.php
[ info ] [ ROUTE ] array (
)
[ info ] [ HEADER ] array (
  'connection' => 'keep-alive',
  'host' => 'www.csgxjk.com',
  'upgrade-insecure-requests' => '1',
  'pragma' => 'no-cache',
  'cache-control' => 'no-cache',
  'accept-language' => 'zh-CN,zh;q=0.8,en-US;q=0.6,en;q=0.4',
  'accept-encoding' => 'gzip, deflate, sdch',
  'accept' => 'text/html,application/xhtml+xml,application/xml;q=0.9,image/webp,*/*;q=0.8',
  'user-agent' => 'Mozilla/5.0 (X11; Linux x86_64) AppleWebKit/535.21 (KHTML, like Gecko) Chrome/19.0.1042.0 Safari/535.21',
  'content-type' => '',
  'content-length' => '',
)
[ info ] [ PARAM ] array (
)
---------------------------------------------------------------
[2019-05-04T14:54:56+08:00] 66.249.66.155 GET csgxjk.com/
[è¿è¡Œæ—¶é—´ï¼š0.015909s] [åžåçŽ‡ï¼š62.86req/s] [å†…å­˜æ¶ˆè€—ï¼š1,977.80kb] [æ–‡ä»¶åŠ è½½ï¼š70]
[ info ] [ LANG ] /data/www/csgx2/thinkphp/lang/zh-cn.php
[ info ] [ ROUTE ] array (
)
[ info ] [ HEADER ] array (
  'accept-encoding' => 'gzip,deflate,br',
  'user-agent' => 'Mozilla/5.0 (compatible; Googlebot/2.1; +http://www.google.com/bot.html)',
  'from' => 'googlebot(at)googlebot.com',
  'accept' => 'text/html,application/xhtml+xml,application/xml;q=0.9,*/*;q=0.8',
  'connection' => 'keep-alive',
  'host' => 'csgxjk.com',
  'content-type' => '',
  'content-length' => '',
)
[ info ] [ PARAM ] array (
)
---------------------------------------------------------------
[2019-05-04T17:10:39+08:00] 103.135.38.109 GET 39.96.87.22:80/
[è¿è¡Œæ—¶é—´ï¼š0.015647s] [åžåçŽ‡ï¼š63.91req/s] [å†…å­˜æ¶ˆè€—ï¼š1,977.34kb] [æ–‡ä»¶åŠ è½½ï¼š70]
[ info ] [ LANG ] /data/www/csgx2/thinkphp/lang/zh-cn.php
[ info ] [ ROUTE ] array (
)
[ info ] [ HEADER ] array (
  'content-length' => '0',
  'user-agent' => 'Mozilla/5.0 (Windows NT 6.1; WOW64) AppleWebKit/537.36 (KHTML, like Gecko) Chrome/51.0.2704.103 Safari/537.36',
  'host' => '39.96.87.22:80',
  'content-type' => '',
)
[ info ] [ PARAM ] array (
)
---------------------------------------------------------------
[2019-05-04T17:17:33+08:00] 106.14.114.244 GET 39.96.87.22/
[è¿è¡Œæ—¶é—´ï¼š0.016547s] [åžåçŽ‡ï¼š60.43req/s] [å†…å­˜æ¶ˆè€—ï¼š1,977.34kb] [æ–‡ä»¶åŠ è½½ï¼š70]
[ info ] [ LANG ] /data/www/csgx2/thinkphp/lang/zh-cn.php
[ info ] [ ROUTE ] array (
)
[ info ] [ HEADER ] array (
  'connection' => 'keep-alive',
  'accept' => 'text/html, image/gif, image/jpeg, *; q=.2, */*; q=.2',
  'host' => '39.96.87.22',
  'user-agent' => 'Mozilla/5.0 (Linux; Android 4.1.1; Nexus 7 Build/JRO03D))',
  'content-type' => '',
  'content-length' => '',
)
[ info ] [ PARAM ] array (
)
---------------------------------------------------------------
[2019-05-04T18:47:30+08:00] 47.107.255.211 HEAD csgxjk.com/
[è¿è¡Œæ—¶é—´ï¼š0.016467s] [åžåçŽ‡ï¼š60.73req/s] [å†…å­˜æ¶ˆè€—ï¼š1,977.11kb] [æ–‡ä»¶åŠ è½½ï¼š70]
[ info ] [ LANG ] /data/www/csgx2/thinkphp/lang/zh-cn.php
[ info ] [ ROUTE ] array (
)
[ info ] [ HEADER ] array (
  'host' => 'csgxjk.com',
  'user-agent' => 'Mozilla/5.0 (compatible; Baiduspider/2.0; +http://www.baidu.com/search/spider.html£©',
  'referer' => 'http://www.sh9001.cn/',
  'accept-language' => 'zh-cn',
  'accept' => '*/*',
  'content-type' => 'application/x-www-form-urlencoded',
  'connection' => 'Keep-Alive',
  'content-length' => '',
)
[ info ] [ PARAM ] array (
)
---------------------------------------------------------------
[2019-05-04T18:47:30+08:00] 47.107.255.211 GET csgxjk.com//install/index.php.bak
[è¿è¡Œæ—¶é—´ï¼š0.014531s] [åžåçŽ‡ï¼š68.82req/s] [å†…å­˜æ¶ˆè€—ï¼š1,724.93kb] [æ–‡ä»¶åŠ è½½ï¼š67]
[ info ] [ LANG ] /data/www/csgx2/thinkphp/lang/zh-cn.php
---------------------------------------------------------------
[2019-05-04T19:10:35+08:00] 80.82.70.187 GET www.baidu.com/cache/global/img/gs.gif
[è¿è¡Œæ—¶é—´ï¼š0.014696s] [åžåçŽ‡ï¼š68.05req/s] [å†…å­˜æ¶ˆè€—ï¼š1,724.83kb] [æ–‡ä»¶åŠ è½½ï¼š67]
[ info ] [ LANG ] /data/www/csgx2/thinkphp/lang/zh-cn.php
---------------------------------------------------------------
[2019-05-04T19:14:03+08:00] 150.187.25.17 GET 39.96.87.22:80/
[è¿è¡Œæ—¶é—´ï¼š0.015655s] [åžåçŽ‡ï¼š63.88req/s] [å†…å­˜æ¶ˆè€—ï¼š1,977.34kb] [æ–‡ä»¶åŠ è½½ï¼š70]
[ info ] [ LANG ] /data/www/csgx2/thinkphp/lang/zh-cn.php
[ info ] [ ROUTE ] array (
)
[ info ] [ HEADER ] array (
  'content-length' => '0',
  'user-agent' => 'Mozilla/5.0 (Windows NT 10.0; WOW64) AppleWebKit/537.36 (KHTML, like Gecko) Chrome/52.0.2743.116 Safari/537.36',
  'host' => '39.96.87.22:80',
  'content-type' => '',
)
[ info ] [ PARAM ] array (
)
---------------------------------------------------------------
[2019-05-04T19:32:46+08:00] 47.98.60.52 GET csgxjk.com/
[è¿è¡Œæ—¶é—´ï¼š0.016232s] [åžåçŽ‡ï¼š61.61req/s] [å†…å­˜æ¶ˆè€—ï¼š1,977.30kb] [æ–‡ä»¶åŠ è½½ï¼š70]
[ info ] [ LANG ] /data/www/csgx2/thinkphp/lang/zh-cn.php
[ info ] [ ROUTE ] array (
)
[ info ] [ HEADER ] array (
  'connection' => 'keep-alive',
  'accept' => 'text/html, image/gif, image/jpeg, *; q=.2, */*; q=.2',
  'host' => 'csgxjk.com',
  'user-agent' => 'Mozilla/5.0 (Linux; Android 4.1.1; Nexus 7 Build/JRO03D))',
  'content-type' => '',
  'content-length' => '',
)
[ info ] [ PARAM ] array (
)
---------------------------------------------------------------
[2019-05-04T20:01:33+08:00] 68.183.51.40 GET www.csgxjk.com/
[è¿è¡Œæ—¶é—´ï¼š0.016135s] [åžåçŽ‡ï¼š61.98req/s] [å†…å­˜æ¶ˆè€—ï¼š1,978.32kb] [æ–‡ä»¶åŠ è½½ï¼š70]
[ info ] [ LANG ] /data/www/csgx2/thinkphp/lang/zh-cn.php
[ info ] [ ROUTE ] array (
)
[ info ] [ HEADER ] array (
  'connection' => 'close',
  'accept-language' => 'en-gb,en;q=0.5',
  'accept' => 'text/xml,application/xml,application/xhtml+xml,text/html;q=0.9,text/plain;q=0.8,image/png,*/*;q=0.5',
  'accept-encoding' => 'identity',
  'user-agent' => 'Mozilla/5.0 (compatible; NetcraftSurveyAgent/1.0; +info@netcraft.com)',
  'accept-charset' => 'ISO-8859-1,utf-8;q=0.7,*;q=0.7',
  'host' => 'www.csgxjk.com',
  'content-type' => '',
  'content-length' => '',
)
[ info ] [ PARAM ] array (
)
---------------------------------------------------------------
[2019-05-04T20:54:50+08:00] 5.160.131.86 GET 39.96.87.22:80/
[è¿è¡Œæ—¶é—´ï¼š0.016313s] [åžåçŽ‡ï¼š61.30req/s] [å†…å­˜æ¶ˆè€—ï¼š1,977.34kb] [æ–‡ä»¶åŠ è½½ï¼š70]
[ info ] [ LANG ] /data/www/csgx2/thinkphp/lang/zh-cn.php
[ info ] [ ROUTE ] array (
)
[ info ] [ HEADER ] array (
  'content-length' => '0',
  'user-agent' => 'Mozilla/5.0 (Windows NT 6.1; WOW64) AppleWebKit/537.36 (KHTML, like Gecko) Chrome/51.0.2704.103 Safari/537.36',
  'host' => '39.96.87.22:80',
  'content-type' => '',
)
[ info ] [ PARAM ] array (
)
---------------------------------------------------------------
[2019-05-04T20:57:44+08:00] 95.213.177.123 POST check.proxyradar.com/azenv.php?auth=155697466437&a=PSCN&i=660625174&p=80
[è¿è¡Œæ—¶é—´ï¼š0.014811s] [åžåçŽ‡ï¼š67.52req/s] [å†…å­˜æ¶ˆè€—ï¼š1,724.00kb] [æ–‡ä»¶åŠ è½½ï¼š67]
[ info ] [ LANG ] /data/www/csgx2/thinkphp/lang/zh-cn.php
---------------------------------------------------------------
[2019-05-04T21:29:37+08:00] 94.180.40.94 GET 39.96.87.22:80/
[è¿è¡Œæ—¶é—´ï¼š0.015921s] [åžåçŽ‡ï¼š62.81req/s] [å†…å­˜æ¶ˆè€—ï¼š1,977.34kb] [æ–‡ä»¶åŠ è½½ï¼š70]
[ info ] [ LANG ] /data/www/csgx2/thinkphp/lang/zh-cn.php
[ info ] [ ROUTE ] array (
)
[ info ] [ HEADER ] array (
  'content-length' => '0',
  'user-agent' => 'Mozilla/5.0 (Windows NT 6.1; WOW64) AppleWebKit/537.36 (KHTML, like Gecko) Chrome/51.0.2704.103 Safari/537.36',
  'host' => '39.96.87.22:80',
  'content-type' => '',
)
[ info ] [ PARAM ] array (
)
---------------------------------------------------------------
[2019-05-04T21:36:09+08:00] 189.19.119.185 GET 39.96.87.22:80/
[è¿è¡Œæ—¶é—´ï¼š0.016423s] [åžåçŽ‡ï¼š60.89req/s] [å†…å­˜æ¶ˆè€—ï¼š1,977.34kb] [æ–‡ä»¶åŠ è½½ï¼š70]
[ info ] [ LANG ] /data/www/csgx2/thinkphp/lang/zh-cn.php
[ info ] [ ROUTE ] array (
)
[ info ] [ HEADER ] array (
  'content-length' => '0',
  'user-agent' => 'Mozilla/5.0 (Windows NT 10.0; WOW64) AppleWebKit/537.36 (KHTML, like Gecko) Chrome/52.0.2743.116 Safari/537.36',
  'host' => '39.96.87.22:80',
  'content-type' => '',
)
[ info ] [ PARAM ] array (
)
---------------------------------------------------------------
[2019-05-04T22:43:50+08:00] 43.230.157.93 GET 39.96.87.22:80/
[è¿è¡Œæ—¶é—´ï¼š0.016788s] [åžåçŽ‡ï¼š59.57req/s] [å†…å­˜æ¶ˆè€—ï¼š1,977.34kb] [æ–‡ä»¶åŠ è½½ï¼š70]
[ info ] [ LANG ] /data/www/csgx2/thinkphp/lang/zh-cn.php
[ info ] [ ROUTE ] array (
)
[ info ] [ HEADER ] array (
  'content-length' => '0',
  'user-agent' => 'Mozilla/5.0 (Windows NT 6.1; WOW64) AppleWebKit/537.36 (KHTML, like Gecko) Chrome/52.0.2743.116 Safari/537.36',
  'host' => '39.96.87.22:80',
  'content-type' => '',
)
[ info ] [ PARAM ] array (
)
