---------------------------------------------------------------
[2019-05-21T00:01:36+08:00] 101.132.107.246 GET www.csgxjk.com/
[运行时间：0.016075s] [吞吐率：62.21req/s] [内存消耗：1,983.16kb] [文件加载：70]
[ info ] [ LANG ] /data/www/csgx2/thinkphp/lang/zh-cn.php
[ info ] [ ROUTE ] array (
)
[ info ] [ HEADER ] array (
  'connection' => 'keep-alive',
  'accept' => 'text/html, image/gif, image/jpeg, *; q=.2, */*; q=.2',
  'host' => 'www.csgxjk.com',
  'user-agent' => 'Mozilla/5.0 (Linux; Android 4.1.1; Nexus 7 Build/JRO03D))',
  'content-type' => '',
  'content-length' => '',
)
[ info ] [ PARAM ] array (
)
---------------------------------------------------------------
[2019-05-21T00:15:22+08:00] 95.213.177.124 POST check.proxyradar.com/azenv.php?auth=155836892219&a=PSCN&i=660625174&p=80
[运行时间：0.014570s] [吞吐率：68.63req/s] [内存消耗：1,729.17kb] [文件加载：67]
[ info ] [ LANG ] /data/www/csgx2/thinkphp/lang/zh-cn.php
---------------------------------------------------------------
[2019-05-21T00:26:38+08:00] 209.17.96.234 GET csgxjk.com/
[运行时间：0.016642s] [吞吐率：60.09req/s] [内存消耗：1,982.85kb] [文件加载：70]
[ info ] [ LANG ] /data/www/csgx2/thinkphp/lang/zh-cn.php
[ info ] [ ROUTE ] array (
)
[ info ] [ HEADER ] array (
  'user-agent' => 'Mozilla/5.0 (compatible; Nimbostratus-Bot/v1.3.2; http://cloudsystemnetworks.com)',
  'host' => 'csgxjk.com',
  'content-type' => '',
  'content-length' => '',
)
[ info ] [ PARAM ] array (
)
---------------------------------------------------------------
[2019-05-21T00:55:04+08:00] 139.224.116.230 GET csgxjk.com/
[运行时间：0.016489s] [吞吐率：60.65req/s] [内存消耗：1,983.14kb] [文件加载：70]
[ info ] [ LANG ] /data/www/csgx2/thinkphp/lang/zh-cn.php
[ info ] [ ROUTE ] array (
)
[ info ] [ HEADER ] array (
  'connection' => 'keep-alive',
  'accept' => 'text/html, image/gif, image/jpeg, *; q=.2, */*; q=.2',
  'host' => 'csgxjk.com',
  'user-agent' => 'Mozilla/5.0 (Linux; Android 4.1.1; Nexus 7 Build/JRO03D))',
  'content-type' => '',
  'content-length' => '',
)
[ info ] [ PARAM ] array (
)
---------------------------------------------------------------
[2019-05-21T01:28:52+08:00] 179.111.74.176 GET 39.96.87.22:80/
[运行时间：0.016569s] [吞吐率：60.35req/s] [内存消耗：1,983.19kb] [文件加载：70]
[ info ] [ LANG ] /data/www/csgx2/thinkphp/lang/zh-cn.php
[ info ] [ ROUTE ] array (
)
[ info ] [ HEADER ] array (
  'content-length' => '0',
  'user-agent' => 'Mozilla/5.0 (Macintosh; Intel Mac OS X 10_11_6) AppleWebKit/601.7.7 (KHTML, like Gecko) Version/9.1.2 Safari/601.7.7',
  'host' => '39.96.87.22:80',
  'content-type' => '',
)
[ info ] [ PARAM ] array (
)
---------------------------------------------------------------
[2019-05-21T02:01:43+08:00] 220.181.108.185 GET www.csgxjk.com/
[运行时间：0.016207s] [吞吐率：61.70req/s] [内存消耗：1,983.44kb] [文件加载：70]
[ info ] [ LANG ] /data/www/csgx2/thinkphp/lang/zh-cn.php
[ info ] [ ROUTE ] array (
)
[ info ] [ HEADER ] array (
  'accept' => '*/*',
  'accept-language' => 'zh-cn,zh-tw',
  'accept-encoding' => 'gzip',
  'user-agent' => 'Mozilla/5.0 (compatible; Baiduspider/2.0; +http://www.baidu.com/search/spider.html)',
  'connection' => 'close',
  'host' => 'www.csgxjk.com',
  'content-type' => '',
  'content-length' => '',
)
[ info ] [ PARAM ] array (
)
---------------------------------------------------------------
[2019-05-21T02:43:20+08:00] 120.132.3.65 GET www.qq.com/404/search_children.js
[运行时间：0.014983s] [吞吐率：66.74req/s] [内存消耗：1,729.28kb] [文件加载：67]
[ info ] [ LANG ] /data/www/csgx2/thinkphp/lang/zh-cn.php
---------------------------------------------------------------
[2019-05-21T03:07:22+08:00] 49.89.255.107 GET csgxjk.com/
[运行时间：0.016508s] [吞吐率：60.58req/s] [内存消耗：1,983.68kb] [文件加载：70]
[ info ] [ LANG ] /data/www/csgx2/thinkphp/lang/zh-cn.php
[ info ] [ ROUTE ] array (
)
[ info ] [ HEADER ] array (
  'connection' => 'Keep-Alive',
  'host' => 'csgxjk.com',
  'user-agent' => 'Mozilla/5.0 (Windows NT 10.0; Win64; x64) AppleWebKit/537.36 (KHTML, like Gecko) Chrome/42.0.2311.135 Safari/537.36 Edge/12.10240',
  'accept-language' => 'en-US, en; q=0.8, zh-Hans-CN; q=0.5, zh-Hans; q=0.3',
  'accept' => 'text/html, application/xhtml+xml, image/jxr, */*',
  'content-type' => '',
  'content-length' => '',
)
[ info ] [ PARAM ] array (
)
---------------------------------------------------------------
[2019-05-21T04:00:26+08:00] 59.36.132.222 GET www.baidu.com/
[运行时间：0.015869s] [吞吐率：63.02req/s] [内存消耗：1,983.18kb] [文件加载：70]
[ info ] [ LANG ] /data/www/csgx2/thinkphp/lang/zh-cn.php
[ info ] [ ROUTE ] array (
)
[ info ] [ HEADER ] array (
  'proxy-connection' => 'Keep-Alive',
  'accept' => '*/*',
  'user-agent' => 'curl/7.19.7 (x86_64-redhat-linux-gnu) libcurl/7.19.7 NSS/3.13.1.0zlib/1.2.3 libidn/1.18 libssh2/1.2.2',
  'host' => 'www.baidu.com',
  'content-type' => '',
  'content-length' => '',
)
[ info ] [ PARAM ] array (
)
---------------------------------------------------------------
[2019-05-21T04:25:23+08:00] 120.79.206.221 GET 39.96.87.22/
[运行时间：0.016477s] [吞吐率：60.69req/s] [内存消耗：1,983.18kb] [文件加载：70]
[ info ] [ LANG ] /data/www/csgx2/thinkphp/lang/zh-cn.php
[ info ] [ ROUTE ] array (
)
[ info ] [ HEADER ] array (
  'connection' => 'keep-alive',
  'accept' => 'text/html, image/gif, image/jpeg, *; q=.2, */*; q=.2',
  'host' => '39.96.87.22',
  'user-agent' => 'Mozilla/5.0 (Linux; Android 4.1.1; Nexus 7 Build/JRO03D))',
  'content-type' => '',
  'content-length' => '',
)
[ info ] [ PARAM ] array (
)
---------------------------------------------------------------
[2019-05-21T04:57:13+08:00] 103.40.13.173 GET 39.96.87.22/
[运行时间：0.016468s] [吞吐率：60.72req/s] [内存消耗：1,983.48kb] [文件加载：70]
[ info ] [ LANG ] /data/www/csgx2/thinkphp/lang/zh-cn.php
[ info ] [ ROUTE ] array (
)
[ info ] [ HEADER ] array (
  'cache-control' => 'no-cache',
  'host' => '39.96.87.22',
  'user-agent' => 'Mozilla/4.0 (compatible; MSIE 9.0; Windows NT 6.1)',
  'content-type' => 'application/x-www-form-urlencoded',
  'accept-language' => 'zh-cn',
  'referer' => 'http://39.96.87.22:80/',
  'accept' => '*/*',
  'content-length' => '',
)
[ info ] [ PARAM ] array (
)
---------------------------------------------------------------
[2019-05-21T05:29:00+08:00] 115.89.21.10 GET 39.96.87.22/
[运行时间：0.016281s] [吞吐率：61.42req/s] [内存消耗：1,982.54kb] [文件加载：70]
[ info ] [ LANG ] /data/www/csgx2/thinkphp/lang/zh-cn.php
[ info ] [ ROUTE ] array (
)
[ info ] [ HEADER ] array (
  'host' => '39.96.87.22',
  'content-type' => '',
  'content-length' => '',
)
[ info ] [ PARAM ] array (
)
---------------------------------------------------------------
[2019-05-21T06:03:05+08:00] 47.92.75.171 GET csgxjk.com/
[运行时间：0.015916s] [吞吐率：62.83req/s] [内存消耗：1,983.33kb] [文件加载：70]
[ info ] [ LANG ] /data/www/csgx2/thinkphp/lang/zh-cn.php
[ info ] [ ROUTE ] array (
)
[ info ] [ HEADER ] array (
  'connection' => 'keep-alive',
  'accept' => 'text/html, image/gif, image/jpeg, *; q=.2, */*; q=.2',
  'host' => 'csgxjk.com',
  'user-agent' => 'Mozilla/5.0 (X11; Ubuntu; Linux x86_64; rv:36.0) Gecko/20100101 Firefox/36.0',
  'content-type' => '',
  'content-length' => '',
)
[ info ] [ PARAM ] array (
)
---------------------------------------------------------------
[2019-05-21T06:04:41+08:00] 46.101.80.192 GET csgxjk.com/
[运行时间：0.017056s] [吞吐率：58.63req/s] [内存消耗：1,983.72kb] [文件加载：70]
[ info ] [ LANG ] /data/www/csgx2/thinkphp/lang/zh-cn.php
[ info ] [ ROUTE ] array (
)
[ info ] [ HEADER ] array (
  'connection' => 'close',
  'accept-encoding' => 'gzip,deflate',
  'accept-language' => 'en-US,en;q=0.8',
  'accept' => 'text/html,application/xhtml+xml,application/xml;q=0.9,image/webp,*/*;q=0.8',
  'user-agent' => 'Mozilla/5.0 (Windows NT 6.0) AppleWebKit/537.36 (KHTML, like Gecko) Chrome/34.0.1847.116 Safari/537.36',
  'host' => 'csgxjk.com',
  'content-type' => '',
  'content-length' => '',
)
[ info ] [ PARAM ] array (
)
---------------------------------------------------------------
[2019-05-21T06:08:37+08:00] 47.92.120.136 GET www.csgxjk.com/
[运行时间：0.016617s] [吞吐率：60.18req/s] [内存消耗：1,983.36kb] [文件加载：70]
[ info ] [ LANG ] /data/www/csgx2/thinkphp/lang/zh-cn.php
[ info ] [ ROUTE ] array (
)
[ info ] [ HEADER ] array (
  'connection' => 'keep-alive',
  'accept' => 'text/html, image/gif, image/jpeg, *; q=.2, */*; q=.2',
  'host' => 'www.csgxjk.com',
  'user-agent' => 'Mozilla/5.0 (X11; Ubuntu; Linux x86_64; rv:36.0) Gecko/20100101 Firefox/36.0',
  'content-type' => '',
  'content-length' => '',
)
[ info ] [ PARAM ] array (
)
---------------------------------------------------------------
[2019-05-21T06:21:26+08:00] 101.132.106.40 GET csgxjk.com/
[运行时间：0.016166s] [吞吐率：61.86req/s] [内存消耗：1,983.14kb] [文件加载：70]
[ info ] [ LANG ] /data/www/csgx2/thinkphp/lang/zh-cn.php
[ info ] [ ROUTE ] array (
)
[ info ] [ HEADER ] array (
  'connection' => 'keep-alive',
  'accept' => 'text/html, image/gif, image/jpeg, *; q=.2, */*; q=.2',
  'host' => 'csgxjk.com',
  'user-agent' => 'Mozilla/5.0 (iPhone; CPU iPhone OS 8_0_2 like Mac OS X)',
  'content-type' => '',
  'content-length' => '',
)
[ info ] [ PARAM ] array (
)
---------------------------------------------------------------
[2019-05-21T06:42:04+08:00] 47.100.57.133 GET www.csgxjk.com/
[运行时间：0.016621s] [吞吐率：60.16req/s] [内存消耗：1,983.17kb] [文件加载：70]
[ info ] [ LANG ] /data/www/csgx2/thinkphp/lang/zh-cn.php
[ info ] [ ROUTE ] array (
)
[ info ] [ HEADER ] array (
  'connection' => 'keep-alive',
  'accept' => 'text/html, image/gif, image/jpeg, *; q=.2, */*; q=.2',
  'host' => 'www.csgxjk.com',
  'user-agent' => 'Mozilla/5.0 (iPhone; CPU iPhone OS 8_0_2 like Mac OS X)',
  'content-type' => '',
  'content-length' => '',
)
[ info ] [ PARAM ] array (
)
---------------------------------------------------------------
[2019-05-21T06:56:43+08:00] 34.208.250.244 GET 39.96.87.22/
[运行时间：0.016322s] [吞吐率：61.27req/s] [内存消耗：1,983.38kb] [文件加载：70]
[ info ] [ LANG ] /data/www/csgx2/thinkphp/lang/zh-cn.php
[ info ] [ ROUTE ] array (
)
[ info ] [ HEADER ] array (
  'user-agent' => 'Mozilla/5.0 (Macintosh; Intel Mac OS X 10_11_5) AppleWebKit/537.36 (KHTML, like Gecko) Chrome/50.0.2661.102 Safari/537.36',
  'accept-encoding' => 'gzip',
  'connection' => 'close',
  'host' => '39.96.87.22',
  'content-type' => '',
  'content-length' => '',
)
[ info ] [ PARAM ] array (
)
---------------------------------------------------------------
[2019-05-21T07:42:44+08:00] 176.58.104.249 GET 39.96.87.22/
[运行时间：0.016776s] [吞吐率：59.61req/s] [内存消耗：1,983.18kb] [文件加载：70]
[ info ] [ LANG ] /data/www/csgx2/thinkphp/lang/zh-cn.php
[ info ] [ ROUTE ] array (
)
[ info ] [ HEADER ] array (
  'accept-encoding' => 'gzip',
  'accept' => '*/*',
  'user-agent' => 'User-Agent: Mozilla/4.0 (compatible; MSIE 6.0; Windows NT 5.1; SV1)',
  'host' => '39.96.87.22',
  'content-type' => '',
  'content-length' => '',
)
[ info ] [ PARAM ] array (
)
---------------------------------------------------------------
[2019-05-21T08:54:54+08:00] 106.120.98.190 GET csgxjk.com/admin
[运行时间：0.019544s] [吞吐率：51.17req/s] [内存消耗：2,155.37kb] [文件加载：83]
[ info ] [ LANG ] /data/www/csgx2/thinkphp/lang/zh-cn.php
[ info ] [ ROUTE ] array (
)
[ info ] [ HEADER ] array (
  'cookie' => 'pgv_pvi=2703210496; thinkphp_show_page_trace=0|0',
  'accept-language' => 'zh-CN,zh;q=0.9,en;q=0.8,und;q=0.7',
  'accept-encoding' => 'gzip, deflate',
  'purpose' => 'prefetch',
  'accept' => 'text/html,application/xhtml+xml,application/xml;q=0.9,image/webp,image/apng,*/*;q=0.8,application/signed-exchange;v=b3',
  'user-agent' => 'Mozilla/5.0 (Windows NT 10.0; WOW64) AppleWebKit/537.36 (KHTML, like Gecko) Chrome/74.0.3729.157 Safari/537.36',
  'upgrade-insecure-requests' => '1',
  'connection' => 'keep-alive',
  'host' => 'csgxjk.com',
  'content-type' => '',
  'content-length' => '',
)
[ info ] [ PARAM ] array (
)
[ info ] [ VIEW ] /data/www/csgx2/application/admin/view/index_index.php [ array (
  0 => 'userinfo',
  1 => 'menu',
) ]
---------------------------------------------------------------
[2019-05-21T08:54:54+08:00] 106.120.98.190 GET csgxjk.com/admin
[运行时间：0.018869s] [吞吐率：53.00req/s] [内存消耗：2,155.22kb] [文件加载：83]
[ info ] [ LANG ] /data/www/csgx2/thinkphp/lang/zh-cn.php
[ info ] [ ROUTE ] array (
)
[ info ] [ HEADER ] array (
  'cookie' => 'pgv_pvi=2703210496; thinkphp_show_page_trace=0|0; ASPSESSIONID=f3n1jj4t5tj371f52qj0g6nolv',
  'accept-language' => 'zh-CN,zh;q=0.9,en;q=0.8,und;q=0.7',
  'accept-encoding' => 'gzip, deflate',
  'accept' => 'text/html,application/xhtml+xml,application/xml;q=0.9,image/webp,image/apng,*/*;q=0.8,application/signed-exchange;v=b3',
  'user-agent' => 'Mozilla/5.0 (Windows NT 10.0; WOW64) AppleWebKit/537.36 (KHTML, like Gecko) Chrome/74.0.3729.157 Safari/537.36',
  'upgrade-insecure-requests' => '1',
  'connection' => 'keep-alive',
  'host' => 'csgxjk.com',
  'content-type' => '',
  'content-length' => '',
)
[ info ] [ PARAM ] array (
)
[ info ] [ VIEW ] /data/www/csgx2/application/admin/view/index_index.php [ array (
  0 => 'userinfo',
  1 => 'menu',
) ]
---------------------------------------------------------------
[2019-05-21T08:54:55+08:00] 106.120.98.190 GET csgxjk.com/admin/dashboard/welcome.html
[运行时间：0.018258s] [吞吐率：54.77req/s] [内存消耗：2,150.94kb] [文件加载：81]
[ info ] [ LANG ] /data/www/csgx2/thinkphp/lang/zh-cn.php
[ info ] [ ROUTE ] array (
)
[ info ] [ HEADER ] array (
  'cookie' => 'pgv_pvi=2703210496; thinkphp_show_page_trace=0|0; ASPSESSIONID=f3n1jj4t5tj371f52qj0g6nolv',
  'accept-language' => 'zh-CN,zh;q=0.9,en;q=0.8,und;q=0.7',
  'accept-encoding' => 'gzip, deflate',
  'referer' => 'http://csgxjk.com/admin',
  'accept' => 'text/html,application/xhtml+xml,application/xml;q=0.9,image/webp,image/apng,*/*;q=0.8,application/signed-exchange;v=b3',
  'user-agent' => 'Mozilla/5.0 (Windows NT 10.0; WOW64) AppleWebKit/537.36 (KHTML, like Gecko) Chrome/74.0.3729.157 Safari/537.36',
  'upgrade-insecure-requests' => '1',
  'connection' => 'keep-alive',
  'host' => 'csgxjk.com',
  'content-type' => '',
  'content-length' => '',
)
[ info ] [ PARAM ] array (
)
---------------------------------------------------------------
[2019-05-21T08:54:55+08:00] 106.120.98.190 GET csgxjk.com/admin/login/
[运行时间：0.019056s] [吞吐率：52.48req/s] [内存消耗：2,149.17kb] [文件加载：82]
[ info ] [ LANG ] /data/www/csgx2/thinkphp/lang/zh-cn.php
[ info ] [ ROUTE ] array (
)
[ info ] [ HEADER ] array (
  'cookie' => 'pgv_pvi=2703210496; thinkphp_show_page_trace=0|0; ASPSESSIONID=f3n1jj4t5tj371f52qj0g6nolv',
  'accept-language' => 'zh-CN,zh;q=0.9,en;q=0.8,und;q=0.7',
  'accept-encoding' => 'gzip, deflate',
  'referer' => 'http://csgxjk.com/admin',
  'accept' => 'text/html,application/xhtml+xml,application/xml;q=0.9,image/webp,image/apng,*/*;q=0.8,application/signed-exchange;v=b3',
  'user-agent' => 'Mozilla/5.0 (Windows NT 10.0; WOW64) AppleWebKit/537.36 (KHTML, like Gecko) Chrome/74.0.3729.157 Safari/537.36',
  'upgrade-insecure-requests' => '1',
  'connection' => 'keep-alive',
  'host' => 'csgxjk.com',
  'content-type' => '',
  'content-length' => '',
)
[ info ] [ PARAM ] array (
)
[ info ] [ VIEW ] /data/www/csgx2/application/admin/view/login_index.php [ array (
) ]
---------------------------------------------------------------
[2019-05-21T08:54:55+08:00] 106.120.98.190 GET csgxjk.com/admin/login/
[运行时间：0.018493s] [吞吐率：54.07req/s] [内存消耗：2,149.17kb] [文件加载：82]
[ info ] [ LANG ] /data/www/csgx2/thinkphp/lang/zh-cn.php
[ info ] [ ROUTE ] array (
)
[ info ] [ HEADER ] array (
  'cookie' => 'pgv_pvi=2703210496; thinkphp_show_page_trace=0|0; ASPSESSIONID=f3n1jj4t5tj371f52qj0g6nolv',
  'accept-language' => 'zh-CN,zh;q=0.9,en;q=0.8,und;q=0.7',
  'accept-encoding' => 'gzip, deflate',
  'referer' => 'http://csgxjk.com/admin/login/',
  'accept' => 'text/html,application/xhtml+xml,application/xml;q=0.9,image/webp,image/apng,*/*;q=0.8,application/signed-exchange;v=b3',
  'user-agent' => 'Mozilla/5.0 (Windows NT 10.0; WOW64) AppleWebKit/537.36 (KHTML, like Gecko) Chrome/74.0.3729.157 Safari/537.36',
  'upgrade-insecure-requests' => '1',
  'connection' => 'keep-alive',
  'host' => 'csgxjk.com',
  'content-type' => '',
  'content-length' => '',
)
[ info ] [ PARAM ] array (
)
[ info ] [ VIEW ] /data/www/csgx2/application/admin/view/login_index.php [ array (
) ]
---------------------------------------------------------------
[2019-05-21T08:54:59+08:00] 106.120.98.190 POST csgxjk.com/admin/login/login.html
[运行时间：0.041121s] [吞吐率：24.32req/s] [内存消耗：3,380.91kb] [文件加载：96]
[ info ] [ LANG ] /data/www/csgx2/thinkphp/lang/zh-cn.php
[ info ] [ ROUTE ] array (
)
[ info ] [ HEADER ] array (
  'cookie' => 'thinkphp_show_page_trace=0|0; pgv_pvi=2703210496; thinkphp_show_page_trace=0|0; ASPSESSIONID=f3n1jj4t5tj371f52qj0g6nolv',
  'accept-language' => 'zh-CN,zh;q=0.9,en;q=0.8,und;q=0.7',
  'accept-encoding' => 'gzip, deflate',
  'referer' => 'http://csgxjk.com/admin/login/',
  'content-type' => 'application/x-www-form-urlencoded; charset=UTF-8',
  'user-agent' => 'Mozilla/5.0 (Windows NT 10.0; WOW64) AppleWebKit/537.36 (KHTML, like Gecko) Chrome/74.0.3729.157 Safari/537.36',
  'x-requested-with' => 'XMLHttpRequest',
  'origin' => 'http://csgxjk.com',
  'accept' => '*/*',
  'content-length' => '30',
  'connection' => 'keep-alive',
  'host' => 'csgxjk.com',
)
[ info ] [ PARAM ] array (
  'username' => 'admin',
  'password' => '111111',
)
[ info ] [ DB ] INIT mysql
[ sql ] [ DB ] CONNECT:[ UseTime:0.000563s ] mysql:host=127.0.0.1;port=3306;dbname=liangzi;charset=utf8
[ sql ] [ SQL ] SHOW COLUMNS FROM `bg_admin` [ RunTime:0.001421s ]
[ sql ] [ SQL ] SELECT * FROM `bg_admin` WHERE  `username` = 'admin' LIMIT 1 [ RunTime:0.000347s ]
[ sql ] [ SQL ] SHOW COLUMNS FROM `bg_log` [ RunTime:0.001037s ]
[ sql ] [ SQL ] INSERT INTO `bg_log` (`userid` , `username` , `ip` , `time`) VALUES (1 , 'admin' , '106.120.98.190' , 1558400099) [ RunTime:0.000302s ]
[ sql ] [ SQL ] SHOW COLUMNS FROM `bg_role` [ RunTime:0.000980s ]
[ sql ] [ SQL ] SELECT `power` FROM `bg_role` WHERE  `id` = 1 LIMIT 1 [ RunTime:0.000265s ]
[ sql ] [ SQL ] SHOW COLUMNS FROM `bg_menu` [ RunTime:0.000962s ]
[ sql ] [ SQL ] SELECT `id`,`router` FROM `bg_menu` WHERE  (  router <> ''  ) [ RunTime:0.000398s ]
[ sql ] [ SQL ] SELECT `power` FROM `bg_role` WHERE  `id` = 1 LIMIT 1 [ RunTime:0.000249s ]
[ sql ] [ SQL ] select id,name,router,pid,menuIcon from bg_menu where isMenu&1 order by pid asc, orderNumber asc [ RunTime:0.000324s ]
---------------------------------------------------------------
[2019-05-21T08:54:59+08:00] 106.120.98.190 GET csgxjk.com/admin/login/admin.html
[运行时间：0.017127s] [吞吐率：58.39req/s] [内存消耗：2,134.16kb] [文件加载：80]
[ info ] [ LANG ] /data/www/csgx2/thinkphp/lang/zh-cn.php
[ info ] [ ROUTE ] array (
)
[ info ] [ HEADER ] array (
  'cookie' => 'thinkphp_show_page_trace=0|0; pgv_pvi=2703210496; thinkphp_show_page_trace=0|0; ASPSESSIONID=f3n1jj4t5tj371f52qj0g6nolv',
  'accept-language' => 'zh-CN,zh;q=0.9,en;q=0.8,und;q=0.7',
  'accept-encoding' => 'gzip, deflate',
  'referer' => 'http://csgxjk.com/admin/login/',
  'accept' => 'text/html,application/xhtml+xml,application/xml;q=0.9,image/webp,image/apng,*/*;q=0.8,application/signed-exchange;v=b3',
  'user-agent' => 'Mozilla/5.0 (Windows NT 10.0; WOW64) AppleWebKit/537.36 (KHTML, like Gecko) Chrome/74.0.3729.157 Safari/537.36',
  'upgrade-insecure-requests' => '1',
  'connection' => 'keep-alive',
  'host' => 'csgxjk.com',
  'content-type' => '',
  'content-length' => '',
)
[ info ] [ PARAM ] array (
)
---------------------------------------------------------------
[2019-05-21T08:55:00+08:00] 106.120.98.190 GET csgxjk.com/admin/login/index.html
[运行时间：0.017724s] [吞吐率：56.42req/s] [内存消耗：2,138.60kb] [文件加载：81]
[ info ] [ LANG ] /data/www/csgx2/thinkphp/lang/zh-cn.php
[ info ] [ ROUTE ] array (
)
[ info ] [ HEADER ] array (
  'cookie' => 'thinkphp_show_page_trace=0|0; pgv_pvi=2703210496; thinkphp_show_page_trace=0|0; ASPSESSIONID=f3n1jj4t5tj371f52qj0g6nolv',
  'accept-language' => 'zh-CN,zh;q=0.9,en;q=0.8,und;q=0.7',
  'accept-encoding' => 'gzip, deflate',
  'referer' => 'http://csgxjk.com/admin/login/',
  'accept' => 'text/html,application/xhtml+xml,application/xml;q=0.9,image/webp,image/apng,*/*;q=0.8,application/signed-exchange;v=b3',
  'user-agent' => 'Mozilla/5.0 (Windows NT 10.0; WOW64) AppleWebKit/537.36 (KHTML, like Gecko) Chrome/74.0.3729.157 Safari/537.36',
  'upgrade-insecure-requests' => '1',
  'connection' => 'keep-alive',
  'host' => 'csgxjk.com',
  'content-type' => '',
  'content-length' => '',
)
[ info ] [ PARAM ] array (
)
---------------------------------------------------------------
[2019-05-21T08:55:00+08:00] 106.120.98.190 GET csgxjk.com/admin/index/index.html
[运行时间：0.019548s] [吞吐率：51.16req/s] [内存消耗：2,176.39kb] [文件加载：83]
[ info ] [ LANG ] /data/www/csgx2/thinkphp/lang/zh-cn.php
[ info ] [ ROUTE ] array (
)
[ info ] [ HEADER ] array (
  'cookie' => 'pgv_pvi=2703210496; thinkphp_show_page_trace=0|0; ASPSESSIONID=f3n1jj4t5tj371f52qj0g6nolv',
  'accept-language' => 'zh-CN,zh;q=0.9,en;q=0.8,und;q=0.7',
  'accept-encoding' => 'gzip, deflate',
  'referer' => 'http://csgxjk.com/admin/login/',
  'accept' => 'text/html,application/xhtml+xml,application/xml;q=0.9,image/webp,image/apng,*/*;q=0.8,application/signed-exchange;v=b3',
  'user-agent' => 'Mozilla/5.0 (Windows NT 10.0; WOW64) AppleWebKit/537.36 (KHTML, like Gecko) Chrome/74.0.3729.157 Safari/537.36',
  'upgrade-insecure-requests' => '1',
  'connection' => 'keep-alive',
  'host' => 'csgxjk.com',
  'content-type' => '',
  'content-length' => '',
)
[ info ] [ PARAM ] array (
)
[ info ] [ VIEW ] /data/www/csgx2/application/admin/view/index_index.php [ array (
  0 => 'userinfo',
  1 => 'menu',
) ]
---------------------------------------------------------------
[2019-05-21T08:55:00+08:00] 106.120.98.190 GET csgxjk.com/admin/dashboard/welcome.html
[运行时间：0.027830s] [吞吐率：35.93req/s] [内存消耗：3,091.30kb] [文件加载：89]
[ info ] [ LANG ] /data/www/csgx2/thinkphp/lang/zh-cn.php
[ info ] [ ROUTE ] array (
)
[ info ] [ HEADER ] array (
  'cookie' => 'pgv_pvi=2703210496; thinkphp_show_page_trace=0|0; ASPSESSIONID=f3n1jj4t5tj371f52qj0g6nolv',
  'accept-language' => 'zh-CN,zh;q=0.9,en;q=0.8,und;q=0.7',
  'accept-encoding' => 'gzip, deflate',
  'referer' => 'http://csgxjk.com/admin/index/index.html',
  'accept' => 'text/html,application/xhtml+xml,application/xml;q=0.9,image/webp,image/apng,*/*;q=0.8,application/signed-exchange;v=b3',
  'user-agent' => 'Mozilla/5.0 (Windows NT 10.0; WOW64) AppleWebKit/537.36 (KHTML, like Gecko) Chrome/74.0.3729.157 Safari/537.36',
  'upgrade-insecure-requests' => '1',
  'connection' => 'keep-alive',
  'host' => 'csgxjk.com',
  'content-type' => '',
  'content-length' => '',
)
[ info ] [ PARAM ] array (
)
[ info ] [ DB ] INIT mysql
[ info ] [ VIEW ] /data/www/csgx2/application/admin/view/dashboard_welcome.php [ array (
  0 => 'username',
  1 => 'web_site',
  2 => 'all_nav',
) ]
[ sql ] [ DB ] CONNECT:[ UseTime:0.000610s ] mysql:host=127.0.0.1;port=3306;dbname=liangzi;charset=utf8
[ sql ] [ SQL ] SHOW COLUMNS FROM `bg_category` [ RunTime:0.001530s ]
[ sql ] [ SQL ] SELECT * FROM `bg_category` [ RunTime:0.000385s ]
---------------------------------------------------------------
[2019-05-21T08:55:05+08:00] 106.120.98.190 GET csgxjk.com/admin/device/index.html
[运行时间：0.033715s] [吞吐率：29.66req/s] [内存消耗：3,691.18kb] [文件加载：101]
[ info ] [ LANG ] /data/www/csgx2/thinkphp/lang/zh-cn.php
[ info ] [ ROUTE ] array (
)
[ info ] [ HEADER ] array (
  'cookie' => 'pgv_pvi=2703210496; thinkphp_show_page_trace=0|0; ASPSESSIONID=f3n1jj4t5tj371f52qj0g6nolv',
  'accept-language' => 'zh-CN,zh;q=0.9,en;q=0.8,und;q=0.7',
  'accept-encoding' => 'gzip, deflate',
  'referer' => 'http://csgxjk.com/admin/index/index.html',
  'accept' => 'text/html,application/xhtml+xml,application/xml;q=0.9,image/webp,image/apng,*/*;q=0.8,application/signed-exchange;v=b3',
  'user-agent' => 'Mozilla/5.0 (Windows NT 10.0; WOW64) AppleWebKit/537.36 (KHTML, like Gecko) Chrome/74.0.3729.157 Safari/537.36',
  'upgrade-insecure-requests' => '1',
  'connection' => 'keep-alive',
  'host' => 'csgxjk.com',
  'content-type' => '',
  'content-length' => '',
)
[ info ] [ PARAM ] array (
)
[ info ] [ DB ] INIT mysql
[ info ] [ VIEW ] /data/www/csgx2/application/admin/view/device_index.php [ array (
  0 => 'username',
  1 => 'web_site',
  2 => 'all_nav',
  3 => 'objarr',
  4 => 'devtype',
) ]
[ sql ] [ DB ] CONNECT:[ UseTime:0.000576s ] mysql:host=127.0.0.1;port=3306;dbname=liangzi;charset=utf8
[ sql ] [ SQL ] SHOW COLUMNS FROM `bg_category` [ RunTime:0.001493s ]
[ sql ] [ SQL ] SELECT * FROM `bg_category` [ RunTime:0.000364s ]
[ sql ] [ SQL ] SHOW COLUMNS FROM `h_meal` [ RunTime:0.001027s ]
[ sql ] [ SQL ] SELECT * FROM `h_meal` [ RunTime:0.000253s ]
[ sql ] [ SQL ] SHOW COLUMNS FROM `bg_devtype` [ RunTime:0.000944s ]
[ sql ] [ SQL ] SELECT * FROM `bg_devtype` [ RunTime:0.000255s ]
---------------------------------------------------------------
[2019-05-21T08:55:06+08:00] 106.120.98.190 POST csgxjk.com/admin/device/index.html
[运行时间：0.031817s] [吞吐率：31.43req/s] [内存消耗：3,642.91kb] [文件加载：100]
[ info ] [ LANG ] /data/www/csgx2/thinkphp/lang/zh-cn.php
[ info ] [ ROUTE ] array (
)
[ info ] [ HEADER ] array (
  'cookie' => 'thinkphp_show_page_trace=0|0; pgv_pvi=2703210496; thinkphp_show_page_trace=0|0; ASPSESSIONID=f3n1jj4t5tj371f52qj0g6nolv',
  'accept-language' => 'zh-CN,zh;q=0.9,en;q=0.8,und;q=0.7',
  'accept-encoding' => 'gzip, deflate',
  'referer' => 'http://csgxjk.com/admin/device/index.html',
  'content-type' => 'application/x-www-form-urlencoded; charset=UTF-8',
  'user-agent' => 'Mozilla/5.0 (Windows NT 10.0; WOW64) AppleWebKit/537.36 (KHTML, like Gecko) Chrome/74.0.3729.157 Safari/537.36',
  'x-requested-with' => 'XMLHttpRequest',
  'origin' => 'http://csgxjk.com',
  'accept' => 'application/json, text/javascript, */*; q=0.01',
  'content-length' => '15',
  'connection' => 'keep-alive',
  'host' => 'csgxjk.com',
)
[ info ] [ PARAM ] array (
  'page' => '1',
  'limit' => '10',
)
[ info ] [ DB ] INIT mysql
[ sql ] [ DB ] CONNECT:[ UseTime:0.000589s ] mysql:host=127.0.0.1;port=3306;dbname=liangzi;charset=utf8
[ sql ] [ SQL ] SHOW COLUMNS FROM `bg_category` [ RunTime:0.001459s ]
[ sql ] [ SQL ] SELECT * FROM `bg_category` [ RunTime:0.000379s ]
[ sql ] [ SQL ] SHOW COLUMNS FROM `bg_device` [ RunTime:0.001168s ]
[ sql ] [ SQL ] SELECT SQL_CALC_FOUND_ROWS * FROM `bg_device` WHERE  ( 1=1 ) ORDER BY `id` DESC LIMIT 0,10 [ RunTime:0.000330s ]
[ sql ] [ SQL ] select found_rows() as coun [ RunTime:0.000183s ]
---------------------------------------------------------------
[2019-05-21T08:55:34+08:00] 106.120.98.190 POST csgxjk.com/admin/device/lock.html
[运行时间：0.036271s] [吞吐率：27.57req/s] [内存消耗：3,537.09kb] [文件加载：96]
[ info ] [ LANG ] /data/www/csgx2/thinkphp/lang/zh-cn.php
[ info ] [ ROUTE ] array (
)
[ info ] [ HEADER ] array (
  'cookie' => 'thinkphp_show_page_trace=0|0; pgv_pvi=2703210496; thinkphp_show_page_trace=0|0; ASPSESSIONID=f3n1jj4t5tj371f52qj0g6nolv',
  'accept-language' => 'zh-CN,zh;q=0.9,en;q=0.8,und;q=0.7',
  'accept-encoding' => 'gzip, deflate',
  'referer' => 'http://csgxjk.com/admin/device/index.html',
  'content-type' => 'application/x-www-form-urlencoded; charset=UTF-8',
  'user-agent' => 'Mozilla/5.0 (Windows NT 10.0; WOW64) AppleWebKit/537.36 (KHTML, like Gecko) Chrome/74.0.3729.157 Safari/537.36',
  'x-requested-with' => 'XMLHttpRequest',
  'origin' => 'http://csgxjk.com',
  'accept' => 'application/json, text/javascript, */*; q=0.01',
  'content-length' => '13',
  'connection' => 'keep-alive',
  'host' => 'csgxjk.com',
)
[ info ] [ PARAM ] array (
  'Id' => '18',
  'state' => '1',
)
[ info ] [ DB ] INIT mysql
[ sql ] [ DB ] CONNECT:[ UseTime:0.000578s ] mysql:host=127.0.0.1;port=3306;dbname=liangzi;charset=utf8
[ sql ] [ SQL ] SHOW COLUMNS FROM `bg_category` [ RunTime:0.001522s ]
[ sql ] [ SQL ] SELECT * FROM `bg_category` [ RunTime:0.000394s ]
[ sql ] [ SQL ] SHOW COLUMNS FROM `bg_device` [ RunTime:0.001087s ]
[ sql ] [ SQL ] SELECT * FROM `bg_device` WHERE  `id` = 18 LIMIT 1 [ RunTime:0.000331s ]
[ sql ] [ SQL ] UPDATE `bg_device`  SET `lock` = 1  WHERE  `id` = 18 [ RunTime:0.000343s ]
---------------------------------------------------------------
[2019-05-21T08:55:36+08:00] 106.120.98.190 POST csgxjk.com/admin/device/lock.html
[运行时间：0.036524s] [吞吐率：27.38req/s] [内存消耗：3,537.09kb] [文件加载：96]
[ info ] [ LANG ] /data/www/csgx2/thinkphp/lang/zh-cn.php
[ info ] [ ROUTE ] array (
)
[ info ] [ HEADER ] array (
  'cookie' => 'thinkphp_show_page_trace=0|0; pgv_pvi=2703210496; thinkphp_show_page_trace=0|0; ASPSESSIONID=f3n1jj4t5tj371f52qj0g6nolv',
  'accept-language' => 'zh-CN,zh;q=0.9,en;q=0.8,und;q=0.7',
  'accept-encoding' => 'gzip, deflate',
  'referer' => 'http://csgxjk.com/admin/device/index.html',
  'content-type' => 'application/x-www-form-urlencoded; charset=UTF-8',
  'user-agent' => 'Mozilla/5.0 (Windows NT 10.0; WOW64) AppleWebKit/537.36 (KHTML, like Gecko) Chrome/74.0.3729.157 Safari/537.36',
  'x-requested-with' => 'XMLHttpRequest',
  'origin' => 'http://csgxjk.com',
  'accept' => 'application/json, text/javascript, */*; q=0.01',
  'content-length' => '13',
  'connection' => 'keep-alive',
  'host' => 'csgxjk.com',
)
[ info ] [ PARAM ] array (
  'Id' => '18',
  'state' => '0',
)
[ info ] [ DB ] INIT mysql
[ sql ] [ DB ] CONNECT:[ UseTime:0.000605s ] mysql:host=127.0.0.1;port=3306;dbname=liangzi;charset=utf8
[ sql ] [ SQL ] SHOW COLUMNS FROM `bg_category` [ RunTime:0.001490s ]
[ sql ] [ SQL ] SELECT * FROM `bg_category` [ RunTime:0.000366s ]
[ sql ] [ SQL ] SHOW COLUMNS FROM `bg_device` [ RunTime:0.001071s ]
[ sql ] [ SQL ] SELECT * FROM `bg_device` WHERE  `id` = 18 LIMIT 1 [ RunTime:0.000298s ]
[ sql ] [ SQL ] UPDATE `bg_device`  SET `lock` = 0  WHERE  `id` = 18 [ RunTime:0.000337s ]
---------------------------------------------------------------
[2019-05-21T09:18:22+08:00] 79.107.202.253 GET 39.96.87.22:80/
[运行时间：0.016482s] [吞吐率：60.67req/s] [内存消耗：1,983.19kb] [文件加载：70]
[ info ] [ LANG ] /data/www/csgx2/thinkphp/lang/zh-cn.php
[ info ] [ ROUTE ] array (
)
[ info ] [ HEADER ] array (
  'content-length' => '0',
  'user-agent' => 'Mozilla/5.0 (Windows NT 10.0; WOW64) AppleWebKit/537.36 (KHTML, like Gecko) Chrome/51.0.2704.103 Safari/537.36',
  'host' => '39.96.87.22:80',
  'content-type' => '',
)
[ info ] [ PARAM ] array (
)
---------------------------------------------------------------
[2019-05-21T09:19:46+08:00] 95.213.177.125 POST check.proxyradar.com/azenv.php?auth=155840158663&a=PSCN&i=660625174&p=80
[运行时间：0.015144s] [吞吐率：66.03req/s] [内存消耗：1,729.17kb] [文件加载：67]
[ info ] [ LANG ] /data/www/csgx2/thinkphp/lang/zh-cn.php
---------------------------------------------------------------
[2019-05-21T09:20:45+08:00] 123.125.67.146 GET csgxjk.com/
[运行时间：0.016847s] [吞吐率：59.36req/s] [内存消耗：1,983.14kb] [文件加载：70]
[ info ] [ LANG ] /data/www/csgx2/thinkphp/lang/zh-cn.php
[ info ] [ ROUTE ] array (
)
[ info ] [ HEADER ] array (
  'accept' => '*/*',
  'accept-language' => 'zh-cn,zh-tw',
  'user-agent' => 'Mozilla/5.0 (Windows NT 10.0; WOW64) AppleWebKit/537.36 (KHTML, like Gecko) Chrome/45.0.2454.93 Safari/537.36',
  'host' => 'csgxjk.com',
  'content-type' => '',
  'content-length' => '',
)
[ info ] [ PARAM ] array (
)
---------------------------------------------------------------
[2019-05-21T09:39:54+08:00] 181.129.9.138 GET 39.96.87.22:80/
[运行时间：0.016667s] [吞吐率：60.00req/s] [内存消耗：1,983.19kb] [文件加载：70]
[ info ] [ LANG ] /data/www/csgx2/thinkphp/lang/zh-cn.php
[ info ] [ ROUTE ] array (
)
[ info ] [ HEADER ] array (
  'content-length' => '0',
  'user-agent' => 'Mozilla/5.0 (Windows NT 10.0; WOW64) AppleWebKit/537.36 (KHTML, like Gecko) Chrome/52.0.2743.116 Safari/537.36',
  'host' => '39.96.87.22:80',
  'content-type' => '',
)
[ info ] [ PARAM ] array (
)
---------------------------------------------------------------
[2019-05-21T09:47:01+08:00] 66.249.79.220 GET www.csgxjk.com/
[运行时间：0.017017s] [吞吐率：58.77req/s] [内存消耗：1,983.68kb] [文件加载：70]
[ info ] [ LANG ] /data/www/csgx2/thinkphp/lang/zh-cn.php
[ info ] [ ROUTE ] array (
)
[ info ] [ HEADER ] array (
  'accept-encoding' => 'gzip,deflate,br',
  'user-agent' => 'Mozilla/5.0 (compatible; Googlebot/2.1; +http://www.google.com/bot.html)',
  'from' => 'googlebot(at)googlebot.com',
  'accept' => 'text/html,application/xhtml+xml,application/xml;q=0.9,*/*;q=0.8',
  'connection' => 'keep-alive',
  'host' => 'www.csgxjk.com',
  'content-type' => '',
  'content-length' => '',
)
[ info ] [ PARAM ] array (
)
---------------------------------------------------------------
[2019-05-21T10:12:56+08:00] 191.254.74.239 GET 39.96.87.22:80/
[运行时间：0.022241s] [吞吐率：44.96req/s] [内存消耗：1,983.19kb] [文件加载：70]
[ info ] [ LANG ] /data/www/csgx2/thinkphp/lang/zh-cn.php
[ info ] [ ROUTE ] array (
)
[ info ] [ HEADER ] array (
  'content-length' => '0',
  'user-agent' => 'Mozilla/5.0 (Windows NT 6.1; WOW64) AppleWebKit/537.36 (KHTML, like Gecko) Chrome/52.0.2743.116 Safari/537.36',
  'host' => '39.96.87.22:80',
  'content-type' => '',
)
[ info ] [ PARAM ] array (
)
---------------------------------------------------------------
[2019-05-21T10:12:56+08:00] 191.254.74.239 GET 39.96.87.22:80/
[运行时间：0.020567s] [吞吐率：48.62req/s] [内存消耗：1,983.19kb] [文件加载：70]
[ info ] [ LANG ] /data/www/csgx2/thinkphp/lang/zh-cn.php
[ info ] [ ROUTE ] array (
)
[ info ] [ HEADER ] array (
  'content-length' => '0',
  'user-agent' => 'Mozilla/5.0 (Windows NT 10.0; WOW64) AppleWebKit/537.36 (KHTML, like Gecko) Chrome/52.0.2743.116 Safari/537.36',
  'host' => '39.96.87.22:80',
  'content-type' => '',
)
[ info ] [ PARAM ] array (
)
---------------------------------------------------------------
[2019-05-21T10:43:11+08:00] 139.217.230.232 GET 39.96.87.22/w00tw00t.at.blackhats.romanian.anti-sec:)
[运行时间：0.015114s] [吞吐率：66.16req/s] [内存消耗：1,729.41kb] [文件加载：67]
[ info ] [ LANG ] /data/www/csgx2/thinkphp/lang/zh-cn.php
---------------------------------------------------------------
[2019-05-21T10:43:11+08:00] 139.217.230.232 GET 39.96.87.22/phpMyAdmin/scripts/setup.php
[运行时间：0.014670s] [吞吐率：68.17req/s] [内存消耗：1,729.38kb] [文件加载：67]
[ info ] [ LANG ] /data/www/csgx2/thinkphp/lang/zh-cn.php
---------------------------------------------------------------
[2019-05-21T10:43:11+08:00] 139.217.230.232 GET 39.96.87.22/phpmyadmin/scripts/setup.php
[运行时间：0.014547s] [吞吐率：68.74req/s] [内存消耗：1,729.38kb] [文件加载：67]
[ info ] [ LANG ] /data/www/csgx2/thinkphp/lang/zh-cn.php
---------------------------------------------------------------
[2019-05-21T10:43:12+08:00] 139.217.230.232 GET 39.96.87.22/pma/scripts/setup.php
[运行时间：0.015423s] [吞吐率：64.84req/s] [内存消耗：1,729.38kb] [文件加载：67]
[ info ] [ LANG ] /data/www/csgx2/thinkphp/lang/zh-cn.php
---------------------------------------------------------------
[2019-05-21T10:43:12+08:00] 139.217.230.232 GET 39.96.87.22/myadmin/scripts/setup.php
[运行时间：0.015189s] [吞吐率：65.84req/s] [内存消耗：1,729.38kb] [文件加载：67]
[ info ] [ LANG ] /data/www/csgx2/thinkphp/lang/zh-cn.php
---------------------------------------------------------------
[2019-05-21T10:43:12+08:00] 139.217.230.232 GET 39.96.87.22/MyAdmin/scripts/setup.php
[运行时间：0.015152s] [吞吐率：66.00req/s] [内存消耗：1,729.38kb] [文件加载：67]
[ info ] [ LANG ] /data/www/csgx2/thinkphp/lang/zh-cn.php
---------------------------------------------------------------
[2019-05-21T10:50:36+08:00] 112.124.202.139 GET www.csgxjk.com/
[运行时间：0.016517s] [吞吐率：60.54req/s] [内存消耗：1,983.21kb] [文件加载：70]
[ info ] [ LANG ] /data/www/csgx2/thinkphp/lang/zh-cn.php
[ info ] [ ROUTE ] array (
)
[ info ] [ HEADER ] array (
  'connection' => 'Keep-Alive',
  'host' => 'www.csgxjk.com',
  'accept-language' => 'zh-cn,en-us;q=0.5',
  'accept' => '*/*',
  'user-agent' => 'Baiduspider+(+http://www.baidu.com/search/spider.htm)',
  'content-type' => '',
  'content-length' => '',
)
[ info ] [ PARAM ] array (
)
---------------------------------------------------------------
[2019-05-21T10:57:41+08:00] 54.244.219.116 GET csgxjk.com/
[运行时间：0.016185s] [吞吐率：61.79req/s] [内存消耗：1,982.83kb] [文件加载：70]
[ info ] [ LANG ] /data/www/csgx2/thinkphp/lang/zh-cn.php
[ info ] [ ROUTE ] array (
)
[ info ] [ HEADER ] array (
  'accept-encoding' => 'gzip',
  'user-agent' => 'Go-http-client/1.1',
  'host' => 'csgxjk.com',
  'content-type' => '',
  'content-length' => '',
)
[ info ] [ PARAM ] array (
)
---------------------------------------------------------------
[2019-05-21T12:02:28+08:00] 187.18.77.66 GET 39.96.87.22:80/
[运行时间：0.016673s] [吞吐率：59.98req/s] [内存消耗：1,983.19kb] [文件加载：70]
[ info ] [ LANG ] /data/www/csgx2/thinkphp/lang/zh-cn.php
[ info ] [ ROUTE ] array (
)
[ info ] [ HEADER ] array (
  'content-length' => '0',
  'user-agent' => 'Mozilla/5.0 (Windows NT 6.1; WOW64) AppleWebKit/537.36 (KHTML, like Gecko) Chrome/52.0.2743.116 Safari/537.36',
  'host' => '39.96.87.22:80',
  'content-type' => '',
)
[ info ] [ PARAM ] array (
)
---------------------------------------------------------------
[2019-05-21T12:32:57+08:00] 222.186.138.47 GET 39.96.87.22/
[运行时间：0.016566s] [吞吐率：60.36req/s] [内存消耗：1,983.48kb] [文件加载：70]
[ info ] [ LANG ] /data/www/csgx2/thinkphp/lang/zh-cn.php
[ info ] [ ROUTE ] array (
)
[ info ] [ HEADER ] array (
  'connection' => 'Keep-Alive',
  'host' => '39.96.87.22',
  'content-type' => 'application/x-www-form-urlencoded',
  'user-agent' => 'Mozilla/4.0 (compatible; MSIE 9.0; Windows NT 6.1)',
  'accept-language' => 'zh-cn',
  'referer' => 'http://39.96.87.22',
  'accept' => '*/*',
  'content-length' => '',
)
[ info ] [ PARAM ] array (
)
---------------------------------------------------------------
[2019-05-21T12:41:49+08:00] 198.108.66.144 GET 39.96.87.22/
[运行时间：0.016384s] [吞吐率：61.04req/s] [内存消耗：1,982.96kb] [文件加载：70]
[ info ] [ LANG ] /data/www/csgx2/thinkphp/lang/zh-cn.php
[ info ] [ ROUTE ] array (
)
[ info ] [ HEADER ] array (
  'accept-encoding' => 'gzip',
  'accept' => '*/*',
  'user-agent' => 'Mozilla/5.0 zgrab/0.x',
  'host' => '39.96.87.22',
  'content-type' => '',
  'content-length' => '',
)
[ info ] [ PARAM ] array (
)
---------------------------------------------------------------
[2019-05-21T12:54:48+08:00] 45.229.193.82 GET 39.96.87.22:80/
[运行时间：0.016664s] [吞吐率：60.01req/s] [内存消耗：1,983.19kb] [文件加载：70]
[ info ] [ LANG ] /data/www/csgx2/thinkphp/lang/zh-cn.php
[ info ] [ ROUTE ] array (
)
[ info ] [ HEADER ] array (
  'content-length' => '0',
  'user-agent' => 'Mozilla/5.0 (Macintosh; Intel Mac OS X 10_11_6) AppleWebKit/601.7.7 (KHTML, like Gecko) Version/9.1.2 Safari/601.7.7',
  'host' => '39.96.87.22:80',
  'content-type' => '',
)
[ info ] [ PARAM ] array (
)
---------------------------------------------------------------
[2019-05-21T12:55:53+08:00] 104.238.248.15 GET www.CSGXJK.com/
[运行时间：0.015907s] [吞吐率：62.87req/s] [内存消耗：1,983.17kb] [文件加载：70]
[ info ] [ LANG ] /data/www/csgx2/thinkphp/lang/zh-cn.php
[ info ] [ ROUTE ] array (
)
[ info ] [ HEADER ] array (
  'user-agent' => 'Mozilla/4.0 (compatible; MSIE 8.0; Windows NT 6.0)',
  'accept-encoding' => 'identity',
  'accept' => 'text/html, */*',
  'host' => 'www.CSGXJK.com',
  'content-type' => '',
  'content-length' => '',
)
[ info ] [ PARAM ] array (
)
---------------------------------------------------------------
[2019-05-21T14:22:21+08:00] 201.49.229.117 GET 39.96.87.22:80/
[运行时间：0.016338s] [吞吐率：61.21req/s] [内存消耗：1,983.19kb] [文件加载：70]
[ info ] [ LANG ] /data/www/csgx2/thinkphp/lang/zh-cn.php
[ info ] [ ROUTE ] array (
)
[ info ] [ HEADER ] array (
  'content-length' => '0',
  'user-agent' => 'Mozilla/5.0 (Windows NT 10.0; WOW64) AppleWebKit/537.36 (KHTML, like Gecko) Chrome/52.0.2743.116 Safari/537.36',
  'host' => '39.96.87.22:80',
  'content-type' => '',
)
[ info ] [ PARAM ] array (
)
---------------------------------------------------------------
[2019-05-21T15:20:41+08:00] 186.38.86.3 GET 39.96.87.22:80/
[运行时间：0.016568s] [吞吐率：60.36req/s] [内存消耗：1,983.19kb] [文件加载：70]
[ info ] [ LANG ] /data/www/csgx2/thinkphp/lang/zh-cn.php
[ info ] [ ROUTE ] array (
)
[ info ] [ HEADER ] array (
  'content-length' => '0',
  'user-agent' => 'Mozilla/5.0 (Windows NT 10.0; WOW64) AppleWebKit/537.36 (KHTML, like Gecko) Chrome/51.0.2704.103 Safari/537.36',
  'host' => '39.96.87.22:80',
  'content-type' => '',
)
[ info ] [ PARAM ] array (
)
---------------------------------------------------------------
[2019-05-21T15:23:06+08:00] 80.82.70.187 GET www.baidu.com/cache/global/img/gs.gif
[运行时间：0.015180s] [吞吐率：65.88req/s] [内存消耗：1,729.27kb] [文件加载：67]
[ info ] [ LANG ] /data/www/csgx2/thinkphp/lang/zh-cn.php
---------------------------------------------------------------
[2019-05-21T16:38:26+08:00] 106.120.98.190 GET csgxjk.com/admin/devtype/index.html
[运行时间：0.017931s] [吞吐率：55.77req/s] [内存消耗：2,147.67kb] [文件加载：81]
[ info ] [ LANG ] /data/www/csgx2/thinkphp/lang/zh-cn.php
[ info ] [ ROUTE ] array (
)
[ info ] [ HEADER ] array (
  'cookie' => 'pgv_pvi=2703210496; thinkphp_show_page_trace=0|0; ASPSESSIONID=f3n1jj4t5tj371f52qj0g6nolv',
  'accept-language' => 'zh-CN,zh;q=0.9,en;q=0.8,und;q=0.7',
  'accept-encoding' => 'gzip, deflate',
  'referer' => 'http://csgxjk.com/admin/index/index.html',
  'accept' => 'text/html,application/xhtml+xml,application/xml;q=0.9,image/webp,image/apng,*/*;q=0.8,application/signed-exchange;v=b3',
  'user-agent' => 'Mozilla/5.0 (Windows NT 10.0; WOW64) AppleWebKit/537.36 (KHTML, like Gecko) Chrome/74.0.3729.157 Safari/537.36',
  'upgrade-insecure-requests' => '1',
  'connection' => 'keep-alive',
  'host' => 'csgxjk.com',
  'content-type' => '',
  'content-length' => '',
)
[ info ] [ PARAM ] array (
)
---------------------------------------------------------------
[2019-05-21T16:38:26+08:00] 106.120.98.190 GET csgxjk.com/admin/login/
[运行时间：0.018185s] [吞吐率：54.99req/s] [内存消耗：2,149.17kb] [文件加载：82]
[ info ] [ LANG ] /data/www/csgx2/thinkphp/lang/zh-cn.php
[ info ] [ ROUTE ] array (
)
[ info ] [ HEADER ] array (
  'cookie' => 'thinkphp_show_page_trace=0|0; pgv_pvi=2703210496; thinkphp_show_page_trace=0|0; ASPSESSIONID=f3n1jj4t5tj371f52qj0g6nolv',
  'accept-language' => 'zh-CN,zh;q=0.9,en;q=0.8,und;q=0.7',
  'accept-encoding' => 'gzip, deflate',
  'referer' => 'http://csgxjk.com/admin/index/index.html',
  'accept' => 'text/html,application/xhtml+xml,application/xml;q=0.9,image/webp,image/apng,*/*;q=0.8,application/signed-exchange;v=b3',
  'user-agent' => 'Mozilla/5.0 (Windows NT 10.0; WOW64) AppleWebKit/537.36 (KHTML, like Gecko) Chrome/74.0.3729.157 Safari/537.36',
  'upgrade-insecure-requests' => '1',
  'connection' => 'keep-alive',
  'host' => 'csgxjk.com',
  'content-type' => '',
  'content-length' => '',
)
[ info ] [ PARAM ] array (
)
[ info ] [ VIEW ] /data/www/csgx2/application/admin/view/login_index.php [ array (
) ]
---------------------------------------------------------------
[2019-05-21T16:38:27+08:00] 106.120.98.190 GET csgxjk.com/admin/login/
[运行时间：0.018756s] [吞吐率：53.32req/s] [内存消耗：2,149.17kb] [文件加载：82]
[ info ] [ LANG ] /data/www/csgx2/thinkphp/lang/zh-cn.php
[ info ] [ ROUTE ] array (
)
[ info ] [ HEADER ] array (
  'cookie' => 'thinkphp_show_page_trace=0|0; pgv_pvi=2703210496; thinkphp_show_page_trace=0|0; ASPSESSIONID=f3n1jj4t5tj371f52qj0g6nolv',
  'accept-language' => 'zh-CN,zh;q=0.9,en;q=0.8,und;q=0.7',
  'accept-encoding' => 'gzip, deflate',
  'referer' => 'http://csgxjk.com/admin/login/',
  'accept' => 'text/html,application/xhtml+xml,application/xml;q=0.9,image/webp,image/apng,*/*;q=0.8,application/signed-exchange;v=b3',
  'user-agent' => 'Mozilla/5.0 (Windows NT 10.0; WOW64) AppleWebKit/537.36 (KHTML, like Gecko) Chrome/74.0.3729.157 Safari/537.36',
  'upgrade-insecure-requests' => '1',
  'connection' => 'keep-alive',
  'host' => 'csgxjk.com',
  'content-type' => '',
  'content-length' => '',
)
[ info ] [ PARAM ] array (
)
[ info ] [ VIEW ] /data/www/csgx2/application/admin/view/login_index.php [ array (
) ]
---------------------------------------------------------------
[2019-05-21T16:38:31+08:00] 106.120.98.190 POST csgxjk.com/admin/login/login.html
[运行时间：0.042450s] [吞吐率：23.56req/s] [内存消耗：3,380.91kb] [文件加载：96]
[ info ] [ LANG ] /data/www/csgx2/thinkphp/lang/zh-cn.php
[ info ] [ ROUTE ] array (
)
[ info ] [ HEADER ] array (
  'cookie' => 'thinkphp_show_page_trace=0|0; pgv_pvi=2703210496; thinkphp_show_page_trace=0|0; ASPSESSIONID=f3n1jj4t5tj371f52qj0g6nolv',
  'accept-language' => 'zh-CN,zh;q=0.9,en;q=0.8,und;q=0.7',
  'accept-encoding' => 'gzip, deflate',
  'referer' => 'http://csgxjk.com/admin/login/',
  'content-type' => 'application/x-www-form-urlencoded; charset=UTF-8',
  'user-agent' => 'Mozilla/5.0 (Windows NT 10.0; WOW64) AppleWebKit/537.36 (KHTML, like Gecko) Chrome/74.0.3729.157 Safari/537.36',
  'x-requested-with' => 'XMLHttpRequest',
  'origin' => 'http://csgxjk.com',
  'accept' => '*/*',
  'content-length' => '30',
  'connection' => 'keep-alive',
  'host' => 'csgxjk.com',
)
[ info ] [ PARAM ] array (
  'username' => 'admin',
  'password' => '111111',
)
[ info ] [ DB ] INIT mysql
[ sql ] [ DB ] CONNECT:[ UseTime:0.000613s ] mysql:host=127.0.0.1;port=3306;dbname=liangzi;charset=utf8
[ sql ] [ SQL ] SHOW COLUMNS FROM `bg_admin` [ RunTime:0.001419s ]
[ sql ] [ SQL ] SELECT * FROM `bg_admin` WHERE  `username` = 'admin' LIMIT 1 [ RunTime:0.000367s ]
[ sql ] [ SQL ] SHOW COLUMNS FROM `bg_log` [ RunTime:0.001081s ]
[ sql ] [ SQL ] INSERT INTO `bg_log` (`userid` , `username` , `ip` , `time`) VALUES (1 , 'admin' , '106.120.98.190' , 1558427911) [ RunTime:0.000310s ]
[ sql ] [ SQL ] SHOW COLUMNS FROM `bg_role` [ RunTime:0.001068s ]
[ sql ] [ SQL ] SELECT `power` FROM `bg_role` WHERE  `id` = 1 LIMIT 1 [ RunTime:0.000325s ]
[ sql ] [ SQL ] SHOW COLUMNS FROM `bg_menu` [ RunTime:0.001041s ]
[ sql ] [ SQL ] SELECT `id`,`router` FROM `bg_menu` WHERE  (  router <> ''  ) [ RunTime:0.000289s ]
[ sql ] [ SQL ] SELECT `power` FROM `bg_role` WHERE  `id` = 1 LIMIT 1 [ RunTime:0.000245s ]
[ sql ] [ SQL ] select id,name,router,pid,menuIcon from bg_menu where isMenu&1 order by pid asc, orderNumber asc [ RunTime:0.000319s ]
---------------------------------------------------------------
[2019-05-21T16:38:31+08:00] 106.120.98.190 GET csgxjk.com/admin/login/admin.html
[运行时间：0.017089s] [吞吐率：58.52req/s] [内存消耗：2,134.16kb] [文件加载：80]
[ info ] [ LANG ] /data/www/csgx2/thinkphp/lang/zh-cn.php
[ info ] [ ROUTE ] array (
)
[ info ] [ HEADER ] array (
  'cookie' => 'thinkphp_show_page_trace=0|0; pgv_pvi=2703210496; thinkphp_show_page_trace=0|0; ASPSESSIONID=f3n1jj4t5tj371f52qj0g6nolv',
  'accept-language' => 'zh-CN,zh;q=0.9,en;q=0.8,und;q=0.7',
  'accept-encoding' => 'gzip, deflate',
  'referer' => 'http://csgxjk.com/admin/login/',
  'accept' => 'text/html,application/xhtml+xml,application/xml;q=0.9,image/webp,image/apng,*/*;q=0.8,application/signed-exchange;v=b3',
  'user-agent' => 'Mozilla/5.0 (Windows NT 10.0; WOW64) AppleWebKit/537.36 (KHTML, like Gecko) Chrome/74.0.3729.157 Safari/537.36',
  'upgrade-insecure-requests' => '1',
  'connection' => 'keep-alive',
  'host' => 'csgxjk.com',
  'content-type' => '',
  'content-length' => '',
)
[ info ] [ PARAM ] array (
)
---------------------------------------------------------------
[2019-05-21T16:38:32+08:00] 106.120.98.190 GET csgxjk.com/admin/login/index.html
[运行时间：0.017161s] [吞吐率：58.27req/s] [内存消耗：2,138.60kb] [文件加载：81]
[ info ] [ LANG ] /data/www/csgx2/thinkphp/lang/zh-cn.php
[ info ] [ ROUTE ] array (
)
[ info ] [ HEADER ] array (
  'cookie' => 'thinkphp_show_page_trace=0|0; pgv_pvi=2703210496; thinkphp_show_page_trace=0|0; ASPSESSIONID=f3n1jj4t5tj371f52qj0g6nolv',
  'accept-language' => 'zh-CN,zh;q=0.9,en;q=0.8,und;q=0.7',
  'accept-encoding' => 'gzip, deflate',
  'referer' => 'http://csgxjk.com/admin/login/',
  'accept' => 'text/html,application/xhtml+xml,application/xml;q=0.9,image/webp,image/apng,*/*;q=0.8,application/signed-exchange;v=b3',
  'user-agent' => 'Mozilla/5.0 (Windows NT 10.0; WOW64) AppleWebKit/537.36 (KHTML, like Gecko) Chrome/74.0.3729.157 Safari/537.36',
  'upgrade-insecure-requests' => '1',
  'connection' => 'keep-alive',
  'host' => 'csgxjk.com',
  'content-type' => '',
  'content-length' => '',
)
[ info ] [ PARAM ] array (
)
---------------------------------------------------------------
[2019-05-21T16:38:32+08:00] 106.120.98.190 GET csgxjk.com/admin/index/index.html
[运行时间：0.018581s] [吞吐率：53.82req/s] [内存消耗：2,176.39kb] [文件加载：83]
[ info ] [ LANG ] /data/www/csgx2/thinkphp/lang/zh-cn.php
[ info ] [ ROUTE ] array (
)
[ info ] [ HEADER ] array (
  'cookie' => 'thinkphp_show_page_trace=0|0; pgv_pvi=2703210496; thinkphp_show_page_trace=0|0; ASPSESSIONID=f3n1jj4t5tj371f52qj0g6nolv',
  'accept-language' => 'zh-CN,zh;q=0.9,en;q=0.8,und;q=0.7',
  'accept-encoding' => 'gzip, deflate',
  'referer' => 'http://csgxjk.com/admin/login/',
  'accept' => 'text/html,application/xhtml+xml,application/xml;q=0.9,image/webp,image/apng,*/*;q=0.8,application/signed-exchange;v=b3',
  'user-agent' => 'Mozilla/5.0 (Windows NT 10.0; WOW64) AppleWebKit/537.36 (KHTML, like Gecko) Chrome/74.0.3729.157 Safari/537.36',
  'upgrade-insecure-requests' => '1',
  'connection' => 'keep-alive',
  'host' => 'csgxjk.com',
  'content-type' => '',
  'content-length' => '',
)
[ info ] [ PARAM ] array (
)
[ info ] [ VIEW ] /data/www/csgx2/application/admin/view/index_index.php [ array (
  0 => 'userinfo',
  1 => 'menu',
) ]
---------------------------------------------------------------
[2019-05-21T16:38:32+08:00] 106.120.98.190 GET csgxjk.com/admin/dashboard/welcome.html
[运行时间：0.041025s] [吞吐率：24.38req/s] [内存消耗：3,091.30kb] [文件加载：89]
[ info ] [ LANG ] /data/www/csgx2/thinkphp/lang/zh-cn.php
[ info ] [ ROUTE ] array (
)
[ info ] [ HEADER ] array (
  'cookie' => 'thinkphp_show_page_trace=0|0; pgv_pvi=2703210496; thinkphp_show_page_trace=0|0; ASPSESSIONID=f3n1jj4t5tj371f52qj0g6nolv',
  'accept-language' => 'zh-CN,zh;q=0.9,en;q=0.8,und;q=0.7',
  'accept-encoding' => 'gzip, deflate',
  'referer' => 'http://csgxjk.com/admin/index/index.html',
  'accept' => 'text/html,application/xhtml+xml,application/xml;q=0.9,image/webp,image/apng,*/*;q=0.8,application/signed-exchange;v=b3',
  'user-agent' => 'Mozilla/5.0 (Windows NT 10.0; WOW64) AppleWebKit/537.36 (KHTML, like Gecko) Chrome/74.0.3729.157 Safari/537.36',
  'upgrade-insecure-requests' => '1',
  'connection' => 'keep-alive',
  'host' => 'csgxjk.com',
  'content-type' => '',
  'content-length' => '',
)
[ info ] [ PARAM ] array (
)
[ info ] [ DB ] INIT mysql
[ info ] [ VIEW ] /data/www/csgx2/application/admin/view/dashboard_welcome.php [ array (
  0 => 'username',
  1 => 'web_site',
  2 => 'all_nav',
) ]
[ sql ] [ DB ] CONNECT:[ UseTime:0.000659s ] mysql:host=127.0.0.1;port=3306;dbname=liangzi;charset=utf8
[ sql ] [ SQL ] SHOW COLUMNS FROM `bg_category` [ RunTime:0.008059s ]
[ sql ] [ SQL ] SELECT * FROM `bg_category` [ RunTime:0.000488s ]
---------------------------------------------------------------
[2019-05-21T16:38:32+08:00] 106.120.98.190 GET csgxjk.com/admin/device/index.html
[运行时间：0.049816s] [吞吐率：20.07req/s] [内存消耗：3,691.18kb] [文件加载：101]
[ info ] [ LANG ] /data/www/csgx2/thinkphp/lang/zh-cn.php
[ info ] [ ROUTE ] array (
)
[ info ] [ HEADER ] array (
  'cookie' => 'thinkphp_show_page_trace=0|0; pgv_pvi=2703210496; thinkphp_show_page_trace=0|0; ASPSESSIONID=f3n1jj4t5tj371f52qj0g6nolv',
  'accept-language' => 'zh-CN,zh;q=0.9,en;q=0.8,und;q=0.7',
  'accept-encoding' => 'gzip, deflate',
  'referer' => 'http://csgxjk.com/admin/index/index.html',
  'accept' => 'text/html,application/xhtml+xml,application/xml;q=0.9,image/webp,image/apng,*/*;q=0.8,application/signed-exchange;v=b3',
  'user-agent' => 'Mozilla/5.0 (Windows NT 10.0; WOW64) AppleWebKit/537.36 (KHTML, like Gecko) Chrome/74.0.3729.157 Safari/537.36',
  'upgrade-insecure-requests' => '1',
  'connection' => 'keep-alive',
  'host' => 'csgxjk.com',
  'content-type' => '',
  'content-length' => '',
)
[ info ] [ PARAM ] array (
)
[ info ] [ DB ] INIT mysql
[ info ] [ VIEW ] /data/www/csgx2/application/admin/view/device_index.php [ array (
  0 => 'username',
  1 => 'web_site',
  2 => 'all_nav',
  3 => 'objarr',
  4 => 'devtype',
) ]
[ sql ] [ DB ] CONNECT:[ UseTime:0.000501s ] mysql:host=127.0.0.1;port=3306;dbname=liangzi;charset=utf8
[ sql ] [ SQL ] SHOW COLUMNS FROM `bg_category` [ RunTime:0.001692s ]
[ sql ] [ SQL ] SELECT * FROM `bg_category` [ RunTime:0.000438s ]
[ sql ] [ SQL ] SHOW COLUMNS FROM `h_meal` [ RunTime:0.000989s ]
[ sql ] [ SQL ] SELECT * FROM `h_meal` [ RunTime:0.000263s ]
[ sql ] [ SQL ] SHOW COLUMNS FROM `bg_devtype` [ RunTime:0.000956s ]
[ sql ] [ SQL ] SELECT * FROM `bg_devtype` [ RunTime:0.000256s ]
---------------------------------------------------------------
[2019-05-21T16:38:32+08:00] 106.120.98.190 GET csgxjk.com/admin/devtype/index.html
[运行时间：0.043262s] [吞吐率：23.12req/s] [内存消耗：3,604.63kb] [文件加载：98]
[ info ] [ LANG ] /data/www/csgx2/thinkphp/lang/zh-cn.php
[ info ] [ ROUTE ] array (
)
[ info ] [ HEADER ] array (
  'cookie' => 'pgv_pvi=2703210496; thinkphp_show_page_trace=0|0; ASPSESSIONID=f3n1jj4t5tj371f52qj0g6nolv',
  'accept-language' => 'zh-CN,zh;q=0.9,en;q=0.8,und;q=0.7',
  'accept-encoding' => 'gzip, deflate',
  'referer' => 'http://csgxjk.com/admin/index/index.html',
  'accept' => 'text/html,application/xhtml+xml,application/xml;q=0.9,image/webp,image/apng,*/*;q=0.8,application/signed-exchange;v=b3',
  'user-agent' => 'Mozilla/5.0 (Windows NT 10.0; WOW64) AppleWebKit/537.36 (KHTML, like Gecko) Chrome/74.0.3729.157 Safari/537.36',
  'upgrade-insecure-requests' => '1',
  'connection' => 'keep-alive',
  'host' => 'csgxjk.com',
  'content-type' => '',
  'content-length' => '',
)
[ info ] [ PARAM ] array (
)
[ info ] [ DB ] INIT mysql
[ info ] [ VIEW ] /data/www/csgx2/application/admin/view/devtype_index.php [ array (
  0 => 'username',
  1 => 'web_site',
  2 => 'all_nav',
) ]
[ sql ] [ DB ] CONNECT:[ UseTime:0.000287s ] mysql:host=127.0.0.1;port=3306;dbname=liangzi;charset=utf8
[ sql ] [ SQL ] SHOW COLUMNS FROM `bg_category` [ RunTime:0.001067s ]
[ sql ] [ SQL ] SELECT * FROM `bg_category` [ RunTime:0.000319s ]
---------------------------------------------------------------
[2019-05-21T16:38:32+08:00] 106.120.98.190 POST csgxjk.com/admin/devtype/index.html
[运行时间：0.038912s] [吞吐率：25.70req/s] [内存消耗：3,633.61kb] [文件加载：99]
[ info ] [ LANG ] /data/www/csgx2/thinkphp/lang/zh-cn.php
[ info ] [ ROUTE ] array (
)
[ info ] [ HEADER ] array (
  'cookie' => 'thinkphp_show_page_trace=0|0; pgv_pvi=2703210496; thinkphp_show_page_trace=0|0; ASPSESSIONID=f3n1jj4t5tj371f52qj0g6nolv',
  'accept-language' => 'zh-CN,zh;q=0.9,en;q=0.8,und;q=0.7',
  'accept-encoding' => 'gzip, deflate',
  'referer' => 'http://csgxjk.com/admin/devtype/index.html',
  'content-type' => 'application/x-www-form-urlencoded; charset=UTF-8',
  'user-agent' => 'Mozilla/5.0 (Windows NT 10.0; WOW64) AppleWebKit/537.36 (KHTML, like Gecko) Chrome/74.0.3729.157 Safari/537.36',
  'x-requested-with' => 'XMLHttpRequest',
  'origin' => 'http://csgxjk.com',
  'accept' => 'application/json, text/javascript, */*; q=0.01',
  'content-length' => '15',
  'connection' => 'keep-alive',
  'host' => 'csgxjk.com',
)
[ info ] [ PARAM ] array (
  'page' => '1',
  'limit' => '10',
)
[ info ] [ DB ] INIT mysql
[ sql ] [ DB ] CONNECT:[ UseTime:0.000513s ] mysql:host=127.0.0.1;port=3306;dbname=liangzi;charset=utf8
[ sql ] [ SQL ] SHOW COLUMNS FROM `bg_category` [ RunTime:0.001984s ]
[ sql ] [ SQL ] SELECT * FROM `bg_category` [ RunTime:0.000471s ]
[ sql ] [ SQL ] SHOW COLUMNS FROM `bg_devtype` [ RunTime:0.001157s ]
[ sql ] [ SQL ] SELECT SQL_CALC_FOUND_ROWS * FROM `bg_devtype` ORDER BY `id` DESC LIMIT 0,10 [ RunTime:0.000297s ]
[ sql ] [ SQL ] select found_rows() as coun [ RunTime:0.000178s ]
---------------------------------------------------------------
[2019-05-21T16:38:32+08:00] 106.120.98.190 POST csgxjk.com/admin/device/index.html
[运行时间：0.040703s] [吞吐率：24.57req/s] [内存消耗：3,642.91kb] [文件加载：100]
[ info ] [ LANG ] /data/www/csgx2/thinkphp/lang/zh-cn.php
[ info ] [ ROUTE ] array (
)
[ info ] [ HEADER ] array (
  'cookie' => 'thinkphp_show_page_trace=0|0; pgv_pvi=2703210496; thinkphp_show_page_trace=0|0; ASPSESSIONID=f3n1jj4t5tj371f52qj0g6nolv',
  'accept-language' => 'zh-CN,zh;q=0.9,en;q=0.8,und;q=0.7',
  'accept-encoding' => 'gzip, deflate',
  'referer' => 'http://csgxjk.com/admin/device/index.html',
  'content-type' => 'application/x-www-form-urlencoded; charset=UTF-8',
  'user-agent' => 'Mozilla/5.0 (Windows NT 10.0; WOW64) AppleWebKit/537.36 (KHTML, like Gecko) Chrome/74.0.3729.157 Safari/537.36',
  'x-requested-with' => 'XMLHttpRequest',
  'origin' => 'http://csgxjk.com',
  'accept' => 'application/json, text/javascript, */*; q=0.01',
  'content-length' => '15',
  'connection' => 'keep-alive',
  'host' => 'csgxjk.com',
)
[ info ] [ PARAM ] array (
  'page' => '1',
  'limit' => '10',
)
[ info ] [ DB ] INIT mysql
[ sql ] [ DB ] CONNECT:[ UseTime:0.000350s ] mysql:host=127.0.0.1;port=3306;dbname=liangzi;charset=utf8
[ sql ] [ SQL ] SHOW COLUMNS FROM `bg_category` [ RunTime:0.001128s ]
[ sql ] [ SQL ] SELECT * FROM `bg_category` [ RunTime:0.000339s ]
[ sql ] [ SQL ] SHOW COLUMNS FROM `bg_device` [ RunTime:0.000991s ]
[ sql ] [ SQL ] SELECT SQL_CALC_FOUND_ROWS * FROM `bg_device` WHERE  ( 1=1 ) ORDER BY `id` DESC LIMIT 0,10 [ RunTime:0.000296s ]
[ sql ] [ SQL ] select found_rows() as coun [ RunTime:0.000171s ]
---------------------------------------------------------------
[2019-05-21T17:16:09+08:00] 95.213.177.123 POST check.proxyradar.com/azenv.php?auth=155843016963&a=PSCN&i=660625174&p=80
[运行时间：0.015290s] [吞吐率：65.40req/s] [内存消耗：1,729.17kb] [文件加载：67]
[ info ] [ LANG ] /data/www/csgx2/thinkphp/lang/zh-cn.php
---------------------------------------------------------------
[2019-05-21T17:41:13+08:00] 222.161.245.30 GET csgxjk.com/
[运行时间：0.016990s] [吞吐率：58.86req/s] [内存消耗：1,984.16kb] [文件加载：70]
[ info ] [ LANG ] /data/www/csgx2/thinkphp/lang/zh-cn.php
[ info ] [ ROUTE ] array (
)
[ info ] [ HEADER ] array (
  'accept-language' => 'zh-CN,zh;q=0.8,en-us;q=0.6,en;q=0.5;q=0.4',
  'accept-encoding' => 'gzip, deflate',
  'user-agent' => 'Mozilla/5.0 (Windows NT 6.1; WOW64) AppleWebKit/537.36 (KHTML, like Gecko) Chrome/39.0.2171.95 Safari/537.36 MicroMessenger/6.5.2.501 NetType/WIFI WindowsWechat QBCore/3.43.1021.400 QQBrowser/9.0.2524.400',
  'accept' => 'text/html,application/xhtml+xml,application/xml;q=0.9,image/webp,*/*;q=0.8',
  'connection' => 'keep-alive',
  'host' => 'csgxjk.com',
  'content-type' => '',
  'content-length' => '',
)
[ info ] [ PARAM ] array (
)
---------------------------------------------------------------
[2019-05-21T17:41:23+08:00] 222.161.245.30 GET csgxjk.com/
[运行时间：0.016915s] [吞吐率：59.12req/s] [内存消耗：1,984.52kb] [文件加载：70]
[ info ] [ LANG ] /data/www/csgx2/thinkphp/lang/zh-cn.php
[ info ] [ ROUTE ] array (
)
[ info ] [ HEADER ] array (
  'accept-language' => 'zh-CN,zh;q=0.9,en;q=0.8',
  'accept-encoding' => 'gzip, deflate',
  'accept' => 'text/html,application/xhtml+xml,application/xml;q=0.9,image/webp,image/apng,*/*;q=0.8',
  'user-agent' => 'Mozilla/5.0 (Windows NT 10.0; Win64; x64) AppleWebKit/537.36 (KHTML, like Gecko) Chrome/72.0.3626.119 Safari/537.36',
  'upgrade-insecure-requests' => '1',
  'connection' => 'keep-alive',
  'host' => 'csgxjk.com',
  'content-type' => '',
  'content-length' => '',
)
[ info ] [ PARAM ] array (
)
---------------------------------------------------------------
[2019-05-21T17:41:51+08:00] 222.161.245.30 GET csgxjk.com/
[运行时间：0.016959s] [吞吐率：58.97req/s] [内存消耗：1,984.55kb] [文件加载：70]
[ info ] [ LANG ] /data/www/csgx2/thinkphp/lang/zh-cn.php
[ info ] [ ROUTE ] array (
)
[ info ] [ HEADER ] array (
  'cookie' => 'thinkphp_show_page_trace=0|0',
  'accept-language' => 'zh-CN,zh;q=0.9,en;q=0.8',
  'accept-encoding' => 'gzip, deflate',
  'accept' => 'text/html,application/xhtml+xml,application/xml;q=0.9,image/webp,image/apng,*/*;q=0.8',
  'user-agent' => 'Mozilla/5.0 (Windows NT 10.0; Win64; x64) AppleWebKit/537.36 (KHTML, like Gecko) Chrome/72.0.3626.119 Safari/537.36',
  'upgrade-insecure-requests' => '1',
  'connection' => 'keep-alive',
  'host' => 'csgxjk.com',
  'content-type' => '',
  'content-length' => '',
)
[ info ] [ PARAM ] array (
)
---------------------------------------------------------------
[2019-05-21T17:42:13+08:00] 101.91.60.109 GET csgxjk.com/
[运行时间：0.016123s] [吞吐率：62.02req/s] [内存消耗：1,983.62kb] [文件加载：70]
[ info ] [ LANG ] /data/www/csgx2/thinkphp/lang/zh-cn.php
[ info ] [ ROUTE ] array (
)
[ info ] [ HEADER ] array (
  'connection' => 'keep-alive',
  'host' => 'csgxjk.com',
  'accept-language' => 'zh-CN,zh;q=0.8,en-US;q=0.6,en;q=0.4',
  'accept' => '*/*',
  'user-agent' => 'Mozilla/5.0 (iPhone; CPU iPhone OS 10_2_1 like Mac OS X) AppleWebKit/602.4.6 (KHTML, like Gecko) Mobile/14D27 MicroMessenger/6.5.5 NetType/WIFI Language/zh_CN',
  'content-type' => '',
  'content-length' => '',
)
[ info ] [ PARAM ] array (
)
---------------------------------------------------------------
[2019-05-21T17:42:15+08:00] 61.129.6.203 GET csgxjk.com/
[运行时间：0.017075s] [吞吐率：58.56req/s] [内存消耗：1,984.13kb] [文件加载：70]
[ info ] [ LANG ] /data/www/csgx2/thinkphp/lang/zh-cn.php
[ info ] [ ROUTE ] array (
)
[ info ] [ HEADER ] array (
  'connection' => 'keep-alive',
  'host' => 'csgxjk.com',
  'accept-language' => 'en,*',
  'accept-encoding' => 'gzip, deflate',
  'user-agent' => 'Mozilla/5.0 (Linux; U; Android 4.4.4; zh-cn; MX4 Pro Build/KTU84P) AppleWebKit/534.30 (KHTML, like Gecko) Version/4.0 Mobile Safari/534.30',
  'referer' => '',
  'accept' => 'text/html,application/xhtml+xml,application/xml;q=0.9,*/*;q=0.8',
  'content-type' => '',
  'content-length' => '',
)
[ info ] [ PARAM ] array (
)
---------------------------------------------------------------
[2019-05-21T18:45:55+08:00] 42.236.10.114 GET csgxjk.com/
[运行时间：0.016728s] [吞吐率：59.78req/s] [内存消耗：1,983.80kb] [文件加载：70]
[ info ] [ LANG ] /data/www/csgx2/thinkphp/lang/zh-cn.php
[ info ] [ ROUTE ] array (
)
[ info ] [ HEADER ] array (
  'accept-encoding' => 'gzip, deflate',
  'accept' => 'text/html,application/xhtml+xml,application/xml;q=0.9,image/webp,image/apng,*/*;q=0.8',
  'upgrade-insecure-requests' => '1',
  'user-agent' => 'Mozilla/5.0 (iPhone; CPU iPhone OS 11_0 like Mac OS X) AppleWebKit/604.1.38 (KHTML, like Gecko) Version/11.0 Mobile/15A372 Safari/604.1',
  'connection' => 'keep-alive',
  'host' => 'csgxjk.com',
  'content-type' => '',
  'content-length' => '',
)
[ info ] [ PARAM ] array (
)
---------------------------------------------------------------
[2019-05-21T18:46:00+08:00] 180.163.220.5 GET www.csgxjk.com/
[运行时间：0.016293s] [吞吐率：61.38req/s] [内存消耗：1,983.83kb] [文件加载：70]
[ info ] [ LANG ] /data/www/csgx2/thinkphp/lang/zh-cn.php
[ info ] [ ROUTE ] array (
)
[ info ] [ HEADER ] array (
  'accept-encoding' => 'gzip, deflate',
  'accept' => 'text/html,application/xhtml+xml,application/xml;q=0.9,image/webp,image/apng,*/*;q=0.8',
  'upgrade-insecure-requests' => '1',
  'user-agent' => 'Mozilla/5.0 (iPhone; CPU iPhone OS 11_0 like Mac OS X) AppleWebKit/604.1.38 (KHTML, like Gecko) Version/11.0 Mobile/15A372 Safari/604.1',
  'connection' => 'keep-alive',
  'host' => 'www.csgxjk.com',
  'content-type' => '',
  'content-length' => '',
)
[ info ] [ PARAM ] array (
)
---------------------------------------------------------------
[2019-05-21T18:50:18+08:00] 88.247.170.94 GET 39.96.87.22:80/
[运行时间：0.017043s] [吞吐率：58.67req/s] [内存消耗：1,983.19kb] [文件加载：70]
[ info ] [ LANG ] /data/www/csgx2/thinkphp/lang/zh-cn.php
[ info ] [ ROUTE ] array (
)
[ info ] [ HEADER ] array (
  'content-length' => '0',
  'user-agent' => 'Mozilla/5.0 (Windows NT 10.0; WOW64) AppleWebKit/537.36 (KHTML, like Gecko) Chrome/51.0.2704.103 Safari/537.36',
  'host' => '39.96.87.22:80',
  'content-type' => '',
)
[ info ] [ PARAM ] array (
)
---------------------------------------------------------------
[2019-05-21T19:09:49+08:00] 71.6.143.90 GET 39.96.87.22/
[运行时间：0.016884s] [吞吐率：59.23req/s] [内存消耗：1,982.96kb] [文件加载：70]
[ info ] [ LANG ] /data/www/csgx2/thinkphp/lang/zh-cn.php
[ info ] [ ROUTE ] array (
)
[ info ] [ HEADER ] array (
  'accept-encoding' => 'gzip',
  'accept' => '*/*',
  'user-agent' => 'Mozilla/5.0 zgrab/0.x',
  'host' => '39.96.87.22',
  'content-type' => '',
  'content-length' => '',
)
[ info ] [ PARAM ] array (
)
---------------------------------------------------------------
[2019-05-21T20:59:44+08:00] 202.79.46.51 GET 39.96.87.22:80/
[运行时间：0.016383s] [吞吐率：61.04req/s] [内存消耗：1,983.19kb] [文件加载：70]
[ info ] [ LANG ] /data/www/csgx2/thinkphp/lang/zh-cn.php
[ info ] [ ROUTE ] array (
)
[ info ] [ HEADER ] array (
  'content-length' => '0',
  'user-agent' => 'Mozilla/5.0 (Windows NT 10.0; WOW64) AppleWebKit/537.36 (KHTML, like Gecko) Chrome/51.0.2704.103 Safari/537.36',
  'host' => '39.96.87.22:80',
  'content-type' => '',
)
[ info ] [ PARAM ] array (
)
---------------------------------------------------------------
[2019-05-21T21:03:52+08:00] 52.44.86.2 GET csgxjk.com/wp-login.php
[运行时间：0.015500s] [吞吐率：64.52req/s] [内存消耗：1,729.26kb] [文件加载：67]
[ info ] [ LANG ] /data/www/csgx2/thinkphp/lang/zh-cn.php
---------------------------------------------------------------
[2019-05-21T21:30:51+08:00] 101.251.255.194 GET 39.96.87.22/
[运行时间：0.016272s] [吞吐率：61.46req/s] [内存消耗：1,982.96kb] [文件加载：70]
[ info ] [ LANG ] /data/www/csgx2/thinkphp/lang/zh-cn.php
[ info ] [ ROUTE ] array (
)
[ info ] [ HEADER ] array (
  'accept-encoding' => 'gzip',
  'accept' => '*/*',
  'user-agent' => 'Mozilla/5.0 zgrab/0.x',
  'host' => '39.96.87.22',
  'content-type' => '',
  'content-length' => '',
)
[ info ] [ PARAM ] array (
)
---------------------------------------------------------------
[2019-05-21T21:34:14+08:00] 180.115.179.37 GET csgxjk.com/
[运行时间：0.016843s] [吞吐率：59.37req/s] [内存消耗：1,983.78kb] [文件加载：70]
[ info ] [ LANG ] /data/www/csgx2/thinkphp/lang/zh-cn.php
[ info ] [ ROUTE ] array (
)
[ info ] [ HEADER ] array (
  'cache-control' => 'max-age=259200',
  'accept-language' => 'zh-CN,zh;q=0.8',
  'accept' => 'text/html,application/xhtml+xml,application/xml;q=0.9,image/webp,image/apng,*/*;q=0.8',
  'user-agent' => 'Mozilla/5.0 (Windows NT 10.0; Win64; x64) AppleWebKit/537.36 (KHTML, like Gecko) Chrome/59.0.3071.115 Safari/537.36',
  'host' => 'csgxjk.com',
  'accept-encoding' => 'gzip, deflate',
  'content-type' => '',
  'content-length' => '',
)
[ info ] [ PARAM ] array (
)
---------------------------------------------------------------
[2019-05-21T21:34:16+08:00] 58.214.190.216 GET csgxjk.com/explicit_not_exist_path
[运行时间：0.015505s] [吞吐率：64.50req/s] [内存消耗：1,729.34kb] [文件加载：67]
[ info ] [ LANG ] /data/www/csgx2/thinkphp/lang/zh-cn.php
---------------------------------------------------------------
[2019-05-21T21:34:17+08:00] 222.137.31.234 GET csgxjk.com/index.html
[运行时间：0.016783s] [吞吐率：59.58req/s] [内存消耗：1,984.54kb] [文件加载：70]
[ info ] [ LANG ] /data/www/csgx2/thinkphp/lang/zh-cn.php
[ info ] [ ROUTE ] array (
)
[ info ] [ HEADER ] array (
  'cache-control' => 'max-age=259200',
  'accept-language' => 'zh-CN,zh;q=0.8',
  'accept' => 'text/html,application/xhtml+xml,application/xml;q=0.9,image/webp,image/apng,*/*;q=0.8',
  'user-agent' => 'Mozilla/5.0 (Windows NT 10.0; Win64; x64) AppleWebKit/537.36 (KHTML, like Gecko) Chrome/59.0.3071.115 Safari/537.36',
  'host' => 'csgxjk.com',
  'accept-encoding' => 'gzip, deflate',
  'content-type' => '',
  'content-length' => '',
)
[ info ] [ PARAM ] array (
)
---------------------------------------------------------------
[2019-05-21T21:34:18+08:00] 124.92.142.61 GET csgxjk.com/index.php
[运行时间：0.016901s] [吞吐率：59.17req/s] [内存消耗：1,983.78kb] [文件加载：70]
[ info ] [ LANG ] /data/www/csgx2/thinkphp/lang/zh-cn.php
[ info ] [ ROUTE ] array (
)
[ info ] [ HEADER ] array (
  'cache-control' => 'max-age=259200',
  'accept-language' => 'zh-CN,zh;q=0.8',
  'accept' => 'text/html,application/xhtml+xml,application/xml;q=0.9,image/webp,image/apng,*/*;q=0.8',
  'user-agent' => 'Mozilla/5.0 (Windows NT 10.0; Win64; x64) AppleWebKit/537.36 (KHTML, like Gecko) Chrome/59.0.3071.115 Safari/537.36',
  'host' => 'csgxjk.com',
  'accept-encoding' => 'gzip, deflate',
  'content-type' => '',
  'content-length' => '',
)
[ info ] [ PARAM ] array (
)
---------------------------------------------------------------
[2019-05-21T21:34:18+08:00] 122.247.156.68 GET csgxjk.com/index.jsp
[运行时间：0.015030s] [吞吐率：66.53req/s] [内存消耗：1,729.33kb] [文件加载：67]
[ info ] [ LANG ] /data/www/csgx2/thinkphp/lang/zh-cn.php
---------------------------------------------------------------
[2019-05-21T21:34:19+08:00] 222.137.30.159 GET csgxjk.com/admin/
[运行时间：0.019158s] [吞吐率：52.20req/s] [内存消耗：2,154.22kb] [文件加载：83]
[ info ] [ LANG ] /data/www/csgx2/thinkphp/lang/zh-cn.php
[ info ] [ ROUTE ] array (
)
[ info ] [ HEADER ] array (
  'cache-control' => 'max-age=259200',
  'accept-language' => 'zh-CN,zh;q=0.8',
  'accept' => 'text/html,application/xhtml+xml,application/xml;q=0.9,image/webp,image/apng,*/*;q=0.8',
  'user-agent' => 'Mozilla/5.0 (Windows NT 10.0; Win64; x64) AppleWebKit/537.36 (KHTML, like Gecko) Chrome/59.0.3071.115 Safari/537.36',
  'host' => 'csgxjk.com',
  'accept-encoding' => 'gzip, deflate',
  'content-type' => '',
  'content-length' => '',
)
[ info ] [ PARAM ] array (
)
[ info ] [ VIEW ] /data/www/csgx2/application/admin/view/index_index.php [ array (
  0 => 'userinfo',
  1 => 'menu',
) ]
---------------------------------------------------------------
[2019-05-21T21:34:22+08:00] 125.127.28.110 GET csgxjk.com/wp-login.php
[运行时间：0.015466s] [吞吐率：64.66req/s] [内存消耗：1,729.67kb] [文件加载：67]
[ info ] [ LANG ] /data/www/csgx2/thinkphp/lang/zh-cn.php
---------------------------------------------------------------
[2019-05-21T21:34:22+08:00] 122.247.153.88 GET csgxjk.com/readme.html
[运行时间：0.015469s] [吞吐率：64.65req/s] [内存消耗：1,729.71kb] [文件加载：67]
[ info ] [ LANG ] /data/www/csgx2/thinkphp/lang/zh-cn.php
---------------------------------------------------------------
[2019-05-21T21:34:23+08:00] 42.235.145.134 GET csgxjk.com/license.txt
[运行时间：0.015709s] [吞吐率：63.66req/s] [内存消耗：1,729.67kb] [文件加载：67]
[ info ] [ LANG ] /data/www/csgx2/thinkphp/lang/zh-cn.php
---------------------------------------------------------------
[2019-05-21T21:34:24+08:00] 203.119.132.143 GET csgxjk.com/wp-includes/js/wplink.js
[运行时间：0.015491s] [吞吐率：64.55req/s] [内存消耗：1,729.69kb] [文件加载：67]
[ info ] [ LANG ] /data/www/csgx2/thinkphp/lang/zh-cn.php
---------------------------------------------------------------
[2019-05-21T21:34:24+08:00] 203.119.132.182 GET csgxjk.com/wp-admin/js/customize-controls.js
[运行时间：0.015437s] [吞吐率：64.78req/s] [内存消耗：1,729.70kb] [文件加载：67]
[ info ] [ LANG ] /data/www/csgx2/thinkphp/lang/zh-cn.php
---------------------------------------------------------------
[2019-05-21T21:34:24+08:00] 203.119.135.30 GET csgxjk.com/wp-admin/js/nav-menu.js
[运行时间：0.015648s] [吞吐率：63.91req/s] [内存消耗：1,729.68kb] [文件加载：67]
[ info ] [ LANG ] /data/www/csgx2/thinkphp/lang/zh-cn.php
---------------------------------------------------------------
[2019-05-21T21:34:25+08:00] 106.11.220.175 GET csgxjk.com/wp-includes/js/plupload/handlers.js
[运行时间：0.015545s] [吞吐率：64.33req/s] [内存消耗：1,729.70kb] [文件加载：67]
[ info ] [ LANG ] /data/www/csgx2/thinkphp/lang/zh-cn.php
---------------------------------------------------------------
[2019-05-21T21:34:26+08:00] 183.27.49.126 GET csgxjk.com/wp-includes/js/tinymce/wp-tinymce.js.gz
[运行时间：0.015058s] [吞吐率：66.41req/s] [内存消耗：1,729.70kb] [文件加载：67]
[ info ] [ LANG ] /data/www/csgx2/thinkphp/lang/zh-cn.php
---------------------------------------------------------------
[2019-05-21T21:34:26+08:00] 125.123.125.82 GET csgxjk.com/4e5e5d7364f443e28fbf0d3ae744a59a
[运行时间：0.015424s] [吞吐率：64.83req/s] [内存消耗：1,729.70kb] [文件加载：67]
[ info ] [ LANG ] /data/www/csgx2/thinkphp/lang/zh-cn.php
---------------------------------------------------------------
[2019-05-21T21:34:27+08:00] 125.127.28.110 GET csgxjk.com/?c=4e5e5d7364f443e28fbf0d3ae744a59a
[运行时间：0.018220s] [吞吐率：54.88req/s] [内存消耗：1,985.23kb] [文件加载：70]
[ info ] [ LANG ] /data/www/csgx2/thinkphp/lang/zh-cn.php
[ info ] [ ROUTE ] array (
)
[ info ] [ HEADER ] array (
  'cache-control' => 'max-age=259200',
  'cookie' => 'ASPSESSIONID=aer4r56dbb6dicggeu5g00f0n5',
  'accept-language' => 'zh-CN,zh;q=0.8',
  'accept' => 'text/html,application/xhtml+xml,application/xml;q=0.9,image/webp,image/apng,*/*;q=0.8',
  'user-agent' => 'Mozilla/5.0 (Windows NT 10.0; Win64; x64) AppleWebKit/537.36 (KHTML, like Gecko) Chrome/59.0.3071.115 Safari/537.36',
  'host' => 'csgxjk.com',
  'accept-encoding' => 'gzip, deflate',
  'content-type' => '',
  'content-length' => '',
)
[ info ] [ PARAM ] array (
  'c' => '4e5e5d7364f443e28fbf0d3ae744a59a',
)
---------------------------------------------------------------
[2019-05-21T21:34:29+08:00] 60.1.194.183 GET csgxjk.com/index.php/explicit_not_exist_path
[运行时间：0.015317s] [吞吐率：65.29req/s] [内存消耗：1,729.70kb] [文件加载：67]
[ info ] [ LANG ] /data/www/csgx2/thinkphp/lang/zh-cn.php
---------------------------------------------------------------
[2019-05-21T21:34:30+08:00] 122.247.153.116 GET csgxjk.com/wcm/
[运行时间：0.015478s] [吞吐率：64.61req/s] [内存消耗：1,729.66kb] [文件加载：67]
[ info ] [ LANG ] /data/www/csgx2/thinkphp/lang/zh-cn.php
---------------------------------------------------------------
[2019-05-21T21:34:30+08:00] 124.160.251.249 GET csgxjk.com/phpMyAdmin/
[运行时间：0.014875s] [吞吐率：67.23req/s] [内存消耗：1,729.67kb] [文件加载：67]
[ info ] [ LANG ] /data/www/csgx2/thinkphp/lang/zh-cn.php
---------------------------------------------------------------
[2019-05-21T21:34:31+08:00] 125.127.30.80 GET csgxjk.com/phpmyadmin/
[运行时间：0.015488s] [吞吐率：64.57req/s] [内存消耗：1,729.67kb] [文件加载：67]
[ info ] [ LANG ] /data/www/csgx2/thinkphp/lang/zh-cn.php
---------------------------------------------------------------
[2019-05-21T21:34:34+08:00] 60.1.183.92 GET www.csgxjk.com/
[运行时间：0.016493s] [吞吐率：60.63req/s] [内存消耗：1,983.81kb] [文件加载：70]
[ info ] [ LANG ] /data/www/csgx2/thinkphp/lang/zh-cn.php
[ info ] [ ROUTE ] array (
)
[ info ] [ HEADER ] array (
  'cache-control' => 'max-age=259200',
  'accept-language' => 'zh-CN,zh;q=0.8',
  'accept' => 'text/html,application/xhtml+xml,application/xml;q=0.9,image/webp,image/apng,*/*;q=0.8',
  'user-agent' => 'Mozilla/5.0 (Windows NT 10.0; Win64; x64) AppleWebKit/537.36 (KHTML, like Gecko) Chrome/59.0.3071.115 Safari/537.36',
  'host' => 'www.csgxjk.com',
  'accept-encoding' => 'gzip, deflate',
  'content-type' => '',
  'content-length' => '',
)
[ info ] [ PARAM ] array (
)
---------------------------------------------------------------
[2019-05-21T21:34:35+08:00] 125.127.31.144 GET www.csgxjk.com/explicit_not_exist_path
[运行时间：0.015482s] [吞吐率：64.59req/s] [内存消耗：1,729.37kb] [文件加载：67]
[ info ] [ LANG ] /data/www/csgx2/thinkphp/lang/zh-cn.php
---------------------------------------------------------------
[2019-05-21T21:34:35+08:00] 124.92.143.107 GET www.csgxjk.com/index.html
[运行时间：0.016525s] [吞吐率：60.51req/s] [内存消耗：1,984.57kb] [文件加载：70]
[ info ] [ LANG ] /data/www/csgx2/thinkphp/lang/zh-cn.php
[ info ] [ ROUTE ] array (
)
[ info ] [ HEADER ] array (
  'cache-control' => 'max-age=259200',
  'accept-language' => 'zh-CN,zh;q=0.8',
  'accept' => 'text/html,application/xhtml+xml,application/xml;q=0.9,image/webp,image/apng,*/*;q=0.8',
  'user-agent' => 'Mozilla/5.0 (Windows NT 10.0; Win64; x64) AppleWebKit/537.36 (KHTML, like Gecko) Chrome/59.0.3071.115 Safari/537.36',
  'host' => 'www.csgxjk.com',
  'accept-encoding' => 'gzip, deflate',
  'content-type' => '',
  'content-length' => '',
)
[ info ] [ PARAM ] array (
)
---------------------------------------------------------------
[2019-05-21T21:34:37+08:00] 101.24.177.150 GET www.csgxjk.com/index.php
[运行时间：0.016619s] [吞吐率：60.17req/s] [内存消耗：1,983.81kb] [文件加载：70]
[ info ] [ LANG ] /data/www/csgx2/thinkphp/lang/zh-cn.php
[ info ] [ ROUTE ] array (
)
[ info ] [ HEADER ] array (
  'cache-control' => 'max-age=259200',
  'accept-language' => 'zh-CN,zh;q=0.8',
  'accept' => 'text/html,application/xhtml+xml,application/xml;q=0.9,image/webp,image/apng,*/*;q=0.8',
  'user-agent' => 'Mozilla/5.0 (Windows NT 10.0; Win64; x64) AppleWebKit/537.36 (KHTML, like Gecko) Chrome/59.0.3071.115 Safari/537.36',
  'host' => 'www.csgxjk.com',
  'accept-encoding' => 'gzip, deflate',
  'content-type' => '',
  'content-length' => '',
)
[ info ] [ PARAM ] array (
)
---------------------------------------------------------------
[2019-05-21T21:34:38+08:00] 222.137.46.87 GET www.csgxjk.com/index.jsp
[运行时间：0.014689s] [吞吐率：68.08req/s] [内存消耗：1,729.36kb] [文件加载：67]
[ info ] [ LANG ] /data/www/csgx2/thinkphp/lang/zh-cn.php
---------------------------------------------------------------
[2019-05-21T21:34:39+08:00] 124.92.139.34 GET www.csgxjk.com/admin/
[运行时间：0.018297s] [吞吐率：54.65req/s] [内存消耗：2,154.25kb] [文件加载：83]
[ info ] [ LANG ] /data/www/csgx2/thinkphp/lang/zh-cn.php
[ info ] [ ROUTE ] array (
)
[ info ] [ HEADER ] array (
  'cache-control' => 'max-age=259200',
  'accept-language' => 'zh-CN,zh;q=0.8',
  'accept' => 'text/html,application/xhtml+xml,application/xml;q=0.9,image/webp,image/apng,*/*;q=0.8',
  'user-agent' => 'Mozilla/5.0 (Windows NT 10.0; Win64; x64) AppleWebKit/537.36 (KHTML, like Gecko) Chrome/59.0.3071.115 Safari/537.36',
  'host' => 'www.csgxjk.com',
  'accept-encoding' => 'gzip, deflate',
  'content-type' => '',
  'content-length' => '',
)
[ info ] [ PARAM ] array (
)
[ info ] [ VIEW ] /data/www/csgx2/application/admin/view/index_index.php [ array (
  0 => 'userinfo',
  1 => 'menu',
) ]
---------------------------------------------------------------
[2019-05-21T21:34:42+08:00] 122.247.158.70 GET www.csgxjk.com/wp-login.php
[运行时间：0.015608s] [吞吐率：64.07req/s] [内存消耗：1,729.70kb] [文件加载：67]
[ info ] [ LANG ] /data/www/csgx2/thinkphp/lang/zh-cn.php
---------------------------------------------------------------
[2019-05-21T21:34:43+08:00] 119.39.103.158 GET www.csgxjk.com/readme.html
[运行时间：0.014359s] [吞吐率：69.64req/s] [内存消耗：1,729.74kb] [文件加载：67]
[ info ] [ LANG ] /data/www/csgx2/thinkphp/lang/zh-cn.php
---------------------------------------------------------------
[2019-05-21T21:34:43+08:00] 125.127.28.204 GET www.csgxjk.com/license.txt
[运行时间：0.014358s] [吞吐率：69.65req/s] [内存消耗：1,729.70kb] [文件加载：67]
[ info ] [ LANG ] /data/www/csgx2/thinkphp/lang/zh-cn.php
---------------------------------------------------------------
[2019-05-21T21:34:44+08:00] 203.119.193.79 GET www.csgxjk.com/wp-includes/js/wplink.js
[运行时间：0.014343s] [吞吐率：69.72req/s] [内存消耗：1,729.72kb] [文件加载：67]
[ info ] [ LANG ] /data/www/csgx2/thinkphp/lang/zh-cn.php
---------------------------------------------------------------
[2019-05-21T21:34:44+08:00] 203.119.132.206 GET www.csgxjk.com/wp-admin/js/customize-controls.js
[运行时间：0.014769s] [吞吐率：67.71req/s] [内存消耗：1,729.73kb] [文件加载：67]
[ info ] [ LANG ] /data/www/csgx2/thinkphp/lang/zh-cn.php
---------------------------------------------------------------
[2019-05-21T21:34:44+08:00] 203.119.193.180 GET www.csgxjk.com/wp-admin/js/nav-menu.js
[运行时间：0.015234s] [吞吐率：65.64req/s] [内存消耗：1,729.71kb] [文件加载：67]
[ info ] [ LANG ] /data/www/csgx2/thinkphp/lang/zh-cn.php
---------------------------------------------------------------
[2019-05-21T21:34:44+08:00] 203.119.132.212 GET www.csgxjk.com/wp-includes/js/plupload/handlers.js
[运行时间：0.015204s] [吞吐率：65.77req/s] [内存消耗：1,729.73kb] [文件加载：67]
[ info ] [ LANG ] /data/www/csgx2/thinkphp/lang/zh-cn.php
---------------------------------------------------------------
[2019-05-21T21:34:45+08:00] 125.127.30.80 GET www.csgxjk.com/wp-includes/js/tinymce/wp-tinymce.js.gz
[运行时间：0.014481s] [吞吐率：69.06req/s] [内存消耗：1,729.73kb] [文件加载：67]
[ info ] [ LANG ] /data/www/csgx2/thinkphp/lang/zh-cn.php
---------------------------------------------------------------
[2019-05-21T21:34:46+08:00] 101.71.234.232 GET www.csgxjk.com/4e5e5d7364f443e28fbf0d3ae744a59a
[运行时间：0.015577s] [吞吐率：64.20req/s] [内存消耗：1,729.73kb] [文件加载：67]
[ info ] [ LANG ] /data/www/csgx2/thinkphp/lang/zh-cn.php
---------------------------------------------------------------
[2019-05-21T21:34:46+08:00] 125.127.26.33 GET www.csgxjk.com/?c=4e5e5d7364f443e28fbf0d3ae744a59a
[运行时间：0.016108s] [吞吐率：62.08req/s] [内存消耗：1,985.26kb] [文件加载：70]
[ info ] [ LANG ] /data/www/csgx2/thinkphp/lang/zh-cn.php
[ info ] [ ROUTE ] array (
)
[ info ] [ HEADER ] array (
  'cache-control' => 'max-age=259200',
  'cookie' => 'ASPSESSIONID=nbfug89sa82b2j12c7geisesu5',
  'accept-language' => 'zh-CN,zh;q=0.8',
  'accept' => 'text/html,application/xhtml+xml,application/xml;q=0.9,image/webp,image/apng,*/*;q=0.8',
  'user-agent' => 'Mozilla/5.0 (Windows NT 10.0; Win64; x64) AppleWebKit/537.36 (KHTML, like Gecko) Chrome/59.0.3071.115 Safari/537.36',
  'host' => 'www.csgxjk.com',
  'accept-encoding' => 'gzip, deflate',
  'content-type' => '',
  'content-length' => '',
)
[ info ] [ PARAM ] array (
  'c' => '4e5e5d7364f443e28fbf0d3ae744a59a',
)
---------------------------------------------------------------
[2019-05-21T21:34:47+08:00] 222.137.46.217 GET www.csgxjk.com/index.php/explicit_not_exist_path
[运行时间：0.016459s] [吞吐率：60.76req/s] [内存消耗：1,729.73kb] [文件加载：67]
[ info ] [ LANG ] /data/www/csgx2/thinkphp/lang/zh-cn.php
---------------------------------------------------------------
[2019-05-21T21:34:47+08:00] 180.115.188.107 GET www.csgxjk.com/wcm/
[运行时间：0.014837s] [吞吐率：67.40req/s] [内存消耗：1,729.70kb] [文件加载：67]
[ info ] [ LANG ] /data/www/csgx2/thinkphp/lang/zh-cn.php
---------------------------------------------------------------
[2019-05-21T21:34:47+08:00] 124.92.141.121 GET www.csgxjk.com/phpMyAdmin/
[运行时间：0.014724s] [吞吐率：67.92req/s] [内存消耗：1,729.70kb] [文件加载：67]
[ info ] [ LANG ] /data/www/csgx2/thinkphp/lang/zh-cn.php
---------------------------------------------------------------
[2019-05-21T21:34:48+08:00] 222.191.175.28 GET www.csgxjk.com/phpmyadmin/
[运行时间：0.014296s] [吞吐率：69.95req/s] [内存消耗：1,729.70kb] [文件加载：67]
[ info ] [ LANG ] /data/www/csgx2/thinkphp/lang/zh-cn.php
---------------------------------------------------------------
[2019-05-21T21:44:56+08:00] 47.92.100.7 GET www.csgxjk.com/
[运行时间：0.016399s] [吞吐率：60.98req/s] [内存消耗：1,983.17kb] [文件加载：70]
[ info ] [ LANG ] /data/www/csgx2/thinkphp/lang/zh-cn.php
[ info ] [ ROUTE ] array (
)
[ info ] [ HEADER ] array (
  'connection' => 'keep-alive',
  'accept' => 'text/html, image/gif, image/jpeg, *; q=.2, */*; q=.2',
  'host' => 'www.csgxjk.com',
  'user-agent' => 'Mozilla/5.0 (Linux; Android 4.1.1; Nexus 7 Build/JRO03D))',
  'content-type' => '',
  'content-length' => '',
)
[ info ] [ PARAM ] array (
)
---------------------------------------------------------------
[2019-05-21T21:56:34+08:00] 47.92.2.67 GET csgxjk.com/
[运行时间：0.016134s] [吞吐率：61.98req/s] [内存消耗：1,983.14kb] [文件加载：70]
[ info ] [ LANG ] /data/www/csgx2/thinkphp/lang/zh-cn.php
[ info ] [ ROUTE ] array (
)
[ info ] [ HEADER ] array (
  'connection' => 'keep-alive',
  'accept' => 'text/html, image/gif, image/jpeg, *; q=.2, */*; q=.2',
  'host' => 'csgxjk.com',
  'user-agent' => 'Mozilla/5.0 (Linux; Android 4.1.1; Nexus 7 Build/JRO03D))',
  'content-type' => '',
  'content-length' => '',
)
[ info ] [ PARAM ] array (
)
---------------------------------------------------------------
[2019-05-21T21:58:17+08:00] 47.92.140.160 GET 39.96.87.22/
[运行时间：0.016764s] [吞吐率：59.65req/s] [内存消耗：1,983.18kb] [文件加载：70]
[ info ] [ LANG ] /data/www/csgx2/thinkphp/lang/zh-cn.php
[ info ] [ ROUTE ] array (
)
[ info ] [ HEADER ] array (
  'connection' => 'keep-alive',
  'accept' => 'text/html, image/gif, image/jpeg, *; q=.2, */*; q=.2',
  'host' => '39.96.87.22',
  'user-agent' => 'Mozilla/5.0 (Linux; Android 4.1.1; Nexus 7 Build/JRO03D))',
  'content-type' => '',
  'content-length' => '',
)
[ info ] [ PARAM ] array (
)
---------------------------------------------------------------
[2019-05-21T22:09:21+08:00] 128.14.209.250 GET 39.96.87.22/
[运行时间：0.017261s] [吞吐率：57.93req/s] [内存消耗：1,983.18kb] [文件加载：70]
[ info ] [ LANG ] /data/www/csgx2/thinkphp/lang/zh-cn.php
[ info ] [ ROUTE ] array (
)
[ info ] [ HEADER ] array (
  'accept-encoding' => 'gzip',
  'accept' => '*/*',
  'user-agent' => 'Mozilla/5.0 (Windows NT 10.0; Win64; x64) AppleWebKit/537.36 (KHTML, like Gecko) Chrome/60.0.3112.113 Safari/537.36',
  'host' => '39.96.87.22',
  'content-type' => '',
  'content-length' => '',
)
[ info ] [ PARAM ] array (
)
---------------------------------------------------------------
[2019-05-21T23:01:31+08:00] 171.13.14.8 GET www.csgxjk.com/
[运行时间：0.016116s] [吞吐率：62.05req/s] [内存消耗：1,984.59kb] [文件加载：70]
[ info ] [ LANG ] /data/www/csgx2/thinkphp/lang/zh-cn.php
[ info ] [ ROUTE ] array (
)
[ info ] [ HEADER ] array (
  'accept-encoding' => 'gzip, deflate',
  'accept' => 'text/html,application/xhtml+xml,application/xml;q=0.9,image/webp,image/apng,*/*;q=0.8,application/signed-exchange;v=b3',
  'user-agent' => 'Mozilla/5.0 (Linux; U; Android 4.0.2; en-us; Galaxy Nexus Build/ICL53F) AppleWebKit/534.30 (KHTML, like Gecko) Version/4.0 Mobile Safari/534.30',
  'upgrade-insecure-requests' => '1',
  'cache-control' => 'no-cache',
  'pragma' => 'no-cache',
  'connection' => 'keep-alive',
  'host' => 'www.csgxjk.com',
  'content-type' => '',
  'content-length' => '',
)
[ info ] [ PARAM ] array (
)
---------------------------------------------------------------
[2019-05-21T23:29:05+08:00] 89.248.169.12 GET 80/
[运行时间：0.016714s] [吞吐率：59.83req/s] [内存消耗：1,982.89kb] [文件加载：70]
[ info ] [ LANG ] /data/www/csgx2/thinkphp/lang/zh-cn.php
[ info ] [ ROUTE ] array (
)
[ info ] [ HEADER ] array (
  'accept-encoding' => 'gzip',
  'accept' => '*/*',
  'user-agent' => 'Mozilla/5.0 zgrab/0.x',
  'host' => '80',
  'content-type' => '',
  'content-length' => '',
)
[ info ] [ PARAM ] array (
)
---------------------------------------------------------------
[2019-05-21T23:39:06+08:00] 189.69.89.48 GET 39.96.87.22:80/
[运行时间：0.016196s] [吞吐率：61.74req/s] [内存消耗：1,983.19kb] [文件加载：70]
[ info ] [ LANG ] /data/www/csgx2/thinkphp/lang/zh-cn.php
[ info ] [ ROUTE ] array (
)
[ info ] [ HEADER ] array (
  'content-length' => '0',
  'user-agent' => 'Mozilla/5.0 (Windows NT 6.1; WOW64) AppleWebKit/537.36 (KHTML, like Gecko) Chrome/52.0.2743.116 Safari/537.36',
  'host' => '39.96.87.22:80',
  'content-type' => '',
)
[ info ] [ PARAM ] array (
)
