---------------------------------------------------------------
[2019-05-26T00:38:18+08:00] 47.92.124.187 GET 39.96.87.22/
[运行时间：0.016090s] [吞吐率：62.15req/s] [内存消耗：1,983.17kb] [文件加载：70]
[ info ] [ LANG ] /data/www/csgx2/thinkphp/lang/zh-cn.php
[ info ] [ ROUTE ] array (
)
[ info ] [ HEADER ] array (
  'connection' => 'keep-alive',
  'accept' => 'text/html, image/gif, image/jpeg, *; q=.2, */*; q=.2',
  'host' => '39.96.87.22',
  'user-agent' => 'Mozilla/5.0 (Linux; Android 4.1.1; Nexus 7 Build/JRO03D))',
  'content-type' => '',
  'content-length' => '',
)
[ info ] [ PARAM ] array (
)
---------------------------------------------------------------
[2019-05-26T00:57:42+08:00] 47.98.97.81 GET csgxjk.com/
[运行时间：0.016040s] [吞吐率：62.34req/s] [内存消耗：1,983.14kb] [文件加载：70]
[ info ] [ LANG ] /data/www/csgx2/thinkphp/lang/zh-cn.php
[ info ] [ ROUTE ] array (
)
[ info ] [ HEADER ] array (
  'connection' => 'keep-alive',
  'accept' => 'text/html, image/gif, image/jpeg, *; q=.2, */*; q=.2',
  'host' => 'csgxjk.com',
  'user-agent' => 'Mozilla/5.0 (Linux; Android 4.1.1; Nexus 7 Build/JRO03D))',
  'content-type' => '',
  'content-length' => '',
)
[ info ] [ PARAM ] array (
)
---------------------------------------------------------------
[2019-05-26T01:27:14+08:00] 139.162.119.197 GET 39.96.87.22/
[运行时间：0.016704s] [吞吐率：59.87req/s] [内存消耗：1,982.93kb] [文件加载：70]
[ info ] [ LANG ] /data/www/csgx2/thinkphp/lang/zh-cn.php
[ info ] [ ROUTE ] array (
)
[ info ] [ HEADER ] array (
  'connection' => 'close',
  'user-agent' => 'HTTP Banner Detection (https://security.ipip.net)',
  'host' => '39.96.87.22',
  'content-type' => '',
  'content-length' => '',
)
[ info ] [ PARAM ] array (
)
---------------------------------------------------------------
[2019-05-26T02:07:04+08:00] 78.24.220.1 HEAD csgxjk.com/
[运行时间：0.016485s] [吞吐率：60.66req/s] [内存消耗：1,982.73kb] [文件加载：70]
[ info ] [ LANG ] /data/www/csgx2/thinkphp/lang/zh-cn.php
[ info ] [ ROUTE ] array (
)
[ info ] [ HEADER ] array (
  'accept' => '*/*',
  'host' => 'csgxjk.com',
  'user-agent' => 'Mozilla/4.0 (compatible; MSIE 8.0; Windows NT 5.1; Trident/4.0; .NET4.0C; .NET4.0E; .NET CLR 2.0.50727; .NET CLR 3.0.4506.2152; .NET CLR 3.5.30729)',
  'content-type' => '',
  'content-length' => '',
)
[ info ] [ PARAM ] array (
)
---------------------------------------------------------------
[2019-05-26T02:07:04+08:00] 78.24.220.1 GET csgxjk.com/
[运行时间：0.016706s] [吞吐率：59.86req/s] [内存消耗：1,982.85kb] [文件加载：70]
[ info ] [ LANG ] /data/www/csgx2/thinkphp/lang/zh-cn.php
[ info ] [ ROUTE ] array (
)
[ info ] [ HEADER ] array (
  'accept' => '*/*',
  'host' => 'csgxjk.com',
  'user-agent' => 'Opera/9.62 (Windows NT 5.1; U; ru) Presto/2.1.1',
  'content-type' => '',
  'content-length' => '',
)
[ info ] [ PARAM ] array (
)
---------------------------------------------------------------
[2019-05-26T02:07:07+08:00] 78.24.220.1 GET csgxjk.com/admin/
[运行时间：0.019391s] [吞吐率：51.57req/s] [内存消耗：2,157.42kb] [文件加载：84]
[ info ] [ LANG ] /data/www/csgx2/thinkphp/lang/zh-cn.php
[ info ] [ ROUTE ] array (
)
[ info ] [ HEADER ] array (
  'accept' => '*/*',
  'host' => 'csgxjk.com',
  'user-agent' => 'Opera/9.80 (Windows NT 5.0; U; ru) Presto/2.6.30 Version/10.60',
  'content-type' => '',
  'content-length' => '',
)
[ info ] [ PARAM ] array (
)
[ info ] [ VIEW ] /data/www/csgx2/application/admin/view/index_index.php [ array (
  0 => 'userinfo',
  1 => 'menu',
) ]
---------------------------------------------------------------
[2019-05-26T02:07:10+08:00] 78.24.220.1 GET csgxjk.com/manager/
[运行时间：0.014857s] [吞吐率：67.31req/s] [内存消耗：1,729.21kb] [文件加载：67]
[ info ] [ LANG ] /data/www/csgx2/thinkphp/lang/zh-cn.php
---------------------------------------------------------------
[2019-05-26T02:07:12+08:00] 78.24.220.1 GET csgxjk.com/admin/content/sitetree/
[运行时间：0.018600s] [吞吐率：53.76req/s] [内存消耗：2,090.83kb] [文件加载：79]
[ info ] [ LANG ] /data/www/csgx2/thinkphp/lang/zh-cn.php
[ info ] [ ROUTE ] array (
)
[ info ] [ HEADER ] array (
  'accept' => '*/*',
  'host' => 'csgxjk.com',
  'user-agent' => 'Mozilla/4.0 (compatible; MSIE 8.0; Windows NT 6.0; Trident/4.0; GTB7.2; SLCC1; .NET CLR 2.0.50727; Media Center PC 5.0; .NET CLR 3.5.30729; InfoPath.1; .NET CLR 3.0.30618; .NET4.0C)',
  'content-type' => '',
  'content-length' => '',
)
[ info ] [ PARAM ] array (
)
---------------------------------------------------------------
[2019-05-26T02:07:15+08:00] 78.24.220.1 GET csgxjk.com/simpla/
[运行时间：0.015606s] [吞吐率：64.08req/s] [内存消耗：1,729.20kb] [文件加载：67]
[ info ] [ LANG ] /data/www/csgx2/thinkphp/lang/zh-cn.php
---------------------------------------------------------------
[2019-05-26T02:07:15+08:00] 78.24.220.1 GET csgxjk.com/js/mage/cookies.js
[运行时间：0.014262s] [吞吐率：70.12req/s] [内存消耗：1,729.22kb] [文件加载：67]
[ info ] [ LANG ] /data/www/csgx2/thinkphp/lang/zh-cn.php
---------------------------------------------------------------
[2019-05-26T03:10:55+08:00] 91.235.142.167 GET csgxjk.com/.git/HEAD
[运行时间：0.015336s] [吞吐率：65.21req/s] [内存消耗：1,729.26kb] [文件加载：67]
[ info ] [ LANG ] /data/www/csgx2/thinkphp/lang/zh-cn.php
---------------------------------------------------------------
[2019-05-26T03:14:58+08:00] 47.100.100.21 GET www.CSGXJK.com/
[运行时间：0.016799s] [吞吐率：59.53req/s] [内存消耗：1,983.17kb] [文件加载：70]
[ info ] [ LANG ] /data/www/csgx2/thinkphp/lang/zh-cn.php
[ info ] [ ROUTE ] array (
)
[ info ] [ HEADER ] array (
  'connection' => 'keep-alive',
  'accept' => 'text/html, image/gif, image/jpeg, *; q=.2, */*; q=.2',
  'host' => 'www.CSGXJK.com',
  'user-agent' => 'Mozilla/5.0 (Linux; Android 4.1.1; Nexus 7 Build/JRO03D))',
  'content-type' => '',
  'content-length' => '',
)
[ info ] [ PARAM ] array (
)
---------------------------------------------------------------
[2019-05-26T03:39:01+08:00] 101.132.98.159 GET www.csgxjk.com/
[运行时间：0.016648s] [吞吐率：60.07req/s] [内存消耗：1,983.17kb] [文件加载：70]
[ info ] [ LANG ] /data/www/csgx2/thinkphp/lang/zh-cn.php
[ info ] [ ROUTE ] array (
)
[ info ] [ HEADER ] array (
  'connection' => 'keep-alive',
  'accept' => 'text/html, image/gif, image/jpeg, *; q=.2, */*; q=.2',
  'host' => 'www.csgxjk.com',
  'user-agent' => 'Mozilla/5.0 (Linux; Android 4.1.1; Nexus 7 Build/JRO03D))',
  'content-type' => '',
  'content-length' => '',
)
[ info ] [ PARAM ] array (
)
---------------------------------------------------------------
[2019-05-26T03:44:03+08:00] 95.213.177.126 POST check.proxyradar.com/azenv.php?auth=155881344389&a=PSCN&i=660625174&p=80
[运行时间：0.015553s] [吞吐率：64.30req/s] [内存消耗：1,729.17kb] [文件加载：67]
[ info ] [ LANG ] /data/www/csgx2/thinkphp/lang/zh-cn.php
---------------------------------------------------------------
[2019-05-26T04:35:24+08:00] 5.139.97.11 GET 39.96.87.22:80/
[运行时间：0.016323s] [吞吐率：61.26req/s] [内存消耗：1,983.19kb] [文件加载：70]
[ info ] [ LANG ] /data/www/csgx2/thinkphp/lang/zh-cn.php
[ info ] [ ROUTE ] array (
)
[ info ] [ HEADER ] array (
  'content-length' => '0',
  'user-agent' => 'Mozilla/5.0 (Macintosh; Intel Mac OS X 10_11_6) AppleWebKit/601.7.7 (KHTML, like Gecko) Version/9.1.2 Safari/601.7.7',
  'host' => '39.96.87.22:80',
  'content-type' => '',
)
[ info ] [ PARAM ] array (
)
---------------------------------------------------------------
[2019-05-26T05:04:03+08:00] 36.65.216.191 GET 39.96.87.22:80/
[运行时间：0.016160s] [吞吐率：61.88req/s] [内存消耗：1,983.19kb] [文件加载：70]
[ info ] [ LANG ] /data/www/csgx2/thinkphp/lang/zh-cn.php
[ info ] [ ROUTE ] array (
)
[ info ] [ HEADER ] array (
  'content-length' => '0',
  'user-agent' => 'Mozilla/5.0 (Windows NT 6.1; WOW64) AppleWebKit/537.36 (KHTML, like Gecko) Chrome/51.0.2704.103 Safari/537.36',
  'host' => '39.96.87.22:80',
  'content-type' => '',
)
[ info ] [ PARAM ] array (
)
---------------------------------------------------------------
[2019-05-26T06:39:29+08:00] 74.131.48.19 GET 39.96.87.22/
[运行时间：0.016590s] [吞吐率：60.28req/s] [内存消耗：1,982.54kb] [文件加载：70]
[ info ] [ LANG ] /data/www/csgx2/thinkphp/lang/zh-cn.php
[ info ] [ ROUTE ] array (
)
[ info ] [ HEADER ] array (
  'host' => '39.96.87.22',
  'content-type' => '',
  'content-length' => '',
)
[ info ] [ PARAM ] array (
)
---------------------------------------------------------------
[2019-05-26T07:02:04+08:00] 80.82.70.187 GET www.baidu.com/cache/global/img/gs.gif
[运行时间：0.015145s] [吞吐率：66.03req/s] [内存消耗：1,729.27kb] [文件加载：67]
[ info ] [ LANG ] /data/www/csgx2/thinkphp/lang/zh-cn.php
---------------------------------------------------------------
[2019-05-26T08:08:13+08:00] 47.89.192.12 GET 39.96.87.22/
[运行时间：0.016864s] [吞吐率：59.30req/s] [内存消耗：1,982.96kb] [文件加载：70]
[ info ] [ LANG ] /data/www/csgx2/thinkphp/lang/zh-cn.php
[ info ] [ ROUTE ] array (
)
[ info ] [ HEADER ] array (
  'accept-encoding' => 'gzip',
  'accept' => '*/*',
  'user-agent' => 'Mozilla/5.0 zgrab/0.x',
  'host' => '39.96.87.22',
  'content-type' => '',
  'content-length' => '',
)
[ info ] [ PARAM ] array (
)
---------------------------------------------------------------
[2019-05-26T08:36:18+08:00] 107.170.239.105 GET 39.96.87.22/
[运行时间：0.016869s] [吞吐率：59.28req/s] [内存消耗：1,982.96kb] [文件加载：70]
[ info ] [ LANG ] /data/www/csgx2/thinkphp/lang/zh-cn.php
[ info ] [ ROUTE ] array (
)
[ info ] [ HEADER ] array (
  'accept-encoding' => 'gzip',
  'accept' => '*/*',
  'user-agent' => 'Mozilla/5.0 zgrab/0.x',
  'host' => '39.96.87.22',
  'content-type' => '',
  'content-length' => '',
)
[ info ] [ PARAM ] array (
)
---------------------------------------------------------------
[2019-05-26T09:15:16+08:00] 101.132.177.14 GET csgxjk.com/
[运行时间：0.016611s] [吞吐率：60.20req/s] [内存消耗：1,983.33kb] [文件加载：70]
[ info ] [ LANG ] /data/www/csgx2/thinkphp/lang/zh-cn.php
[ info ] [ ROUTE ] array (
)
[ info ] [ HEADER ] array (
  'connection' => 'keep-alive',
  'accept' => 'text/html, image/gif, image/jpeg, *; q=.2, */*; q=.2',
  'host' => 'csgxjk.com',
  'user-agent' => 'Mozilla/5.0 (X11; Ubuntu; Linux x86_64; rv:36.0) Gecko/20100101 Firefox/36.0',
  'content-type' => '',
  'content-length' => '',
)
[ info ] [ PARAM ] array (
)
---------------------------------------------------------------
[2019-05-26T09:21:29+08:00] 101.132.188.111 GET www.csgxjk.com/
[运行时间：0.016828s] [吞吐率：59.42req/s] [内存消耗：1,983.36kb] [文件加载：70]
[ info ] [ LANG ] /data/www/csgx2/thinkphp/lang/zh-cn.php
[ info ] [ ROUTE ] array (
)
[ info ] [ HEADER ] array (
  'connection' => 'keep-alive',
  'accept' => 'text/html, image/gif, image/jpeg, *; q=.2, */*; q=.2',
  'host' => 'www.csgxjk.com',
  'user-agent' => 'Mozilla/5.0 (X11; Ubuntu; Linux x86_64; rv:36.0) Gecko/20100101 Firefox/36.0',
  'content-type' => '',
  'content-length' => '',
)
[ info ] [ PARAM ] array (
)
---------------------------------------------------------------
[2019-05-26T11:39:04+08:00] 95.213.177.123 POST check.proxyradar.com/azenv.php?auth=155884194415&a=PSCN&i=660625174&p=80
[运行时间：0.014286s] [吞吐率：70.00req/s] [内存消耗：1,729.17kb] [文件加载：67]
[ info ] [ LANG ] /data/www/csgx2/thinkphp/lang/zh-cn.php
---------------------------------------------------------------
[2019-05-26T11:53:25+08:00] 37.235.249.202 GET 39.96.87.22:80/
[运行时间：0.016648s] [吞吐率：60.07req/s] [内存消耗：1,983.19kb] [文件加载：70]
[ info ] [ LANG ] /data/www/csgx2/thinkphp/lang/zh-cn.php
[ info ] [ ROUTE ] array (
)
[ info ] [ HEADER ] array (
  'content-length' => '0',
  'user-agent' => 'Mozilla/5.0 (Macintosh; Intel Mac OS X 10_11_6) AppleWebKit/601.7.7 (KHTML, like Gecko) Version/9.1.2 Safari/601.7.7',
  'host' => '39.96.87.22:80',
  'content-type' => '',
)
[ info ] [ PARAM ] array (
)
---------------------------------------------------------------
[2019-05-26T11:57:19+08:00] 5.188.210.101 GET 5.188.210.101/echo.php
[运行时间：0.015583s] [吞吐率：64.17req/s] [内存消耗：1,729.81kb] [文件加载：67]
[ info ] [ LANG ] /data/www/csgx2/thinkphp/lang/zh-cn.php
---------------------------------------------------------------
[2019-05-26T14:41:09+08:00] 207.46.13.190 GET csgxjk.com/
[运行时间：0.016870s] [吞吐率：59.28req/s] [内存消耗：1,984.03kb] [文件加载：70]
[ info ] [ LANG ] /data/www/csgx2/thinkphp/lang/zh-cn.php
[ info ] [ ROUTE ] array (
)
[ info ] [ HEADER ] array (
  'user-agent' => 'Mozilla/5.0 (compatible; bingbot/2.0; +http://www.bing.com/bingbot.htm)',
  'host' => 'csgxjk.com',
  'from' => 'bingbot(at)microsoft.com',
  'accept-encoding' => 'gzip, deflate',
  'accept' => '*/*',
  'pragma' => 'no-cache',
  'connection' => 'Keep-Alive',
  'cache-control' => 'no-cache',
  'content-type' => '',
  'content-length' => '',
)
[ info ] [ PARAM ] array (
)
---------------------------------------------------------------
[2019-05-26T15:29:30+08:00] 106.11.153.81 GET www.csgxjk.com/
[运行时间：0.017011s] [吞吐率：58.79req/s] [内存消耗：1,983.83kb] [文件加载：70]
[ info ] [ LANG ] /data/www/csgx2/thinkphp/lang/zh-cn.php
[ info ] [ ROUTE ] array (
)
[ info ] [ HEADER ] array (
  'connection' => 'close',
  'user-agent' => 'Mozilla/5.0 (Windows NT 6.1; Win64; x64) AppleWebKit/537.36 (KHTML, like Gecko) Chrome/69.0.3497.81 YisouSpider/5.0 Safari/537.36',
  'upgrade-insecure-requests' => '1',
  'host' => 'www.csgxjk.com',
  'accept-encoding' => 'gzip, deflate',
  'accept' => 'text/html,application/xhtml+xml,application/xml;q=0.9,image/webp,image/apng,*/*;q=0.8',
  'content-type' => '',
  'content-length' => '',
)
[ info ] [ PARAM ] array (
)
---------------------------------------------------------------
[2019-05-26T15:35:49+08:00] 91.192.32.213 GET 39.96.87.22:80/
[运行时间：0.016626s] [吞吐率：60.15req/s] [内存消耗：1,983.19kb] [文件加载：70]
[ info ] [ LANG ] /data/www/csgx2/thinkphp/lang/zh-cn.php
[ info ] [ ROUTE ] array (
)
[ info ] [ HEADER ] array (
  'content-length' => '0',
  'user-agent' => 'Mozilla/5.0 (Macintosh; Intel Mac OS X 10_11_6) AppleWebKit/601.7.7 (KHTML, like Gecko) Version/9.1.2 Safari/601.7.7',
  'host' => '39.96.87.22:80',
  'content-type' => '',
)
[ info ] [ PARAM ] array (
)
---------------------------------------------------------------
[2019-05-26T17:11:13+08:00] 106.120.98.190 GET csgxjk.com/admin
[运行时间：0.019957s] [吞吐率：50.11req/s] [内存消耗：2,159.03kb] [文件加载：84]
[ info ] [ LANG ] /data/www/csgx2/thinkphp/lang/zh-cn.php
[ info ] [ ROUTE ] array (
)
[ info ] [ HEADER ] array (
  'cookie' => 'pgv_pvi=2703210496',
  'accept-language' => 'zh-CN,zh;q=0.9,en;q=0.8,und;q=0.7',
  'accept-encoding' => 'gzip, deflate',
  'accept' => 'text/html,application/xhtml+xml,application/xml;q=0.9,image/webp,image/apng,*/*;q=0.8,application/signed-exchange;v=b3',
  'user-agent' => 'Mozilla/5.0 (Windows NT 10.0; WOW64) AppleWebKit/537.36 (KHTML, like Gecko) Chrome/74.0.3729.169 Safari/537.36',
  'upgrade-insecure-requests' => '1',
  'connection' => 'keep-alive',
  'host' => 'csgxjk.com',
  'content-type' => '',
  'content-length' => '',
)
[ info ] [ PARAM ] array (
)
[ info ] [ VIEW ] /data/www/csgx2/application/admin/view/index_index.php [ array (
  0 => 'userinfo',
  1 => 'menu',
) ]
---------------------------------------------------------------
[2019-05-26T17:11:14+08:00] 106.120.98.190 GET csgxjk.com/admin/dashboard/welcome.html
[运行时间：0.018377s] [吞吐率：54.42req/s] [内存消耗：2,155.01kb] [文件加载：82]
[ info ] [ LANG ] /data/www/csgx2/thinkphp/lang/zh-cn.php
[ info ] [ ROUTE ] array (
)
[ info ] [ HEADER ] array (
  'cookie' => 'pgv_pvi=2703210496; ASPSESSIONID=vlbd2r8dvkhs7a2c6645vj0b2b; thinkphp_show_page_trace=0|0',
  'accept-language' => 'zh-CN,zh;q=0.9,en;q=0.8,und;q=0.7',
  'accept-encoding' => 'gzip, deflate',
  'referer' => 'http://csgxjk.com/admin',
  'accept' => 'text/html,application/xhtml+xml,application/xml;q=0.9,image/webp,image/apng,*/*;q=0.8,application/signed-exchange;v=b3',
  'user-agent' => 'Mozilla/5.0 (Windows NT 10.0; WOW64) AppleWebKit/537.36 (KHTML, like Gecko) Chrome/74.0.3729.169 Safari/537.36',
  'upgrade-insecure-requests' => '1',
  'connection' => 'keep-alive',
  'host' => 'csgxjk.com',
  'content-type' => '',
  'content-length' => '',
)
[ info ] [ PARAM ] array (
)
---------------------------------------------------------------
[2019-05-26T17:11:14+08:00] 106.120.98.190 GET csgxjk.com/admin/login/
[运行时间：0.018433s] [吞吐率：54.25req/s] [内存消耗：2,153.24kb] [文件加载：83]
[ info ] [ LANG ] /data/www/csgx2/thinkphp/lang/zh-cn.php
[ info ] [ ROUTE ] array (
)
[ info ] [ HEADER ] array (
  'cookie' => 'pgv_pvi=2703210496; ASPSESSIONID=vlbd2r8dvkhs7a2c6645vj0b2b; thinkphp_show_page_trace=0|0',
  'accept-language' => 'zh-CN,zh;q=0.9,en;q=0.8,und;q=0.7',
  'accept-encoding' => 'gzip, deflate',
  'referer' => 'http://csgxjk.com/admin',
  'accept' => 'text/html,application/xhtml+xml,application/xml;q=0.9,image/webp,image/apng,*/*;q=0.8,application/signed-exchange;v=b3',
  'user-agent' => 'Mozilla/5.0 (Windows NT 10.0; WOW64) AppleWebKit/537.36 (KHTML, like Gecko) Chrome/74.0.3729.169 Safari/537.36',
  'upgrade-insecure-requests' => '1',
  'connection' => 'keep-alive',
  'host' => 'csgxjk.com',
  'content-type' => '',
  'content-length' => '',
)
[ info ] [ PARAM ] array (
)
[ info ] [ VIEW ] /data/www/csgx2/application/admin/view/login_index.php [ array (
) ]
---------------------------------------------------------------
[2019-05-26T17:11:14+08:00] 106.120.98.190 GET csgxjk.com/admin/login/
[运行时间：0.019431s] [吞吐率：51.46req/s] [内存消耗：2,153.24kb] [文件加载：83]
[ info ] [ LANG ] /data/www/csgx2/thinkphp/lang/zh-cn.php
[ info ] [ ROUTE ] array (
)
[ info ] [ HEADER ] array (
  'cookie' => 'thinkphp_show_page_trace=0|0; pgv_pvi=2703210496; ASPSESSIONID=vlbd2r8dvkhs7a2c6645vj0b2b; thinkphp_show_page_trace=0|0',
  'accept-language' => 'zh-CN,zh;q=0.9,en;q=0.8,und;q=0.7',
  'accept-encoding' => 'gzip, deflate',
  'referer' => 'http://csgxjk.com/admin/login/',
  'accept' => 'text/html,application/xhtml+xml,application/xml;q=0.9,image/webp,image/apng,*/*;q=0.8,application/signed-exchange;v=b3',
  'user-agent' => 'Mozilla/5.0 (Windows NT 10.0; WOW64) AppleWebKit/537.36 (KHTML, like Gecko) Chrome/74.0.3729.169 Safari/537.36',
  'upgrade-insecure-requests' => '1',
  'connection' => 'keep-alive',
  'host' => 'csgxjk.com',
  'content-type' => '',
  'content-length' => '',
)
[ info ] [ PARAM ] array (
)
[ info ] [ VIEW ] /data/www/csgx2/application/admin/view/login_index.php [ array (
) ]
---------------------------------------------------------------
[2019-05-26T17:11:17+08:00] 106.120.98.190 POST csgxjk.com/admin/login/login.html
[运行时间：0.041133s] [吞吐率：24.31req/s] [内存消耗：3,384.98kb] [文件加载：97]
[ info ] [ LANG ] /data/www/csgx2/thinkphp/lang/zh-cn.php
[ info ] [ ROUTE ] array (
)
[ info ] [ HEADER ] array (
  'cookie' => 'thinkphp_show_page_trace=0|0; pgv_pvi=2703210496; ASPSESSIONID=vlbd2r8dvkhs7a2c6645vj0b2b; thinkphp_show_page_trace=0|0',
  'accept-language' => 'zh-CN,zh;q=0.9,en;q=0.8,und;q=0.7',
  'accept-encoding' => 'gzip, deflate',
  'referer' => 'http://csgxjk.com/admin/login/',
  'content-type' => 'application/x-www-form-urlencoded; charset=UTF-8',
  'user-agent' => 'Mozilla/5.0 (Windows NT 10.0; WOW64) AppleWebKit/537.36 (KHTML, like Gecko) Chrome/74.0.3729.169 Safari/537.36',
  'x-requested-with' => 'XMLHttpRequest',
  'origin' => 'http://csgxjk.com',
  'accept' => '*/*',
  'content-length' => '30',
  'connection' => 'keep-alive',
  'host' => 'csgxjk.com',
)
[ info ] [ PARAM ] array (
  'username' => 'admin',
  'password' => '111111',
)
[ info ] [ DB ] INIT mysql
[ sql ] [ DB ] CONNECT:[ UseTime:0.000455s ] mysql:host=127.0.0.1;port=3306;dbname=liangzi;charset=utf8
[ sql ] [ SQL ] SHOW COLUMNS FROM `bg_admin` [ RunTime:0.001390s ]
[ sql ] [ SQL ] SELECT * FROM `bg_admin` WHERE  `username` = 'admin' LIMIT 1 [ RunTime:0.000367s ]
[ sql ] [ SQL ] SHOW COLUMNS FROM `bg_log` [ RunTime:0.001057s ]
[ sql ] [ SQL ] INSERT INTO `bg_log` (`userid` , `username` , `ip` , `time`) VALUES (1 , 'admin' , '106.120.98.190' , 1558861877) [ RunTime:0.000341s ]
[ sql ] [ SQL ] SHOW COLUMNS FROM `bg_role` [ RunTime:0.001015s ]
[ sql ] [ SQL ] SELECT `power` FROM `bg_role` WHERE  `id` = 1 LIMIT 1 [ RunTime:0.000280s ]
[ sql ] [ SQL ] SHOW COLUMNS FROM `bg_menu` [ RunTime:0.001023s ]
[ sql ] [ SQL ] SELECT `id`,`router` FROM `bg_menu` WHERE  (  router <> ''  ) [ RunTime:0.000276s ]
[ sql ] [ SQL ] SELECT `power` FROM `bg_role` WHERE  `id` = 1 LIMIT 1 [ RunTime:0.000248s ]
[ sql ] [ SQL ] select id,name,router,pid,menuIcon from bg_menu where isMenu&1 order by pid asc, orderNumber asc [ RunTime:0.000316s ]
---------------------------------------------------------------
[2019-05-26T17:11:18+08:00] 106.120.98.190 GET csgxjk.com/admin/login/admin.html
[运行时间：0.017414s] [吞吐率：57.42req/s] [内存消耗：2,138.23kb] [文件加载：81]
[ info ] [ LANG ] /data/www/csgx2/thinkphp/lang/zh-cn.php
[ info ] [ ROUTE ] array (
)
[ info ] [ HEADER ] array (
  'cookie' => 'thinkphp_show_page_trace=0|0; pgv_pvi=2703210496; ASPSESSIONID=vlbd2r8dvkhs7a2c6645vj0b2b; thinkphp_show_page_trace=0|0',
  'accept-language' => 'zh-CN,zh;q=0.9,en;q=0.8,und;q=0.7',
  'accept-encoding' => 'gzip, deflate',
  'referer' => 'http://csgxjk.com/admin/login/',
  'accept' => 'text/html,application/xhtml+xml,application/xml;q=0.9,image/webp,image/apng,*/*;q=0.8,application/signed-exchange;v=b3',
  'user-agent' => 'Mozilla/5.0 (Windows NT 10.0; WOW64) AppleWebKit/537.36 (KHTML, like Gecko) Chrome/74.0.3729.169 Safari/537.36',
  'upgrade-insecure-requests' => '1',
  'connection' => 'keep-alive',
  'host' => 'csgxjk.com',
  'content-type' => '',
  'content-length' => '',
)
[ info ] [ PARAM ] array (
)
---------------------------------------------------------------
[2019-05-26T17:11:18+08:00] 106.120.98.190 GET csgxjk.com/admin/login/index.html
[运行时间：0.017432s] [吞吐率：57.37req/s] [内存消耗：2,142.67kb] [文件加载：82]
[ info ] [ LANG ] /data/www/csgx2/thinkphp/lang/zh-cn.php
[ info ] [ ROUTE ] array (
)
[ info ] [ HEADER ] array (
  'cookie' => 'thinkphp_show_page_trace=0|0; pgv_pvi=2703210496; ASPSESSIONID=vlbd2r8dvkhs7a2c6645vj0b2b; thinkphp_show_page_trace=0|0',
  'accept-language' => 'zh-CN,zh;q=0.9,en;q=0.8,und;q=0.7',
  'accept-encoding' => 'gzip, deflate',
  'referer' => 'http://csgxjk.com/admin/login/',
  'accept' => 'text/html,application/xhtml+xml,application/xml;q=0.9,image/webp,image/apng,*/*;q=0.8,application/signed-exchange;v=b3',
  'user-agent' => 'Mozilla/5.0 (Windows NT 10.0; WOW64) AppleWebKit/537.36 (KHTML, like Gecko) Chrome/74.0.3729.169 Safari/537.36',
  'upgrade-insecure-requests' => '1',
  'connection' => 'keep-alive',
  'host' => 'csgxjk.com',
  'content-type' => '',
  'content-length' => '',
)
[ info ] [ PARAM ] array (
)
---------------------------------------------------------------
[2019-05-26T17:11:18+08:00] 106.120.98.190 GET csgxjk.com/admin/index/index.html
[运行时间：0.018755s] [吞吐率：53.32req/s] [内存消耗：2,180.46kb] [文件加载：84]
[ info ] [ LANG ] /data/www/csgx2/thinkphp/lang/zh-cn.php
[ info ] [ ROUTE ] array (
)
[ info ] [ HEADER ] array (
  'cookie' => 'pgv_pvi=2703210496; ASPSESSIONID=vlbd2r8dvkhs7a2c6645vj0b2b; thinkphp_show_page_trace=0|0',
  'accept-language' => 'zh-CN,zh;q=0.9,en;q=0.8,und;q=0.7',
  'accept-encoding' => 'gzip, deflate',
  'referer' => 'http://csgxjk.com/admin/login/',
  'accept' => 'text/html,application/xhtml+xml,application/xml;q=0.9,image/webp,image/apng,*/*;q=0.8,application/signed-exchange;v=b3',
  'user-agent' => 'Mozilla/5.0 (Windows NT 10.0; WOW64) AppleWebKit/537.36 (KHTML, like Gecko) Chrome/74.0.3729.169 Safari/537.36',
  'upgrade-insecure-requests' => '1',
  'connection' => 'keep-alive',
  'host' => 'csgxjk.com',
  'content-type' => '',
  'content-length' => '',
)
[ info ] [ PARAM ] array (
)
[ info ] [ VIEW ] /data/www/csgx2/application/admin/view/index_index.php [ array (
  0 => 'userinfo',
  1 => 'menu',
) ]
---------------------------------------------------------------
[2019-05-26T17:11:18+08:00] 106.120.98.190 GET csgxjk.com/admin/dashboard/welcome.html
[运行时间：0.027798s] [吞吐率：35.97req/s] [内存消耗：3,095.37kb] [文件加载：90]
[ info ] [ LANG ] /data/www/csgx2/thinkphp/lang/zh-cn.php
[ info ] [ ROUTE ] array (
)
[ info ] [ HEADER ] array (
  'cookie' => 'pgv_pvi=2703210496; ASPSESSIONID=vlbd2r8dvkhs7a2c6645vj0b2b; thinkphp_show_page_trace=0|0',
  'accept-language' => 'zh-CN,zh;q=0.9,en;q=0.8,und;q=0.7',
  'accept-encoding' => 'gzip, deflate',
  'referer' => 'http://csgxjk.com/admin/index/index.html',
  'accept' => 'text/html,application/xhtml+xml,application/xml;q=0.9,image/webp,image/apng,*/*;q=0.8,application/signed-exchange;v=b3',
  'user-agent' => 'Mozilla/5.0 (Windows NT 10.0; WOW64) AppleWebKit/537.36 (KHTML, like Gecko) Chrome/74.0.3729.169 Safari/537.36',
  'upgrade-insecure-requests' => '1',
  'connection' => 'keep-alive',
  'host' => 'csgxjk.com',
  'content-type' => '',
  'content-length' => '',
)
[ info ] [ PARAM ] array (
)
[ info ] [ DB ] INIT mysql
[ info ] [ VIEW ] /data/www/csgx2/application/admin/view/dashboard_welcome.php [ array (
  0 => 'username',
  1 => 'web_site',
  2 => 'all_nav',
) ]
[ sql ] [ DB ] CONNECT:[ UseTime:0.000466s ] mysql:host=127.0.0.1;port=3306;dbname=liangzi;charset=utf8
[ sql ] [ SQL ] SHOW COLUMNS FROM `bg_category` [ RunTime:0.001418s ]
[ sql ] [ SQL ] SELECT * FROM `bg_category` [ RunTime:0.000383s ]
---------------------------------------------------------------
[2019-05-26T17:11:21+08:00] 106.120.98.190 GET csgxjk.com/admin/device/index.html
[运行时间：0.035936s] [吞吐率：27.83req/s] [内存消耗：3,710.01kb] [文件加载：102]
[ info ] [ LANG ] /data/www/csgx2/thinkphp/lang/zh-cn.php
[ info ] [ ROUTE ] array (
)
[ info ] [ HEADER ] array (
  'cookie' => 'pgv_pvi=2703210496; ASPSESSIONID=vlbd2r8dvkhs7a2c6645vj0b2b; thinkphp_show_page_trace=0|0',
  'accept-language' => 'zh-CN,zh;q=0.9,en;q=0.8,und;q=0.7',
  'accept-encoding' => 'gzip, deflate',
  'referer' => 'http://csgxjk.com/admin/index/index.html',
  'accept' => 'text/html,application/xhtml+xml,application/xml;q=0.9,image/webp,image/apng,*/*;q=0.8,application/signed-exchange;v=b3',
  'user-agent' => 'Mozilla/5.0 (Windows NT 10.0; WOW64) AppleWebKit/537.36 (KHTML, like Gecko) Chrome/74.0.3729.169 Safari/537.36',
  'upgrade-insecure-requests' => '1',
  'connection' => 'keep-alive',
  'host' => 'csgxjk.com',
  'content-type' => '',
  'content-length' => '',
)
[ info ] [ PARAM ] array (
)
[ info ] [ DB ] INIT mysql
[ info ] [ VIEW ] /data/www/csgx2/application/admin/view/device_index.php [ array (
  0 => 'username',
  1 => 'web_site',
  2 => 'all_nav',
  3 => 'objarr',
  4 => 'devtype',
) ]
[ sql ] [ DB ] CONNECT:[ UseTime:0.000551s ] mysql:host=127.0.0.1;port=3306;dbname=liangzi;charset=utf8
[ sql ] [ SQL ] SHOW COLUMNS FROM `bg_category` [ RunTime:0.001536s ]
[ sql ] [ SQL ] SELECT * FROM `bg_category` [ RunTime:0.000380s ]
[ sql ] [ SQL ] SHOW COLUMNS FROM `h_meal` [ RunTime:0.001112s ]
[ sql ] [ SQL ] SELECT * FROM `h_meal` [ RunTime:0.000267s ]
[ sql ] [ SQL ] SHOW COLUMNS FROM `bg_devtype` [ RunTime:0.001012s ]
[ sql ] [ SQL ] SELECT * FROM `bg_devtype` [ RunTime:0.000278s ]
---------------------------------------------------------------
[2019-05-26T17:11:22+08:00] 106.120.98.190 POST csgxjk.com/admin/device/index.html
[运行时间：0.033220s] [吞吐率：30.10req/s] [内存消耗：3,662.80kb] [文件加载：102]
[ info ] [ LANG ] /data/www/csgx2/thinkphp/lang/zh-cn.php
[ info ] [ ROUTE ] array (
)
[ info ] [ HEADER ] array (
  'cookie' => 'thinkphp_show_page_trace=0|0; pgv_pvi=2703210496; ASPSESSIONID=vlbd2r8dvkhs7a2c6645vj0b2b; thinkphp_show_page_trace=0|0',
  'accept-language' => 'zh-CN,zh;q=0.9,en;q=0.8,und;q=0.7',
  'accept-encoding' => 'gzip, deflate',
  'referer' => 'http://csgxjk.com/admin/device/index.html',
  'content-type' => 'application/x-www-form-urlencoded; charset=UTF-8',
  'user-agent' => 'Mozilla/5.0 (Windows NT 10.0; WOW64) AppleWebKit/537.36 (KHTML, like Gecko) Chrome/74.0.3729.169 Safari/537.36',
  'x-requested-with' => 'XMLHttpRequest',
  'origin' => 'http://csgxjk.com',
  'accept' => 'application/json, text/javascript, */*; q=0.01',
  'content-length' => '15',
  'connection' => 'keep-alive',
  'host' => 'csgxjk.com',
)
[ info ] [ PARAM ] array (
  'page' => '1',
  'limit' => '10',
)
[ info ] [ DB ] INIT mysql
[ sql ] [ DB ] CONNECT:[ UseTime:0.000505s ] mysql:host=127.0.0.1;port=3306;dbname=liangzi;charset=utf8
[ sql ] [ SQL ] SHOW COLUMNS FROM `bg_category` [ RunTime:0.001439s ]
[ sql ] [ SQL ] SELECT * FROM `bg_category` [ RunTime:0.000379s ]
[ sql ] [ SQL ] SHOW COLUMNS FROM `bg_device` [ RunTime:0.001054s ]
[ sql ] [ SQL ] SELECT SQL_CALC_FOUND_ROWS * FROM `bg_device` WHERE  ( 1=1 ) ORDER BY `id` DESC LIMIT 0,10 [ RunTime:0.000314s ]
[ sql ] [ SQL ] select found_rows() as coun [ RunTime:0.000175s ]
---------------------------------------------------------------
[2019-05-26T17:11:24+08:00] 106.120.98.190 GET csgxjk.com/admin/device/index.html
[运行时间：0.035513s] [吞吐率：28.16req/s] [内存消耗：3,710.30kb] [文件加载：102]
[ info ] [ LANG ] /data/www/csgx2/thinkphp/lang/zh-cn.php
[ info ] [ ROUTE ] array (
)
[ info ] [ HEADER ] array (
  'cookie' => 'thinkphp_show_page_trace=0|0; pgv_pvi=2703210496; ASPSESSIONID=vlbd2r8dvkhs7a2c6645vj0b2b; thinkphp_show_page_trace=0|0',
  'accept-language' => 'zh-CN,zh;q=0.9,en;q=0.8,und;q=0.7',
  'accept-encoding' => 'gzip, deflate',
  'referer' => 'http://csgxjk.com/admin/device/index.html',
  'accept' => 'text/html,application/xhtml+xml,application/xml;q=0.9,image/webp,image/apng,*/*;q=0.8,application/signed-exchange;v=b3',
  'user-agent' => 'Mozilla/5.0 (Windows NT 10.0; WOW64) AppleWebKit/537.36 (KHTML, like Gecko) Chrome/74.0.3729.169 Safari/537.36',
  'upgrade-insecure-requests' => '1',
  'cache-control' => 'max-age=0',
  'connection' => 'keep-alive',
  'host' => 'csgxjk.com',
  'content-type' => '',
  'content-length' => '',
)
[ info ] [ PARAM ] array (
)
[ info ] [ DB ] INIT mysql
[ info ] [ VIEW ] /data/www/csgx2/application/admin/view/device_index.php [ array (
  0 => 'username',
  1 => 'web_site',
  2 => 'all_nav',
  3 => 'objarr',
  4 => 'devtype',
) ]
[ sql ] [ DB ] CONNECT:[ UseTime:0.000523s ] mysql:host=127.0.0.1;port=3306;dbname=liangzi;charset=utf8
[ sql ] [ SQL ] SHOW COLUMNS FROM `bg_category` [ RunTime:0.001529s ]
[ sql ] [ SQL ] SELECT * FROM `bg_category` [ RunTime:0.000389s ]
[ sql ] [ SQL ] SHOW COLUMNS FROM `h_meal` [ RunTime:0.001103s ]
[ sql ] [ SQL ] SELECT * FROM `h_meal` [ RunTime:0.000274s ]
[ sql ] [ SQL ] SHOW COLUMNS FROM `bg_devtype` [ RunTime:0.001003s ]
[ sql ] [ SQL ] SELECT * FROM `bg_devtype` [ RunTime:0.000276s ]
---------------------------------------------------------------
[2019-05-26T17:11:24+08:00] 106.120.98.190 POST csgxjk.com/admin/device/index.html
[运行时间：0.033477s] [吞吐率：29.87req/s] [内存消耗：3,662.80kb] [文件加载：102]
[ info ] [ LANG ] /data/www/csgx2/thinkphp/lang/zh-cn.php
[ info ] [ ROUTE ] array (
)
[ info ] [ HEADER ] array (
  'cookie' => 'thinkphp_show_page_trace=0|0; pgv_pvi=2703210496; ASPSESSIONID=vlbd2r8dvkhs7a2c6645vj0b2b; thinkphp_show_page_trace=0|0',
  'accept-language' => 'zh-CN,zh;q=0.9,en;q=0.8,und;q=0.7',
  'accept-encoding' => 'gzip, deflate',
  'referer' => 'http://csgxjk.com/admin/device/index.html',
  'content-type' => 'application/x-www-form-urlencoded; charset=UTF-8',
  'user-agent' => 'Mozilla/5.0 (Windows NT 10.0; WOW64) AppleWebKit/537.36 (KHTML, like Gecko) Chrome/74.0.3729.169 Safari/537.36',
  'x-requested-with' => 'XMLHttpRequest',
  'origin' => 'http://csgxjk.com',
  'accept' => 'application/json, text/javascript, */*; q=0.01',
  'content-length' => '15',
  'connection' => 'keep-alive',
  'host' => 'csgxjk.com',
)
[ info ] [ PARAM ] array (
  'page' => '1',
  'limit' => '10',
)
[ info ] [ DB ] INIT mysql
[ sql ] [ DB ] CONNECT:[ UseTime:0.000490s ] mysql:host=127.0.0.1;port=3306;dbname=liangzi;charset=utf8
[ sql ] [ SQL ] SHOW COLUMNS FROM `bg_category` [ RunTime:0.001477s ]
[ sql ] [ SQL ] SELECT * FROM `bg_category` [ RunTime:0.000382s ]
[ sql ] [ SQL ] SHOW COLUMNS FROM `bg_device` [ RunTime:0.001070s ]
[ sql ] [ SQL ] SELECT SQL_CALC_FOUND_ROWS * FROM `bg_device` WHERE  ( 1=1 ) ORDER BY `id` DESC LIMIT 0,10 [ RunTime:0.000313s ]
[ sql ] [ SQL ] select found_rows() as coun [ RunTime:0.000175s ]
---------------------------------------------------------------
[2019-05-26T17:11:28+08:00] 106.120.98.190 GET csgxjk.com/admin/device/index.html
[运行时间：0.034605s] [吞吐率：28.90req/s] [内存消耗：3,710.30kb] [文件加载：102]
[ info ] [ LANG ] /data/www/csgx2/thinkphp/lang/zh-cn.php
[ info ] [ ROUTE ] array (
)
[ info ] [ HEADER ] array (
  'cookie' => 'thinkphp_show_page_trace=0|0; pgv_pvi=2703210496; ASPSESSIONID=vlbd2r8dvkhs7a2c6645vj0b2b; thinkphp_show_page_trace=0|0',
  'accept-language' => 'zh-CN,zh;q=0.9,en;q=0.8,und;q=0.7',
  'accept-encoding' => 'gzip, deflate',
  'referer' => 'http://csgxjk.com/admin/device/index.html',
  'accept' => 'text/html,application/xhtml+xml,application/xml;q=0.9,image/webp,image/apng,*/*;q=0.8,application/signed-exchange;v=b3',
  'user-agent' => 'Mozilla/5.0 (Windows NT 10.0; WOW64) AppleWebKit/537.36 (KHTML, like Gecko) Chrome/74.0.3729.169 Safari/537.36',
  'upgrade-insecure-requests' => '1',
  'cache-control' => 'max-age=0',
  'connection' => 'keep-alive',
  'host' => 'csgxjk.com',
  'content-type' => '',
  'content-length' => '',
)
[ info ] [ PARAM ] array (
)
[ info ] [ DB ] INIT mysql
[ info ] [ VIEW ] /data/www/csgx2/application/admin/view/device_index.php [ array (
  0 => 'username',
  1 => 'web_site',
  2 => 'all_nav',
  3 => 'objarr',
  4 => 'devtype',
) ]
[ sql ] [ DB ] CONNECT:[ UseTime:0.000537s ] mysql:host=127.0.0.1;port=3306;dbname=liangzi;charset=utf8
[ sql ] [ SQL ] SHOW COLUMNS FROM `bg_category` [ RunTime:0.001503s ]
[ sql ] [ SQL ] SELECT * FROM `bg_category` [ RunTime:0.000380s ]
[ sql ] [ SQL ] SHOW COLUMNS FROM `h_meal` [ RunTime:0.001078s ]
[ sql ] [ SQL ] SELECT * FROM `h_meal` [ RunTime:0.000301s ]
[ sql ] [ SQL ] SHOW COLUMNS FROM `bg_devtype` [ RunTime:0.000999s ]
[ sql ] [ SQL ] SELECT * FROM `bg_devtype` [ RunTime:0.000262s ]
---------------------------------------------------------------
[2019-05-26T17:11:29+08:00] 106.120.98.190 POST csgxjk.com/admin/device/index.html
[运行时间：0.033556s] [吞吐率：29.80req/s] [内存消耗：3,662.80kb] [文件加载：102]
[ info ] [ LANG ] /data/www/csgx2/thinkphp/lang/zh-cn.php
[ info ] [ ROUTE ] array (
)
[ info ] [ HEADER ] array (
  'cookie' => 'thinkphp_show_page_trace=0|0; pgv_pvi=2703210496; ASPSESSIONID=vlbd2r8dvkhs7a2c6645vj0b2b; thinkphp_show_page_trace=0|0',
  'accept-language' => 'zh-CN,zh;q=0.9,en;q=0.8,und;q=0.7',
  'accept-encoding' => 'gzip, deflate',
  'referer' => 'http://csgxjk.com/admin/device/index.html',
  'content-type' => 'application/x-www-form-urlencoded; charset=UTF-8',
  'user-agent' => 'Mozilla/5.0 (Windows NT 10.0; WOW64) AppleWebKit/537.36 (KHTML, like Gecko) Chrome/74.0.3729.169 Safari/537.36',
  'x-requested-with' => 'XMLHttpRequest',
  'origin' => 'http://csgxjk.com',
  'accept' => 'application/json, text/javascript, */*; q=0.01',
  'content-length' => '15',
  'connection' => 'keep-alive',
  'host' => 'csgxjk.com',
)
[ info ] [ PARAM ] array (
  'page' => '1',
  'limit' => '10',
)
[ info ] [ DB ] INIT mysql
[ sql ] [ DB ] CONNECT:[ UseTime:0.000526s ] mysql:host=127.0.0.1;port=3306;dbname=liangzi;charset=utf8
[ sql ] [ SQL ] SHOW COLUMNS FROM `bg_category` [ RunTime:0.001523s ]
[ sql ] [ SQL ] SELECT * FROM `bg_category` [ RunTime:0.000383s ]
[ sql ] [ SQL ] SHOW COLUMNS FROM `bg_device` [ RunTime:0.001096s ]
[ sql ] [ SQL ] SELECT SQL_CALC_FOUND_ROWS * FROM `bg_device` WHERE  ( 1=1 ) ORDER BY `id` DESC LIMIT 0,10 [ RunTime:0.000341s ]
[ sql ] [ SQL ] select found_rows() as coun [ RunTime:0.000199s ]
---------------------------------------------------------------
[2019-05-26T17:11:43+08:00] 106.120.98.190 GET csgxjk.com/admin/device/index.html
[运行时间：0.035286s] [吞吐率：28.34req/s] [内存消耗：3,710.30kb] [文件加载：102]
[ info ] [ LANG ] /data/www/csgx2/thinkphp/lang/zh-cn.php
[ info ] [ ROUTE ] array (
)
[ info ] [ HEADER ] array (
  'cookie' => 'thinkphp_show_page_trace=0|0; pgv_pvi=2703210496; ASPSESSIONID=vlbd2r8dvkhs7a2c6645vj0b2b; thinkphp_show_page_trace=0|0',
  'accept-language' => 'zh-CN,zh;q=0.9,en;q=0.8,und;q=0.7',
  'accept-encoding' => 'gzip, deflate',
  'referer' => 'http://csgxjk.com/admin/device/index.html',
  'accept' => 'text/html,application/xhtml+xml,application/xml;q=0.9,image/webp,image/apng,*/*;q=0.8,application/signed-exchange;v=b3',
  'user-agent' => 'Mozilla/5.0 (Windows NT 10.0; WOW64) AppleWebKit/537.36 (KHTML, like Gecko) Chrome/74.0.3729.169 Safari/537.36',
  'upgrade-insecure-requests' => '1',
  'cache-control' => 'max-age=0',
  'connection' => 'keep-alive',
  'host' => 'csgxjk.com',
  'content-type' => '',
  'content-length' => '',
)
[ info ] [ PARAM ] array (
)
[ info ] [ DB ] INIT mysql
[ info ] [ VIEW ] /data/www/csgx2/application/admin/view/device_index.php [ array (
  0 => 'username',
  1 => 'web_site',
  2 => 'all_nav',
  3 => 'objarr',
  4 => 'devtype',
) ]
[ sql ] [ DB ] CONNECT:[ UseTime:0.000498s ] mysql:host=127.0.0.1;port=3306;dbname=liangzi;charset=utf8
[ sql ] [ SQL ] SHOW COLUMNS FROM `bg_category` [ RunTime:0.001513s ]
[ sql ] [ SQL ] SELECT * FROM `bg_category` [ RunTime:0.000376s ]
[ sql ] [ SQL ] SHOW COLUMNS FROM `h_meal` [ RunTime:0.001073s ]
[ sql ] [ SQL ] SELECT * FROM `h_meal` [ RunTime:0.000275s ]
[ sql ] [ SQL ] SHOW COLUMNS FROM `bg_devtype` [ RunTime:0.000992s ]
[ sql ] [ SQL ] SELECT * FROM `bg_devtype` [ RunTime:0.000263s ]
---------------------------------------------------------------
[2019-05-26T17:11:43+08:00] 106.120.98.190 POST csgxjk.com/admin/device/index.html
[运行时间：0.034305s] [吞吐率：29.15req/s] [内存消耗：3,662.80kb] [文件加载：102]
[ info ] [ LANG ] /data/www/csgx2/thinkphp/lang/zh-cn.php
[ info ] [ ROUTE ] array (
)
[ info ] [ HEADER ] array (
  'cookie' => 'thinkphp_show_page_trace=0|0; pgv_pvi=2703210496; ASPSESSIONID=vlbd2r8dvkhs7a2c6645vj0b2b; thinkphp_show_page_trace=0|0',
  'accept-language' => 'zh-CN,zh;q=0.9,en;q=0.8,und;q=0.7',
  'accept-encoding' => 'gzip, deflate',
  'referer' => 'http://csgxjk.com/admin/device/index.html',
  'content-type' => 'application/x-www-form-urlencoded; charset=UTF-8',
  'user-agent' => 'Mozilla/5.0 (Windows NT 10.0; WOW64) AppleWebKit/537.36 (KHTML, like Gecko) Chrome/74.0.3729.169 Safari/537.36',
  'x-requested-with' => 'XMLHttpRequest',
  'origin' => 'http://csgxjk.com',
  'accept' => 'application/json, text/javascript, */*; q=0.01',
  'content-length' => '15',
  'connection' => 'keep-alive',
  'host' => 'csgxjk.com',
)
[ info ] [ PARAM ] array (
  'page' => '1',
  'limit' => '10',
)
[ info ] [ DB ] INIT mysql
[ sql ] [ DB ] CONNECT:[ UseTime:0.000539s ] mysql:host=127.0.0.1;port=3306;dbname=liangzi;charset=utf8
[ sql ] [ SQL ] SHOW COLUMNS FROM `bg_category` [ RunTime:0.001509s ]
[ sql ] [ SQL ] SELECT * FROM `bg_category` [ RunTime:0.000370s ]
[ sql ] [ SQL ] SHOW COLUMNS FROM `bg_device` [ RunTime:0.001174s ]
[ sql ] [ SQL ] SELECT SQL_CALC_FOUND_ROWS * FROM `bg_device` WHERE  ( 1=1 ) ORDER BY `id` DESC LIMIT 0,10 [ RunTime:0.000360s ]
[ sql ] [ SQL ] select found_rows() as coun [ RunTime:0.000204s ]
---------------------------------------------------------------
[2019-05-26T17:11:58+08:00] 106.120.98.190 POST csgxjk.com/admin/device/work.html
[运行时间：0.033827s] [吞吐率：29.56req/s] [内存消耗：3,590.52kb] [文件加载：99]
[ info ] [ LANG ] /data/www/csgx2/thinkphp/lang/zh-cn.php
[ info ] [ ROUTE ] array (
)
[ info ] [ HEADER ] array (
  'cookie' => 'thinkphp_show_page_trace=0|0; pgv_pvi=2703210496; ASPSESSIONID=vlbd2r8dvkhs7a2c6645vj0b2b; thinkphp_show_page_trace=0|0',
  'accept-language' => 'zh-CN,zh;q=0.9,en;q=0.8,und;q=0.7',
  'accept-encoding' => 'gzip, deflate',
  'referer' => 'http://csgxjk.com/admin/device/index.html',
  'content-type' => 'application/x-www-form-urlencoded; charset=UTF-8',
  'user-agent' => 'Mozilla/5.0 (Windows NT 10.0; WOW64) AppleWebKit/537.36 (KHTML, like Gecko) Chrome/74.0.3729.169 Safari/537.36',
  'x-requested-with' => 'XMLHttpRequest',
  'origin' => 'http://csgxjk.com',
  'accept' => 'application/json, text/javascript, */*; q=0.01',
  'content-length' => '25',
  'connection' => 'keep-alive',
  'host' => 'csgxjk.com',
)
[ info ] [ PARAM ] array (
  'id' => '16',
  'type' => 'start',
  'long' => '200',
)
[ info ] [ DB ] INIT mysql
[ sql ] [ DB ] CONNECT:[ UseTime:0.000580s ] mysql:host=127.0.0.1;port=3306;dbname=liangzi;charset=utf8
[ sql ] [ SQL ] SHOW COLUMNS FROM `bg_category` [ RunTime:0.001520s ]
[ sql ] [ SQL ] SELECT * FROM `bg_category` [ RunTime:0.000404s ]
[ sql ] [ SQL ] SHOW COLUMNS FROM `bg_device` [ RunTime:0.001117s ]
[ sql ] [ SQL ] SELECT `imei` FROM `bg_device` WHERE  ( id=16 ) LIMIT 1 [ RunTime:0.000284s ]
---------------------------------------------------------------
[2019-05-26T17:12:11+08:00] 106.120.98.190 POST csgxjk.com/admin/device/work.html
[运行时间：0.032037s] [吞吐率：31.21req/s] [内存消耗：3,590.52kb] [文件加载：99]
[ info ] [ LANG ] /data/www/csgx2/thinkphp/lang/zh-cn.php
[ info ] [ ROUTE ] array (
)
[ info ] [ HEADER ] array (
  'cookie' => 'thinkphp_show_page_trace=0|0; pgv_pvi=2703210496; ASPSESSIONID=vlbd2r8dvkhs7a2c6645vj0b2b; thinkphp_show_page_trace=0|0',
  'accept-language' => 'zh-CN,zh;q=0.9,en;q=0.8,und;q=0.7',
  'accept-encoding' => 'gzip, deflate',
  'referer' => 'http://csgxjk.com/admin/device/index.html',
  'content-type' => 'application/x-www-form-urlencoded; charset=UTF-8',
  'user-agent' => 'Mozilla/5.0 (Windows NT 10.0; WOW64) AppleWebKit/537.36 (KHTML, like Gecko) Chrome/74.0.3729.169 Safari/537.36',
  'x-requested-with' => 'XMLHttpRequest',
  'origin' => 'http://csgxjk.com',
  'accept' => 'application/json, text/javascript, */*; q=0.01',
  'content-length' => '25',
  'connection' => 'keep-alive',
  'host' => 'csgxjk.com',
)
[ info ] [ PARAM ] array (
  'id' => '16',
  'type' => 'start',
  'long' => '200',
)
[ info ] [ DB ] INIT mysql
[ sql ] [ DB ] CONNECT:[ UseTime:0.000473s ] mysql:host=127.0.0.1;port=3306;dbname=liangzi;charset=utf8
[ sql ] [ SQL ] SHOW COLUMNS FROM `bg_category` [ RunTime:0.001497s ]
[ sql ] [ SQL ] SELECT * FROM `bg_category` [ RunTime:0.000387s ]
[ sql ] [ SQL ] SHOW COLUMNS FROM `bg_device` [ RunTime:0.001136s ]
[ sql ] [ SQL ] SELECT `imei` FROM `bg_device` WHERE  ( id=16 ) LIMIT 1 [ RunTime:0.000284s ]
---------------------------------------------------------------
[2019-05-26T17:31:16+08:00] 125.26.169.159 GET 39.96.87.22:80/
[运行时间：0.016711s] [吞吐率：59.84req/s] [内存消耗：1,983.19kb] [文件加载：70]
[ info ] [ LANG ] /data/www/csgx2/thinkphp/lang/zh-cn.php
[ info ] [ ROUTE ] array (
)
[ info ] [ HEADER ] array (
  'content-length' => '0',
  'user-agent' => 'Mozilla/5.0 (Windows NT 6.1; WOW64) AppleWebKit/537.36 (KHTML, like Gecko) Chrome/51.0.2704.103 Safari/537.36',
  'host' => '39.96.87.22:80',
  'content-type' => '',
)
[ info ] [ PARAM ] array (
)
---------------------------------------------------------------
[2019-05-26T17:33:15+08:00] 106.120.98.190 GET csgxjk.com/admin/device/index.html
[运行时间：0.035414s] [吞吐率：28.24req/s] [内存消耗：3,709.98kb] [文件加载：102]
[ info ] [ LANG ] /data/www/csgx2/thinkphp/lang/zh-cn.php
[ info ] [ ROUTE ] array (
)
[ info ] [ HEADER ] array (
  'cookie' => 'thinkphp_show_page_trace=0|0; pgv_pvi=2703210496; ASPSESSIONID=vlbd2r8dvkhs7a2c6645vj0b2b; thinkphp_show_page_trace=0|0',
  'accept-language' => 'zh-CN,zh;q=0.9,en;q=0.8,und;q=0.7',
  'accept-encoding' => 'gzip, deflate',
  'accept' => 'text/html,application/xhtml+xml,application/xml;q=0.9,image/webp,image/apng,*/*;q=0.8,application/signed-exchange;v=b3',
  'user-agent' => 'Mozilla/5.0 (Windows NT 10.0; WOW64) AppleWebKit/537.36 (KHTML, like Gecko) Chrome/74.0.3729.169 Safari/537.36',
  'upgrade-insecure-requests' => '1',
  'connection' => 'keep-alive',
  'host' => 'csgxjk.com',
  'content-type' => '',
  'content-length' => '',
)
[ info ] [ PARAM ] array (
)
[ info ] [ DB ] INIT mysql
[ info ] [ VIEW ] /data/www/csgx2/application/admin/view/device_index.php [ array (
  0 => 'username',
  1 => 'web_site',
  2 => 'all_nav',
  3 => 'objarr',
  4 => 'devtype',
) ]
[ sql ] [ DB ] CONNECT:[ UseTime:0.000507s ] mysql:host=127.0.0.1;port=3306;dbname=liangzi;charset=utf8
[ sql ] [ SQL ] SHOW COLUMNS FROM `bg_category` [ RunTime:0.001490s ]
[ sql ] [ SQL ] SELECT * FROM `bg_category` [ RunTime:0.000376s ]
[ sql ] [ SQL ] SHOW COLUMNS FROM `h_meal` [ RunTime:0.001065s ]
[ sql ] [ SQL ] SELECT * FROM `h_meal` [ RunTime:0.000252s ]
[ sql ] [ SQL ] SHOW COLUMNS FROM `bg_devtype` [ RunTime:0.000984s ]
[ sql ] [ SQL ] SELECT * FROM `bg_devtype` [ RunTime:0.000255s ]
---------------------------------------------------------------
[2019-05-26T17:33:19+08:00] 106.120.98.190 GET csgxjk.com/admin/device/index.html
[运行时间：0.035149s] [吞吐率：28.45req/s] [内存消耗：3,710.01kb] [文件加载：102]
[ info ] [ LANG ] /data/www/csgx2/thinkphp/lang/zh-cn.php
[ info ] [ ROUTE ] array (
)
[ info ] [ HEADER ] array (
  'cookie' => 'thinkphp_show_page_trace=0|0; pgv_pvi=2703210496; ASPSESSIONID=vlbd2r8dvkhs7a2c6645vj0b2b; thinkphp_show_page_trace=0|0',
  'accept-language' => 'zh-CN,zh;q=0.9,en;q=0.8,und;q=0.7',
  'accept-encoding' => 'gzip, deflate',
  'referer' => 'http://csgxjk.com/admin/index/index.html',
  'accept' => 'text/html,application/xhtml+xml,application/xml;q=0.9,image/webp,image/apng,*/*;q=0.8,application/signed-exchange;v=b3',
  'user-agent' => 'Mozilla/5.0 (Windows NT 10.0; WOW64) AppleWebKit/537.36 (KHTML, like Gecko) Chrome/74.0.3729.169 Safari/537.36',
  'upgrade-insecure-requests' => '1',
  'connection' => 'keep-alive',
  'host' => 'csgxjk.com',
  'content-type' => '',
  'content-length' => '',
)
[ info ] [ PARAM ] array (
)
[ info ] [ DB ] INIT mysql
[ info ] [ VIEW ] /data/www/csgx2/application/admin/view/device_index.php [ array (
  0 => 'username',
  1 => 'web_site',
  2 => 'all_nav',
  3 => 'objarr',
  4 => 'devtype',
) ]
[ sql ] [ DB ] CONNECT:[ UseTime:0.000524s ] mysql:host=127.0.0.1;port=3306;dbname=liangzi;charset=utf8
[ sql ] [ SQL ] SHOW COLUMNS FROM `bg_category` [ RunTime:0.001482s ]
[ sql ] [ SQL ] SELECT * FROM `bg_category` [ RunTime:0.000382s ]
[ sql ] [ SQL ] SHOW COLUMNS FROM `h_meal` [ RunTime:0.001051s ]
[ sql ] [ SQL ] SELECT * FROM `h_meal` [ RunTime:0.000262s ]
[ sql ] [ SQL ] SHOW COLUMNS FROM `bg_devtype` [ RunTime:0.000991s ]
[ sql ] [ SQL ] SELECT * FROM `bg_devtype` [ RunTime:0.000279s ]
---------------------------------------------------------------
[2019-05-26T17:33:19+08:00] 106.120.98.190 POST csgxjk.com/admin/device/index.html
[运行时间：0.032634s] [吞吐率：30.64req/s] [内存消耗：3,662.80kb] [文件加载：102]
[ info ] [ LANG ] /data/www/csgx2/thinkphp/lang/zh-cn.php
[ info ] [ ROUTE ] array (
)
[ info ] [ HEADER ] array (
  'cookie' => 'thinkphp_show_page_trace=0|0; pgv_pvi=2703210496; ASPSESSIONID=vlbd2r8dvkhs7a2c6645vj0b2b; thinkphp_show_page_trace=0|0',
  'accept-language' => 'zh-CN,zh;q=0.9,en;q=0.8,und;q=0.7',
  'accept-encoding' => 'gzip, deflate',
  'referer' => 'http://csgxjk.com/admin/device/index.html',
  'content-type' => 'application/x-www-form-urlencoded; charset=UTF-8',
  'user-agent' => 'Mozilla/5.0 (Windows NT 10.0; WOW64) AppleWebKit/537.36 (KHTML, like Gecko) Chrome/74.0.3729.169 Safari/537.36',
  'x-requested-with' => 'XMLHttpRequest',
  'origin' => 'http://csgxjk.com',
  'accept' => 'application/json, text/javascript, */*; q=0.01',
  'content-length' => '15',
  'connection' => 'keep-alive',
  'host' => 'csgxjk.com',
)
[ info ] [ PARAM ] array (
  'page' => '1',
  'limit' => '10',
)
[ info ] [ DB ] INIT mysql
[ sql ] [ DB ] CONNECT:[ UseTime:0.000450s ] mysql:host=127.0.0.1;port=3306;dbname=liangzi;charset=utf8
[ sql ] [ SQL ] SHOW COLUMNS FROM `bg_category` [ RunTime:0.001494s ]
[ sql ] [ SQL ] SELECT * FROM `bg_category` [ RunTime:0.000370s ]
[ sql ] [ SQL ] SHOW COLUMNS FROM `bg_device` [ RunTime:0.001094s ]
[ sql ] [ SQL ] SELECT SQL_CALC_FOUND_ROWS * FROM `bg_device` WHERE  ( 1=1 ) ORDER BY `id` DESC LIMIT 0,10 [ RunTime:0.000325s ]
[ sql ] [ SQL ] select found_rows() as coun [ RunTime:0.000179s ]
---------------------------------------------------------------
[2019-05-26T17:33:22+08:00] 106.120.98.190 GET csgxjk.com/admin/device/index.html
[运行时间：0.034938s] [吞吐率：28.62req/s] [内存消耗：3,710.30kb] [文件加载：102]
[ info ] [ LANG ] /data/www/csgx2/thinkphp/lang/zh-cn.php
[ info ] [ ROUTE ] array (
)
[ info ] [ HEADER ] array (
  'cookie' => 'thinkphp_show_page_trace=0|0; pgv_pvi=2703210496; ASPSESSIONID=vlbd2r8dvkhs7a2c6645vj0b2b; thinkphp_show_page_trace=0|0',
  'accept-language' => 'zh-CN,zh;q=0.9,en;q=0.8,und;q=0.7',
  'accept-encoding' => 'gzip, deflate',
  'referer' => 'http://csgxjk.com/admin/device/index.html',
  'accept' => 'text/html,application/xhtml+xml,application/xml;q=0.9,image/webp,image/apng,*/*;q=0.8,application/signed-exchange;v=b3',
  'user-agent' => 'Mozilla/5.0 (Windows NT 10.0; WOW64) AppleWebKit/537.36 (KHTML, like Gecko) Chrome/74.0.3729.169 Safari/537.36',
  'upgrade-insecure-requests' => '1',
  'cache-control' => 'max-age=0',
  'connection' => 'keep-alive',
  'host' => 'csgxjk.com',
  'content-type' => '',
  'content-length' => '',
)
[ info ] [ PARAM ] array (
)
[ info ] [ DB ] INIT mysql
[ info ] [ VIEW ] /data/www/csgx2/application/admin/view/device_index.php [ array (
  0 => 'username',
  1 => 'web_site',
  2 => 'all_nav',
  3 => 'objarr',
  4 => 'devtype',
) ]
[ sql ] [ DB ] CONNECT:[ UseTime:0.000455s ] mysql:host=127.0.0.1;port=3306;dbname=liangzi;charset=utf8
[ sql ] [ SQL ] SHOW COLUMNS FROM `bg_category` [ RunTime:0.001464s ]
[ sql ] [ SQL ] SELECT * FROM `bg_category` [ RunTime:0.000376s ]
[ sql ] [ SQL ] SHOW COLUMNS FROM `h_meal` [ RunTime:0.001060s ]
[ sql ] [ SQL ] SELECT * FROM `h_meal` [ RunTime:0.000265s ]
[ sql ] [ SQL ] SHOW COLUMNS FROM `bg_devtype` [ RunTime:0.000974s ]
[ sql ] [ SQL ] SELECT * FROM `bg_devtype` [ RunTime:0.000274s ]
---------------------------------------------------------------
[2019-05-26T17:33:22+08:00] 106.120.98.190 POST csgxjk.com/admin/device/index.html
[运行时间：0.032844s] [吞吐率：30.45req/s] [内存消耗：3,662.80kb] [文件加载：102]
[ info ] [ LANG ] /data/www/csgx2/thinkphp/lang/zh-cn.php
[ info ] [ ROUTE ] array (
)
[ info ] [ HEADER ] array (
  'cookie' => 'thinkphp_show_page_trace=0|0; pgv_pvi=2703210496; ASPSESSIONID=vlbd2r8dvkhs7a2c6645vj0b2b; thinkphp_show_page_trace=0|0',
  'accept-language' => 'zh-CN,zh;q=0.9,en;q=0.8,und;q=0.7',
  'accept-encoding' => 'gzip, deflate',
  'referer' => 'http://csgxjk.com/admin/device/index.html',
  'content-type' => 'application/x-www-form-urlencoded; charset=UTF-8',
  'user-agent' => 'Mozilla/5.0 (Windows NT 10.0; WOW64) AppleWebKit/537.36 (KHTML, like Gecko) Chrome/74.0.3729.169 Safari/537.36',
  'x-requested-with' => 'XMLHttpRequest',
  'origin' => 'http://csgxjk.com',
  'accept' => 'application/json, text/javascript, */*; q=0.01',
  'content-length' => '15',
  'connection' => 'keep-alive',
  'host' => 'csgxjk.com',
)
[ info ] [ PARAM ] array (
  'page' => '1',
  'limit' => '10',
)
[ info ] [ DB ] INIT mysql
[ sql ] [ DB ] CONNECT:[ UseTime:0.000476s ] mysql:host=127.0.0.1;port=3306;dbname=liangzi;charset=utf8
[ sql ] [ SQL ] SHOW COLUMNS FROM `bg_category` [ RunTime:0.001444s ]
[ sql ] [ SQL ] SELECT * FROM `bg_category` [ RunTime:0.000361s ]
[ sql ] [ SQL ] SHOW COLUMNS FROM `bg_device` [ RunTime:0.001189s ]
[ sql ] [ SQL ] SELECT SQL_CALC_FOUND_ROWS * FROM `bg_device` WHERE  ( 1=1 ) ORDER BY `id` DESC LIMIT 0,10 [ RunTime:0.000335s ]
[ sql ] [ SQL ] select found_rows() as coun [ RunTime:0.000183s ]
---------------------------------------------------------------
[2019-05-26T17:33:38+08:00] 106.120.98.190 GET csgxjk.com/admin/device/index.html
[运行时间：0.035234s] [吞吐率：28.38req/s] [内存消耗：3,710.30kb] [文件加载：102]
[ info ] [ LANG ] /data/www/csgx2/thinkphp/lang/zh-cn.php
[ info ] [ ROUTE ] array (
)
[ info ] [ HEADER ] array (
  'cookie' => 'thinkphp_show_page_trace=0|0; pgv_pvi=2703210496; ASPSESSIONID=vlbd2r8dvkhs7a2c6645vj0b2b; thinkphp_show_page_trace=0|0',
  'accept-language' => 'zh-CN,zh;q=0.9,en;q=0.8,und;q=0.7',
  'accept-encoding' => 'gzip, deflate',
  'referer' => 'http://csgxjk.com/admin/device/index.html',
  'accept' => 'text/html,application/xhtml+xml,application/xml;q=0.9,image/webp,image/apng,*/*;q=0.8,application/signed-exchange;v=b3',
  'user-agent' => 'Mozilla/5.0 (Windows NT 10.0; WOW64) AppleWebKit/537.36 (KHTML, like Gecko) Chrome/74.0.3729.169 Safari/537.36',
  'upgrade-insecure-requests' => '1',
  'cache-control' => 'max-age=0',
  'connection' => 'keep-alive',
  'host' => 'csgxjk.com',
  'content-type' => '',
  'content-length' => '',
)
[ info ] [ PARAM ] array (
)
[ info ] [ DB ] INIT mysql
[ info ] [ VIEW ] /data/www/csgx2/application/admin/view/device_index.php [ array (
  0 => 'username',
  1 => 'web_site',
  2 => 'all_nav',
  3 => 'objarr',
  4 => 'devtype',
) ]
[ sql ] [ DB ] CONNECT:[ UseTime:0.000488s ] mysql:host=127.0.0.1;port=3306;dbname=liangzi;charset=utf8
[ sql ] [ SQL ] SHOW COLUMNS FROM `bg_category` [ RunTime:0.001511s ]
[ sql ] [ SQL ] SELECT * FROM `bg_category` [ RunTime:0.000381s ]
[ sql ] [ SQL ] SHOW COLUMNS FROM `h_meal` [ RunTime:0.001125s ]
[ sql ] [ SQL ] SELECT * FROM `h_meal` [ RunTime:0.000259s ]
[ sql ] [ SQL ] SHOW COLUMNS FROM `bg_devtype` [ RunTime:0.000978s ]
[ sql ] [ SQL ] SELECT * FROM `bg_devtype` [ RunTime:0.000259s ]
---------------------------------------------------------------
[2019-05-26T17:33:38+08:00] 106.120.98.190 POST csgxjk.com/admin/device/index.html
[运行时间：0.033038s] [吞吐率：30.27req/s] [内存消耗：3,662.80kb] [文件加载：102]
[ info ] [ LANG ] /data/www/csgx2/thinkphp/lang/zh-cn.php
[ info ] [ ROUTE ] array (
)
[ info ] [ HEADER ] array (
  'cookie' => 'thinkphp_show_page_trace=0|0; pgv_pvi=2703210496; ASPSESSIONID=vlbd2r8dvkhs7a2c6645vj0b2b; thinkphp_show_page_trace=0|0',
  'accept-language' => 'zh-CN,zh;q=0.9,en;q=0.8,und;q=0.7',
  'accept-encoding' => 'gzip, deflate',
  'referer' => 'http://csgxjk.com/admin/device/index.html',
  'content-type' => 'application/x-www-form-urlencoded; charset=UTF-8',
  'user-agent' => 'Mozilla/5.0 (Windows NT 10.0; WOW64) AppleWebKit/537.36 (KHTML, like Gecko) Chrome/74.0.3729.169 Safari/537.36',
  'x-requested-with' => 'XMLHttpRequest',
  'origin' => 'http://csgxjk.com',
  'accept' => 'application/json, text/javascript, */*; q=0.01',
  'content-length' => '15',
  'connection' => 'keep-alive',
  'host' => 'csgxjk.com',
)
[ info ] [ PARAM ] array (
  'page' => '1',
  'limit' => '10',
)
[ info ] [ DB ] INIT mysql
[ sql ] [ DB ] CONNECT:[ UseTime:0.000469s ] mysql:host=127.0.0.1;port=3306;dbname=liangzi;charset=utf8
[ sql ] [ SQL ] SHOW COLUMNS FROM `bg_category` [ RunTime:0.001461s ]
[ sql ] [ SQL ] SELECT * FROM `bg_category` [ RunTime:0.000389s ]
[ sql ] [ SQL ] SHOW COLUMNS FROM `bg_device` [ RunTime:0.001090s ]
[ sql ] [ SQL ] SELECT SQL_CALC_FOUND_ROWS * FROM `bg_device` WHERE  ( 1=1 ) ORDER BY `id` DESC LIMIT 0,10 [ RunTime:0.000322s ]
[ sql ] [ SQL ] select found_rows() as coun [ RunTime:0.000172s ]
---------------------------------------------------------------
[2019-05-26T17:33:55+08:00] 106.120.98.190 GET csgxjk.com/admin/bill/index.html
[运行时间：0.052317s] [吞吐率：19.11req/s] [内存消耗：3,114.15kb] [文件加载：91]
[ info ] [ LANG ] /data/www/csgx2/thinkphp/lang/zh-cn.php
[ info ] [ ROUTE ] array (
)
[ info ] [ HEADER ] array (
  'cookie' => 'pgv_pvi=2703210496; ASPSESSIONID=vlbd2r8dvkhs7a2c6645vj0b2b; thinkphp_show_page_trace=0|0',
  'accept-language' => 'zh-CN,zh;q=0.9,en;q=0.8,und;q=0.7',
  'accept-encoding' => 'gzip, deflate',
  'referer' => 'http://csgxjk.com/admin/index/index.html',
  'accept' => 'text/html,application/xhtml+xml,application/xml;q=0.9,image/webp,image/apng,*/*;q=0.8,application/signed-exchange;v=b3',
  'user-agent' => 'Mozilla/5.0 (Windows NT 10.0; WOW64) AppleWebKit/537.36 (KHTML, like Gecko) Chrome/74.0.3729.169 Safari/537.36',
  'upgrade-insecure-requests' => '1',
  'connection' => 'keep-alive',
  'host' => 'csgxjk.com',
  'content-type' => '',
  'content-length' => '',
)
[ info ] [ PARAM ] array (
)
[ info ] [ DB ] INIT mysql
[ info ] [ VIEW ] /data/www/csgx2/application/admin/view/bill_index.php [ array (
  0 => 'username',
  1 => 'web_site',
  2 => 'all_nav',
) ]
[ sql ] [ DB ] CONNECT:[ UseTime:0.000465s ] mysql:host=127.0.0.1;port=3306;dbname=liangzi;charset=utf8
[ sql ] [ SQL ] SHOW COLUMNS FROM `bg_category` [ RunTime:0.001444s ]
[ sql ] [ SQL ] SELECT * FROM `bg_category` [ RunTime:0.000489s ]
---------------------------------------------------------------
[2019-05-26T17:33:56+08:00] 106.120.98.190 POST csgxjk.com/admin/bill/index.html
[运行时间：0.040455s] [吞吐率：24.72req/s] [内存消耗：3,642.39kb] [文件加载：100]
[ info ] [ LANG ] /data/www/csgx2/thinkphp/lang/zh-cn.php
[ info ] [ ROUTE ] array (
)
[ info ] [ HEADER ] array (
  'cookie' => 'thinkphp_show_page_trace=0|0; pgv_pvi=2703210496; ASPSESSIONID=vlbd2r8dvkhs7a2c6645vj0b2b; thinkphp_show_page_trace=0|0',
  'accept-language' => 'zh-CN,zh;q=0.9,en;q=0.8,und;q=0.7',
  'accept-encoding' => 'gzip, deflate',
  'referer' => 'http://csgxjk.com/admin/bill/index.html',
  'content-type' => 'application/x-www-form-urlencoded; charset=UTF-8',
  'user-agent' => 'Mozilla/5.0 (Windows NT 10.0; WOW64) AppleWebKit/537.36 (KHTML, like Gecko) Chrome/74.0.3729.169 Safari/537.36',
  'x-requested-with' => 'XMLHttpRequest',
  'origin' => 'http://csgxjk.com',
  'accept' => 'application/json, text/javascript, */*; q=0.01',
  'content-length' => '15',
  'connection' => 'keep-alive',
  'host' => 'csgxjk.com',
)
[ info ] [ PARAM ] array (
  'page' => '1',
  'limit' => '10',
)
[ info ] [ DB ] INIT mysql
[ sql ] [ DB ] CONNECT:[ UseTime:0.000466s ] mysql:host=127.0.0.1;port=3306;dbname=liangzi;charset=utf8
[ sql ] [ SQL ] SHOW COLUMNS FROM `bg_category` [ RunTime:0.001452s ]
[ sql ] [ SQL ] SELECT * FROM `bg_category` [ RunTime:0.000391s ]
[ sql ] [ SQL ] SHOW COLUMNS FROM `h_bill` [ RunTime:0.001234s ]
[ sql ] [ SQL ] SELECT SQL_CALC_FOUND_ROWS * FROM `h_bill` ORDER BY `id` DESC LIMIT 0,10 [ RunTime:0.000316s ]
[ sql ] [ SQL ] select found_rows() as coun [ RunTime:0.000185s ]
---------------------------------------------------------------
[2019-05-26T17:44:54+08:00] 93.94.87.121 GET 39.96.87.22/index.php
[运行时间：0.016763s] [吞吐率：59.66req/s] [内存消耗：1,983.67kb] [文件加载：70]
[ info ] [ LANG ] /data/www/csgx2/thinkphp/lang/zh-cn.php
[ info ] [ ROUTE ] array (
)
[ info ] [ HEADER ] array (
  'connection' => 'Keep-Alive',
  'host' => '39.96.87.22',
  'user-agent' => 'Mozilla/5.0 (Windows NT 6.1; WOW64; rv:18.0) Gecko/20100101 Firefox/18.0',
  'content-type' => 'text/html',
  'accept' => 'text/html, application/xhtml+xml, */*',
  'x-forwarded-for' => '93.94.87.121',
  'client-ip' => '93.94.87.121',
  'content-length' => '',
)
[ info ] [ PARAM ] array (
)
---------------------------------------------------------------
[2019-05-26T17:44:54+08:00] 93.94.87.121 GET 39.96.87.22/phpmyadmin/index.php
[运行时间：0.015155s] [吞吐率：65.98req/s] [内存消耗：1,729.38kb] [文件加载：67]
[ info ] [ LANG ] /data/www/csgx2/thinkphp/lang/zh-cn.php
---------------------------------------------------------------
[2019-05-26T19:13:33+08:00] 194.44.61.241 GET csgxjk.com/
[运行时间：0.016763s] [吞吐率：59.66req/s] [内存消耗：1,983.41kb] [文件加载：70]
[ info ] [ LANG ] /data/www/csgx2/thinkphp/lang/zh-cn.php
[ info ] [ ROUTE ] array (
)
[ info ] [ HEADER ] array (
  'content-type' => 'application/x-www-form-urlencoded',
  'accept' => '*/*',
  'user-agent' => 'Mozilla/5.0 (Windows NT 10.0; Win64; x64) AppleWebKit/537.36 (KHTML, like Gecko) Chrome/71.0.3578.98 Safari/537.36',
  'connection' => 'keep-alive',
  'keep-alive' => '25',
  'host' => 'csgxjk.com',
  'content-length' => '',
)
[ info ] [ PARAM ] array (
)
---------------------------------------------------------------
[2019-05-26T19:14:07+08:00] 185.254.122.34 GET 39.96.87.22/
[运行时间：0.016942s] [吞吐率：59.02req/s] [内存消耗：1,982.96kb] [文件加载：70]
[ info ] [ LANG ] /data/www/csgx2/thinkphp/lang/zh-cn.php
[ info ] [ ROUTE ] array (
)
[ info ] [ HEADER ] array (
  'accept-encoding' => 'gzip',
  'accept' => '*/*',
  'user-agent' => 'Mozilla/5.0 zgrab/0.x',
  'host' => '39.96.87.22',
  'content-type' => '',
  'content-length' => '',
)
[ info ] [ PARAM ] array (
)
---------------------------------------------------------------
[2019-05-26T19:22:16+08:00] 138.36.188.132 GET 39.96.87.22:80/
[运行时间：0.016951s] [吞吐率：58.99req/s] [内存消耗：1,983.19kb] [文件加载：70]
[ info ] [ LANG ] /data/www/csgx2/thinkphp/lang/zh-cn.php
[ info ] [ ROUTE ] array (
)
[ info ] [ HEADER ] array (
  'content-length' => '0',
  'user-agent' => 'Mozilla/5.0 (Macintosh; Intel Mac OS X 10_11_6) AppleWebKit/601.7.7 (KHTML, like Gecko) Version/9.1.2 Safari/601.7.7',
  'host' => '39.96.87.22:80',
  'content-type' => '',
)
[ info ] [ PARAM ] array (
)
---------------------------------------------------------------
[2019-05-26T20:30:02+08:00] 95.213.177.123 POST check.proxyradar.com/azenv.php?auth=155887380225&a=PSCN&i=660625174&p=80
[运行时间：0.014620s] [吞吐率：68.40req/s] [内存消耗：1,729.17kb] [文件加载：67]
[ info ] [ LANG ] /data/www/csgx2/thinkphp/lang/zh-cn.php
---------------------------------------------------------------
[2019-05-26T21:26:45+08:00] 139.162.88.63 GET clientapi.ipip.net/echo.php?info=1234567890
[运行时间：0.015307s] [吞吐率：65.33req/s] [内存消耗：1,729.57kb] [文件加载：67]
[ info ] [ LANG ] /data/www/csgx2/thinkphp/lang/zh-cn.php
---------------------------------------------------------------
[2019-05-26T21:40:14+08:00] 101.132.182.68 GET csgxjk.com/
[运行时间：0.015771s] [吞吐率：63.41req/s] [内存消耗：1,983.14kb] [文件加载：70]
[ info ] [ LANG ] /data/www/csgx2/thinkphp/lang/zh-cn.php
[ info ] [ ROUTE ] array (
)
[ info ] [ HEADER ] array (
  'connection' => 'keep-alive',
  'accept' => 'text/html, image/gif, image/jpeg, *; q=.2, */*; q=.2',
  'host' => 'csgxjk.com',
  'user-agent' => 'Mozilla/5.0 (Linux; Android 4.1.1; Nexus 7 Build/JRO03D))',
  'content-type' => '',
  'content-length' => '',
)
[ info ] [ PARAM ] array (
)
---------------------------------------------------------------
[2019-05-26T21:48:42+08:00] 130.211.99.161 GET csgxjk.com/wp-admin/setup-config.php?step=1
[运行时间：0.014848s] [吞吐率：67.35req/s] [内存消耗：1,707.46kb] [文件加载：66]
[ info ] [ LANG ] /data/www/csgx2/thinkphp/lang/zh-cn.php
---------------------------------------------------------------
[2019-05-26T22:40:32+08:00] 139.224.116.230 GET 39.96.87.22/
[运行时间：0.016302s] [吞吐率：61.34req/s] [内存消耗：1,983.18kb] [文件加载：70]
[ info ] [ LANG ] /data/www/csgx2/thinkphp/lang/zh-cn.php
[ info ] [ ROUTE ] array (
)
[ info ] [ HEADER ] array (
  'connection' => 'keep-alive',
  'accept' => 'text/html, image/gif, image/jpeg, *; q=.2, */*; q=.2',
  'host' => '39.96.87.22',
  'user-agent' => 'Mozilla/5.0 (Linux; Android 4.1.1; Nexus 7 Build/JRO03D))',
  'content-type' => '',
  'content-length' => '',
)
[ info ] [ PARAM ] array (
)
---------------------------------------------------------------
[2019-05-26T22:45:20+08:00] 62.14.178.2 GET 39.96.87.22:80/
[运行时间：0.016612s] [吞吐率：60.20req/s] [内存消耗：1,983.19kb] [文件加载：70]
[ info ] [ LANG ] /data/www/csgx2/thinkphp/lang/zh-cn.php
[ info ] [ ROUTE ] array (
)
[ info ] [ HEADER ] array (
  'content-length' => '0',
  'user-agent' => 'Mozilla/5.0 (Windows NT 10.0; WOW64) AppleWebKit/537.36 (KHTML, like Gecko) Chrome/52.0.2743.116 Safari/537.36',
  'host' => '39.96.87.22:80',
  'content-type' => '',
)
[ info ] [ PARAM ] array (
)
---------------------------------------------------------------
[2019-05-26T22:49:31+08:00] 101.132.126.80 GET www.csgxjk.com/
[运行时间：0.016790s] [吞吐率：59.56req/s] [内存消耗：1,983.17kb] [文件加载：70]
[ info ] [ LANG ] /data/www/csgx2/thinkphp/lang/zh-cn.php
[ info ] [ ROUTE ] array (
)
[ info ] [ HEADER ] array (
  'connection' => 'keep-alive',
  'accept' => 'text/html, image/gif, image/jpeg, *; q=.2, */*; q=.2',
  'host' => 'www.csgxjk.com',
  'user-agent' => 'Mozilla/5.0 (Linux; Android 4.1.1; Nexus 7 Build/JRO03D))',
  'content-type' => '',
  'content-length' => '',
)
[ info ] [ PARAM ] array (
)
---------------------------------------------------------------
[2019-05-26T22:59:36+08:00] 123.173.69.81 GET csgxjk.com/qrcode/dev/16
[运行时间：0.015466s] [吞吐率：64.66req/s] [内存消耗：1,729.78kb] [文件加载：67]
[ info ] [ LANG ] /data/www/csgx2/thinkphp/lang/zh-cn.php
---------------------------------------------------------------
[2019-05-26T23:00:35+08:00] 101.89.29.86 GET csgxjk.com/qrcode/dev/16
[运行时间：0.015204s] [吞吐率：65.77req/s] [内存消耗：1,729.29kb] [文件加载：67]
[ info ] [ LANG ] /data/www/csgx2/thinkphp/lang/zh-cn.php
---------------------------------------------------------------
[2019-05-26T23:00:37+08:00] 61.151.178.166 GET csgxjk.com/qrcode/dev/16
[运行时间：0.015476s] [吞吐率：64.62req/s] [内存消耗：1,729.67kb] [文件加载：67]
[ info ] [ LANG ] /data/www/csgx2/thinkphp/lang/zh-cn.php
---------------------------------------------------------------
[2019-05-26T23:24:13+08:00] 106.15.186.63 GET www.csgxjk.com/
[运行时间：0.016035s] [吞吐率：62.36req/s] [内存消耗：1,983.17kb] [文件加载：70]
[ info ] [ LANG ] /data/www/csgx2/thinkphp/lang/zh-cn.php
[ info ] [ ROUTE ] array (
)
[ info ] [ HEADER ] array (
  'connection' => 'keep-alive',
  'accept' => 'text/html, image/gif, image/jpeg, *; q=.2, */*; q=.2',
  'host' => 'www.csgxjk.com',
  'user-agent' => 'Mozilla/5.0 (Linux; Android 4.1.1; Nexus 7 Build/JRO03D))',
  'content-type' => '',
  'content-length' => '',
)
[ info ] [ PARAM ] array (
)
---------------------------------------------------------------
[2019-05-26T23:33:10+08:00] 47.97.216.82 GET 39.96.87.22/
[运行时间：0.016114s] [吞吐率：62.06req/s] [内存消耗：1,983.18kb] [文件加载：70]
[ info ] [ LANG ] /data/www/csgx2/thinkphp/lang/zh-cn.php
[ info ] [ ROUTE ] array (
)
[ info ] [ HEADER ] array (
  'connection' => 'keep-alive',
  'accept' => 'text/html, image/gif, image/jpeg, *; q=.2, */*; q=.2',
  'host' => '39.96.87.22',
  'user-agent' => 'Mozilla/5.0 (Linux; Android 4.1.1; Nexus 7 Build/JRO03D))',
  'content-type' => '',
  'content-length' => '',
)
[ info ] [ PARAM ] array (
)
---------------------------------------------------------------
[2019-05-26T23:34:14+08:00] 47.98.96.116 GET csgxjk.com/
[运行时间：0.016443s] [吞吐率：60.82req/s] [内存消耗：1,983.14kb] [文件加载：70]
[ info ] [ LANG ] /data/www/csgx2/thinkphp/lang/zh-cn.php
[ info ] [ ROUTE ] array (
)
[ info ] [ HEADER ] array (
  'connection' => 'keep-alive',
  'accept' => 'text/html, image/gif, image/jpeg, *; q=.2, */*; q=.2',
  'host' => 'csgxjk.com',
  'user-agent' => 'Mozilla/5.0 (Linux; Android 4.1.1; Nexus 7 Build/JRO03D))',
  'content-type' => '',
  'content-length' => '',
)
[ info ] [ PARAM ] array (
)
